<?xml version="1.0" encoding="UTF-8" standalone="no"?>
<!DOCTYPE log SYSTEM "logger.dtd">
<log>
<record>
  <date>2018-05-22T09:31:09</date>
  <millis>1526992269390</millis>
  <sequence>0</sequence>
  <level>START</level>
  <class>com.kms.katalon.core.logging.KeywordLogger</class>
  <method>startSuite</method>
  <thread>1</thread>
  <message>Start Test Suite : Test Suites/TS_TC_MONVIT_CADC_001</message>
  <nestedLevel>0</nestedLevel>
  <property name="name">TS_TC_MONVIT_CADC_001</property>
  <property name="description"></property>
  <property name="id">Test Suites/TS_TC_MONVIT_CADC_001</property>
</record>
<record>
  <date>2018-05-22T09:31:09</date>
  <millis>1526992269405</millis>
  <sequence>1</sequence>
  <level>RUN_DATA</level>
  <class>com.kms.katalon.core.logging.KeywordLogger</class>
  <method>logMessage</method>
  <thread>1</thread>
  <message>Logging run data &amp;apos;hostName&amp;apos; with value &amp;apos;rafael.henrique - MVBRRECDSK2925.mvrec.local&amp;apos;</message>
  <nestedLevel>0</nestedLevel>
  <property name="hostName">rafael.henrique - MVBRRECDSK2925.mvrec.local</property>
</record>
<record>
  <date>2018-05-22T09:31:09</date>
  <millis>1526992269405</millis>
  <sequence>2</sequence>
  <level>RUN_DATA</level>
  <class>com.kms.katalon.core.logging.KeywordLogger</class>
  <method>logMessage</method>
  <thread>1</thread>
  <message>Logging run data &amp;apos;os&amp;apos; with value &amp;apos;Windows 7 64bit&amp;apos;</message>
  <nestedLevel>0</nestedLevel>
  <property name="os">Windows 7 64bit</property>
</record>
<record>
  <date>2018-05-22T09:31:09</date>
  <millis>1526992269406</millis>
  <sequence>3</sequence>
  <level>RUN_DATA</level>
  <class>com.kms.katalon.core.logging.KeywordLogger</class>
  <method>logMessage</method>
  <thread>1</thread>
  <message>Logging run data &amp;apos;hostAddress&amp;apos; with value &amp;apos;192.168.7.231&amp;apos;</message>
  <nestedLevel>0</nestedLevel>
  <property name="hostAddress">192.168.7.231</property>
</record>
<record>
  <date>2018-05-22T09:31:09</date>
  <millis>1526992269406</millis>
  <sequence>4</sequence>
  <level>RUN_DATA</level>
  <class>com.kms.katalon.core.logging.KeywordLogger</class>
  <method>logMessage</method>
  <thread>1</thread>
  <message>Logging run data &amp;apos;katalonVersion&amp;apos; with value &amp;apos;5.4.1.1&amp;apos;</message>
  <nestedLevel>0</nestedLevel>
  <property name="katalonVersion">5.4.1.1</property>
</record>
<record>
  <date>2018-05-22T09:31:09</date>
  <millis>1526992269624</millis>
  <sequence>5</sequence>
  <level>START</level>
  <class>com.kms.katalon.core.logging.KeywordLogger</class>
  <method>startTest</method>
  <thread>1</thread>
  <message>Start Test Case : Test Cases/TEST_SCENARIOS/CADASTRO DE CONTAS/TC_MONVIT_CADC_001</message>
  <nestedLevel>1</nestedLevel>
  <property name="name">Test Cases/TEST_SCENARIOS/CADASTRO DE CONTAS/TC_MONVIT_CADC_001</property>
  <property name="description">TC_MONVIT_CADC_001 - Validar obrigatoriedade dos campos abaixo no formul\u00E1rio de cria\u00E7\u00E3o de conta N\u00C3O preenchendo e clicando em salvar\n\nNome completo\nCPF\nData de nascimento\nTelefone celular\nEmail\nConfirme seu email\nSenha\nConfirme sua senha\nTermos de uso</property>
  <property name="id">Test Cases/TEST_SCENARIOS/CADASTRO DE CONTAS/TC_MONVIT_CADC_001</property>
  <property name="source">C:\\Users\\rafael.henrique\\Katalon Studio\\MONVAT\\Test Cases\\TEST_SCENARIOS\\CADASTRO DE CONTAS\\TC_MONVIT_CADC_001.tc</property>
  <property name="isOptional">false</property>
</record>
<record>
  <date>2018-05-22T09:31:09</date>
  <millis>1526992269646</millis>
  <sequence>6</sequence>
  <level>INFO</level>
  <class>com.kms.katalon.core.logging.KeywordLogger</class>
  <method>logMessage</method>
  <thread>1</thread>
  <message>Evaluating variables for test case</message>
  <nestedLevel>1</nestedLevel>
</record>
<record>
  <date>2018-05-22T09:31:09</date>
  <millis>1526992269900</millis>
  <sequence>7</sequence>
  <level>START</level>
  <class>com.kms.katalon.core.logging.KeywordLogger</class>
  <method>startKeyword</method>
  <thread>1</thread>
  <message>Start action : callTestCase</message>
  <nestedLevel>1</nestedLevel>
  <property name="startLine">23</property>
  <property name="stepIndex">1</property>
</record>
<record>
  <date>2018-05-22T09:31:09</date>
  <millis>1526992269939</millis>
  <sequence>8</sequence>
  <level>INFO</level>
  <class>com.kms.katalon.core.logging.KeywordLogger</class>
  <method>logMessage</method>
  <thread>1</thread>
  <message>Checking called Test Case</message>
  <nestedLevel>1</nestedLevel>
</record>
<record>
  <date>2018-05-22T09:31:09</date>
  <millis>1526992269940</millis>
  <sequence>9</sequence>
  <level>INFO</level>
  <class>com.kms.katalon.core.logging.KeywordLogger</class>
  <method>logMessage</method>
  <thread>1</thread>
  <message>Starting to call Test Case &amp;apos;Test Cases/START_APPLICATION/TC_START_APPLICATION&amp;apos;</message>
  <nestedLevel>1</nestedLevel>
</record>
<record>
  <date>2018-05-22T09:31:09</date>
  <millis>1526992269992</millis>
  <sequence>10</sequence>
  <level>START</level>
  <class>com.kms.katalon.core.logging.KeywordLogger</class>
  <method>startTest</method>
  <thread>1</thread>
  <message>Start Test Case : Test Cases/START_APPLICATION/TC_START_APPLICATION</message>
  <nestedLevel>2</nestedLevel>
  <property name="name">Test Cases/START_APPLICATION/TC_START_APPLICATION</property>
  <property name="description">TestCase which start application Monitoring Vitals</property>
  <property name="id">Test Cases/START_APPLICATION/TC_START_APPLICATION</property>
  <property name="source">C:\\Users\\rafael.henrique\\Katalon Studio\\MONVAT\\Test Cases\\START_APPLICATION\\TC_START_APPLICATION.tc</property>
  <property name="isOptional">false</property>
</record>
<record>
  <date>2018-05-22T09:31:09</date>
  <millis>1526992269999</millis>
  <sequence>11</sequence>
  <level>INFO</level>
  <class>com.kms.katalon.core.logging.KeywordLogger</class>
  <method>logMessage</method>
  <thread>1</thread>
  <message>Evaluating variables for test case</message>
  <nestedLevel>2</nestedLevel>
</record>
<record>
  <date>2018-05-22T09:31:09</date>
  <millis>1526992269999</millis>
  <sequence>12</sequence>
  <level>INFO</level>
  <class>com.kms.katalon.core.logging.KeywordLogger</class>
  <method>logMessage</method>
  <thread>1</thread>
  <message>Variable &amp;apos;pathApp&amp;apos; is set to APK/MONVIT_v1.7.24.apk</message>
  <nestedLevel>2</nestedLevel>
</record>
<record>
  <date>2018-05-22T09:31:10</date>
  <millis>1526992270132</millis>
  <sequence>13</sequence>
  <level>START</level>
  <class>com.kms.katalon.core.logging.KeywordLogger</class>
  <method>startKeyword</method>
  <thread>1</thread>
  <message>Start action : startApplication</message>
  <nestedLevel>1</nestedLevel>
  <property name="startLine">22</property>
  <property name="stepIndex">1</property>
</record>
<record>
  <date>2018-05-22T09:31:10</date>
  <millis>1526992270314</millis>
  <sequence>14</sequence>
  <level>INFO</level>
  <class>com.kms.katalon.core.logging.KeywordLogger</class>
  <method>logMessage</method>
  <thread>1</thread>
  <message>Starting app at: &amp;apos;C:\\Users\\rafael.henrique\\Katalon Studio\\MONVAT\\APK\\MONVIT_v1.7.24.apk&amp;apos;</message>
  <nestedLevel>2</nestedLevel>
</record>
<record>
  <date>2018-05-22T09:31:13</date>
  <millis>1526992273535</millis>
  <sequence>15</sequence>
  <level>INFO</level>
  <class>com.kms.katalon.core.logging.KeywordLogger</class>
  <method>logMessage</method>
  <thread>1</thread>
  <message>Appium server started on port 57.055</message>
  <nestedLevel>2</nestedLevel>
</record>
<record>
  <date>2018-05-22T09:31:45</date>
  <millis>1526992305843</millis>
  <sequence>17</sequence>
  <level>RUN_DATA</level>
  <class>com.kms.katalon.core.logging.KeywordLogger</class>
  <method>logMessage</method>
  <thread>1</thread>
  <message>Logging run data &amp;apos;appiumVersion&amp;apos; with value &amp;apos;1.8.0&amp;apos;</message>
  <nestedLevel>2</nestedLevel>
  <property name="appiumVersion">1.8.0</property>
</record>
<record>
  <date>2018-05-22T09:31:45</date>
  <millis>1526992305858</millis>
  <sequence>18</sequence>
  <level>RUN_DATA</level>
  <class>com.kms.katalon.core.logging.KeywordLogger</class>
  <method>logMessage</method>
  <thread>1</thread>
  <message>Logging run data &amp;apos;deviceId&amp;apos; with value &amp;apos;0038153251&amp;apos;</message>
  <nestedLevel>2</nestedLevel>
  <property name="deviceId">0038153251</property>
</record>
<record>
  <date>2018-05-22T09:31:45</date>
  <millis>1526992305859</millis>
  <sequence>19</sequence>
  <level>RUN_DATA</level>
  <class>com.kms.katalon.core.logging.KeywordLogger</class>
  <method>logMessage</method>
  <thread>1</thread>
  <message>Logging run data &amp;apos;deviceName&amp;apos; with value &amp;apos;motorola Moto G (5) (Android 7.0)&amp;apos;</message>
  <nestedLevel>2</nestedLevel>
  <property name="deviceName">motorola Moto G (5) (Android 7.0)</property>
</record>
<record>
  <date>2018-05-22T09:31:45</date>
  <millis>1526992305859</millis>
  <sequence>20</sequence>
  <level>RUN_DATA</level>
  <class>com.kms.katalon.core.logging.KeywordLogger</class>
  <method>logMessage</method>
  <thread>1</thread>
  <message>Logging run data &amp;apos;deviceModel&amp;apos; with value &amp;apos;Moto G (5)&amp;apos;</message>
  <nestedLevel>2</nestedLevel>
  <property name="deviceModel">Moto G (5)</property>
</record>
<record>
  <date>2018-05-22T09:31:45</date>
  <millis>1526992305860</millis>
  <sequence>21</sequence>
  <level>RUN_DATA</level>
  <class>com.kms.katalon.core.logging.KeywordLogger</class>
  <method>logMessage</method>
  <thread>1</thread>
  <message>Logging run data &amp;apos;deviceManufacturer&amp;apos; with value &amp;apos;motorola&amp;apos;</message>
  <nestedLevel>2</nestedLevel>
  <property name="deviceManufacturer">motorola</property>
</record>
<record>
  <date>2018-05-22T09:31:45</date>
  <millis>1526992305860</millis>
  <sequence>22</sequence>
  <level>RUN_DATA</level>
  <class>com.kms.katalon.core.logging.KeywordLogger</class>
  <method>logMessage</method>
  <thread>1</thread>
  <message>Logging run data &amp;apos;deviceOS&amp;apos; with value &amp;apos;Android&amp;apos;</message>
  <nestedLevel>2</nestedLevel>
  <property name="deviceOS">Android</property>
</record>
<record>
  <date>2018-05-22T09:31:45</date>
  <millis>1526992305860</millis>
  <sequence>23</sequence>
  <level>RUN_DATA</level>
  <class>com.kms.katalon.core.logging.KeywordLogger</class>
  <method>logMessage</method>
  <thread>1</thread>
  <message>Logging run data &amp;apos;deviceOSVersion&amp;apos; with value &amp;apos;7.0&amp;apos;</message>
  <nestedLevel>2</nestedLevel>
  <property name="deviceOSVersion">7.0</property>
</record>
<record>
  <date>2018-05-22T09:31:45</date>
  <millis>1526992305864</millis>
  <sequence>24</sequence>
  <level>PASSED</level>
  <class>com.kms.katalon.core.logging.KeywordLogger</class>
  <method>logMessage</method>
  <thread>1</thread>
  <message>Started app at: &amp;apos;C:\\Users\\rafael.henrique\\Katalon Studio\\MONVAT\\APK\\MONVIT_v1.7.24.apk&amp;apos;</message>
  <nestedLevel>2</nestedLevel>
</record>
<record>
  <date>2018-05-22T09:31:45</date>
  <millis>1526992305864</millis>
  <sequence>25</sequence>
  <level>END</level>
  <class>com.kms.katalon.core.logging.KeywordLogger</class>
  <method>endKeyword</method>
  <thread>1</thread>
  <message>End action : startApplication</message>
  <nestedLevel>1</nestedLevel>
</record>
<record>
  <date>2018-05-22T09:31:45</date>
  <millis>1526992305865</millis>
  <sequence>26</sequence>
  <level>PASSED</level>
  <class>com.kms.katalon.core.logging.KeywordLogger</class>
  <method>logMessage</method>
  <thread>1</thread>
  <message>Test Cases/START_APPLICATION/TC_START_APPLICATION</message>
  <nestedLevel>2</nestedLevel>
</record>
<record>
  <date>2018-05-22T09:31:45</date>
  <millis>1526992305865</millis>
  <sequence>27</sequence>
  <level>END</level>
  <class>com.kms.katalon.core.logging.KeywordLogger</class>
  <method>endTest</method>
  <thread>1</thread>
  <message>End Test Case : Test Cases/START_APPLICATION/TC_START_APPLICATION</message>
  <nestedLevel>1</nestedLevel>
</record>
<record>
  <date>2018-05-22T09:31:45</date>
  <millis>1526992305869</millis>
  <sequence>28</sequence>
  <level>PASSED</level>
  <class>com.kms.katalon.core.logging.KeywordLogger</class>
  <method>logMessage</method>
  <thread>1</thread>
  <message>Call Test Case &amp;apos;Test Cases/START_APPLICATION/TC_START_APPLICATION&amp;apos; successfully</message>
  <nestedLevel>1</nestedLevel>
</record>
<record>
  <date>2018-05-22T09:31:45</date>
  <millis>1526992305869</millis>
  <sequence>29</sequence>
  <level>END</level>
  <class>com.kms.katalon.core.logging.KeywordLogger</class>
  <method>endKeyword</method>
  <thread>1</thread>
  <message>End action : callTestCase</message>
  <nestedLevel>1</nestedLevel>
</record>
<record>
  <date>2018-05-22T09:31:45</date>
  <millis>1526992305870</millis>
  <sequence>30</sequence>
  <level>START</level>
  <class>com.kms.katalon.core.logging.KeywordLogger</class>
  <method>startKeyword</method>
  <thread>1</thread>
  <message>Start action : callTestCase</message>
  <nestedLevel>1</nestedLevel>
  <property name="startLine">26</property>
  <property name="stepIndex">2</property>
</record>
<record>
  <date>2018-05-22T09:31:45</date>
  <millis>1526992305872</millis>
  <sequence>31</sequence>
  <level>INFO</level>
  <class>com.kms.katalon.core.logging.KeywordLogger</class>
  <method>logMessage</method>
  <thread>1</thread>
  <message>Checking called Test Case</message>
  <nestedLevel>1</nestedLevel>
</record>
<record>
  <date>2018-05-22T09:31:45</date>
  <millis>1526992305872</millis>
  <sequence>32</sequence>
  <level>INFO</level>
  <class>com.kms.katalon.core.logging.KeywordLogger</class>
  <method>logMessage</method>
  <thread>1</thread>
  <message>Starting to call Test Case &amp;apos;Test Cases/NAVIGATION_MENU/TC_NAVIGATION_CADASTRO&amp;apos;</message>
  <nestedLevel>1</nestedLevel>
</record>
<record>
  <date>2018-05-22T09:31:45</date>
  <millis>1526992305923</millis>
  <sequence>33</sequence>
  <level>START</level>
  <class>com.kms.katalon.core.logging.KeywordLogger</class>
  <method>startTest</method>
  <thread>1</thread>
  <message>Start Test Case : Test Cases/NAVIGATION_MENU/TC_NAVIGATION_CADASTRO</message>
  <nestedLevel>2</nestedLevel>
  <property name="name">Test Cases/NAVIGATION_MENU/TC_NAVIGATION_CADASTRO</property>
  <property name="description">TestCase que navega at\u00E9 a tela de Cadastro de um novo usu\u00E1rio a partir de qualquer tela</property>
  <property name="id">Test Cases/NAVIGATION_MENU/TC_NAVIGATION_CADASTRO</property>
  <property name="source">C:\\Users\\rafael.henrique\\Katalon Studio\\MONVAT\\Test Cases\\NAVIGATION_MENU\\TC_NAVIGATION_CADASTRO.tc</property>
  <property name="isOptional">false</property>
</record>
<record>
  <date>2018-05-22T09:31:45</date>
  <millis>1526992305931</millis>
  <sequence>34</sequence>
  <level>INFO</level>
  <class>com.kms.katalon.core.logging.KeywordLogger</class>
  <method>logMessage</method>
  <thread>1</thread>
  <message>Evaluating variables for test case</message>
  <nestedLevel>2</nestedLevel>
</record>
<record>
  <date>2018-05-22T09:31:46</date>
  <millis>1526992306049</millis>
  <sequence>35</sequence>
  <level>START</level>
  <class>com.kms.katalon.core.logging.KeywordLogger</class>
  <method>startKeyword</method>
  <thread>1</thread>
  <message>Start action : delay</message>
  <nestedLevel>1</nestedLevel>
  <property name="startLine">22</property>
  <property name="stepIndex">1</property>
</record>
<record>
  <date>2018-05-22T09:31:46</date>
  <millis>1526992306055</millis>
  <sequence>36</sequence>
  <level>INFO</level>
  <class>com.kms.katalon.core.logging.KeywordLogger</class>
  <method>logMessage</method>
  <thread>1</thread>
  <message>Delaying browser in 5 second(s)</message>
  <nestedLevel>2</nestedLevel>
</record>
<record>
  <date>2018-05-22T09:31:51</date>
  <millis>1526992311056</millis>
  <sequence>37</sequence>
  <level>PASSED</level>
  <class>com.kms.katalon.core.logging.KeywordLogger</class>
  <method>logMessage</method>
  <thread>1</thread>
  <message>Delayed 5 second(s)</message>
  <nestedLevel>2</nestedLevel>
</record>
<record>
  <date>2018-05-22T09:31:51</date>
  <millis>1526992311058</millis>
  <sequence>38</sequence>
  <level>END</level>
  <class>com.kms.katalon.core.logging.KeywordLogger</class>
  <method>endKeyword</method>
  <thread>1</thread>
  <message>End action : delay</message>
  <nestedLevel>1</nestedLevel>
</record>
<record>
  <date>2018-05-22T09:31:51</date>
  <millis>1526992311059</millis>
  <sequence>39</sequence>
  <level>START</level>
  <class>com.kms.katalon.core.logging.KeywordLogger</class>
  <method>startKeyword</method>
  <thread>1</thread>
  <message>Start action : hideKeyboard</message>
  <nestedLevel>1</nestedLevel>
  <property name="startLine">24</property>
  <property name="stepIndex">2</property>
</record>
<record>
  <date>2018-05-22T09:31:51</date>
  <millis>1526992311723</millis>
  <sequence>40</sequence>
  <level>PASSED</level>
  <class>com.kms.katalon.core.logging.KeywordLogger</class>
  <method>logMessage</method>
  <thread>1</thread>
  <message>Keyboard is hidden</message>
  <nestedLevel>2</nestedLevel>
</record>
<record>
  <date>2018-05-22T09:31:51</date>
  <millis>1526992311828</millis>
  <sequence>41</sequence>
  <level>END</level>
  <class>com.kms.katalon.core.logging.KeywordLogger</class>
  <method>endKeyword</method>
  <thread>1</thread>
  <message>End action : hideKeyboard</message>
  <nestedLevel>1</nestedLevel>
</record>
<record>
  <date>2018-05-22T09:31:51</date>
  <millis>1526992311829</millis>
  <sequence>42</sequence>
  <level>START</level>
  <class>com.kms.katalon.core.logging.KeywordLogger</class>
  <method>startKeyword</method>
  <thread>1</thread>
  <message>Start action : delay</message>
  <nestedLevel>1</nestedLevel>
  <property name="startLine">26</property>
  <property name="stepIndex">3</property>
</record>
<record>
  <date>2018-05-22T09:31:51</date>
  <millis>1526992311829</millis>
  <sequence>43</sequence>
  <level>INFO</level>
  <class>com.kms.katalon.core.logging.KeywordLogger</class>
  <method>logMessage</method>
  <thread>1</thread>
  <message>Delaying browser in 2 second(s)</message>
  <nestedLevel>2</nestedLevel>
</record>
<record>
  <date>2018-05-22T09:31:53</date>
  <millis>1526992313830</millis>
  <sequence>44</sequence>
  <level>PASSED</level>
  <class>com.kms.katalon.core.logging.KeywordLogger</class>
  <method>logMessage</method>
  <thread>1</thread>
  <message>Delayed 2 second(s)</message>
  <nestedLevel>2</nestedLevel>
</record>
<record>
  <date>2018-05-22T09:31:53</date>
  <millis>1526992313832</millis>
  <sequence>45</sequence>
  <level>END</level>
  <class>com.kms.katalon.core.logging.KeywordLogger</class>
  <method>endKeyword</method>
  <thread>1</thread>
  <message>End action : delay</message>
  <nestedLevel>1</nestedLevel>
</record>
<record>
  <date>2018-05-22T09:31:53</date>
  <millis>1526992313832</millis>
  <sequence>46</sequence>
  <level>START</level>
  <class>com.kms.katalon.core.logging.KeywordLogger</class>
  <method>startKeyword</method>
  <thread>1</thread>
  <message>Start action : tap</message>
  <nestedLevel>1</nestedLevel>
  <property name="startLine">28</property>
  <property name="stepIndex">4</property>
</record>
<record>
  <date>2018-05-22T09:31:53</date>
  <millis>1526992313849</millis>
  <sequence>47</sequence>
  <level>INFO</level>
  <class>com.kms.katalon.core.logging.KeywordLogger</class>
  <method>logMessage</method>
  <thread>1</thread>
  <message>Finding Test Object with id &amp;apos;Object Repository/OBJ_LOGIN_SCREEN/android.widget.Button1 - No tenho uma conta. Quero me cadastrar.&amp;apos;</message>
  <nestedLevel>2</nestedLevel>
</record>
<record>
  <date>2018-05-22T09:31:53</date>
  <millis>1526992313885</millis>
  <sequence>48</sequence>
  <level>INFO</level>
  <class>com.kms.katalon.core.logging.KeywordLogger</class>
  <method>logMessage</method>
  <thread>1</thread>
  <message>Checking object</message>
  <nestedLevel>2</nestedLevel>
</record>
<record>
  <date>2018-05-22T09:31:53</date>
  <millis>1526992313886</millis>
  <sequence>49</sequence>
  <level>INFO</level>
  <class>com.kms.katalon.core.logging.KeywordLogger</class>
  <method>logMessage</method>
  <thread>1</thread>
  <message>Checking timeout</message>
  <nestedLevel>2</nestedLevel>
</record>
<record>
  <date>2018-05-22T09:31:55</date>
  <millis>1526992315628</millis>
  <sequence>50</sequence>
  <level>PASSED</level>
  <class>com.kms.katalon.core.logging.KeywordLogger</class>
  <method>logMessage</method>
  <thread>1</thread>
  <message>Tapped on element &amp;apos;Object Repository/OBJ_LOGIN_SCREEN/android.widget.Button1 - No tenho uma conta. Quero me cadastrar.&amp;apos;</message>
  <nestedLevel>2</nestedLevel>
</record>
<record>
  <date>2018-05-22T09:31:55</date>
  <millis>1526992315630</millis>
  <sequence>51</sequence>
  <level>END</level>
  <class>com.kms.katalon.core.logging.KeywordLogger</class>
  <method>endKeyword</method>
  <thread>1</thread>
  <message>End action : tap</message>
  <nestedLevel>1</nestedLevel>
</record>
<record>
  <date>2018-05-22T09:31:55</date>
  <millis>1526992315630</millis>
  <sequence>52</sequence>
  <level>START</level>
  <class>com.kms.katalon.core.logging.KeywordLogger</class>
  <method>startKeyword</method>
  <thread>1</thread>
  <message>Start action : delay</message>
  <nestedLevel>1</nestedLevel>
  <property name="startLine">30</property>
  <property name="stepIndex">5</property>
</record>
<record>
  <date>2018-05-22T09:31:55</date>
  <millis>1526992315635</millis>
  <sequence>53</sequence>
  <level>INFO</level>
  <class>com.kms.katalon.core.logging.KeywordLogger</class>
  <method>logMessage</method>
  <thread>1</thread>
  <message>Delaying browser in 2 second(s)</message>
  <nestedLevel>2</nestedLevel>
</record>
<record>
  <date>2018-05-22T09:31:57</date>
  <millis>1526992317636</millis>
  <sequence>54</sequence>
  <level>PASSED</level>
  <class>com.kms.katalon.core.logging.KeywordLogger</class>
  <method>logMessage</method>
  <thread>1</thread>
  <message>Delayed 2 second(s)</message>
  <nestedLevel>2</nestedLevel>
</record>
<record>
  <date>2018-05-22T09:31:57</date>
  <millis>1526992317637</millis>
  <sequence>55</sequence>
  <level>END</level>
  <class>com.kms.katalon.core.logging.KeywordLogger</class>
  <method>endKeyword</method>
  <thread>1</thread>
  <message>End action : delay</message>
  <nestedLevel>1</nestedLevel>
</record>
<record>
  <date>2018-05-22T09:31:57</date>
  <millis>1526992317638</millis>
  <sequence>56</sequence>
  <level>PASSED</level>
  <class>com.kms.katalon.core.logging.KeywordLogger</class>
  <method>logMessage</method>
  <thread>1</thread>
  <message>Test Cases/NAVIGATION_MENU/TC_NAVIGATION_CADASTRO</message>
  <nestedLevel>2</nestedLevel>
</record>
<record>
  <date>2018-05-22T09:31:57</date>
  <millis>1526992317638</millis>
  <sequence>57</sequence>
  <level>END</level>
  <class>com.kms.katalon.core.logging.KeywordLogger</class>
  <method>endTest</method>
  <thread>1</thread>
  <message>End Test Case : Test Cases/NAVIGATION_MENU/TC_NAVIGATION_CADASTRO</message>
  <nestedLevel>1</nestedLevel>
</record>
<record>
  <date>2018-05-22T09:31:57</date>
  <millis>1526992317639</millis>
  <sequence>58</sequence>
  <level>PASSED</level>
  <class>com.kms.katalon.core.logging.KeywordLogger</class>
  <method>logMessage</method>
  <thread>1</thread>
  <message>Call Test Case &amp;apos;Test Cases/NAVIGATION_MENU/TC_NAVIGATION_CADASTRO&amp;apos; successfully</message>
  <nestedLevel>1</nestedLevel>
</record>
<record>
  <date>2018-05-22T09:31:57</date>
  <millis>1526992317641</millis>
  <sequence>59</sequence>
  <level>END</level>
  <class>com.kms.katalon.core.logging.KeywordLogger</class>
  <method>endKeyword</method>
  <thread>1</thread>
  <message>End action : callTestCase</message>
  <nestedLevel>1</nestedLevel>
</record>
<record>
  <date>2018-05-22T09:31:57</date>
  <millis>1526992317641</millis>
  <sequence>60</sequence>
  <level>START</level>
  <class>com.kms.katalon.core.logging.KeywordLogger</class>
  <method>startKeyword</method>
  <thread>1</thread>
  <message>Start action : Statement - pathTestCaseName = \&amp;quot;Screenshots/TC_MONVIT_CADC_001\&amp;quot;</message>
  <nestedLevel>1</nestedLevel>
  <property name="startLine">28</property>
  <property name="stepIndex">3</property>
</record>
<record>
  <date>2018-05-22T09:31:57</date>
  <millis>1526992317643</millis>
  <sequence>61</sequence>
  <level>END</level>
  <class>com.kms.katalon.core.logging.KeywordLogger</class>
  <method>endKeyword</method>
  <thread>1</thread>
  <message>End action : Statement - pathTestCaseName = \&amp;quot;Screenshots/TC_MONVIT_CADC_001\&amp;quot;</message>
  <nestedLevel>1</nestedLevel>
</record>
<record>
  <date>2018-05-22T09:31:57</date>
  <millis>1526992317643</millis>
  <sequence>62</sequence>
  <level>START</level>
  <class>com.kms.katalon.core.logging.KeywordLogger</class>
  <method>startKeyword</method>
  <thread>1</thread>
  <message>Start action : Statement - folderTestCaseName = new java.io.File(pathTestCaseName)</message>
  <nestedLevel>1</nestedLevel>
  <property name="startLine">29</property>
  <property name="stepIndex">4</property>
</record>
<record>
  <date>2018-05-22T09:31:57</date>
  <millis>1526992317644</millis>
  <sequence>63</sequence>
  <level>END</level>
  <class>com.kms.katalon.core.logging.KeywordLogger</class>
  <method>endKeyword</method>
  <thread>1</thread>
  <message>End action : Statement - folderTestCaseName = new java.io.File(pathTestCaseName)</message>
  <nestedLevel>1</nestedLevel>
</record>
<record>
  <date>2018-05-22T09:31:57</date>
  <millis>1526992317645</millis>
  <sequence>64</sequence>
  <level>START</level>
  <class>com.kms.katalon.core.logging.KeywordLogger</class>
  <method>startKeyword</method>
  <thread>1</thread>
  <message>Start action : Statement - idxImgEvidence = 0</message>
  <nestedLevel>1</nestedLevel>
  <property name="startLine">30</property>
  <property name="stepIndex">5</property>
</record>
<record>
  <date>2018-05-22T09:31:57</date>
  <millis>1526992317646</millis>
  <sequence>65</sequence>
  <level>END</level>
  <class>com.kms.katalon.core.logging.KeywordLogger</class>
  <method>endKeyword</method>
  <thread>1</thread>
  <message>End action : Statement - idxImgEvidence = 0</message>
  <nestedLevel>1</nestedLevel>
</record>
<record>
  <date>2018-05-22T09:31:57</date>
  <millis>1526992317646</millis>
  <sequence>66</sequence>
  <level>START</level>
  <class>com.kms.katalon.core.logging.KeywordLogger</class>
  <method>startKeyword</method>
  <thread>1</thread>
  <message>Start action : Statement - strMsgCampoObrigatorio = \&amp;quot;Esse campo \u00E9 obrigat\u00F3rio.\&amp;quot;</message>
  <nestedLevel>1</nestedLevel>
  <property name="startLine">33</property>
  <property name="stepIndex">6</property>
</record>
<record>
  <date>2018-05-22T09:31:57</date>
  <millis>1526992317647</millis>
  <sequence>67</sequence>
  <level>END</level>
  <class>com.kms.katalon.core.logging.KeywordLogger</class>
  <method>endKeyword</method>
  <thread>1</thread>
  <message>End action : Statement - strMsgCampoObrigatorio = \&amp;quot;Esse campo \u00E9 obrigat\u00F3rio.\&amp;quot;</message>
  <nestedLevel>1</nestedLevel>
</record>
<record>
  <date>2018-05-22T09:31:57</date>
  <millis>1526992317648</millis>
  <sequence>68</sequence>
  <level>START</level>
  <class>com.kms.katalon.core.logging.KeywordLogger</class>
  <method>startKeyword</method>
  <thread>1</thread>
  <message>Start action : Statement - strMsgNomeCompleto = \&amp;quot;Voc\u00EA precisa informar o seu nome completo\&amp;quot;</message>
  <nestedLevel>1</nestedLevel>
  <property name="startLine">34</property>
  <property name="stepIndex">7</property>
</record>
<record>
  <date>2018-05-22T09:31:57</date>
  <millis>1526992317650</millis>
  <sequence>69</sequence>
  <level>END</level>
  <class>com.kms.katalon.core.logging.KeywordLogger</class>
  <method>endKeyword</method>
  <thread>1</thread>
  <message>End action : Statement - strMsgNomeCompleto = \&amp;quot;Voc\u00EA precisa informar o seu nome completo\&amp;quot;</message>
  <nestedLevel>1</nestedLevel>
</record>
<record>
  <date>2018-05-22T09:31:57</date>
  <millis>1526992317650</millis>
  <sequence>70</sequence>
  <level>START</level>
  <class>com.kms.katalon.core.logging.KeywordLogger</class>
  <method>startKeyword</method>
  <thread>1</thread>
  <message>Start action : Statement - strInvalidCPF = \&amp;quot;CPF inv\u00E1lido\&amp;quot;</message>
  <nestedLevel>1</nestedLevel>
  <property name="startLine">35</property>
  <property name="stepIndex">8</property>
</record>
<record>
  <date>2018-05-22T09:31:57</date>
  <millis>1526992317651</millis>
  <sequence>71</sequence>
  <level>END</level>
  <class>com.kms.katalon.core.logging.KeywordLogger</class>
  <method>endKeyword</method>
  <thread>1</thread>
  <message>End action : Statement - strInvalidCPF = \&amp;quot;CPF inv\u00E1lido\&amp;quot;</message>
  <nestedLevel>1</nestedLevel>
</record>
<record>
  <date>2018-05-22T09:31:57</date>
  <millis>1526992317652</millis>
  <sequence>72</sequence>
  <level>START</level>
  <class>com.kms.katalon.core.logging.KeywordLogger</class>
  <method>startKeyword</method>
  <thread>1</thread>
  <message>Start action : Statement - strMinCharactersCPF = \&amp;quot;Pelo menos 11 caracteres\&amp;quot;</message>
  <nestedLevel>1</nestedLevel>
  <property name="startLine">36</property>
  <property name="stepIndex">9</property>
</record>
<record>
  <date>2018-05-22T09:31:57</date>
  <millis>1526992317654</millis>
  <sequence>73</sequence>
  <level>END</level>
  <class>com.kms.katalon.core.logging.KeywordLogger</class>
  <method>endKeyword</method>
  <thread>1</thread>
  <message>End action : Statement - strMinCharactersCPF = \&amp;quot;Pelo menos 11 caracteres\&amp;quot;</message>
  <nestedLevel>1</nestedLevel>
</record>
<record>
  <date>2018-05-22T09:31:57</date>
  <millis>1526992317654</millis>
  <sequence>74</sequence>
  <level>START</level>
  <class>com.kms.katalon.core.logging.KeywordLogger</class>
  <method>startKeyword</method>
  <thread>1</thread>
  <message>Start action : Statement - strMaxAgeDate = \&amp;quot;A idade m\u00E1xima \u00E9 de 150 anos\&amp;quot;</message>
  <nestedLevel>1</nestedLevel>
  <property name="startLine">37</property>
  <property name="stepIndex">10</property>
</record>
<record>
  <date>2018-05-22T09:31:57</date>
  <millis>1526992317655</millis>
  <sequence>75</sequence>
  <level>END</level>
  <class>com.kms.katalon.core.logging.KeywordLogger</class>
  <method>endKeyword</method>
  <thread>1</thread>
  <message>End action : Statement - strMaxAgeDate = \&amp;quot;A idade m\u00E1xima \u00E9 de 150 anos\&amp;quot;</message>
  <nestedLevel>1</nestedLevel>
</record>
<record>
  <date>2018-05-22T09:31:57</date>
  <millis>1526992317656</millis>
  <sequence>76</sequence>
  <level>START</level>
  <class>com.kms.katalon.core.logging.KeywordLogger</class>
  <method>startKeyword</method>
  <thread>1</thread>
  <message>Start action : Statement - strMinAgeDate = \&amp;quot;A idade m\u00EDnima \u00E9 de 5 anos\&amp;quot;</message>
  <nestedLevel>1</nestedLevel>
  <property name="startLine">38</property>
  <property name="stepIndex">11</property>
</record>
<record>
  <date>2018-05-22T09:31:57</date>
  <millis>1526992317657</millis>
  <sequence>77</sequence>
  <level>END</level>
  <class>com.kms.katalon.core.logging.KeywordLogger</class>
  <method>endKeyword</method>
  <thread>1</thread>
  <message>End action : Statement - strMinAgeDate = \&amp;quot;A idade m\u00EDnima \u00E9 de 5 anos\&amp;quot;</message>
  <nestedLevel>1</nestedLevel>
</record>
<record>
  <date>2018-05-22T09:31:57</date>
  <millis>1526992317657</millis>
  <sequence>78</sequence>
  <level>START</level>
  <class>com.kms.katalon.core.logging.KeywordLogger</class>
  <method>startKeyword</method>
  <thread>1</thread>
  <message>Start action : Statement - strInvalidEmail = \&amp;quot;Endere\u00E7o de email inv\u00E1lido\&amp;quot;</message>
  <nestedLevel>1</nestedLevel>
  <property name="startLine">39</property>
  <property name="stepIndex">12</property>
</record>
<record>
  <date>2018-05-22T09:31:57</date>
  <millis>1526992317658</millis>
  <sequence>79</sequence>
  <level>END</level>
  <class>com.kms.katalon.core.logging.KeywordLogger</class>
  <method>endKeyword</method>
  <thread>1</thread>
  <message>End action : Statement - strInvalidEmail = \&amp;quot;Endere\u00E7o de email inv\u00E1lido\&amp;quot;</message>
  <nestedLevel>1</nestedLevel>
</record>
<record>
  <date>2018-05-22T09:31:57</date>
  <millis>1526992317659</millis>
  <sequence>80</sequence>
  <level>START</level>
  <class>com.kms.katalon.core.logging.KeywordLogger</class>
  <method>startKeyword</method>
  <thread>1</thread>
  <message>Start action : Statement - strPassSmall = \&amp;quot;Senha muito curta\&amp;quot;</message>
  <nestedLevel>1</nestedLevel>
  <property name="startLine">40</property>
  <property name="stepIndex">13</property>
</record>
<record>
  <date>2018-05-22T09:31:57</date>
  <millis>1526992317660</millis>
  <sequence>81</sequence>
  <level>END</level>
  <class>com.kms.katalon.core.logging.KeywordLogger</class>
  <method>endKeyword</method>
  <thread>1</thread>
  <message>End action : Statement - strPassSmall = \&amp;quot;Senha muito curta\&amp;quot;</message>
  <nestedLevel>1</nestedLevel>
</record>
<record>
  <date>2018-05-22T09:31:57</date>
  <millis>1526992317660</millis>
  <sequence>82</sequence>
  <level>START</level>
  <class>com.kms.katalon.core.logging.KeywordLogger</class>
  <method>startKeyword</method>
  <thread>1</thread>
  <message>Start action : Statement - strUseTerms = \&amp;quot;Senha muito curta\&amp;quot;</message>
  <nestedLevel>1</nestedLevel>
  <property name="startLine">41</property>
  <property name="stepIndex">14</property>
</record>
<record>
  <date>2018-05-22T09:31:57</date>
  <millis>1526992317661</millis>
  <sequence>83</sequence>
  <level>END</level>
  <class>com.kms.katalon.core.logging.KeywordLogger</class>
  <method>endKeyword</method>
  <thread>1</thread>
  <message>End action : Statement - strUseTerms = \&amp;quot;Senha muito curta\&amp;quot;</message>
  <nestedLevel>1</nestedLevel>
</record>
<record>
  <date>2018-05-22T09:31:57</date>
  <millis>1526992317662</millis>
  <sequence>84</sequence>
  <level>START</level>
  <class>com.kms.katalon.core.logging.KeywordLogger</class>
  <method>startKeyword</method>
  <thread>1</thread>
  <message>Start action : tap</message>
  <nestedLevel>1</nestedLevel>
  <property name="startLine">43</property>
  <property name="stepIndex">15</property>
</record>
<record>
  <date>2018-05-22T09:31:57</date>
  <millis>1526992317664</millis>
  <sequence>85</sequence>
  <level>INFO</level>
  <class>com.kms.katalon.core.logging.KeywordLogger</class>
  <method>logMessage</method>
  <thread>1</thread>
  <message>Finding Test Object with id &amp;apos;Object Repository/OBJ_SCREEN_REGISTER/android.widget.TextView1 - Button - Salvar&amp;apos;</message>
  <nestedLevel>1</nestedLevel>
</record>
<record>
  <date>2018-05-22T09:31:57</date>
  <millis>1526992317673</millis>
  <sequence>86</sequence>
  <level>INFO</level>
  <class>com.kms.katalon.core.logging.KeywordLogger</class>
  <method>logMessage</method>
  <thread>1</thread>
  <message>Checking object</message>
  <nestedLevel>1</nestedLevel>
</record>
<record>
  <date>2018-05-22T09:31:57</date>
  <millis>1526992317673</millis>
  <sequence>87</sequence>
  <level>INFO</level>
  <class>com.kms.katalon.core.logging.KeywordLogger</class>
  <method>logMessage</method>
  <thread>1</thread>
  <message>Checking timeout</message>
  <nestedLevel>1</nestedLevel>
</record>
<record>
  <date>2018-05-22T09:31:58</date>
  <millis>1526992318928</millis>
  <sequence>88</sequence>
  <level>PASSED</level>
  <class>com.kms.katalon.core.logging.KeywordLogger</class>
  <method>logMessage</method>
  <thread>1</thread>
  <message>Tapped on element &amp;apos;Object Repository/OBJ_SCREEN_REGISTER/android.widget.TextView1 - Button - Salvar&amp;apos;</message>
  <nestedLevel>1</nestedLevel>
</record>
<record>
  <date>2018-05-22T09:31:58</date>
  <millis>1526992318929</millis>
  <sequence>89</sequence>
  <level>END</level>
  <class>com.kms.katalon.core.logging.KeywordLogger</class>
  <method>endKeyword</method>
  <thread>1</thread>
  <message>End action : tap</message>
  <nestedLevel>1</nestedLevel>
</record>
<record>
  <date>2018-05-22T09:31:58</date>
  <millis>1526992318930</millis>
  <sequence>90</sequence>
  <level>START</level>
  <class>com.kms.katalon.core.logging.KeywordLogger</class>
  <method>startKeyword</method>
  <thread>1</thread>
  <message>Start action : delay</message>
  <nestedLevel>1</nestedLevel>
  <property name="startLine">45</property>
  <property name="stepIndex">16</property>
</record>
<record>
  <date>2018-05-22T09:31:58</date>
  <millis>1526992318932</millis>
  <sequence>91</sequence>
  <level>INFO</level>
  <class>com.kms.katalon.core.logging.KeywordLogger</class>
  <method>logMessage</method>
  <thread>1</thread>
  <message>Delaying browser in 1 second(s)</message>
  <nestedLevel>1</nestedLevel>
</record>
<record>
  <date>2018-05-22T09:31:59</date>
  <millis>1526992319932</millis>
  <sequence>92</sequence>
  <level>PASSED</level>
  <class>com.kms.katalon.core.logging.KeywordLogger</class>
  <method>logMessage</method>
  <thread>1</thread>
  <message>Delayed 1 second(s)</message>
  <nestedLevel>1</nestedLevel>
</record>
<record>
  <date>2018-05-22T09:31:59</date>
  <millis>1526992319933</millis>
  <sequence>93</sequence>
  <level>END</level>
  <class>com.kms.katalon.core.logging.KeywordLogger</class>
  <method>endKeyword</method>
  <thread>1</thread>
  <message>End action : delay</message>
  <nestedLevel>1</nestedLevel>
</record>
<record>
  <date>2018-05-22T09:31:59</date>
  <millis>1526992319934</millis>
  <sequence>94</sequence>
  <level>START</level>
  <class>com.kms.katalon.core.logging.KeywordLogger</class>
  <method>startKeyword</method>
  <thread>1</thread>
  <message>Start action : Statement - If (!(folderTestCaseName.exists()))</message>
  <nestedLevel>1</nestedLevel>
  <property name="startLine">48</property>
  <property name="stepIndex">17</property>
</record>
<record>
  <date>2018-05-22T09:31:59</date>
  <millis>1526992319936</millis>
  <sequence>95</sequence>
  <level>END</level>
  <class>com.kms.katalon.core.logging.KeywordLogger</class>
  <method>endKeyword</method>
  <thread>1</thread>
  <message>End action : Statement - If (!(folderTestCaseName.exists()))</message>
  <nestedLevel>1</nestedLevel>
</record>
<record>
  <date>2018-05-22T09:31:59</date>
  <millis>1526992319936</millis>
  <sequence>96</sequence>
  <level>START</level>
  <class>com.kms.katalon.core.logging.KeywordLogger</class>
  <method>startKeyword</method>
  <thread>1</thread>
  <message>Start action : Statement - If (com.kms.katalon.core.mobile.keyword.MobileBuiltInKeywords.getAttribute(com.kms.katalon.core.testobject.ObjectRepository.findTestObject(OBJ_SCREEN_REGISTER/MSG_VALIDATIONS/lblValidationNomeCompleto), \&amp;quot;text\&amp;quot;, 5) == strMsgCampoObrigatorio)</message>
  <nestedLevel>1</nestedLevel>
  <property name="startLine">53</property>
  <property name="stepIndex">18</property>
</record>
<record>
  <date>2018-05-22T09:32:12</date>
  <millis>1526992332430</millis>
  <sequence>97</sequence>
  <level>INFO</level>
  <class>com.kms.katalon.core.logging.KeywordLogger</class>
  <method>logMessage</method>
  <thread>1</thread>
  <message>Finding Test Object with id &amp;apos;Object Repository/OBJ_SCREEN_REGISTER/MSG_VALIDATIONS/lblValidationNomeCompleto&amp;apos;</message>
  <nestedLevel>1</nestedLevel>
</record>
<record>
  <date>2018-05-22T09:32:12</date>
  <millis>1526992332547</millis>
  <sequence>98</sequence>
  <level>INFO</level>
  <class>com.kms.katalon.core.logging.KeywordLogger</class>
  <method>logMessage</method>
  <thread>1</thread>
  <message>Checking object</message>
  <nestedLevel>1</nestedLevel>
</record>
<record>
  <date>2018-05-22T09:32:12</date>
  <millis>1526992332548</millis>
  <sequence>99</sequence>
  <level>INFO</level>
  <class>com.kms.katalon.core.logging.KeywordLogger</class>
  <method>logMessage</method>
  <thread>1</thread>
  <message>Checking timeout</message>
  <nestedLevel>1</nestedLevel>
</record>
<record>
  <date>2018-05-22T09:32:13</date>
  <millis>1526992333149</millis>
  <sequence>100</sequence>
  <level>PASSED</level>
  <class>com.kms.katalon.core.logging.KeywordLogger</class>
  <method>logMessage</method>
  <thread>1</thread>
  <message>Element &amp;apos;Object Repository/OBJ_SCREEN_REGISTER/MSG_VALIDATIONS/lblValidationNomeCompleto&amp;apos; has attribute &amp;apos;text&amp;apos; is &amp;apos;Esse campo \u00E9 obrigat\u00F3rio.&amp;apos;</message>
  <nestedLevel>1</nestedLevel>
</record>
<record>
  <date>2018-05-22T09:32:13</date>
  <millis>1526992333162</millis>
  <sequence>101</sequence>
  <level>START</level>
  <class>com.kms.katalon.core.logging.KeywordLogger</class>
  <method>startKeyword</method>
  <thread>1</thread>
  <message>Start action : takeScreenshot</message>
  <nestedLevel>2</nestedLevel>
  <property name="startLine">54</property>
  <property name="stepIndex">1</property>
</record>
<record>
  <date>2018-05-22T09:32:15</date>
  <millis>1526992335822</millis>
  <sequence>102</sequence>
  <level>PASSED</level>
  <class>com.kms.katalon.core.logging.KeywordLogger</class>
  <method>logMessage</method>
  <thread>1</thread>
  <message>Screenshot is taken</message>
  <nestedLevel>1</nestedLevel>
  <property name="attachment">Screenshots/TC_MONVIT_CADC_001/1.png</property>
</record>
<record>
  <date>2018-05-22T09:32:15</date>
  <millis>1526992335924</millis>
  <sequence>103</sequence>
  <level>END</level>
  <class>com.kms.katalon.core.logging.KeywordLogger</class>
  <method>endKeyword</method>
  <thread>1</thread>
  <message>End action : takeScreenshot</message>
  <nestedLevel>2</nestedLevel>
</record>
<record>
  <date>2018-05-22T09:32:15</date>
  <millis>1526992335925</millis>
  <sequence>104</sequence>
  <level>START</level>
  <class>com.kms.katalon.core.logging.KeywordLogger</class>
  <method>startKeyword</method>
  <thread>1</thread>
  <message>Start action : Statement - idxImgEvidence = idxImgEvidence + 1</message>
  <nestedLevel>2</nestedLevel>
  <property name="startLine">55</property>
  <property name="stepIndex">2</property>
</record>
<record>
  <date>2018-05-22T09:33:00</date>
  <millis>1526992380689</millis>
  <sequence>105</sequence>
  <level>END</level>
  <class>com.kms.katalon.core.logging.KeywordLogger</class>
  <method>endKeyword</method>
  <thread>1</thread>
  <message>End action : Statement - idxImgEvidence = idxImgEvidence + 1</message>
  <nestedLevel>2</nestedLevel>
</record>
<record>
  <date>2018-05-22T09:33:00</date>
  <millis>1526992380697</millis>
  <sequence>106</sequence>
  <level>END</level>
  <class>com.kms.katalon.core.logging.KeywordLogger</class>
  <method>endKeyword</method>
  <thread>1</thread>
  <message>End action : Statement - If (com.kms.katalon.core.mobile.keyword.MobileBuiltInKeywords.getAttribute(com.kms.katalon.core.testobject.ObjectRepository.findTestObject(OBJ_SCREEN_REGISTER/MSG_VALIDATIONS/lblValidationNomeCompleto), \&amp;quot;text\&amp;quot;, 5) == strMsgCampoObrigatorio)</message>
  <nestedLevel>1</nestedLevel>
</record>
<record>
  <date>2018-05-22T09:33:00</date>
  <millis>1526992380709</millis>
  <sequence>107</sequence>
  <level>START</level>
  <class>com.kms.katalon.core.logging.KeywordLogger</class>
  <method>startKeyword</method>
  <thread>1</thread>
  <message>Start action : Statement - If (com.kms.katalon.core.mobile.keyword.MobileBuiltInKeywords.getAttribute(com.kms.katalon.core.testobject.ObjectRepository.findTestObject(OBJ_SCREEN_REGISTER/MSG_VALIDATIONS/lblValidationCPF), \&amp;quot;text\&amp;quot;, 5) == strMsgCampoObrigatorio)</message>
  <nestedLevel>1</nestedLevel>
  <property name="startLine">59</property>
  <property name="stepIndex">19</property>
</record>
<record>
  <date>2018-05-22T09:33:12</date>
  <millis>1526992392800</millis>
  <sequence>108</sequence>
  <level>INFO</level>
  <class>com.kms.katalon.core.logging.KeywordLogger</class>
  <method>logMessage</method>
  <thread>1</thread>
  <message>Finding Test Object with id &amp;apos;Object Repository/OBJ_SCREEN_REGISTER/MSG_VALIDATIONS/lblValidationCPF&amp;apos;</message>
  <nestedLevel>1</nestedLevel>
</record>
<record>
  <date>2018-05-22T09:33:12</date>
  <millis>1526992392855</millis>
  <sequence>109</sequence>
  <level>INFO</level>
  <class>com.kms.katalon.core.logging.KeywordLogger</class>
  <method>logMessage</method>
  <thread>1</thread>
  <message>Checking object</message>
  <nestedLevel>1</nestedLevel>
</record>
<record>
  <date>2018-05-22T09:33:12</date>
  <millis>1526992392857</millis>
  <sequence>110</sequence>
  <level>INFO</level>
  <class>com.kms.katalon.core.logging.KeywordLogger</class>
  <method>logMessage</method>
  <thread>1</thread>
  <message>Checking timeout</message>
  <nestedLevel>1</nestedLevel>
</record>
<record>
  <date>2018-05-22T09:33:19</date>
  <millis>1526992399240</millis>
  <sequence>111</sequence>
  <level>FAILED</level>
  <class>com.kms.katalon.core.logging.KeywordLogger</class>
  <method>logMessage</method>
  <thread>1</thread>
  <message>Object Object Repository/OBJ_SCREEN_REGISTER/MSG_VALIDATIONS/lblValidationCPF not found</message>
  <nestedLevel>1</nestedLevel>
  <property name="attachment">1526992397875.png</property>
</record>
<record>
  <date>2018-05-22T09:33:20</date>
  <millis>1526992400583</millis>
  <sequence>112</sequence>
  <level>FAILED</level>
  <class>com.kms.katalon.core.logging.KeywordLogger</class>
  <method>logMessage</method>
  <thread>1</thread>
  <message>Failed to get attribute &amp;apos;Object Repository/OBJ_SCREEN_REGISTER/MSG_VALIDATIONS/lblValidationCPF&amp;apos; on element &amp;apos;text&amp;apos; (Root cause: Object Object Repository/OBJ_SCREEN_REGISTER/MSG_VALIDATIONS/lblValidationCPF not found)</message>
  <nestedLevel>1</nestedLevel>
  <property name="attachment">1526992399244.png</property>
</record>
