[35m[Appium][39m Welcome to Appium v1.8.0
[35m[Appium][39m Non-default server args:
[35m[Appium][39m   port: 64961
[35m[Appium][39m   loglevel: info
[35m[Appium][39m   chromeDriverPort: 64962
[35m[Appium][39m   tmpDir: C:\Users\RAFAEL~1.HEN\AppData\Local\Temp\\Katalon\Appium\Temp1526997341434
[35m[Appium][39m Appium REST http interface listener started on 0.0.0.0:64961
[35m[HTTP][39m [37m-->[39m [37mGET[39m [37m/wd/hub/status[39m
[35m[HTTP][39m [90m{}[39m
[35m[HTTP][39m [37m<-- GET /wd/hub/status [39m[32m200[39m [90m7 ms - 83[39m
[35m[HTTP][39m [90m[39m
[35m[HTTP][39m [37m-->[39m [37mPOST[39m [37m/wd/hub/session[39m
[35m[HTTP][39m [90m{"desiredCapabilities":{"app":"C:\\Users\\rafael.henrique\\Katalon Studio\\MONVAT\\APK\\MONVIT_v1.7.24.apk","autoGrantPermissions":true,"automationName":"uiautomator2","deviceName":"motorola Moto G (5) (Android 7.0)","fullReset":false,"newCommandTimeout":1800,"noReset":true,"platform":"ANDROID","platformName":"Android","udid":"0038153251"},"capabilities":{"desiredCapabilities":{"app":"C:\\Users\\rafael.henrique\\Katalon Studio\\MONVAT\\APK\\MONVIT_v1.7.24.apk","autoGrantPermissions":true,"automationName":"uiautomator2","deviceName":"motorola Moto G (5) (Android 7.0)","fullReset":false,"newCommandTimeout":1800,"noReset":true,"platform":"ANDROID","platformName":"Android","udid":"0038153251"},"firstMatch":[{"platformName":"android"}]}}[39m
[35m[Appium][39m Could not parse W3C capabilities: 'deviceName' can't be blank. Falling back to JSONWP protocol.
[35m[Appium][39m The following capabilities were provided in the JSONWP desired capabilities that are missing in W3C capabilities: ["app","autoGrantPermissions","automationName","deviceName","fullReset","newCommandTimeout","noReset","platform","platformName","udid"]. Falling back to JSONWP protocol.
[35m[Appium][39m Creating new AndroidUiautomator2Driver (v1.9.0) session
[35m[Appium][39m Capabilities:
[35m[Appium][39m   app: C:\Users\rafael.henrique\Katalon Studio\MONVAT\APK\MONVIT_v1.7.24.apk
[35m[Appium][39m   autoGrantPermissions: true
[35m[Appium][39m   automationName: uiautomator2
[35m[Appium][39m   deviceName: motorola Moto G (5) (Android 7.0)
[35m[Appium][39m   fullReset: false
[35m[Appium][39m   newCommandTimeout: 1800
[35m[Appium][39m   noReset: true
[35m[Appium][39m   platform: ANDROID
[35m[Appium][39m   platformName: Android
[35m[Appium][39m   udid: 0038153251
[35m[BaseDriver][39m The following capabilities were provided, but are not recognized by appium: platform.
[35m[BaseDriver][39m Session created with session id: 50e04214-6b2c-4ac2-95ef-3f8151c3bfd9
[35m[BaseDriver][39m Using local app 'C:\Users\rafael.henrique\Katalon Studio\MONVAT\APK\MONVIT_v1.7.24.apk'
[35m[AndroidDriver][39m Java version is: 1.8.0_102
[35m[ADB][39m Checking whether adb is present
[35m[ADB][39m Found 1 'build-tools' folders under 'C:\Users\rafael.henrique\.katalon\tools\android_sdk' (newest first):
[35m[ADB][39m     C:/Users/rafael.henrique/.katalon/tools/android_sdk/build-tools/28.0.0
[35m[ADB][39m Using adb.exe from C:\Users\rafael.henrique\.katalon\tools\android_sdk\platform-tools\adb.exe
[35m[AndroidDriver][39m Retrieving device list
[35m[AndroidDriver][39m Using device: 0038153251
[35m[ADB][39m Checking whether adb is present
[35m[ADB][39m Using adb.exe from C:\Users\rafael.henrique\.katalon\tools\android_sdk\platform-tools\adb.exe
[35m[ADB][39m Using the alternative activity name detection method because of: Could not find apkanalyzer.bat in C:\Users\rafael.henrique\.katalon\tools\android_sdk\platform-tools\apkanalyzer.bat,C:\Users\rafael.henrique\.katalon\tools\android_sdk\emulator\apkanalyzer.bat,C:\Users\rafael.henrique\.katalon\tools\android_sdk\tools\apkanalyzer.bat,C:\Users\rafael.henrique\.katalon\tools\android_sdk\tools\bin\apkanalyzer.bat,C:\Users\rafael.henrique\.katalon\tools\android_sdk\build-tools\28.0.0\apkanalyzer.bat. Do you have the Android SDK installed at 'C:\Users\rafael.henrique\.katalon\tools\android_sdk'?
[35m[ADB][39m Checking whether aapt is present
[35m[ADB][39m Using aapt.exe from C:\Users\rafael.henrique\.katalon\tools\android_sdk\build-tools\28.0.0\aapt.exe
[35m[ADB][39m Extracting package and launch activity from manifest
[35m[ADB][39m Package name: 'br.com.mv.monitoringvitals'
[35m[ADB][39m Main activity name: 'br.com.mv.monitoringvitals.views.SplashActivity'
[35m[ADB][39m Getting device platform version
[35m[ADB][39m Using apksigner.bat from C:\Users\rafael.henrique\.katalon\tools\android_sdk\build-tools\28.0.0\apksigner.bat
[35m[ADB][39m Using apksigner.bat from C:\Users\rafael.henrique\.katalon\tools\android_sdk\build-tools\28.0.0\apksigner.bat
[35m[ADB][39m Using apksigner.bat from C:\Users\rafael.henrique\.katalon\tools\android_sdk\build-tools\28.0.0\apksigner.bat
[35m[ADB][39m Checking whether zipalign is present
[35m[ADB][39m Using zipalign.exe from C:\Users\rafael.henrique\.katalon\tools\android_sdk\build-tools\28.0.0\zipalign.exe
[35m[ADB][39m Using apksigner.bat from C:\Users\rafael.henrique\.katalon\tools\android_sdk\build-tools\28.0.0\apksigner.bat
[35m[ADB][39m Using apksigner.bat from C:\Users\rafael.henrique\.katalon\tools\android_sdk\build-tools\28.0.0\apksigner.bat
[35m[ADB][39m Using apksigner.bat from C:\Users\rafael.henrique\.katalon\tools\android_sdk\build-tools\28.0.0\apksigner.bat
[35m[ADB][39m Using apksigner.bat from C:\Users\rafael.henrique\.katalon\tools\android_sdk\build-tools\28.0.0\apksigner.bat
[35m[ADB][39m Checking whether zipalign is present
[35m[ADB][39m Using zipalign.exe from C:\Users\rafael.henrique\.katalon\tools\android_sdk\build-tools\28.0.0\zipalign.exe
[35m[ADB][39m Using apksigner.bat from C:\Users\rafael.henrique\.katalon\tools\android_sdk\build-tools\28.0.0\apksigner.bat
[35m[ADB][39m io.appium.uiautomator2.server was successfully uninstalled
[35m[ADB][39m io.appium.uiautomator2.server.test was successfully uninstalled
[35m[ADB][39m Checking whether aapt is present
[35m[ADB][39m Using aapt.exe from C:\Users\rafael.henrique\.katalon\tools\android_sdk\build-tools\28.0.0\aapt.exe
[35m[AndroidDriver][39m setDeviceLanguageCountry requires language or country.
[35m[AndroidDriver][39m Got language: 'null' and country: 'null'
[35m[ADB][39m Checking whether aapt is present
[35m[ADB][39m Using aapt.exe from C:\Users\rafael.henrique\.katalon\tools\android_sdk\build-tools\28.0.0\aapt.exe
[35m[ADB][39m Checking whether aapt is present
[35m[ADB][39m Using aapt.exe from C:\Users\rafael.henrique\.katalon\tools\android_sdk\build-tools\28.0.0\aapt.exe
[35m[ADB][39m Successfully extracted 361 strings from 'C:\Users\rafael.henrique\Katalon Studio\MONVAT\APK\MONVIT_v1.7.24.apk' resources for '(default)' configuration
[35m[ADB][39m Using apksigner.bat from C:\Users\rafael.henrique\.katalon\tools\android_sdk\build-tools\28.0.0\apksigner.bat
[35m[ADB][39m Using apksigner.bat from C:\Users\rafael.henrique\.katalon\tools\android_sdk\build-tools\28.0.0\apksigner.bat
[35m[ADB][39m Using apksigner.bat from C:\Users\rafael.henrique\.katalon\tools\android_sdk\build-tools\28.0.0\apksigner.bat
[35m[ADB][39m Checking whether zipalign is present
[35m[ADB][39m Using zipalign.exe from C:\Users\rafael.henrique\.katalon\tools\android_sdk\build-tools\28.0.0\zipalign.exe
[35m[ADB][39m Using apksigner.bat from C:\Users\rafael.henrique\.katalon\tools\android_sdk\build-tools\28.0.0\apksigner.bat
[35m[ADB][39m Checking whether aapt is present
[35m[ADB][39m Using aapt.exe from C:\Users\rafael.henrique\.katalon\tools\android_sdk\build-tools\28.0.0\aapt.exe
[35m[UiAutomator2][39m Starting uiautomator2 server 1.7.0
[35m[UiAutomator2][39m Using UIAutomator2 server from 'C:\Users\rafael.henrique\AppData\Roaming\npm\node_modules\appium\node_modules\appium-uiautomator2-server\apks\appium-uiautomator2-server-v1.7.0.apk' and test from 'C:\Users\rafael.henrique\AppData\Roaming\npm\node_modules\appium\node_modules\appium-uiautomator2-server\apks\appium-uiautomator2-server-debug-androidTest.apk'
[35m[UiAutomator2][39m Running command: 'adb -s 0038153251 shell am instrument -w io.appium.uiautomator2.server.test/android.support.test.runner.AndroidJUnitRunner'
[35m[UiAutomator2][39m Waiting up to 20000ms for UiAutomator2 to be online...
[35m[AndroidDriver][39m Screen already unlocked, doing nothing
[35m[UiAutomator2][39m UiAutomator2 did not start the activity we were waiting for, 'br.com.mv.monitoringvitals/br.com.mv.monitoringvitals.views.SplashActivity'. Starting it ourselves
[35m[Appium][39m New AndroidUiautomator2Driver session created successfully, session 50e04214-6b2c-4ac2-95ef-3f8151c3bfd9 added to master session list
[35m[HTTP][39m [37m<-- POST /wd/hub/session [39m[32m200[39m [90m33087 ms - 1175[39m
[35m[HTTP][39m [90m[39m
[35m[HTTP][39m [37m-->[39m [37mGET[39m [37m/wd/hub/status[39m
[35m[HTTP][39m [90m{}[39m
[35m[HTTP][39m [37m<-- GET /wd/hub/status [39m[32m200[39m [90m2 ms - 55[39m
[35m[HTTP][39m [90m[39m
[35m[HTTP][39m [37m-->[39m [37mPOST[39m [37m/wd/hub/session/50e04214-6b2c-4ac2-95ef-3f8151c3bfd9/timeouts[39m
[35m[HTTP][39m [90m{"type":"implicit","ms":30000}[39m
[35m[HTTP][39m [37m<-- POST /wd/hub/session/50e04214-6b2c-4ac2-95ef-3f8151c3bfd9/timeouts [39m[33m400[39m [90m10 ms - 5628[39m
[35m[HTTP][39m [90m[39m
[35m[HTTP][39m [37m-->[39m [37mGET[39m [37m/wd/hub/session/50e04214-6b2c-4ac2-95ef-3f8151c3bfd9/context[39m
[35m[HTTP][39m [90m{}[39m
[35m[HTTP][39m [37m<-- GET /wd/hub/session/50e04214-6b2c-4ac2-95ef-3f8151c3bfd9/context [39m[32m200[39m [90m7 ms - 84[39m
[35m[HTTP][39m [90m[39m
[35m[HTTP][39m [37m-->[39m [37mGET[39m [37m/wd/hub/session/50e04214-6b2c-4ac2-95ef-3f8151c3bfd9/contexts[39m
[35m[HTTP][39m [90m{}[39m
[35m[HTTP][39m [37m<-- GET /wd/hub/session/50e04214-6b2c-4ac2-95ef-3f8151c3bfd9/contexts [39m[32m200[39m [90m90 ms - 86[39m
[35m[HTTP][39m [90m[39m
[35m[HTTP][39m [37m-->[39m [37mPOST[39m [37m/wd/hub/session/50e04214-6b2c-4ac2-95ef-3f8151c3bfd9/context[39m
[35m[HTTP][39m [90m{"name":"NATIVE_APP"}[39m
[35m[HTTP][39m [37m<-- POST /wd/hub/session/50e04214-6b2c-4ac2-95ef-3f8151c3bfd9/context [39m[32m200[39m [90m103 ms - 76[39m
[35m[HTTP][39m [90m[39m
[35m[HTTP][39m [37m-->[39m [37mPOST[39m [37m/wd/hub/session/50e04214-6b2c-4ac2-95ef-3f8151c3bfd9/appium/device/hide_keyboard[39m
[35m[HTTP][39m [90m{}[39m
[35m[HTTP][39m [37m<-- POST /wd/hub/session/50e04214-6b2c-4ac2-95ef-3f8151c3bfd9/appium/device/hide_keyboard [39m[31m500[39m [90m322 ms - 1426[39m
[35m[HTTP][39m [90m[39m
[35m[HTTP][39m [37m-->[39m [37mPOST[39m [37m/wd/hub/session/50e04214-6b2c-4ac2-95ef-3f8151c3bfd9/context[39m
[35m[HTTP][39m [90m{"name":"NATIVE_APP"}[39m
[35m[HTTP][39m [37m<-- POST /wd/hub/session/50e04214-6b2c-4ac2-95ef-3f8151c3bfd9/context [39m[32m200[39m [90m95 ms - 76[39m
[35m[HTTP][39m [90m[39m
[35m[HTTP][39m [37m-->[39m [37mGET[39m [37m/wd/hub/session/50e04214-6b2c-4ac2-95ef-3f8151c3bfd9/window/current/size[39m
[35m[HTTP][39m [90m{}[39m
[35m[W3C][39m Driver proxy active, passing request on via HTTP proxy
[35m[JSONWP Proxy][39m Replacing sessionId b53eaf56-9739-46df-8065-3f60fa92fce9 with 50e04214-6b2c-4ac2-95ef-3f8151c3bfd9
[35m[HTTP][39m [37m<-- GET /wd/hub/session/50e04214-6b2c-4ac2-95ef-3f8151c3bfd9/window/current/size [39m[32m200[39m [90m27 ms - 100[39m
[35m[HTTP][39m [90m[39m
[35m[HTTP][39m [37m-->[39m [37mPOST[39m [37m/wd/hub/session/50e04214-6b2c-4ac2-95ef-3f8151c3bfd9/elements[39m
[35m[HTTP][39m [90m{"using":"-android uiautomator","value":"new UiSelector().text(\"Não tenho uma conta. Quero me cadastrar.\")"}[39m
[35m[HTTP][39m [37m<-- POST /wd/hub/session/50e04214-6b2c-4ac2-95ef-3f8151c3bfd9/elements [39m[32m200[39m [90m115 ms - 124[39m
[35m[HTTP][39m [90m[39m
[35m[HTTP][39m [37m-->[39m [37mGET[39m [37m/wd/hub/session/50e04214-6b2c-4ac2-95ef-3f8151c3bfd9[39m
[35m[HTTP][39m [90m{}[39m
[35m[HTTP][39m [37m<-- GET /wd/hub/session/50e04214-6b2c-4ac2-95ef-3f8151c3bfd9 [39m[32m200[39m [90m25 ms - 1175[39m
[35m[HTTP][39m [90m[39m
[35m[HTTP][39m [37m-->[39m [37mGET[39m [37m/wd/hub/session/50e04214-6b2c-4ac2-95ef-3f8151c3bfd9[39m
[35m[HTTP][39m [90m{}[39m
[35m[HTTP][39m [37m<-- GET /wd/hub/session/50e04214-6b2c-4ac2-95ef-3f8151c3bfd9 [39m[32m200[39m [90m25 ms - 1175[39m
[35m[HTTP][39m [90m[39m
[35m[HTTP][39m [37m-->[39m [37mGET[39m [37m/wd/hub/session/50e04214-6b2c-4ac2-95ef-3f8151c3bfd9[39m
[35m[HTTP][39m [90m{}[39m
[35m[HTTP][39m [37m<-- GET /wd/hub/session/50e04214-6b2c-4ac2-95ef-3f8151c3bfd9 [39m[32m200[39m [90m23 ms - 1175[39m
[35m[HTTP][39m [90m[39m
[35m[HTTP][39m [37m-->[39m [37mGET[39m [37m/wd/hub/session/50e04214-6b2c-4ac2-95ef-3f8151c3bfd9[39m
[35m[HTTP][39m [90m{}[39m
[35m[HTTP][39m [37m<-- GET /wd/hub/session/50e04214-6b2c-4ac2-95ef-3f8151c3bfd9 [39m[32m200[39m [90m23 ms - 1175[39m
[35m[HTTP][39m [90m[39m
[35m[HTTP][39m [37m-->[39m [37mGET[39m [37m/wd/hub/session/50e04214-6b2c-4ac2-95ef-3f8151c3bfd9/element/a2350834-e543-42e4-b85c-6d3299461210/location[39m
[35m[HTTP][39m [90m{}[39m
[35m[W3C][39m Driver proxy active, passing request on via HTTP proxy
[35m[JSONWP Proxy][39m Replacing sessionId b53eaf56-9739-46df-8065-3f60fa92fce9 with 50e04214-6b2c-4ac2-95ef-3f8151c3bfd9
[35m[HTTP][39m [37m<-- GET /wd/hub/session/50e04214-6b2c-4ac2-95ef-3f8151c3bfd9/element/a2350834-e543-42e4-b85c-6d3299461210/location [39m[32m200[39m [90m55 ms - 88[39m
[35m[HTTP][39m [90m[39m
[35m[HTTP][39m [37m-->[39m [37mPOST[39m [37m/wd/hub/session/50e04214-6b2c-4ac2-95ef-3f8151c3bfd9/touch/perform[39m
[35m[HTTP][39m [90m{"actions":[{"action":"tap","options":{"element":"a2350834-e543-42e4-b85c-6d3299461210","x":1,"y":1}}]}[39m
[35m[UiAutomator2][39m calling get location: a2350834-e543-42e4-b85c-6d3299461210
[35m[HTTP][39m [37m<-- POST /wd/hub/session/50e04214-6b2c-4ac2-95ef-3f8151c3bfd9/touch/perform [39m[32m200[39m [90m1312 ms - 76[39m
[35m[HTTP][39m [90m[39m
[35m[HTTP][39m [37m-->[39m [37mGET[39m [37m/wd/hub/session/50e04214-6b2c-4ac2-95ef-3f8151c3bfd9/context[39m
[35m[HTTP][39m [90m{}[39m
[35m[HTTP][39m [37m<-- GET /wd/hub/session/50e04214-6b2c-4ac2-95ef-3f8151c3bfd9/context [39m[32m200[39m [90m3 ms - 84[39m
[35m[HTTP][39m [90m[39m
[35m[HTTP][39m [37m-->[39m [37mGET[39m [37m/wd/hub/session/50e04214-6b2c-4ac2-95ef-3f8151c3bfd9/contexts[39m
[35m[HTTP][39m [90m{}[39m
[35m[HTTP][39m [37m<-- GET /wd/hub/session/50e04214-6b2c-4ac2-95ef-3f8151c3bfd9/contexts [39m[32m200[39m [90m108 ms - 86[39m
[35m[HTTP][39m [90m[39m
[35m[HTTP][39m [37m-->[39m [37mPOST[39m [37m/wd/hub/session/50e04214-6b2c-4ac2-95ef-3f8151c3bfd9/context[39m
[35m[HTTP][39m [90m{"name":"NATIVE_APP"}[39m
[35m[HTTP][39m [37m<-- POST /wd/hub/session/50e04214-6b2c-4ac2-95ef-3f8151c3bfd9/context [39m[32m200[39m [90m109 ms - 76[39m
[35m[HTTP][39m [90m[39m
[35m[HTTP][39m [37m-->[39m [37mPOST[39m [37m/wd/hub/session/50e04214-6b2c-4ac2-95ef-3f8151c3bfd9/appium/device/hide_keyboard[39m
[35m[HTTP][39m [90m{}[39m
[35m[HTTP][39m [37m<-- POST /wd/hub/session/50e04214-6b2c-4ac2-95ef-3f8151c3bfd9/appium/device/hide_keyboard [39m[32m200[39m [90m1364 ms - 76[39m
[35m[HTTP][39m [90m[39m
[35m[HTTP][39m [37m-->[39m [37mPOST[39m [37m/wd/hub/session/50e04214-6b2c-4ac2-95ef-3f8151c3bfd9/context[39m
[35m[HTTP][39m [90m{"name":"NATIVE_APP"}[39m
[35m[HTTP][39m [37m<-- POST /wd/hub/session/50e04214-6b2c-4ac2-95ef-3f8151c3bfd9/context [39m[32m200[39m [90m158 ms - 76[39m
[35m[HTTP][39m [90m[39m
[35m[HTTP][39m [37m-->[39m [37mGET[39m [37m/wd/hub/session/50e04214-6b2c-4ac2-95ef-3f8151c3bfd9/window/current/size[39m
[35m[HTTP][39m [90m{}[39m
[35m[W3C][39m Driver proxy active, passing request on via HTTP proxy
[35m[JSONWP Proxy][39m Replacing sessionId b53eaf56-9739-46df-8065-3f60fa92fce9 with 50e04214-6b2c-4ac2-95ef-3f8151c3bfd9
[35m[HTTP][39m [37m<-- GET /wd/hub/session/50e04214-6b2c-4ac2-95ef-3f8151c3bfd9/window/current/size [39m[32m200[39m [90m20 ms - 100[39m
[35m[HTTP][39m [90m[39m
[35m[HTTP][39m [37m-->[39m [37mPOST[39m [37m/wd/hub/session/50e04214-6b2c-4ac2-95ef-3f8151c3bfd9/elements[39m
[35m[HTTP][39m [90m{"using":"-android uiautomator","value":"new UiSelector().className(\"android.widget.TextView\").resourceId(\"br.com.mv.monitoringvitals:id/action_confirm\").instance(1)"}[39m
[35m[HTTP][39m [37m<-- POST /wd/hub/session/50e04214-6b2c-4ac2-95ef-3f8151c3bfd9/elements [39m[32m200[39m [90m545 ms - 124[39m
[35m[HTTP][39m [90m[39m
[35m[HTTP][39m [37m-->[39m [37mGET[39m [37m/wd/hub/session/50e04214-6b2c-4ac2-95ef-3f8151c3bfd9[39m
[35m[HTTP][39m [90m{}[39m
[35m[HTTP][39m [37m<-- GET /wd/hub/session/50e04214-6b2c-4ac2-95ef-3f8151c3bfd9 [39m[32m200[39m [90m36 ms - 1175[39m
[35m[HTTP][39m [90m[39m
[35m[HTTP][39m [37m-->[39m [37mGET[39m [37m/wd/hub/session/50e04214-6b2c-4ac2-95ef-3f8151c3bfd9[39m
[35m[HTTP][39m [90m{}[39m
[35m[HTTP][39m [37m<-- GET /wd/hub/session/50e04214-6b2c-4ac2-95ef-3f8151c3bfd9 [39m[32m200[39m [90m26 ms - 1175[39m
[35m[HTTP][39m [90m[39m
[35m[HTTP][39m [37m-->[39m [37mGET[39m [37m/wd/hub/session/50e04214-6b2c-4ac2-95ef-3f8151c3bfd9[39m
[35m[HTTP][39m [90m{}[39m
[35m[HTTP][39m [37m<-- GET /wd/hub/session/50e04214-6b2c-4ac2-95ef-3f8151c3bfd9 [39m[32m200[39m [90m22 ms - 1175[39m
[35m[HTTP][39m [90m[39m
[35m[HTTP][39m [37m-->[39m [37mGET[39m [37m/wd/hub/session/50e04214-6b2c-4ac2-95ef-3f8151c3bfd9[39m
[35m[HTTP][39m [90m{}[39m
[35m[HTTP][39m [37m<-- GET /wd/hub/session/50e04214-6b2c-4ac2-95ef-3f8151c3bfd9 [39m[32m200[39m [90m23 ms - 1175[39m
[35m[HTTP][39m [90m[39m
[35m[HTTP][39m [37m-->[39m [37mGET[39m [37m/wd/hub/session/50e04214-6b2c-4ac2-95ef-3f8151c3bfd9/element/2791f2b7-f327-4411-9847-eebea61b5428/location[39m
[35m[HTTP][39m [90m{}[39m
[35m[W3C][39m Driver proxy active, passing request on via HTTP proxy
[35m[JSONWP Proxy][39m Replacing sessionId b53eaf56-9739-46df-8065-3f60fa92fce9 with 50e04214-6b2c-4ac2-95ef-3f8151c3bfd9
[35m[HTTP][39m [37m<-- GET /wd/hub/session/50e04214-6b2c-4ac2-95ef-3f8151c3bfd9/element/2791f2b7-f327-4411-9847-eebea61b5428/location [39m[32m200[39m [90m62 ms - 88[39m
[35m[HTTP][39m [90m[39m
[35m[HTTP][39m [37m-->[39m [37mPOST[39m [37m/wd/hub/session/50e04214-6b2c-4ac2-95ef-3f8151c3bfd9/touch/perform[39m
[35m[HTTP][39m [90m{"actions":[{"action":"tap","options":{"element":"2791f2b7-f327-4411-9847-eebea61b5428","x":1,"y":1}}]}[39m
[35m[UiAutomator2][39m calling get location: 2791f2b7-f327-4411-9847-eebea61b5428
[35m[HTTP][39m [37m<-- POST /wd/hub/session/50e04214-6b2c-4ac2-95ef-3f8151c3bfd9/touch/perform [39m[32m200[39m [90m864 ms - 76[39m
[35m[HTTP][39m [90m[39m
[35m[HTTP][39m [37m-->[39m [37mGET[39m [37m/wd/hub/session/50e04214-6b2c-4ac2-95ef-3f8151c3bfd9/window/current/size[39m
[35m[HTTP][39m [90m{}[39m
[35m[W3C][39m Driver proxy active, passing request on via HTTP proxy
[35m[JSONWP Proxy][39m Replacing sessionId b53eaf56-9739-46df-8065-3f60fa92fce9 with 50e04214-6b2c-4ac2-95ef-3f8151c3bfd9
[35m[HTTP][39m [37m<-- GET /wd/hub/session/50e04214-6b2c-4ac2-95ef-3f8151c3bfd9/window/current/size [39m[32m200[39m [90m26 ms - 100[39m
[35m[HTTP][39m [90m[39m
[35m[HTTP][39m [37m-->[39m [37mPOST[39m [37m/wd/hub/session/50e04214-6b2c-4ac2-95ef-3f8151c3bfd9/elements[39m
[35m[HTTP][39m [90m{"using":"-android uiautomator","value":"new UiSelector().className(\"android.widget.EditText\").resourceId(\"br.com.mv.monitoringvitals:id/edt_register_name\").instance(0)"}[39m
[35m[HTTP][39m [37m<-- POST /wd/hub/session/50e04214-6b2c-4ac2-95ef-3f8151c3bfd9/elements [39m[32m200[39m [90m144 ms - 124[39m
[35m[HTTP][39m [90m[39m
[35m[HTTP][39m [37m-->[39m [37mGET[39m [37m/wd/hub/session/50e04214-6b2c-4ac2-95ef-3f8151c3bfd9[39m
[35m[HTTP][39m [90m{}[39m
[35m[HTTP][39m [37m<-- GET /wd/hub/session/50e04214-6b2c-4ac2-95ef-3f8151c3bfd9 [39m[32m200[39m [90m29 ms - 1175[39m
[35m[HTTP][39m [90m[39m
[35m[HTTP][39m [37m-->[39m [37mGET[39m [37m/wd/hub/session/50e04214-6b2c-4ac2-95ef-3f8151c3bfd9[39m
[35m[HTTP][39m [90m{}[39m
[35m[HTTP][39m [37m<-- GET /wd/hub/session/50e04214-6b2c-4ac2-95ef-3f8151c3bfd9 [39m[32m200[39m [90m22 ms - 1175[39m
[35m[HTTP][39m [90m[39m
[35m[HTTP][39m [37m-->[39m [37mGET[39m [37m/wd/hub/session/50e04214-6b2c-4ac2-95ef-3f8151c3bfd9[39m
[35m[HTTP][39m [90m{}[39m
[35m[HTTP][39m [37m<-- GET /wd/hub/session/50e04214-6b2c-4ac2-95ef-3f8151c3bfd9 [39m[32m200[39m [90m25 ms - 1175[39m
[35m[HTTP][39m [90m[39m
[35m[HTTP][39m [37m-->[39m [37mGET[39m [37m/wd/hub/session/50e04214-6b2c-4ac2-95ef-3f8151c3bfd9[39m
[35m[HTTP][39m [90m{}[39m
[35m[HTTP][39m [37m<-- GET /wd/hub/session/50e04214-6b2c-4ac2-95ef-3f8151c3bfd9 [39m[32m200[39m [90m20 ms - 1175[39m
[35m[HTTP][39m [90m[39m
[35m[HTTP][39m [37m-->[39m [37mGET[39m [37m/wd/hub/session/50e04214-6b2c-4ac2-95ef-3f8151c3bfd9/element/cfabc6f3-cd1d-421a-9d81-5802a0a2043f/location[39m
[35m[HTTP][39m [90m{}[39m
[35m[W3C][39m Driver proxy active, passing request on via HTTP proxy
[35m[JSONWP Proxy][39m Replacing sessionId b53eaf56-9739-46df-8065-3f60fa92fce9 with 50e04214-6b2c-4ac2-95ef-3f8151c3bfd9
[35m[HTTP][39m [37m<-- GET /wd/hub/session/50e04214-6b2c-4ac2-95ef-3f8151c3bfd9/element/cfabc6f3-cd1d-421a-9d81-5802a0a2043f/location [39m[32m200[39m [90m58 ms - 88[39m
[35m[HTTP][39m [90m[39m
[35m[HTTP][39m [37m-->[39m [37mPOST[39m [37m/wd/hub/session/50e04214-6b2c-4ac2-95ef-3f8151c3bfd9/element/cfabc6f3-cd1d-421a-9d81-5802a0a2043f/clear[39m
[35m[HTTP][39m [90m{"id":"cfabc6f3-cd1d-421a-9d81-5802a0a2043f"}[39m
[35m[HTTP][39m [37m<-- POST /wd/hub/session/50e04214-6b2c-4ac2-95ef-3f8151c3bfd9/element/cfabc6f3-cd1d-421a-9d81-5802a0a2043f/clear [39m[32m200[39m [90m97 ms - 89[39m
[35m[HTTP][39m [90m[39m
[35m[HTTP][39m [37m-->[39m [37mPOST[39m [37m/wd/hub/session/50e04214-6b2c-4ac2-95ef-3f8151c3bfd9/element/cfabc6f3-cd1d-421a-9d81-5802a0a2043f/value[39m
[35m[HTTP][39m [90m{"id":"cfabc6f3-cd1d-421a-9d81-5802a0a2043f","value":[""]}[39m
[35m[HTTP][39m [37m<-- POST /wd/hub/session/50e04214-6b2c-4ac2-95ef-3f8151c3bfd9/element/cfabc6f3-cd1d-421a-9d81-5802a0a2043f/value [39m[32m200[39m [90m894 ms - 74[39m
[35m[HTTP][39m [90m[39m
[35m[HTTP][39m [37m-->[39m [37mGET[39m [37m/wd/hub/session/50e04214-6b2c-4ac2-95ef-3f8151c3bfd9/window/current/size[39m
[35m[HTTP][39m [90m{}[39m
[35m[W3C][39m Driver proxy active, passing request on via HTTP proxy
[35m[JSONWP Proxy][39m Replacing sessionId b53eaf56-9739-46df-8065-3f60fa92fce9 with 50e04214-6b2c-4ac2-95ef-3f8151c3bfd9
[35m[HTTP][39m [37m<-- GET /wd/hub/session/50e04214-6b2c-4ac2-95ef-3f8151c3bfd9/window/current/size [39m[32m200[39m [90m26 ms - 100[39m
[35m[HTTP][39m [90m[39m
[35m[HTTP][39m [37m-->[39m [37mPOST[39m [37m/wd/hub/session/50e04214-6b2c-4ac2-95ef-3f8151c3bfd9/elements[39m
[35m[HTTP][39m [90m{"using":"-android uiautomator","value":"new UiSelector().className(\"android.widget.TextView\").text(\"Esse campo é obrigatório.\").resourceId(\"br.com.mv.monitoringvitals:id/txt_error_register_name\").instance(4)"}[39m
[35m[HTTP][39m [37m<-- POST /wd/hub/session/50e04214-6b2c-4ac2-95ef-3f8151c3bfd9/elements [39m[32m200[39m [90m531 ms - 124[39m
[35m[HTTP][39m [90m[39m
[35m[HTTP][39m [37m-->[39m [37mGET[39m [37m/wd/hub/session/50e04214-6b2c-4ac2-95ef-3f8151c3bfd9[39m
[35m[HTTP][39m [90m{}[39m
[35m[HTTP][39m [37m<-- GET /wd/hub/session/50e04214-6b2c-4ac2-95ef-3f8151c3bfd9 [39m[32m200[39m [90m25 ms - 1175[39m
[35m[HTTP][39m [90m[39m
[35m[HTTP][39m [37m-->[39m [37mGET[39m [37m/wd/hub/session/50e04214-6b2c-4ac2-95ef-3f8151c3bfd9[39m
[35m[HTTP][39m [90m{}[39m
[35m[HTTP][39m [37m<-- GET /wd/hub/session/50e04214-6b2c-4ac2-95ef-3f8151c3bfd9 [39m[32m200[39m [90m22 ms - 1175[39m
[35m[HTTP][39m [90m[39m
[35m[HTTP][39m [37m-->[39m [37mGET[39m [37m/wd/hub/session/50e04214-6b2c-4ac2-95ef-3f8151c3bfd9[39m
[35m[HTTP][39m [90m{}[39m
[35m[HTTP][39m [37m<-- GET /wd/hub/session/50e04214-6b2c-4ac2-95ef-3f8151c3bfd9 [39m[32m200[39m [90m22 ms - 1175[39m
[35m[HTTP][39m [90m[39m
[35m[HTTP][39m [37m-->[39m [37mGET[39m [37m/wd/hub/session/50e04214-6b2c-4ac2-95ef-3f8151c3bfd9[39m
[35m[HTTP][39m [90m{}[39m
[35m[HTTP][39m [37m<-- GET /wd/hub/session/50e04214-6b2c-4ac2-95ef-3f8151c3bfd9 [39m[32m200[39m [90m20 ms - 1175[39m
[35m[HTTP][39m [90m[39m
[35m[HTTP][39m [37m-->[39m [37mGET[39m [37m/wd/hub/session/50e04214-6b2c-4ac2-95ef-3f8151c3bfd9/element/54786c85-7ca8-4999-a4e2-e147fa21ab6b/location[39m
[35m[HTTP][39m [90m{}[39m
[35m[W3C][39m Driver proxy active, passing request on via HTTP proxy
[35m[JSONWP Proxy][39m Replacing sessionId b53eaf56-9739-46df-8065-3f60fa92fce9 with 50e04214-6b2c-4ac2-95ef-3f8151c3bfd9
[35m[HTTP][39m [37m<-- GET /wd/hub/session/50e04214-6b2c-4ac2-95ef-3f8151c3bfd9/element/54786c85-7ca8-4999-a4e2-e147fa21ab6b/location [39m[32m200[39m [90m54 ms - 88[39m
[35m[HTTP][39m [90m[39m
[35m[HTTP][39m [37m-->[39m [37mGET[39m [37m/wd/hub/session/50e04214-6b2c-4ac2-95ef-3f8151c3bfd9/element/54786c85-7ca8-4999-a4e2-e147fa21ab6b/attribute/text[39m
[35m[HTTP][39m [90m{}[39m
[35m[HTTP][39m [37m<-- GET /wd/hub/session/50e04214-6b2c-4ac2-95ef-3f8151c3bfd9/element/54786c85-7ca8-4999-a4e2-e147fa21ab6b/attribute/text [39m[32m200[39m [90m90 ms - 101[39m
[35m[HTTP][39m [90m[39m
[35m[HTTP][39m [37m-->[39m [37mGET[39m [37m/wd/hub/session/50e04214-6b2c-4ac2-95ef-3f8151c3bfd9/context[39m
[35m[HTTP][39m [90m{}[39m
[35m[HTTP][39m [37m<-- GET /wd/hub/session/50e04214-6b2c-4ac2-95ef-3f8151c3bfd9/context [39m[32m200[39m [90m2 ms - 84[39m
[35m[HTTP][39m [90m[39m
[35m[HTTP][39m [37m-->[39m [37mGET[39m [37m/wd/hub/session/50e04214-6b2c-4ac2-95ef-3f8151c3bfd9/contexts[39m
[35m[HTTP][39m [90m{}[39m
[35m[HTTP][39m [37m<-- GET /wd/hub/session/50e04214-6b2c-4ac2-95ef-3f8151c3bfd9/contexts [39m[32m200[39m [90m123 ms - 86[39m
[35m[HTTP][39m [90m[39m
[35m[HTTP][39m [37m-->[39m [37mPOST[39m [37m/wd/hub/session/50e04214-6b2c-4ac2-95ef-3f8151c3bfd9/context[39m
[35m[HTTP][39m [90m{"name":"NATIVE_APP"}[39m
[35m[HTTP][39m [37m<-- POST /wd/hub/session/50e04214-6b2c-4ac2-95ef-3f8151c3bfd9/context [39m[32m200[39m [90m97 ms - 76[39m
[35m[HTTP][39m [90m[39m
[35m[HTTP][39m [37m-->[39m [37mGET[39m [37m/wd/hub/session/50e04214-6b2c-4ac2-95ef-3f8151c3bfd9/screenshot[39m
[35m[HTTP][39m [90m{}[39m
[35m[HTTP][39m [37m<-- GET /wd/hub/session/50e04214-6b2c-4ac2-95ef-3f8151c3bfd9/screenshot [39m[32m200[39m [90m856 ms - 255180[39m
[35m[HTTP][39m [90m[39m
[35m[HTTP][39m [37m-->[39m [37mPOST[39m [37m/wd/hub/session/50e04214-6b2c-4ac2-95ef-3f8151c3bfd9/context[39m
[35m[HTTP][39m [90m{"name":"NATIVE_APP"}[39m
[35m[HTTP][39m [37m<-- POST /wd/hub/session/50e04214-6b2c-4ac2-95ef-3f8151c3bfd9/context [39m[32m200[39m [90m97 ms - 76[39m
[35m[HTTP][39m [90m[39m
[35m[HTTP][39m [37m-->[39m [37mGET[39m [37m/wd/hub/session/50e04214-6b2c-4ac2-95ef-3f8151c3bfd9/window/current/size[39m
[35m[HTTP][39m [90m{}[39m
[35m[W3C][39m Driver proxy active, passing request on via HTTP proxy
[35m[JSONWP Proxy][39m Replacing sessionId b53eaf56-9739-46df-8065-3f60fa92fce9 with 50e04214-6b2c-4ac2-95ef-3f8151c3bfd9
[35m[HTTP][39m [37m<-- GET /wd/hub/session/50e04214-6b2c-4ac2-95ef-3f8151c3bfd9/window/current/size [39m[32m200[39m [90m22 ms - 100[39m
[35m[HTTP][39m [90m[39m
[35m[HTTP][39m [37m-->[39m [37mPOST[39m [37m/wd/hub/session/50e04214-6b2c-4ac2-95ef-3f8151c3bfd9/elements[39m
[35m[HTTP][39m [90m{"using":"-android uiautomator","value":"new UiSelector().className(\"android.widget.EditText\").text(\"Apenas Números\").resourceId(\"br.com.mv.monitoringvitals:id/edt_register_cpf\").instance(1)"}[39m
[35m[HTTP][39m [37m<-- POST /wd/hub/session/50e04214-6b2c-4ac2-95ef-3f8151c3bfd9/elements [39m[32m200[39m [90m123 ms - 124[39m
[35m[HTTP][39m [90m[39m
[35m[HTTP][39m [37m-->[39m [37mGET[39m [37m/wd/hub/session/50e04214-6b2c-4ac2-95ef-3f8151c3bfd9[39m
[35m[HTTP][39m [90m{}[39m
[35m[HTTP][39m [37m<-- GET /wd/hub/session/50e04214-6b2c-4ac2-95ef-3f8151c3bfd9 [39m[32m200[39m [90m24 ms - 1175[39m
[35m[HTTP][39m [90m[39m
[35m[HTTP][39m [37m-->[39m [37mGET[39m [37m/wd/hub/session/50e04214-6b2c-4ac2-95ef-3f8151c3bfd9[39m
[35m[HTTP][39m [90m{}[39m
[35m[HTTP][39m [37m<-- GET /wd/hub/session/50e04214-6b2c-4ac2-95ef-3f8151c3bfd9 [39m[32m200[39m [90m19 ms - 1175[39m
[35m[HTTP][39m [90m[39m
[35m[HTTP][39m [37m-->[39m [37mGET[39m [37m/wd/hub/session/50e04214-6b2c-4ac2-95ef-3f8151c3bfd9[39m
[35m[HTTP][39m [90m{}[39m
[35m[HTTP][39m [37m<-- GET /wd/hub/session/50e04214-6b2c-4ac2-95ef-3f8151c3bfd9 [39m[32m200[39m [90m17 ms - 1175[39m
[35m[HTTP][39m [90m[39m
[35m[HTTP][39m [37m-->[39m [37mGET[39m [37m/wd/hub/session/50e04214-6b2c-4ac2-95ef-3f8151c3bfd9[39m
[35m[HTTP][39m [90m{}[39m
[35m[HTTP][39m [37m<-- GET /wd/hub/session/50e04214-6b2c-4ac2-95ef-3f8151c3bfd9 [39m[32m200[39m [90m17 ms - 1175[39m
[35m[HTTP][39m [90m[39m
[35m[HTTP][39m [37m-->[39m [37mGET[39m [37m/wd/hub/session/50e04214-6b2c-4ac2-95ef-3f8151c3bfd9/element/0b4571ce-ed57-483a-8adc-4434d698fbff/location[39m
[35m[HTTP][39m [90m{}[39m
[35m[W3C][39m Driver proxy active, passing request on via HTTP proxy
[35m[JSONWP Proxy][39m Replacing sessionId b53eaf56-9739-46df-8065-3f60fa92fce9 with 50e04214-6b2c-4ac2-95ef-3f8151c3bfd9
[35m[HTTP][39m [37m<-- GET /wd/hub/session/50e04214-6b2c-4ac2-95ef-3f8151c3bfd9/element/0b4571ce-ed57-483a-8adc-4434d698fbff/location [39m[32m200[39m [90m54 ms - 89[39m
[35m[HTTP][39m [90m[39m
[35m[HTTP][39m [37m-->[39m [37mPOST[39m [37m/wd/hub/session/50e04214-6b2c-4ac2-95ef-3f8151c3bfd9/element/0b4571ce-ed57-483a-8adc-4434d698fbff/clear[39m
[35m[HTTP][39m [90m{"id":"0b4571ce-ed57-483a-8adc-4434d698fbff"}[39m
[35m[HTTP][39m [37m<-- POST /wd/hub/session/50e04214-6b2c-4ac2-95ef-3f8151c3bfd9/element/0b4571ce-ed57-483a-8adc-4434d698fbff/clear [39m[32m200[39m [90m79 ms - 89[39m
[35m[HTTP][39m [90m[39m
[35m[HTTP][39m [37m-->[39m [37mPOST[39m [37m/wd/hub/session/50e04214-6b2c-4ac2-95ef-3f8151c3bfd9/element/0b4571ce-ed57-483a-8adc-4434d698fbff/value[39m
[35m[HTTP][39m [90m{"id":"0b4571ce-ed57-483a-8adc-4434d698fbff","value":[""]}[39m
[35m[HTTP][39m [37m<-- POST /wd/hub/session/50e04214-6b2c-4ac2-95ef-3f8151c3bfd9/element/0b4571ce-ed57-483a-8adc-4434d698fbff/value [39m[32m200[39m [90m1597 ms - 74[39m
[35m[HTTP][39m [90m[39m
[35m[HTTP][39m [37m-->[39m [37mGET[39m [37m/wd/hub/session/50e04214-6b2c-4ac2-95ef-3f8151c3bfd9/window/current/size[39m
[35m[HTTP][39m [90m{}[39m
[35m[W3C][39m Driver proxy active, passing request on via HTTP proxy
[35m[JSONWP Proxy][39m Replacing sessionId b53eaf56-9739-46df-8065-3f60fa92fce9 with 50e04214-6b2c-4ac2-95ef-3f8151c3bfd9
[35m[HTTP][39m [37m<-- GET /wd/hub/session/50e04214-6b2c-4ac2-95ef-3f8151c3bfd9/window/current/size [39m[32m200[39m [90m21 ms - 100[39m
[35m[HTTP][39m [90m[39m
[35m[HTTP][39m [37m-->[39m [37mPOST[39m [37m/wd/hub/session/50e04214-6b2c-4ac2-95ef-3f8151c3bfd9/elements[39m
[35m[HTTP][39m [90m{"using":"-android uiautomator","value":"new UiSelector().className(\"android.widget.TextView\").text(\"Esse campo é obrigatório.\").resourceId(\"br.com.mv.monitoringvitals:id/txt_error_register_cpf\").instance(6)"}[39m
[35m[HTTP][39m [37m<-- POST /wd/hub/session/50e04214-6b2c-4ac2-95ef-3f8151c3bfd9/elements [39m[32m200[39m [90m642 ms - 124[39m
[35m[HTTP][39m [90m[39m
[35m[HTTP][39m [37m-->[39m [37mGET[39m [37m/wd/hub/session/50e04214-6b2c-4ac2-95ef-3f8151c3bfd9[39m
[35m[HTTP][39m [90m{}[39m
[35m[HTTP][39m [37m<-- GET /wd/hub/session/50e04214-6b2c-4ac2-95ef-3f8151c3bfd9 [39m[32m200[39m [90m29 ms - 1175[39m
[35m[HTTP][39m [90m[39m
[35m[HTTP][39m [37m-->[39m [37mGET[39m [37m/wd/hub/session/50e04214-6b2c-4ac2-95ef-3f8151c3bfd9[39m
[35m[HTTP][39m [90m{}[39m
[35m[HTTP][39m [37m<-- GET /wd/hub/session/50e04214-6b2c-4ac2-95ef-3f8151c3bfd9 [39m[32m200[39m [90m25 ms - 1175[39m
[35m[HTTP][39m [90m[39m
[35m[HTTP][39m [37m-->[39m [37mGET[39m [37m/wd/hub/session/50e04214-6b2c-4ac2-95ef-3f8151c3bfd9[39m
[35m[HTTP][39m [90m{}[39m
[35m[HTTP][39m [37m<-- GET /wd/hub/session/50e04214-6b2c-4ac2-95ef-3f8151c3bfd9 [39m[32m200[39m [90m21 ms - 1175[39m
[35m[HTTP][39m [90m[39m
[35m[HTTP][39m [37m-->[39m [37mGET[39m [37m/wd/hub/session/50e04214-6b2c-4ac2-95ef-3f8151c3bfd9[39m
[35m[HTTP][39m [90m{}[39m
[35m[HTTP][39m [37m<-- GET /wd/hub/session/50e04214-6b2c-4ac2-95ef-3f8151c3bfd9 [39m[32m200[39m [90m21 ms - 1175[39m
[35m[HTTP][39m [90m[39m
[35m[HTTP][39m [37m-->[39m [37mGET[39m [37m/wd/hub/session/50e04214-6b2c-4ac2-95ef-3f8151c3bfd9/element/76b794f9-1ed4-4493-a4bc-7fc4c1f149c0/location[39m
[35m[HTTP][39m [90m{}[39m
[35m[W3C][39m Driver proxy active, passing request on via HTTP proxy
[35m[JSONWP Proxy][39m Replacing sessionId b53eaf56-9739-46df-8065-3f60fa92fce9 with 50e04214-6b2c-4ac2-95ef-3f8151c3bfd9
[35m[HTTP][39m [37m<-- GET /wd/hub/session/50e04214-6b2c-4ac2-95ef-3f8151c3bfd9/element/76b794f9-1ed4-4493-a4bc-7fc4c1f149c0/location [39m[32m200[39m [90m57 ms - 89[39m
[35m[HTTP][39m [90m[39m
[35m[HTTP][39m [37m-->[39m [37mGET[39m [37m/wd/hub/session/50e04214-6b2c-4ac2-95ef-3f8151c3bfd9/element/76b794f9-1ed4-4493-a4bc-7fc4c1f149c0/attribute/text[39m
[35m[HTTP][39m [90m{}[39m
[35m[HTTP][39m [37m<-- GET /wd/hub/session/50e04214-6b2c-4ac2-95ef-3f8151c3bfd9/element/76b794f9-1ed4-4493-a4bc-7fc4c1f149c0/attribute/text [39m[32m200[39m [90m92 ms - 101[39m
[35m[HTTP][39m [90m[39m
[35m[HTTP][39m [37m-->[39m [37mGET[39m [37m/wd/hub/session/50e04214-6b2c-4ac2-95ef-3f8151c3bfd9/context[39m
[35m[HTTP][39m [90m{}[39m
[35m[HTTP][39m [37m<-- GET /wd/hub/session/50e04214-6b2c-4ac2-95ef-3f8151c3bfd9/context [39m[32m200[39m [90m2 ms - 84[39m
[35m[HTTP][39m [90m[39m
[35m[HTTP][39m [37m-->[39m [37mGET[39m [37m/wd/hub/session/50e04214-6b2c-4ac2-95ef-3f8151c3bfd9/contexts[39m
[35m[HTTP][39m [90m{}[39m
[35m[HTTP][39m [37m<-- GET /wd/hub/session/50e04214-6b2c-4ac2-95ef-3f8151c3bfd9/contexts [39m[32m200[39m [90m117 ms - 86[39m
[35m[HTTP][39m [90m[39m
[35m[HTTP][39m [37m-->[39m [37mPOST[39m [37m/wd/hub/session/50e04214-6b2c-4ac2-95ef-3f8151c3bfd9/context[39m
[35m[HTTP][39m [90m{"name":"NATIVE_APP"}[39m
[35m[HTTP][39m [37m<-- POST /wd/hub/session/50e04214-6b2c-4ac2-95ef-3f8151c3bfd9/context [39m[32m200[39m [90m99 ms - 76[39m
[35m[HTTP][39m [90m[39m
[35m[HTTP][39m [37m-->[39m [37mGET[39m [37m/wd/hub/session/50e04214-6b2c-4ac2-95ef-3f8151c3bfd9/screenshot[39m
[35m[HTTP][39m [90m{}[39m
[35m[HTTP][39m [37m<-- GET /wd/hub/session/50e04214-6b2c-4ac2-95ef-3f8151c3bfd9/screenshot [39m[32m200[39m [90m840 ms - 255180[39m
[35m[HTTP][39m [90m[39m
[35m[HTTP][39m [37m-->[39m [37mPOST[39m [37m/wd/hub/session/50e04214-6b2c-4ac2-95ef-3f8151c3bfd9/context[39m
[35m[HTTP][39m [90m{"name":"NATIVE_APP"}[39m
[35m[HTTP][39m [37m<-- POST /wd/hub/session/50e04214-6b2c-4ac2-95ef-3f8151c3bfd9/context [39m[32m200[39m [90m104 ms - 76[39m
[35m[HTTP][39m [90m[39m
[35m[HTTP][39m [37m-->[39m [37mGET[39m [37m/wd/hub/session/50e04214-6b2c-4ac2-95ef-3f8151c3bfd9/window/current/size[39m
[35m[HTTP][39m [90m{}[39m
[35m[W3C][39m Driver proxy active, passing request on via HTTP proxy
[35m[JSONWP Proxy][39m Replacing sessionId b53eaf56-9739-46df-8065-3f60fa92fce9 with 50e04214-6b2c-4ac2-95ef-3f8151c3bfd9
[35m[HTTP][39m [37m<-- GET /wd/hub/session/50e04214-6b2c-4ac2-95ef-3f8151c3bfd9/window/current/size [39m[32m200[39m [90m21 ms - 100[39m
[35m[HTTP][39m [90m[39m
[35m[HTTP][39m [37m-->[39m [37mPOST[39m [37m/wd/hub/session/50e04214-6b2c-4ac2-95ef-3f8151c3bfd9/elements[39m
[35m[HTTP][39m [90m{"using":"-android uiautomator","value":"new UiSelector().className(\"android.widget.EditText\").text(\"dd/mm/yyyy\").resourceId(\"br.com.mv.monitoringvitals:id/edt_register_date_birth\").instance(2)"}[39m
[35m[HTTP][39m [37m<-- POST /wd/hub/session/50e04214-6b2c-4ac2-95ef-3f8151c3bfd9/elements [39m[32m200[39m [90m126 ms - 124[39m
[35m[HTTP][39m [90m[39m
[35m[HTTP][39m [37m-->[39m [37mGET[39m [37m/wd/hub/session/50e04214-6b2c-4ac2-95ef-3f8151c3bfd9[39m
[35m[HTTP][39m [90m{}[39m
[35m[HTTP][39m [37m<-- GET /wd/hub/session/50e04214-6b2c-4ac2-95ef-3f8151c3bfd9 [39m[32m200[39m [90m27 ms - 1175[39m
[35m[HTTP][39m [90m[39m
[35m[HTTP][39m [37m-->[39m [37mGET[39m [37m/wd/hub/session/50e04214-6b2c-4ac2-95ef-3f8151c3bfd9[39m
[35m[HTTP][39m [90m{}[39m
[35m[HTTP][39m [37m<-- GET /wd/hub/session/50e04214-6b2c-4ac2-95ef-3f8151c3bfd9 [39m[32m200[39m [90m27 ms - 1175[39m
[35m[HTTP][39m [90m[39m
[35m[HTTP][39m [37m-->[39m [37mGET[39m [37m/wd/hub/session/50e04214-6b2c-4ac2-95ef-3f8151c3bfd9[39m
[35m[HTTP][39m [90m{}[39m
[35m[HTTP][39m [37m<-- GET /wd/hub/session/50e04214-6b2c-4ac2-95ef-3f8151c3bfd9 [39m[32m200[39m [90m25 ms - 1175[39m
[35m[HTTP][39m [90m[39m
[35m[HTTP][39m [37m-->[39m [37mGET[39m [37m/wd/hub/session/50e04214-6b2c-4ac2-95ef-3f8151c3bfd9[39m
[35m[HTTP][39m [90m{}[39m
[35m[HTTP][39m [37m<-- GET /wd/hub/session/50e04214-6b2c-4ac2-95ef-3f8151c3bfd9 [39m[32m200[39m [90m22 ms - 1175[39m
[35m[HTTP][39m [90m[39m
[35m[HTTP][39m [37m-->[39m [37mGET[39m [37m/wd/hub/session/50e04214-6b2c-4ac2-95ef-3f8151c3bfd9/element/eaa46c5e-f8dc-4ff4-b891-5d3f8b0f72eb/location[39m
[35m[HTTP][39m [90m{}[39m
[35m[W3C][39m Driver proxy active, passing request on via HTTP proxy
[35m[JSONWP Proxy][39m Replacing sessionId b53eaf56-9739-46df-8065-3f60fa92fce9 with 50e04214-6b2c-4ac2-95ef-3f8151c3bfd9
[35m[HTTP][39m [37m<-- GET /wd/hub/session/50e04214-6b2c-4ac2-95ef-3f8151c3bfd9/element/eaa46c5e-f8dc-4ff4-b891-5d3f8b0f72eb/location [39m[32m200[39m [90m55 ms - 89[39m
[35m[HTTP][39m [90m[39m
[35m[HTTP][39m [37m-->[39m [37mPOST[39m [37m/wd/hub/session/50e04214-6b2c-4ac2-95ef-3f8151c3bfd9/element/eaa46c5e-f8dc-4ff4-b891-5d3f8b0f72eb/clear[39m
[35m[HTTP][39m [90m{"id":"eaa46c5e-f8dc-4ff4-b891-5d3f8b0f72eb"}[39m
[35m[HTTP][39m [37m<-- POST /wd/hub/session/50e04214-6b2c-4ac2-95ef-3f8151c3bfd9/element/eaa46c5e-f8dc-4ff4-b891-5d3f8b0f72eb/clear [39m[32m200[39m [90m72 ms - 89[39m
[35m[HTTP][39m [90m[39m
[35m[HTTP][39m [37m-->[39m [37mPOST[39m [37m/wd/hub/session/50e04214-6b2c-4ac2-95ef-3f8151c3bfd9/element/eaa46c5e-f8dc-4ff4-b891-5d3f8b0f72eb/value[39m
[35m[HTTP][39m [90m{"id":"eaa46c5e-f8dc-4ff4-b891-5d3f8b0f72eb","value":[""]}[39m
[35m[HTTP][39m [37m<-- POST /wd/hub/session/50e04214-6b2c-4ac2-95ef-3f8151c3bfd9/element/eaa46c5e-f8dc-4ff4-b891-5d3f8b0f72eb/value [39m[32m200[39m [90m1607 ms - 74[39m
[35m[HTTP][39m [90m[39m
[35m[HTTP][39m [37m-->[39m [37mGET[39m [37m/wd/hub/session/50e04214-6b2c-4ac2-95ef-3f8151c3bfd9/window/current/size[39m
[35m[HTTP][39m [90m{}[39m
[35m[W3C][39m Driver proxy active, passing request on via HTTP proxy
[35m[JSONWP Proxy][39m Replacing sessionId b53eaf56-9739-46df-8065-3f60fa92fce9 with 50e04214-6b2c-4ac2-95ef-3f8151c3bfd9
[35m[HTTP][39m [37m<-- GET /wd/hub/session/50e04214-6b2c-4ac2-95ef-3f8151c3bfd9/window/current/size [39m[32m200[39m [90m23 ms - 100[39m
[35m[HTTP][39m [90m[39m
[35m[HTTP][39m [37m-->[39m [37mPOST[39m [37m/wd/hub/session/50e04214-6b2c-4ac2-95ef-3f8151c3bfd9/elements[39m
[35m[HTTP][39m [90m{"using":"-android uiautomator","value":"new UiSelector().className(\"android.widget.TextView\").text(\"Esse campo é obrigatório.\").resourceId(\"br.com.mv.monitoringvitals:id/txt_error_register_date_birth\").instance(8)"}[39m
[35m[HTTP][39m [37m<-- POST /wd/hub/session/50e04214-6b2c-4ac2-95ef-3f8151c3bfd9/elements [39m[32m200[39m [90m639 ms - 124[39m
[35m[HTTP][39m [90m[39m
[35m[HTTP][39m [37m-->[39m [37mGET[39m [37m/wd/hub/session/50e04214-6b2c-4ac2-95ef-3f8151c3bfd9[39m
[35m[HTTP][39m [90m{}[39m
[35m[HTTP][39m [37m<-- GET /wd/hub/session/50e04214-6b2c-4ac2-95ef-3f8151c3bfd9 [39m[32m200[39m [90m31 ms - 1175[39m
[35m[HTTP][39m [90m[39m
[35m[HTTP][39m [37m-->[39m [37mGET[39m [37m/wd/hub/session/50e04214-6b2c-4ac2-95ef-3f8151c3bfd9[39m
[35m[HTTP][39m [90m{}[39m
[35m[HTTP][39m [37m<-- GET /wd/hub/session/50e04214-6b2c-4ac2-95ef-3f8151c3bfd9 [39m[32m200[39m [90m22 ms - 1175[39m
[35m[HTTP][39m [90m[39m
[35m[HTTP][39m [37m-->[39m [37mGET[39m [37m/wd/hub/session/50e04214-6b2c-4ac2-95ef-3f8151c3bfd9[39m
[35m[HTTP][39m [90m{}[39m
[35m[HTTP][39m [37m<-- GET /wd/hub/session/50e04214-6b2c-4ac2-95ef-3f8151c3bfd9 [39m[32m200[39m [90m25 ms - 1175[39m
[35m[HTTP][39m [90m[39m
[35m[HTTP][39m [37m-->[39m [37mGET[39m [37m/wd/hub/session/50e04214-6b2c-4ac2-95ef-3f8151c3bfd9[39m
[35m[HTTP][39m [90m{}[39m
[35m[HTTP][39m [37m<-- GET /wd/hub/session/50e04214-6b2c-4ac2-95ef-3f8151c3bfd9 [39m[32m200[39m [90m25 ms - 1175[39m
[35m[HTTP][39m [90m[39m
[35m[HTTP][39m [37m-->[39m [37mGET[39m [37m/wd/hub/session/50e04214-6b2c-4ac2-95ef-3f8151c3bfd9/element/eb60cd3f-aa2b-499b-aab8-ace0774177ac/location[39m
[35m[HTTP][39m [90m{}[39m
[35m[W3C][39m Driver proxy active, passing request on via HTTP proxy
[35m[JSONWP Proxy][39m Replacing sessionId b53eaf56-9739-46df-8065-3f60fa92fce9 with 50e04214-6b2c-4ac2-95ef-3f8151c3bfd9
[35m[HTTP][39m [37m<-- GET /wd/hub/session/50e04214-6b2c-4ac2-95ef-3f8151c3bfd9/element/eb60cd3f-aa2b-499b-aab8-ace0774177ac/location [39m[32m200[39m [90m58 ms - 89[39m
[35m[HTTP][39m [90m[39m
[35m[HTTP][39m [37m-->[39m [37mGET[39m [37m/wd/hub/session/50e04214-6b2c-4ac2-95ef-3f8151c3bfd9/element/eb60cd3f-aa2b-499b-aab8-ace0774177ac/attribute/text[39m
[35m[HTTP][39m [90m{}[39m
[35m[HTTP][39m [37m<-- GET /wd/hub/session/50e04214-6b2c-4ac2-95ef-3f8151c3bfd9/element/eb60cd3f-aa2b-499b-aab8-ace0774177ac/attribute/text [39m[32m200[39m [90m87 ms - 101[39m
[35m[HTTP][39m [90m[39m
[35m[HTTP][39m [37m-->[39m [37mGET[39m [37m/wd/hub/session/50e04214-6b2c-4ac2-95ef-3f8151c3bfd9/context[39m
[35m[HTTP][39m [90m{}[39m
[35m[HTTP][39m [37m<-- GET /wd/hub/session/50e04214-6b2c-4ac2-95ef-3f8151c3bfd9/context [39m[32m200[39m [90m3 ms - 84[39m
[35m[HTTP][39m [90m[39m
[35m[HTTP][39m [37m-->[39m [37mGET[39m [37m/wd/hub/session/50e04214-6b2c-4ac2-95ef-3f8151c3bfd9/contexts[39m
[35m[HTTP][39m [90m{}[39m
[35m[HTTP][39m [37m<-- GET /wd/hub/session/50e04214-6b2c-4ac2-95ef-3f8151c3bfd9/contexts [39m[32m200[39m [90m119 ms - 86[39m
[35m[HTTP][39m [90m[39m
[35m[HTTP][39m [37m-->[39m [37mPOST[39m [37m/wd/hub/session/50e04214-6b2c-4ac2-95ef-3f8151c3bfd9/context[39m
[35m[HTTP][39m [90m{"name":"NATIVE_APP"}[39m
[35m[HTTP][39m [37m<-- POST /wd/hub/session/50e04214-6b2c-4ac2-95ef-3f8151c3bfd9/context [39m[32m200[39m [90m96 ms - 76[39m
[35m[HTTP][39m [90m[39m
[35m[HTTP][39m [37m-->[39m [37mGET[39m [37m/wd/hub/session/50e04214-6b2c-4ac2-95ef-3f8151c3bfd9/screenshot[39m
[35m[HTTP][39m [90m{}[39m
[35m[HTTP][39m [37m<-- GET /wd/hub/session/50e04214-6b2c-4ac2-95ef-3f8151c3bfd9/screenshot [39m[32m200[39m [90m803 ms - 255152[39m
[35m[HTTP][39m [90m[39m
[35m[HTTP][39m [37m-->[39m [37mPOST[39m [37m/wd/hub/session/50e04214-6b2c-4ac2-95ef-3f8151c3bfd9/context[39m
[35m[HTTP][39m [90m{"name":"NATIVE_APP"}[39m
[35m[HTTP][39m [37m<-- POST /wd/hub/session/50e04214-6b2c-4ac2-95ef-3f8151c3bfd9/context [39m[32m200[39m [90m99 ms - 76[39m
[35m[HTTP][39m [90m[39m
[35m[HTTP][39m [37m-->[39m [37mGET[39m [37m/wd/hub/session/50e04214-6b2c-4ac2-95ef-3f8151c3bfd9/context[39m
[35m[HTTP][39m [90m{}[39m
[35m[HTTP][39m [37m<-- GET /wd/hub/session/50e04214-6b2c-4ac2-95ef-3f8151c3bfd9/context [39m[32m200[39m [90m1 ms - 84[39m
[35m[HTTP][39m [90m[39m
[35m[HTTP][39m [37m-->[39m [37mGET[39m [37m/wd/hub/session/50e04214-6b2c-4ac2-95ef-3f8151c3bfd9/contexts[39m
[35m[HTTP][39m [90m{}[39m
[35m[HTTP][39m [37m<-- GET /wd/hub/session/50e04214-6b2c-4ac2-95ef-3f8151c3bfd9/contexts [39m[32m200[39m [90m108 ms - 86[39m
[35m[HTTP][39m [90m[39m
[35m[HTTP][39m [37m-->[39m [37mPOST[39m [37m/wd/hub/session/50e04214-6b2c-4ac2-95ef-3f8151c3bfd9/context[39m
[35m[HTTP][39m [90m{"name":"NATIVE_APP"}[39m
[35m[HTTP][39m [37m<-- POST /wd/hub/session/50e04214-6b2c-4ac2-95ef-3f8151c3bfd9/context [39m[32m200[39m [90m97 ms - 76[39m
[35m[HTTP][39m [90m[39m
[35m[HTTP][39m [37m-->[39m [37mGET[39m [37m/wd/hub/session/50e04214-6b2c-4ac2-95ef-3f8151c3bfd9/screenshot[39m
[35m[HTTP][39m [90m{}[39m
[35m[HTTP][39m [37m<-- GET /wd/hub/session/50e04214-6b2c-4ac2-95ef-3f8151c3bfd9/screenshot [39m[32m200[39m [90m821 ms - 255152[39m
[35m[HTTP][39m [90m[39m
[35m[HTTP][39m [37m-->[39m [37mPOST[39m [37m/wd/hub/session/50e04214-6b2c-4ac2-95ef-3f8151c3bfd9/context[39m
[35m[HTTP][39m [90m{"name":"NATIVE_APP"}[39m
[35m[HTTP][39m [37m<-- POST /wd/hub/session/50e04214-6b2c-4ac2-95ef-3f8151c3bfd9/context [39m[32m200[39m [90m118 ms - 76[39m
[35m[HTTP][39m [90m[39m
[35m[HTTP][39m [37m-->[39m [37mDELETE[39m [37m/wd/hub/session/50e04214-6b2c-4ac2-95ef-3f8151c3bfd9[39m
[35m[HTTP][39m [90m{}[39m
[35m[Appium][39m Removing session 50e04214-6b2c-4ac2-95ef-3f8151c3bfd9 from our master session list
[35m[HTTP][39m [37m<-- DELETE /wd/hub/session/50e04214-6b2c-4ac2-95ef-3f8151c3bfd9 [39m[32m200[39m [90m1609 ms - 76[39m
[35m[HTTP][39m [90m[39m
