[35m[Appium][39m Welcome to Appium v1.8.0
[35m[Appium][39m Non-default server args:
[35m[Appium][39m   port: 51511
[35m[Appium][39m   loglevel: info
[35m[Appium][39m   chromeDriverPort: 51512
[35m[Appium][39m   tmpDir: C:\Users\RAFAEL~1.HEN\AppData\Local\Temp\\Katalon\Appium\Temp1526998802759
[35m[Appium][39m Appium REST http interface listener started on 0.0.0.0:51511
[35m[HTTP][39m [37m-->[39m [37mGET[39m [37m/wd/hub/status[39m
[35m[HTTP][39m [90m{}[39m
[35m[HTTP][39m [37m<-- GET /wd/hub/status [39m[32m200[39m [90m11 ms - 83[39m
[35m[HTTP][39m [90m[39m
[35m[HTTP][39m [37m-->[39m [37mPOST[39m [37m/wd/hub/session[39m
[35m[HTTP][39m [90m{"desiredCapabilities":{"app":"C:\\Users\\rafael.henrique\\Katalon Studio\\MONVAT\\APK\\MONVIT_v1.7.24.apk","autoGrantPermissions":true,"automationName":"uiautomator2","deviceName":"motorola Moto G (5) (Android 7.0)","fullReset":false,"newCommandTimeout":1800,"noReset":true,"platform":"ANDROID","platformName":"Android","udid":"0038153251"},"capabilities":{"desiredCapabilities":{"app":"C:\\Users\\rafael.henrique\\Katalon Studio\\MONVAT\\APK\\MONVIT_v1.7.24.apk","autoGrantPermissions":true,"automationName":"uiautomator2","deviceName":"motorola Moto G (5) (Android 7.0)","fullReset":false,"newCommandTimeout":1800,"noReset":true,"platform":"ANDROID","platformName":"Android","udid":"0038153251"},"firstMatch":[{"platformName":"android"}]}}[39m
[35m[Appium][39m Could not parse W3C capabilities: 'deviceName' can't be blank. Falling back to JSONWP protocol.
[35m[Appium][39m The following capabilities were provided in the JSONWP desired capabilities that are missing in W3C capabilities: ["app","autoGrantPermissions","automationName","deviceName","fullReset","newCommandTimeout","noReset","platform","platformName","udid"]. Falling back to JSONWP protocol.
[35m[Appium][39m Creating new AndroidUiautomator2Driver (v1.9.0) session
[35m[Appium][39m Capabilities:
[35m[Appium][39m   app: C:\Users\rafael.henrique\Katalon Studio\MONVAT\APK\MONVIT_v1.7.24.apk
[35m[Appium][39m   autoGrantPermissions: true
[35m[Appium][39m   automationName: uiautomator2
[35m[Appium][39m   deviceName: motorola Moto G (5) (Android 7.0)
[35m[Appium][39m   fullReset: false
[35m[Appium][39m   newCommandTimeout: 1800
[35m[Appium][39m   noReset: true
[35m[Appium][39m   platform: ANDROID
[35m[Appium][39m   platformName: Android
[35m[Appium][39m   udid: 0038153251
[35m[BaseDriver][39m The following capabilities were provided, but are not recognized by appium: platform.
[35m[BaseDriver][39m Session created with session id: 1d985a6e-27d0-4b7c-b813-ffe9ce4f6384
[35m[BaseDriver][39m Using local app 'C:\Users\rafael.henrique\Katalon Studio\MONVAT\APK\MONVIT_v1.7.24.apk'
[35m[AndroidDriver][39m Java version is: 1.8.0_102
[35m[ADB][39m Checking whether adb is present
[35m[ADB][39m Found 1 'build-tools' folders under 'C:\Users\rafael.henrique\.katalon\tools\android_sdk' (newest first):
[35m[ADB][39m     C:/Users/rafael.henrique/.katalon/tools/android_sdk/build-tools/28.0.0
[35m[ADB][39m Using adb.exe from C:\Users\rafael.henrique\.katalon\tools\android_sdk\platform-tools\adb.exe
[35m[AndroidDriver][39m Retrieving device list
[35m[AndroidDriver][39m Using device: 0038153251
[35m[ADB][39m Checking whether adb is present
[35m[ADB][39m Using adb.exe from C:\Users\rafael.henrique\.katalon\tools\android_sdk\platform-tools\adb.exe
[35m[ADB][39m Using the alternative activity name detection method because of: Could not find apkanalyzer.bat in C:\Users\rafael.henrique\.katalon\tools\android_sdk\platform-tools\apkanalyzer.bat,C:\Users\rafael.henrique\.katalon\tools\android_sdk\emulator\apkanalyzer.bat,C:\Users\rafael.henrique\.katalon\tools\android_sdk\tools\apkanalyzer.bat,C:\Users\rafael.henrique\.katalon\tools\android_sdk\tools\bin\apkanalyzer.bat,C:\Users\rafael.henrique\.katalon\tools\android_sdk\build-tools\28.0.0\apkanalyzer.bat. Do you have the Android SDK installed at 'C:\Users\rafael.henrique\.katalon\tools\android_sdk'?
[35m[ADB][39m Checking whether aapt is present
[35m[ADB][39m Using aapt.exe from C:\Users\rafael.henrique\.katalon\tools\android_sdk\build-tools\28.0.0\aapt.exe
[35m[ADB][39m Extracting package and launch activity from manifest
[35m[ADB][39m Package name: 'br.com.mv.monitoringvitals'
[35m[ADB][39m Main activity name: 'br.com.mv.monitoringvitals.views.SplashActivity'
[35m[ADB][39m Getting device platform version
[35m[ADB][39m Using apksigner.bat from C:\Users\rafael.henrique\.katalon\tools\android_sdk\build-tools\28.0.0\apksigner.bat
[35m[ADB][39m Using apksigner.bat from C:\Users\rafael.henrique\.katalon\tools\android_sdk\build-tools\28.0.0\apksigner.bat
[35m[ADB][39m Using apksigner.bat from C:\Users\rafael.henrique\.katalon\tools\android_sdk\build-tools\28.0.0\apksigner.bat
[35m[ADB][39m Checking whether zipalign is present
[35m[ADB][39m Using zipalign.exe from C:\Users\rafael.henrique\.katalon\tools\android_sdk\build-tools\28.0.0\zipalign.exe
[35m[ADB][39m Using apksigner.bat from C:\Users\rafael.henrique\.katalon\tools\android_sdk\build-tools\28.0.0\apksigner.bat
[35m[ADB][39m Using apksigner.bat from C:\Users\rafael.henrique\.katalon\tools\android_sdk\build-tools\28.0.0\apksigner.bat
[35m[ADB][39m Using apksigner.bat from C:\Users\rafael.henrique\.katalon\tools\android_sdk\build-tools\28.0.0\apksigner.bat
[35m[ADB][39m Using apksigner.bat from C:\Users\rafael.henrique\.katalon\tools\android_sdk\build-tools\28.0.0\apksigner.bat
[35m[ADB][39m Checking whether zipalign is present
[35m[ADB][39m Using zipalign.exe from C:\Users\rafael.henrique\.katalon\tools\android_sdk\build-tools\28.0.0\zipalign.exe
[35m[ADB][39m Using apksigner.bat from C:\Users\rafael.henrique\.katalon\tools\android_sdk\build-tools\28.0.0\apksigner.bat
[35m[ADB][39m io.appium.uiautomator2.server was successfully uninstalled
[35m[ADB][39m io.appium.uiautomator2.server.test was successfully uninstalled
[35m[ADB][39m Checking whether aapt is present
[35m[ADB][39m Using aapt.exe from C:\Users\rafael.henrique\.katalon\tools\android_sdk\build-tools\28.0.0\aapt.exe
[35m[AndroidDriver][39m setDeviceLanguageCountry requires language or country.
[35m[AndroidDriver][39m Got language: 'null' and country: 'null'
[35m[ADB][39m Checking whether aapt is present
[35m[ADB][39m Using aapt.exe from C:\Users\rafael.henrique\.katalon\tools\android_sdk\build-tools\28.0.0\aapt.exe
[35m[ADB][39m Checking whether aapt is present
[35m[ADB][39m Using aapt.exe from C:\Users\rafael.henrique\.katalon\tools\android_sdk\build-tools\28.0.0\aapt.exe
[35m[ADB][39m Successfully extracted 361 strings from 'C:\Users\rafael.henrique\Katalon Studio\MONVAT\APK\MONVIT_v1.7.24.apk' resources for '(default)' configuration
[35m[ADB][39m Using apksigner.bat from C:\Users\rafael.henrique\.katalon\tools\android_sdk\build-tools\28.0.0\apksigner.bat
[35m[ADB][39m Using apksigner.bat from C:\Users\rafael.henrique\.katalon\tools\android_sdk\build-tools\28.0.0\apksigner.bat
[35m[ADB][39m Using apksigner.bat from C:\Users\rafael.henrique\.katalon\tools\android_sdk\build-tools\28.0.0\apksigner.bat
[35m[ADB][39m Checking whether zipalign is present
[35m[ADB][39m Using zipalign.exe from C:\Users\rafael.henrique\.katalon\tools\android_sdk\build-tools\28.0.0\zipalign.exe
[35m[ADB][39m Using apksigner.bat from C:\Users\rafael.henrique\.katalon\tools\android_sdk\build-tools\28.0.0\apksigner.bat
[35m[ADB][39m Checking whether aapt is present
[35m[ADB][39m Using aapt.exe from C:\Users\rafael.henrique\.katalon\tools\android_sdk\build-tools\28.0.0\aapt.exe
[35m[UiAutomator2][39m Starting uiautomator2 server 1.7.0
[35m[UiAutomator2][39m Using UIAutomator2 server from 'C:\Users\rafael.henrique\AppData\Roaming\npm\node_modules\appium\node_modules\appium-uiautomator2-server\apks\appium-uiautomator2-server-v1.7.0.apk' and test from 'C:\Users\rafael.henrique\AppData\Roaming\npm\node_modules\appium\node_modules\appium-uiautomator2-server\apks\appium-uiautomator2-server-debug-androidTest.apk'
[35m[UiAutomator2][39m Running command: 'adb -s 0038153251 shell am instrument -w io.appium.uiautomator2.server.test/android.support.test.runner.AndroidJUnitRunner'
[35m[UiAutomator2][39m Waiting up to 20000ms for UiAutomator2 to be online...
[35m[AndroidDriver][39m Screen already unlocked, doing nothing
[35m[UiAutomator2][39m UiAutomator2 did not start the activity we were waiting for, 'br.com.mv.monitoringvitals/br.com.mv.monitoringvitals.views.SplashActivity'. Starting it ourselves
[35m[Appium][39m New AndroidUiautomator2Driver session created successfully, session 1d985a6e-27d0-4b7c-b813-ffe9ce4f6384 added to master session list
[35m[HTTP][39m [37m<-- POST /wd/hub/session [39m[32m200[39m [90m31734 ms - 1175[39m
[35m[HTTP][39m [90m[39m
[35m[HTTP][39m [37m-->[39m [37mGET[39m [37m/wd/hub/status[39m
[35m[HTTP][39m [90m{}[39m
[35m[HTTP][39m [37m<-- GET /wd/hub/status [39m[32m200[39m [90m2 ms - 55[39m
[35m[HTTP][39m [90m[39m
[35m[HTTP][39m [37m-->[39m [37mPOST[39m [37m/wd/hub/session/1d985a6e-27d0-4b7c-b813-ffe9ce4f6384/timeouts[39m
[35m[HTTP][39m [90m{"type":"implicit","ms":30000}[39m
[35m[HTTP][39m [37m<-- POST /wd/hub/session/1d985a6e-27d0-4b7c-b813-ffe9ce4f6384/timeouts [39m[33m400[39m [90m9 ms - 5628[39m
[35m[HTTP][39m [90m[39m
[35m[HTTP][39m [37m-->[39m [37mGET[39m [37m/wd/hub/session/1d985a6e-27d0-4b7c-b813-ffe9ce4f6384/context[39m
[35m[HTTP][39m [90m{}[39m
[35m[HTTP][39m [37m<-- GET /wd/hub/session/1d985a6e-27d0-4b7c-b813-ffe9ce4f6384/context [39m[32m200[39m [90m9 ms - 84[39m
[35m[HTTP][39m [90m[39m
[35m[HTTP][39m [37m-->[39m [37mGET[39m [37m/wd/hub/session/1d985a6e-27d0-4b7c-b813-ffe9ce4f6384/contexts[39m
[35m[HTTP][39m [90m{}[39m
[35m[HTTP][39m [37m<-- GET /wd/hub/session/1d985a6e-27d0-4b7c-b813-ffe9ce4f6384/contexts [39m[32m200[39m [90m91 ms - 86[39m
[35m[HTTP][39m [90m[39m
[35m[HTTP][39m [37m-->[39m [37mPOST[39m [37m/wd/hub/session/1d985a6e-27d0-4b7c-b813-ffe9ce4f6384/context[39m
[35m[HTTP][39m [90m{"name":"NATIVE_APP"}[39m
[35m[HTTP][39m [37m<-- POST /wd/hub/session/1d985a6e-27d0-4b7c-b813-ffe9ce4f6384/context [39m[32m200[39m [90m91 ms - 76[39m
[35m[HTTP][39m [90m[39m
[35m[HTTP][39m [37m-->[39m [37mPOST[39m [37m/wd/hub/session/1d985a6e-27d0-4b7c-b813-ffe9ce4f6384/appium/device/hide_keyboard[39m
[35m[HTTP][39m [90m{}[39m
[35m[HTTP][39m [37m<-- POST /wd/hub/session/1d985a6e-27d0-4b7c-b813-ffe9ce4f6384/appium/device/hide_keyboard [39m[31m500[39m [90m303 ms - 1426[39m
[35m[HTTP][39m [90m[39m
[35m[HTTP][39m [37m-->[39m [37mPOST[39m [37m/wd/hub/session/1d985a6e-27d0-4b7c-b813-ffe9ce4f6384/context[39m
[35m[HTTP][39m [90m{"name":"NATIVE_APP"}[39m
[35m[HTTP][39m [37m<-- POST /wd/hub/session/1d985a6e-27d0-4b7c-b813-ffe9ce4f6384/context [39m[32m200[39m [90m97 ms - 76[39m
[35m[HTTP][39m [90m[39m
[35m[HTTP][39m [37m-->[39m [37mGET[39m [37m/wd/hub/session/1d985a6e-27d0-4b7c-b813-ffe9ce4f6384/window/current/size[39m
[35m[HTTP][39m [90m{}[39m
[35m[W3C][39m Driver proxy active, passing request on via HTTP proxy
[35m[JSONWP Proxy][39m Replacing sessionId 319d43ed-a388-4fce-9769-f30e206c4d33 with 1d985a6e-27d0-4b7c-b813-ffe9ce4f6384
[35m[HTTP][39m [37m<-- GET /wd/hub/session/1d985a6e-27d0-4b7c-b813-ffe9ce4f6384/window/current/size [39m[32m200[39m [90m27 ms - 100[39m
[35m[HTTP][39m [90m[39m
[35m[HTTP][39m [37m-->[39m [37mPOST[39m [37m/wd/hub/session/1d985a6e-27d0-4b7c-b813-ffe9ce4f6384/elements[39m
[35m[HTTP][39m [90m{"using":"-android uiautomator","value":"new UiSelector().text(\"Não tenho uma conta. Quero me cadastrar.\")"}[39m
[35m[HTTP][39m [37m<-- POST /wd/hub/session/1d985a6e-27d0-4b7c-b813-ffe9ce4f6384/elements [39m[32m200[39m [90m131 ms - 124[39m
[35m[HTTP][39m [90m[39m
[35m[HTTP][39m [37m-->[39m [37mGET[39m [37m/wd/hub/session/1d985a6e-27d0-4b7c-b813-ffe9ce4f6384[39m
[35m[HTTP][39m [90m{}[39m
[35m[HTTP][39m [37m<-- GET /wd/hub/session/1d985a6e-27d0-4b7c-b813-ffe9ce4f6384 [39m[32m200[39m [90m28 ms - 1175[39m
[35m[HTTP][39m [90m[39m
[35m[HTTP][39m [37m-->[39m [37mGET[39m [37m/wd/hub/session/1d985a6e-27d0-4b7c-b813-ffe9ce4f6384[39m
[35m[HTTP][39m [90m{}[39m
[35m[HTTP][39m [37m<-- GET /wd/hub/session/1d985a6e-27d0-4b7c-b813-ffe9ce4f6384 [39m[32m200[39m [90m23 ms - 1175[39m
[35m[HTTP][39m [90m[39m
[35m[HTTP][39m [37m-->[39m [37mGET[39m [37m/wd/hub/session/1d985a6e-27d0-4b7c-b813-ffe9ce4f6384[39m
[35m[HTTP][39m [90m{}[39m
[35m[HTTP][39m [37m<-- GET /wd/hub/session/1d985a6e-27d0-4b7c-b813-ffe9ce4f6384 [39m[32m200[39m [90m23 ms - 1175[39m
[35m[HTTP][39m [90m[39m
[35m[HTTP][39m [37m-->[39m [37mGET[39m [37m/wd/hub/session/1d985a6e-27d0-4b7c-b813-ffe9ce4f6384[39m
[35m[HTTP][39m [90m{}[39m
[35m[HTTP][39m [37m<-- GET /wd/hub/session/1d985a6e-27d0-4b7c-b813-ffe9ce4f6384 [39m[32m200[39m [90m23 ms - 1175[39m
[35m[HTTP][39m [90m[39m
[35m[HTTP][39m [37m-->[39m [37mGET[39m [37m/wd/hub/session/1d985a6e-27d0-4b7c-b813-ffe9ce4f6384/element/890e44bb-5425-47b9-8293-13950240ee8b/location[39m
[35m[HTTP][39m [90m{}[39m
[35m[W3C][39m Driver proxy active, passing request on via HTTP proxy
[35m[JSONWP Proxy][39m Replacing sessionId 319d43ed-a388-4fce-9769-f30e206c4d33 with 1d985a6e-27d0-4b7c-b813-ffe9ce4f6384
[35m[HTTP][39m [37m<-- GET /wd/hub/session/1d985a6e-27d0-4b7c-b813-ffe9ce4f6384/element/890e44bb-5425-47b9-8293-13950240ee8b/location [39m[32m200[39m [90m55 ms - 88[39m
[35m[HTTP][39m [90m[39m
[35m[HTTP][39m [37m-->[39m [37mPOST[39m [37m/wd/hub/session/1d985a6e-27d0-4b7c-b813-ffe9ce4f6384/touch/perform[39m
[35m[HTTP][39m [90m{"actions":[{"action":"tap","options":{"element":"890e44bb-5425-47b9-8293-13950240ee8b","x":1,"y":1}}]}[39m
[35m[UiAutomator2][39m calling get location: 890e44bb-5425-47b9-8293-13950240ee8b
[35m[HTTP][39m [37m<-- POST /wd/hub/session/1d985a6e-27d0-4b7c-b813-ffe9ce4f6384/touch/perform [39m[32m200[39m [90m1338 ms - 76[39m
[35m[HTTP][39m [90m[39m
[35m[HTTP][39m [37m-->[39m [37mGET[39m [37m/wd/hub/session/1d985a6e-27d0-4b7c-b813-ffe9ce4f6384/context[39m
[35m[HTTP][39m [90m{}[39m
[35m[HTTP][39m [37m<-- GET /wd/hub/session/1d985a6e-27d0-4b7c-b813-ffe9ce4f6384/context [39m[32m200[39m [90m2 ms - 84[39m
[35m[HTTP][39m [90m[39m
[35m[HTTP][39m [37m-->[39m [37mGET[39m [37m/wd/hub/session/1d985a6e-27d0-4b7c-b813-ffe9ce4f6384/contexts[39m
[35m[HTTP][39m [90m{}[39m
[35m[HTTP][39m [37m<-- GET /wd/hub/session/1d985a6e-27d0-4b7c-b813-ffe9ce4f6384/contexts [39m[32m200[39m [90m106 ms - 86[39m
[35m[HTTP][39m [90m[39m
[35m[HTTP][39m [37m-->[39m [37mPOST[39m [37m/wd/hub/session/1d985a6e-27d0-4b7c-b813-ffe9ce4f6384/context[39m
[35m[HTTP][39m [90m{"name":"NATIVE_APP"}[39m
[35m[HTTP][39m [37m<-- POST /wd/hub/session/1d985a6e-27d0-4b7c-b813-ffe9ce4f6384/context [39m[32m200[39m [90m109 ms - 76[39m
[35m[HTTP][39m [90m[39m
[35m[HTTP][39m [37m-->[39m [37mPOST[39m [37m/wd/hub/session/1d985a6e-27d0-4b7c-b813-ffe9ce4f6384/appium/device/hide_keyboard[39m
[35m[HTTP][39m [90m{}[39m
[35m[HTTP][39m [37m<-- POST /wd/hub/session/1d985a6e-27d0-4b7c-b813-ffe9ce4f6384/appium/device/hide_keyboard [39m[32m200[39m [90m1426 ms - 76[39m
[35m[HTTP][39m [90m[39m
[35m[HTTP][39m [37m-->[39m [37mPOST[39m [37m/wd/hub/session/1d985a6e-27d0-4b7c-b813-ffe9ce4f6384/context[39m
[35m[HTTP][39m [90m{"name":"NATIVE_APP"}[39m
[35m[HTTP][39m [37m<-- POST /wd/hub/session/1d985a6e-27d0-4b7c-b813-ffe9ce4f6384/context [39m[32m200[39m [90m118 ms - 76[39m
[35m[HTTP][39m [90m[39m
[35m[HTTP][39m [37m-->[39m [37mGET[39m [37m/wd/hub/session/1d985a6e-27d0-4b7c-b813-ffe9ce4f6384/window/current/size[39m
[35m[HTTP][39m [90m{}[39m
[35m[W3C][39m Driver proxy active, passing request on via HTTP proxy
[35m[JSONWP Proxy][39m Replacing sessionId 319d43ed-a388-4fce-9769-f30e206c4d33 with 1d985a6e-27d0-4b7c-b813-ffe9ce4f6384
[35m[HTTP][39m [37m<-- GET /wd/hub/session/1d985a6e-27d0-4b7c-b813-ffe9ce4f6384/window/current/size [39m[32m200[39m [90m19 ms - 100[39m
[35m[HTTP][39m [90m[39m
[35m[HTTP][39m [37m-->[39m [37mPOST[39m [37m/wd/hub/session/1d985a6e-27d0-4b7c-b813-ffe9ce4f6384/elements[39m
[35m[HTTP][39m [90m{"using":"-android uiautomator","value":"new UiSelector().className(\"android.widget.TextView\").resourceId(\"br.com.mv.monitoringvitals:id/action_confirm\").instance(1)"}[39m
[35m[HTTP][39m [37m<-- POST /wd/hub/session/1d985a6e-27d0-4b7c-b813-ffe9ce4f6384/elements [39m[32m200[39m [90m588 ms - 124[39m
[35m[HTTP][39m [90m[39m
[35m[HTTP][39m [37m-->[39m [37mGET[39m [37m/wd/hub/session/1d985a6e-27d0-4b7c-b813-ffe9ce4f6384[39m
[35m[HTTP][39m [90m{}[39m
[35m[HTTP][39m [37m<-- GET /wd/hub/session/1d985a6e-27d0-4b7c-b813-ffe9ce4f6384 [39m[32m200[39m [90m29 ms - 1175[39m
[35m[HTTP][39m [90m[39m
[35m[HTTP][39m [37m-->[39m [37mGET[39m [37m/wd/hub/session/1d985a6e-27d0-4b7c-b813-ffe9ce4f6384[39m
[35m[HTTP][39m [90m{}[39m
[35m[HTTP][39m [37m<-- GET /wd/hub/session/1d985a6e-27d0-4b7c-b813-ffe9ce4f6384 [39m[32m200[39m [90m27 ms - 1175[39m
[35m[HTTP][39m [90m[39m
[35m[HTTP][39m [37m-->[39m [37mGET[39m [37m/wd/hub/session/1d985a6e-27d0-4b7c-b813-ffe9ce4f6384[39m
[35m[HTTP][39m [90m{}[39m
[35m[HTTP][39m [37m<-- GET /wd/hub/session/1d985a6e-27d0-4b7c-b813-ffe9ce4f6384 [39m[32m200[39m [90m23 ms - 1175[39m
[35m[HTTP][39m [90m[39m
[35m[HTTP][39m [37m-->[39m [37mGET[39m [37m/wd/hub/session/1d985a6e-27d0-4b7c-b813-ffe9ce4f6384[39m
[35m[HTTP][39m [90m{}[39m
[35m[HTTP][39m [37m<-- GET /wd/hub/session/1d985a6e-27d0-4b7c-b813-ffe9ce4f6384 [39m[32m200[39m [90m24 ms - 1175[39m
[35m[HTTP][39m [90m[39m
[35m[HTTP][39m [37m-->[39m [37mGET[39m [37m/wd/hub/session/1d985a6e-27d0-4b7c-b813-ffe9ce4f6384/element/c7a55982-7b6e-4b72-a26e-00c97d4b824a/location[39m
[35m[HTTP][39m [90m{}[39m
[35m[W3C][39m Driver proxy active, passing request on via HTTP proxy
[35m[JSONWP Proxy][39m Replacing sessionId 319d43ed-a388-4fce-9769-f30e206c4d33 with 1d985a6e-27d0-4b7c-b813-ffe9ce4f6384
[35m[HTTP][39m [37m<-- GET /wd/hub/session/1d985a6e-27d0-4b7c-b813-ffe9ce4f6384/element/c7a55982-7b6e-4b72-a26e-00c97d4b824a/location [39m[32m200[39m [90m64 ms - 88[39m
[35m[HTTP][39m [90m[39m
[35m[HTTP][39m [37m-->[39m [37mPOST[39m [37m/wd/hub/session/1d985a6e-27d0-4b7c-b813-ffe9ce4f6384/touch/perform[39m
[35m[HTTP][39m [90m{"actions":[{"action":"tap","options":{"element":"c7a55982-7b6e-4b72-a26e-00c97d4b824a","x":1,"y":1}}]}[39m
[35m[UiAutomator2][39m calling get location: c7a55982-7b6e-4b72-a26e-00c97d4b824a
[35m[HTTP][39m [37m<-- POST /wd/hub/session/1d985a6e-27d0-4b7c-b813-ffe9ce4f6384/touch/perform [39m[32m200[39m [90m864 ms - 76[39m
[35m[HTTP][39m [90m[39m
[35m[HTTP][39m [37m-->[39m [37mGET[39m [37m/wd/hub/session/1d985a6e-27d0-4b7c-b813-ffe9ce4f6384/window/current/size[39m
[35m[HTTP][39m [90m{}[39m
[35m[W3C][39m Driver proxy active, passing request on via HTTP proxy
[35m[JSONWP Proxy][39m Replacing sessionId 319d43ed-a388-4fce-9769-f30e206c4d33 with 1d985a6e-27d0-4b7c-b813-ffe9ce4f6384
[35m[HTTP][39m [37m<-- GET /wd/hub/session/1d985a6e-27d0-4b7c-b813-ffe9ce4f6384/window/current/size [39m[32m200[39m [90m20 ms - 100[39m
[35m[HTTP][39m [90m[39m
[35m[HTTP][39m [37m-->[39m [37mPOST[39m [37m/wd/hub/session/1d985a6e-27d0-4b7c-b813-ffe9ce4f6384/elements[39m
[35m[HTTP][39m [90m{"using":"-android uiautomator","value":"new UiSelector().className(\"android.widget.EditText\").resourceId(\"br.com.mv.monitoringvitals:id/edt_register_name\").instance(0)"}[39m
[35m[HTTP][39m [37m<-- POST /wd/hub/session/1d985a6e-27d0-4b7c-b813-ffe9ce4f6384/elements [39m[32m200[39m [90m158 ms - 124[39m
[35m[HTTP][39m [90m[39m
[35m[HTTP][39m [37m-->[39m [37mGET[39m [37m/wd/hub/session/1d985a6e-27d0-4b7c-b813-ffe9ce4f6384[39m
[35m[HTTP][39m [90m{}[39m
[35m[HTTP][39m [37m<-- GET /wd/hub/session/1d985a6e-27d0-4b7c-b813-ffe9ce4f6384 [39m[32m200[39m [90m23 ms - 1175[39m
[35m[HTTP][39m [90m[39m
[35m[HTTP][39m [37m-->[39m [37mGET[39m [37m/wd/hub/session/1d985a6e-27d0-4b7c-b813-ffe9ce4f6384[39m
[35m[HTTP][39m [90m{}[39m
[35m[HTTP][39m [37m<-- GET /wd/hub/session/1d985a6e-27d0-4b7c-b813-ffe9ce4f6384 [39m[32m200[39m [90m22 ms - 1175[39m
[35m[HTTP][39m [90m[39m
[35m[HTTP][39m [37m-->[39m [37mGET[39m [37m/wd/hub/session/1d985a6e-27d0-4b7c-b813-ffe9ce4f6384[39m
[35m[HTTP][39m [90m{}[39m
[35m[HTTP][39m [37m<-- GET /wd/hub/session/1d985a6e-27d0-4b7c-b813-ffe9ce4f6384 [39m[32m200[39m [90m21 ms - 1175[39m
[35m[HTTP][39m [90m[39m
[35m[HTTP][39m [37m-->[39m [37mGET[39m [37m/wd/hub/session/1d985a6e-27d0-4b7c-b813-ffe9ce4f6384[39m
[35m[HTTP][39m [90m{}[39m
[35m[HTTP][39m [37m<-- GET /wd/hub/session/1d985a6e-27d0-4b7c-b813-ffe9ce4f6384 [39m[32m200[39m [90m19 ms - 1175[39m
[35m[HTTP][39m [90m[39m
[35m[HTTP][39m [37m-->[39m [37mGET[39m [37m/wd/hub/session/1d985a6e-27d0-4b7c-b813-ffe9ce4f6384/element/19428e69-a569-4a5a-851a-b09881ec5339/location[39m
[35m[HTTP][39m [90m{}[39m
[35m[W3C][39m Driver proxy active, passing request on via HTTP proxy
[35m[JSONWP Proxy][39m Replacing sessionId 319d43ed-a388-4fce-9769-f30e206c4d33 with 1d985a6e-27d0-4b7c-b813-ffe9ce4f6384
[35m[HTTP][39m [37m<-- GET /wd/hub/session/1d985a6e-27d0-4b7c-b813-ffe9ce4f6384/element/19428e69-a569-4a5a-851a-b09881ec5339/location [39m[32m200[39m [90m63 ms - 88[39m
[35m[HTTP][39m [90m[39m
[35m[HTTP][39m [37m-->[39m [37mPOST[39m [37m/wd/hub/session/1d985a6e-27d0-4b7c-b813-ffe9ce4f6384/element/19428e69-a569-4a5a-851a-b09881ec5339/clear[39m
[35m[HTTP][39m [90m{"id":"19428e69-a569-4a5a-851a-b09881ec5339"}[39m
[35m[HTTP][39m [37m<-- POST /wd/hub/session/1d985a6e-27d0-4b7c-b813-ffe9ce4f6384/element/19428e69-a569-4a5a-851a-b09881ec5339/clear [39m[32m200[39m [90m86 ms - 89[39m
[35m[HTTP][39m [90m[39m
[35m[HTTP][39m [37m-->[39m [37mPOST[39m [37m/wd/hub/session/1d985a6e-27d0-4b7c-b813-ffe9ce4f6384/element/19428e69-a569-4a5a-851a-b09881ec5339/value[39m
[35m[HTTP][39m [90m{"id":"19428e69-a569-4a5a-851a-b09881ec5339","value":[" "]}[39m
[35m[HTTP][39m [37m<-- POST /wd/hub/session/1d985a6e-27d0-4b7c-b813-ffe9ce4f6384/element/19428e69-a569-4a5a-851a-b09881ec5339/value [39m[32m200[39m [90m878 ms - 74[39m
[35m[HTTP][39m [90m[39m
[35m[HTTP][39m [37m-->[39m [37mGET[39m [37m/wd/hub/session/1d985a6e-27d0-4b7c-b813-ffe9ce4f6384/window/current/size[39m
[35m[HTTP][39m [90m{}[39m
[35m[W3C][39m Driver proxy active, passing request on via HTTP proxy
[35m[JSONWP Proxy][39m Replacing sessionId 319d43ed-a388-4fce-9769-f30e206c4d33 with 1d985a6e-27d0-4b7c-b813-ffe9ce4f6384
[35m[HTTP][39m [37m<-- GET /wd/hub/session/1d985a6e-27d0-4b7c-b813-ffe9ce4f6384/window/current/size [39m[32m200[39m [90m22 ms - 100[39m
[35m[HTTP][39m [90m[39m
[35m[HTTP][39m [37m-->[39m [37mPOST[39m [37m/wd/hub/session/1d985a6e-27d0-4b7c-b813-ffe9ce4f6384/elements[39m
[35m[HTTP][39m [90m{"using":"-android uiautomator","value":"new UiSelector().className(\"android.widget.EditText\").resourceId(\"br.com.mv.monitoringvitals:id/edt_register_name\").instance(0)"}[39m
[35m[HTTP][39m [37m<-- POST /wd/hub/session/1d985a6e-27d0-4b7c-b813-ffe9ce4f6384/elements [39m[32m200[39m [90m125 ms - 124[39m
[35m[HTTP][39m [90m[39m
[35m[HTTP][39m [37m-->[39m [37mGET[39m [37m/wd/hub/session/1d985a6e-27d0-4b7c-b813-ffe9ce4f6384[39m
[35m[HTTP][39m [90m{}[39m
[35m[HTTP][39m [37m<-- GET /wd/hub/session/1d985a6e-27d0-4b7c-b813-ffe9ce4f6384 [39m[32m200[39m [90m18 ms - 1175[39m
[35m[HTTP][39m [90m[39m
[35m[HTTP][39m [37m-->[39m [37mGET[39m [37m/wd/hub/session/1d985a6e-27d0-4b7c-b813-ffe9ce4f6384[39m
[35m[HTTP][39m [90m{}[39m
[35m[HTTP][39m [37m<-- GET /wd/hub/session/1d985a6e-27d0-4b7c-b813-ffe9ce4f6384 [39m[32m200[39m [90m19 ms - 1175[39m
[35m[HTTP][39m [90m[39m
[35m[HTTP][39m [37m-->[39m [37mGET[39m [37m/wd/hub/session/1d985a6e-27d0-4b7c-b813-ffe9ce4f6384[39m
[35m[HTTP][39m [90m{}[39m
[35m[HTTP][39m [37m<-- GET /wd/hub/session/1d985a6e-27d0-4b7c-b813-ffe9ce4f6384 [39m[32m200[39m [90m19 ms - 1175[39m
[35m[HTTP][39m [90m[39m
[35m[HTTP][39m [37m-->[39m [37mGET[39m [37m/wd/hub/session/1d985a6e-27d0-4b7c-b813-ffe9ce4f6384[39m
[35m[HTTP][39m [90m{}[39m
[35m[HTTP][39m [37m<-- GET /wd/hub/session/1d985a6e-27d0-4b7c-b813-ffe9ce4f6384 [39m[32m200[39m [90m18 ms - 1175[39m
[35m[HTTP][39m [90m[39m
[35m[HTTP][39m [37m-->[39m [37mGET[39m [37m/wd/hub/session/1d985a6e-27d0-4b7c-b813-ffe9ce4f6384/element/9c0104c3-9d6b-4c1e-a3af-bedbaec272ab/location[39m
[35m[HTTP][39m [90m{}[39m
[35m[W3C][39m Driver proxy active, passing request on via HTTP proxy
[35m[JSONWP Proxy][39m Replacing sessionId 319d43ed-a388-4fce-9769-f30e206c4d33 with 1d985a6e-27d0-4b7c-b813-ffe9ce4f6384
[35m[HTTP][39m [37m<-- GET /wd/hub/session/1d985a6e-27d0-4b7c-b813-ffe9ce4f6384/element/9c0104c3-9d6b-4c1e-a3af-bedbaec272ab/location [39m[32m200[39m [90m57 ms - 88[39m
[35m[HTTP][39m [90m[39m
[35m[HTTP][39m [37m-->[39m [37mPOST[39m [37m/wd/hub/session/1d985a6e-27d0-4b7c-b813-ffe9ce4f6384/element/9c0104c3-9d6b-4c1e-a3af-bedbaec272ab/clear[39m
[35m[HTTP][39m [90m{"id":"9c0104c3-9d6b-4c1e-a3af-bedbaec272ab"}[39m
[35m[HTTP][39m [37m<-- POST /wd/hub/session/1d985a6e-27d0-4b7c-b813-ffe9ce4f6384/element/9c0104c3-9d6b-4c1e-a3af-bedbaec272ab/clear [39m[32m200[39m [90m69 ms - 89[39m
[35m[HTTP][39m [90m[39m
[35m[HTTP][39m [37m-->[39m [37mGET[39m [37m/wd/hub/session/1d985a6e-27d0-4b7c-b813-ffe9ce4f6384/window/current/size[39m
[35m[HTTP][39m [90m{}[39m
[35m[W3C][39m Driver proxy active, passing request on via HTTP proxy
[35m[JSONWP Proxy][39m Replacing sessionId 319d43ed-a388-4fce-9769-f30e206c4d33 with 1d985a6e-27d0-4b7c-b813-ffe9ce4f6384
[35m[HTTP][39m [37m<-- GET /wd/hub/session/1d985a6e-27d0-4b7c-b813-ffe9ce4f6384/window/current/size [39m[32m200[39m [90m22 ms - 100[39m
[35m[HTTP][39m [90m[39m
[35m[HTTP][39m [37m-->[39m [37mPOST[39m [37m/wd/hub/session/1d985a6e-27d0-4b7c-b813-ffe9ce4f6384/elements[39m
[35m[HTTP][39m [90m{"using":"-android uiautomator","value":"new UiSelector().className(\"android.widget.EditText\").resourceId(\"br.com.mv.monitoringvitals:id/edt_register_name\").instance(0)"}[39m
[35m[HTTP][39m [37m<-- POST /wd/hub/session/1d985a6e-27d0-4b7c-b813-ffe9ce4f6384/elements [39m[32m200[39m [90m129 ms - 124[39m
[35m[HTTP][39m [90m[39m
[35m[HTTP][39m [37m-->[39m [37mGET[39m [37m/wd/hub/session/1d985a6e-27d0-4b7c-b813-ffe9ce4f6384[39m
[35m[HTTP][39m [90m{}[39m
[35m[HTTP][39m [37m<-- GET /wd/hub/session/1d985a6e-27d0-4b7c-b813-ffe9ce4f6384 [39m[32m200[39m [90m26 ms - 1175[39m
[35m[HTTP][39m [90m[39m
[35m[HTTP][39m [37m-->[39m [37mGET[39m [37m/wd/hub/session/1d985a6e-27d0-4b7c-b813-ffe9ce4f6384[39m
[35m[HTTP][39m [90m{}[39m
[35m[HTTP][39m [37m<-- GET /wd/hub/session/1d985a6e-27d0-4b7c-b813-ffe9ce4f6384 [39m[32m200[39m [90m20 ms - 1175[39m
[35m[HTTP][39m [90m[39m
[35m[HTTP][39m [37m-->[39m [37mGET[39m [37m/wd/hub/session/1d985a6e-27d0-4b7c-b813-ffe9ce4f6384[39m
[35m[HTTP][39m [90m{}[39m
[35m[HTTP][39m [37m<-- GET /wd/hub/session/1d985a6e-27d0-4b7c-b813-ffe9ce4f6384 [39m[32m200[39m [90m20 ms - 1175[39m
[35m[HTTP][39m [90m[39m
[35m[HTTP][39m [37m-->[39m [37mGET[39m [37m/wd/hub/session/1d985a6e-27d0-4b7c-b813-ffe9ce4f6384[39m
[35m[HTTP][39m [90m{}[39m
[35m[HTTP][39m [37m<-- GET /wd/hub/session/1d985a6e-27d0-4b7c-b813-ffe9ce4f6384 [39m[32m200[39m [90m19 ms - 1175[39m
[35m[HTTP][39m [90m[39m
[35m[HTTP][39m [37m-->[39m [37mGET[39m [37m/wd/hub/session/1d985a6e-27d0-4b7c-b813-ffe9ce4f6384/element/3aef60fa-7540-4909-8a1a-37a7bf9df17a/location[39m
[35m[HTTP][39m [90m{}[39m
[35m[W3C][39m Driver proxy active, passing request on via HTTP proxy
[35m[JSONWP Proxy][39m Replacing sessionId 319d43ed-a388-4fce-9769-f30e206c4d33 with 1d985a6e-27d0-4b7c-b813-ffe9ce4f6384
[35m[HTTP][39m [37m<-- GET /wd/hub/session/1d985a6e-27d0-4b7c-b813-ffe9ce4f6384/element/3aef60fa-7540-4909-8a1a-37a7bf9df17a/location [39m[32m200[39m [90m53 ms - 88[39m
[35m[HTTP][39m [90m[39m
[35m[HTTP][39m [37m-->[39m [37mPOST[39m [37m/wd/hub/session/1d985a6e-27d0-4b7c-b813-ffe9ce4f6384/element/3aef60fa-7540-4909-8a1a-37a7bf9df17a/value[39m
[35m[HTTP][39m [90m{"id":"3aef60fa-7540-4909-8a1a-37a7bf9df17a","value":[""]}[39m
[35m[HTTP][39m [37m<-- POST /wd/hub/session/1d985a6e-27d0-4b7c-b813-ffe9ce4f6384/element/3aef60fa-7540-4909-8a1a-37a7bf9df17a/value [39m[32m200[39m [90m425 ms - 74[39m
[35m[HTTP][39m [90m[39m
[35m[HTTP][39m [37m-->[39m [37mGET[39m [37m/wd/hub/session/1d985a6e-27d0-4b7c-b813-ffe9ce4f6384/window/current/size[39m
[35m[HTTP][39m [90m{}[39m
[35m[W3C][39m Driver proxy active, passing request on via HTTP proxy
[35m[JSONWP Proxy][39m Replacing sessionId 319d43ed-a388-4fce-9769-f30e206c4d33 with 1d985a6e-27d0-4b7c-b813-ffe9ce4f6384
[35m[HTTP][39m [37m<-- GET /wd/hub/session/1d985a6e-27d0-4b7c-b813-ffe9ce4f6384/window/current/size [39m[32m200[39m [90m24 ms - 100[39m
[35m[HTTP][39m [90m[39m
[35m[HTTP][39m [37m-->[39m [37mPOST[39m [37m/wd/hub/session/1d985a6e-27d0-4b7c-b813-ffe9ce4f6384/elements[39m
[35m[HTTP][39m [90m{"using":"-android uiautomator","value":"new UiSelector().className(\"android.widget.TextView\").text(\"Esse campo é obrigatório.\").resourceId(\"br.com.mv.monitoringvitals:id/txt_error_register_name\").instance(4)"}[39m
[35m[HTTP][39m [37m<-- POST /wd/hub/session/1d985a6e-27d0-4b7c-b813-ffe9ce4f6384/elements [39m[32m200[39m [90m129 ms - 124[39m
[35m[HTTP][39m [90m[39m
[35m[HTTP][39m [37m-->[39m [37mGET[39m [37m/wd/hub/session/1d985a6e-27d0-4b7c-b813-ffe9ce4f6384[39m
[35m[HTTP][39m [90m{}[39m
[35m[HTTP][39m [37m<-- GET /wd/hub/session/1d985a6e-27d0-4b7c-b813-ffe9ce4f6384 [39m[32m200[39m [90m20 ms - 1175[39m
[35m[HTTP][39m [90m[39m
[35m[HTTP][39m [37m-->[39m [37mGET[39m [37m/wd/hub/session/1d985a6e-27d0-4b7c-b813-ffe9ce4f6384[39m
[35m[HTTP][39m [90m{}[39m
[35m[HTTP][39m [37m<-- GET /wd/hub/session/1d985a6e-27d0-4b7c-b813-ffe9ce4f6384 [39m[32m200[39m [90m21 ms - 1175[39m
[35m[HTTP][39m [90m[39m
[35m[HTTP][39m [37m-->[39m [37mGET[39m [37m/wd/hub/session/1d985a6e-27d0-4b7c-b813-ffe9ce4f6384[39m
[35m[HTTP][39m [90m{}[39m
[35m[HTTP][39m [37m<-- GET /wd/hub/session/1d985a6e-27d0-4b7c-b813-ffe9ce4f6384 [39m[32m200[39m [90m21 ms - 1175[39m
[35m[HTTP][39m [90m[39m
[35m[HTTP][39m [37m-->[39m [37mGET[39m [37m/wd/hub/session/1d985a6e-27d0-4b7c-b813-ffe9ce4f6384[39m
[35m[HTTP][39m [90m{}[39m
[35m[HTTP][39m [37m<-- GET /wd/hub/session/1d985a6e-27d0-4b7c-b813-ffe9ce4f6384 [39m[32m200[39m [90m19 ms - 1175[39m
[35m[HTTP][39m [90m[39m
[35m[HTTP][39m [37m-->[39m [37mGET[39m [37m/wd/hub/session/1d985a6e-27d0-4b7c-b813-ffe9ce4f6384/element/c92e2b80-e721-45d5-90b1-c56ebb40451e/location[39m
[35m[HTTP][39m [90m{}[39m
[35m[W3C][39m Driver proxy active, passing request on via HTTP proxy
[35m[JSONWP Proxy][39m Replacing sessionId 319d43ed-a388-4fce-9769-f30e206c4d33 with 1d985a6e-27d0-4b7c-b813-ffe9ce4f6384
[35m[HTTP][39m [37m<-- GET /wd/hub/session/1d985a6e-27d0-4b7c-b813-ffe9ce4f6384/element/c92e2b80-e721-45d5-90b1-c56ebb40451e/location [39m[32m200[39m [90m58 ms - 88[39m
[35m[HTTP][39m [90m[39m
[35m[HTTP][39m [37m-->[39m [37mGET[39m [37m/wd/hub/session/1d985a6e-27d0-4b7c-b813-ffe9ce4f6384/element/c92e2b80-e721-45d5-90b1-c56ebb40451e/attribute/text[39m
[35m[HTTP][39m [90m{}[39m
[35m[HTTP][39m [37m<-- GET /wd/hub/session/1d985a6e-27d0-4b7c-b813-ffe9ce4f6384/element/c92e2b80-e721-45d5-90b1-c56ebb40451e/attribute/text [39m[32m200[39m [90m92 ms - 101[39m
[35m[HTTP][39m [90m[39m
[35m[HTTP][39m [37m-->[39m [37mGET[39m [37m/wd/hub/session/1d985a6e-27d0-4b7c-b813-ffe9ce4f6384/context[39m
[35m[HTTP][39m [90m{}[39m
[35m[HTTP][39m [37m<-- GET /wd/hub/session/1d985a6e-27d0-4b7c-b813-ffe9ce4f6384/context [39m[32m200[39m [90m2 ms - 84[39m
[35m[HTTP][39m [90m[39m
[35m[HTTP][39m [37m-->[39m [37mGET[39m [37m/wd/hub/session/1d985a6e-27d0-4b7c-b813-ffe9ce4f6384/contexts[39m
[35m[HTTP][39m [90m{}[39m
[35m[HTTP][39m [37m<-- GET /wd/hub/session/1d985a6e-27d0-4b7c-b813-ffe9ce4f6384/contexts [39m[32m200[39m [90m102 ms - 86[39m
[35m[HTTP][39m [90m[39m
[35m[HTTP][39m [37m-->[39m [37mPOST[39m [37m/wd/hub/session/1d985a6e-27d0-4b7c-b813-ffe9ce4f6384/context[39m
[35m[HTTP][39m [90m{"name":"NATIVE_APP"}[39m
[35m[HTTP][39m [37m<-- POST /wd/hub/session/1d985a6e-27d0-4b7c-b813-ffe9ce4f6384/context [39m[32m200[39m [90m117 ms - 76[39m
[35m[HTTP][39m [90m[39m
[35m[HTTP][39m [37m-->[39m [37mGET[39m [37m/wd/hub/session/1d985a6e-27d0-4b7c-b813-ffe9ce4f6384/screenshot[39m
[35m[HTTP][39m [90m{}[39m
[35m[HTTP][39m [37m<-- GET /wd/hub/session/1d985a6e-27d0-4b7c-b813-ffe9ce4f6384/screenshot [39m[32m200[39m [90m850 ms - 255562[39m
[35m[HTTP][39m [90m[39m
[35m[HTTP][39m [37m-->[39m [37mPOST[39m [37m/wd/hub/session/1d985a6e-27d0-4b7c-b813-ffe9ce4f6384/context[39m
[35m[HTTP][39m [90m{"name":"NATIVE_APP"}[39m
[35m[HTTP][39m [37m<-- POST /wd/hub/session/1d985a6e-27d0-4b7c-b813-ffe9ce4f6384/context [39m[32m200[39m [90m97 ms - 76[39m
[35m[HTTP][39m [90m[39m
[35m[BaseDriver][39m Shutting down because we waited 1800 seconds for a command
[35m[Appium][39m Closing session, cause was 'New Command Timeout of 1800 seconds expired. Try customizing the timeout using the 'newCommandTimeout' desired capability'
[35m[Appium][39m Removing session 1d985a6e-27d0-4b7c-b813-ffe9ce4f6384 from our master session list
[35m[UiAutomator2][39m Did not get confirmation UiAutomator2 deleteSession worked; Error was: ProxyRequestError: Could not proxy command to remote server. Original error: Error: read ECONNRESET
