<?xml version="1.0" encoding="UTF-8" standalone="no"?>
<!DOCTYPE log SYSTEM "logger.dtd">
<log>
<record>
  <date>2018-05-22T11:20:01</date>
  <millis>1526998801678</millis>
  <sequence>0</sequence>
  <level>START</level>
  <class>com.kms.katalon.core.logging.KeywordLogger</class>
  <method>startSuite</method>
  <thread>1</thread>
  <message>Start Test Suite : Test Suites/TS_TC_MONVIT_CADC_001</message>
  <nestedLevel>0</nestedLevel>
  <property name="name">TS_TC_MONVIT_CADC_001</property>
  <property name="description"></property>
  <property name="id">Test Suites/TS_TC_MONVIT_CADC_001</property>
</record>
<record>
  <date>2018-05-22T11:20:01</date>
  <millis>1526998801694</millis>
  <sequence>1</sequence>
  <level>RUN_DATA</level>
  <class>com.kms.katalon.core.logging.KeywordLogger</class>
  <method>logMessage</method>
  <thread>1</thread>
  <message>Logging run data &amp;apos;hostName&amp;apos; with value &amp;apos;rafael.henrique - MVBRRECDSK2925.mvrec.local&amp;apos;</message>
  <nestedLevel>0</nestedLevel>
  <property name="hostName">rafael.henrique - MVBRRECDSK2925.mvrec.local</property>
</record>
<record>
  <date>2018-05-22T11:20:01</date>
  <millis>1526998801694</millis>
  <sequence>2</sequence>
  <level>RUN_DATA</level>
  <class>com.kms.katalon.core.logging.KeywordLogger</class>
  <method>logMessage</method>
  <thread>1</thread>
  <message>Logging run data &amp;apos;os&amp;apos; with value &amp;apos;Windows 7 64bit&amp;apos;</message>
  <nestedLevel>0</nestedLevel>
  <property name="os">Windows 7 64bit</property>
</record>
<record>
  <date>2018-05-22T11:20:01</date>
  <millis>1526998801695</millis>
  <sequence>3</sequence>
  <level>RUN_DATA</level>
  <class>com.kms.katalon.core.logging.KeywordLogger</class>
  <method>logMessage</method>
  <thread>1</thread>
  <message>Logging run data &amp;apos;hostAddress&amp;apos; with value &amp;apos;192.168.7.231&amp;apos;</message>
  <nestedLevel>0</nestedLevel>
  <property name="hostAddress">192.168.7.231</property>
</record>
<record>
  <date>2018-05-22T11:20:01</date>
  <millis>1526998801697</millis>
  <sequence>4</sequence>
  <level>RUN_DATA</level>
  <class>com.kms.katalon.core.logging.KeywordLogger</class>
  <method>logMessage</method>
  <thread>1</thread>
  <message>Logging run data &amp;apos;katalonVersion&amp;apos; with value &amp;apos;5.4.1.1&amp;apos;</message>
  <nestedLevel>0</nestedLevel>
  <property name="katalonVersion">5.4.1.1</property>
</record>
<record>
  <date>2018-05-22T11:20:01</date>
  <millis>1526998801966</millis>
  <sequence>5</sequence>
  <level>START</level>
  <class>com.kms.katalon.core.logging.KeywordLogger</class>
  <method>startTest</method>
  <thread>1</thread>
  <message>Start Test Case : Test Cases/TEST_SCENARIOS/CADASTRO DE CONTAS/TC_MONVIT_CADC_001</message>
  <nestedLevel>1</nestedLevel>
  <property name="name">Test Cases/TEST_SCENARIOS/CADASTRO DE CONTAS/TC_MONVIT_CADC_001</property>
  <property name="description">TC_MONVIT_CADC_001 - Validar obrigatoriedade dos campos abaixo no formul\u00E1rio de cria\u00E7\u00E3o de conta N\u00C3O preenchendo e clicando em salvar\n\nNome completo\nCPF\nData de nascimento\nTelefone celular\nEmail\nConfirme seu email\nSenha\nConfirme sua senha\nTermos de uso</property>
  <property name="id">Test Cases/TEST_SCENARIOS/CADASTRO DE CONTAS/TC_MONVIT_CADC_001</property>
  <property name="source">C:\\Users\\rafael.henrique\\Katalon Studio\\MONVAT\\Test Cases\\TEST_SCENARIOS\\CADASTRO DE CONTAS\\TC_MONVIT_CADC_001.tc</property>
  <property name="isOptional">false</property>
</record>
<record>
  <date>2018-05-22T11:20:02</date>
  <millis>1526998802003</millis>
  <sequence>6</sequence>
  <level>INFO</level>
  <class>com.kms.katalon.core.logging.KeywordLogger</class>
  <method>logMessage</method>
  <thread>1</thread>
  <message>Evaluating variables for test case</message>
  <nestedLevel>1</nestedLevel>
</record>
<record>
  <date>2018-05-22T11:20:02</date>
  <millis>1526998802310</millis>
  <sequence>7</sequence>
  <level>START</level>
  <class>com.kms.katalon.core.logging.KeywordLogger</class>
  <method>startKeyword</method>
  <thread>1</thread>
  <message>Start action : callTestCase</message>
  <nestedLevel>1</nestedLevel>
  <property name="startLine">24</property>
  <property name="stepIndex">1</property>
</record>
<record>
  <date>2018-05-22T11:20:02</date>
  <millis>1526998802351</millis>
  <sequence>8</sequence>
  <level>INFO</level>
  <class>com.kms.katalon.core.logging.KeywordLogger</class>
  <method>logMessage</method>
  <thread>1</thread>
  <message>Checking called Test Case</message>
  <nestedLevel>1</nestedLevel>
</record>
<record>
  <date>2018-05-22T11:20:02</date>
  <millis>1526998802351</millis>
  <sequence>9</sequence>
  <level>INFO</level>
  <class>com.kms.katalon.core.logging.KeywordLogger</class>
  <method>logMessage</method>
  <thread>1</thread>
  <message>Starting to call Test Case &amp;apos;Test Cases/START_APPLICATION/TC_START_APPLICATION&amp;apos;</message>
  <nestedLevel>1</nestedLevel>
</record>
<record>
  <date>2018-05-22T11:20:02</date>
  <millis>1526998802403</millis>
  <sequence>10</sequence>
  <level>START</level>
  <class>com.kms.katalon.core.logging.KeywordLogger</class>
  <method>startTest</method>
  <thread>1</thread>
  <message>Start Test Case : Test Cases/START_APPLICATION/TC_START_APPLICATION</message>
  <nestedLevel>2</nestedLevel>
  <property name="name">Test Cases/START_APPLICATION/TC_START_APPLICATION</property>
  <property name="description">TestCase which start application Monitoring Vitals</property>
  <property name="id">Test Cases/START_APPLICATION/TC_START_APPLICATION</property>
  <property name="source">C:\\Users\\rafael.henrique\\Katalon Studio\\MONVAT\\Test Cases\\START_APPLICATION\\TC_START_APPLICATION.tc</property>
  <property name="isOptional">false</property>
</record>
<record>
  <date>2018-05-22T11:20:02</date>
  <millis>1526998802412</millis>
  <sequence>11</sequence>
  <level>INFO</level>
  <class>com.kms.katalon.core.logging.KeywordLogger</class>
  <method>logMessage</method>
  <thread>1</thread>
  <message>Evaluating variables for test case</message>
  <nestedLevel>2</nestedLevel>
</record>
<record>
  <date>2018-05-22T11:20:02</date>
  <millis>1526998802412</millis>
  <sequence>12</sequence>
  <level>INFO</level>
  <class>com.kms.katalon.core.logging.KeywordLogger</class>
  <method>logMessage</method>
  <thread>1</thread>
  <message>Variable &amp;apos;pathApp&amp;apos; is set to APK/MONVIT_v1.7.24.apk</message>
  <nestedLevel>2</nestedLevel>
</record>
<record>
  <date>2018-05-22T11:20:02</date>
  <millis>1526998802545</millis>
  <sequence>13</sequence>
  <level>START</level>
  <class>com.kms.katalon.core.logging.KeywordLogger</class>
  <method>startKeyword</method>
  <thread>1</thread>
  <message>Start action : startApplication</message>
  <nestedLevel>1</nestedLevel>
  <property name="startLine">22</property>
  <property name="stepIndex">1</property>
</record>
<record>
  <date>2018-05-22T11:20:02</date>
  <millis>1526998802676</millis>
  <sequence>14</sequence>
  <level>INFO</level>
  <class>com.kms.katalon.core.logging.KeywordLogger</class>
  <method>logMessage</method>
  <thread>1</thread>
  <message>Starting app at: &amp;apos;C:\\Users\\rafael.henrique\\Katalon Studio\\MONVAT\\APK\\MONVIT_v1.7.24.apk&amp;apos;</message>
  <nestedLevel>2</nestedLevel>
</record>
<record>
  <date>2018-05-22T11:20:06</date>
  <millis>1526998806184</millis>
  <sequence>15</sequence>
  <level>INFO</level>
  <class>com.kms.katalon.core.logging.KeywordLogger</class>
  <method>logMessage</method>
  <thread>1</thread>
  <message>Appium server started on port 51.511</message>
  <nestedLevel>2</nestedLevel>
</record>
<record>
  <date>2018-05-22T11:20:38</date>
  <millis>1526998838294</millis>
  <sequence>17</sequence>
  <level>RUN_DATA</level>
  <class>com.kms.katalon.core.logging.KeywordLogger</class>
  <method>logMessage</method>
  <thread>1</thread>
  <message>Logging run data &amp;apos;appiumVersion&amp;apos; with value &amp;apos;1.8.0&amp;apos;</message>
  <nestedLevel>2</nestedLevel>
  <property name="appiumVersion">1.8.0</property>
</record>
<record>
  <date>2018-05-22T11:20:38</date>
  <millis>1526998838310</millis>
  <sequence>18</sequence>
  <level>RUN_DATA</level>
  <class>com.kms.katalon.core.logging.KeywordLogger</class>
  <method>logMessage</method>
  <thread>1</thread>
  <message>Logging run data &amp;apos;deviceId&amp;apos; with value &amp;apos;0038153251&amp;apos;</message>
  <nestedLevel>2</nestedLevel>
  <property name="deviceId">0038153251</property>
</record>
<record>
  <date>2018-05-22T11:20:38</date>
  <millis>1526998838311</millis>
  <sequence>19</sequence>
  <level>RUN_DATA</level>
  <class>com.kms.katalon.core.logging.KeywordLogger</class>
  <method>logMessage</method>
  <thread>1</thread>
  <message>Logging run data &amp;apos;deviceName&amp;apos; with value &amp;apos;motorola Moto G (5) (Android 7.0)&amp;apos;</message>
  <nestedLevel>2</nestedLevel>
  <property name="deviceName">motorola Moto G (5) (Android 7.0)</property>
</record>
<record>
  <date>2018-05-22T11:20:38</date>
  <millis>1526998838311</millis>
  <sequence>20</sequence>
  <level>RUN_DATA</level>
  <class>com.kms.katalon.core.logging.KeywordLogger</class>
  <method>logMessage</method>
  <thread>1</thread>
  <message>Logging run data &amp;apos;deviceModel&amp;apos; with value &amp;apos;Moto G (5)&amp;apos;</message>
  <nestedLevel>2</nestedLevel>
  <property name="deviceModel">Moto G (5)</property>
</record>
<record>
  <date>2018-05-22T11:20:38</date>
  <millis>1526998838311</millis>
  <sequence>21</sequence>
  <level>RUN_DATA</level>
  <class>com.kms.katalon.core.logging.KeywordLogger</class>
  <method>logMessage</method>
  <thread>1</thread>
  <message>Logging run data &amp;apos;deviceManufacturer&amp;apos; with value &amp;apos;motorola&amp;apos;</message>
  <nestedLevel>2</nestedLevel>
  <property name="deviceManufacturer">motorola</property>
</record>
<record>
  <date>2018-05-22T11:20:38</date>
  <millis>1526998838311</millis>
  <sequence>22</sequence>
  <level>RUN_DATA</level>
  <class>com.kms.katalon.core.logging.KeywordLogger</class>
  <method>logMessage</method>
  <thread>1</thread>
  <message>Logging run data &amp;apos;deviceOS&amp;apos; with value &amp;apos;Android&amp;apos;</message>
  <nestedLevel>2</nestedLevel>
  <property name="deviceOS">Android</property>
</record>
<record>
  <date>2018-05-22T11:20:38</date>
  <millis>1526998838312</millis>
  <sequence>23</sequence>
  <level>RUN_DATA</level>
  <class>com.kms.katalon.core.logging.KeywordLogger</class>
  <method>logMessage</method>
  <thread>1</thread>
  <message>Logging run data &amp;apos;deviceOSVersion&amp;apos; with value &amp;apos;7.0&amp;apos;</message>
  <nestedLevel>2</nestedLevel>
  <property name="deviceOSVersion">7.0</property>
</record>
<record>
  <date>2018-05-22T11:20:38</date>
  <millis>1526998838315</millis>
  <sequence>24</sequence>
  <level>PASSED</level>
  <class>com.kms.katalon.core.logging.KeywordLogger</class>
  <method>logMessage</method>
  <thread>1</thread>
  <message>Started app at: &amp;apos;C:\\Users\\rafael.henrique\\Katalon Studio\\MONVAT\\APK\\MONVIT_v1.7.24.apk&amp;apos;</message>
  <nestedLevel>2</nestedLevel>
</record>
<record>
  <date>2018-05-22T11:20:38</date>
  <millis>1526998838316</millis>
  <sequence>25</sequence>
  <level>END</level>
  <class>com.kms.katalon.core.logging.KeywordLogger</class>
  <method>endKeyword</method>
  <thread>1</thread>
  <message>End action : startApplication</message>
  <nestedLevel>1</nestedLevel>
</record>
<record>
  <date>2018-05-22T11:20:38</date>
  <millis>1526998838316</millis>
  <sequence>26</sequence>
  <level>PASSED</level>
  <class>com.kms.katalon.core.logging.KeywordLogger</class>
  <method>logMessage</method>
  <thread>1</thread>
  <message>Test Cases/START_APPLICATION/TC_START_APPLICATION</message>
  <nestedLevel>2</nestedLevel>
</record>
<record>
  <date>2018-05-22T11:20:38</date>
  <millis>1526998838316</millis>
  <sequence>27</sequence>
  <level>END</level>
  <class>com.kms.katalon.core.logging.KeywordLogger</class>
  <method>endTest</method>
  <thread>1</thread>
  <message>End Test Case : Test Cases/START_APPLICATION/TC_START_APPLICATION</message>
  <nestedLevel>1</nestedLevel>
</record>
<record>
  <date>2018-05-22T11:20:38</date>
  <millis>1526998838320</millis>
  <sequence>28</sequence>
  <level>PASSED</level>
  <class>com.kms.katalon.core.logging.KeywordLogger</class>
  <method>logMessage</method>
  <thread>1</thread>
  <message>Call Test Case &amp;apos;Test Cases/START_APPLICATION/TC_START_APPLICATION&amp;apos; successfully</message>
  <nestedLevel>1</nestedLevel>
</record>
<record>
  <date>2018-05-22T11:20:38</date>
  <millis>1526998838321</millis>
  <sequence>29</sequence>
  <level>END</level>
  <class>com.kms.katalon.core.logging.KeywordLogger</class>
  <method>endKeyword</method>
  <thread>1</thread>
  <message>End action : callTestCase</message>
  <nestedLevel>1</nestedLevel>
</record>
<record>
  <date>2018-05-22T11:20:38</date>
  <millis>1526998838321</millis>
  <sequence>30</sequence>
  <level>START</level>
  <class>com.kms.katalon.core.logging.KeywordLogger</class>
  <method>startKeyword</method>
  <thread>1</thread>
  <message>Start action : callTestCase</message>
  <nestedLevel>1</nestedLevel>
  <property name="startLine">27</property>
  <property name="stepIndex">2</property>
</record>
<record>
  <date>2018-05-22T11:20:38</date>
  <millis>1526998838324</millis>
  <sequence>31</sequence>
  <level>INFO</level>
  <class>com.kms.katalon.core.logging.KeywordLogger</class>
  <method>logMessage</method>
  <thread>1</thread>
  <message>Checking called Test Case</message>
  <nestedLevel>1</nestedLevel>
</record>
<record>
  <date>2018-05-22T11:20:38</date>
  <millis>1526998838325</millis>
  <sequence>32</sequence>
  <level>INFO</level>
  <class>com.kms.katalon.core.logging.KeywordLogger</class>
  <method>logMessage</method>
  <thread>1</thread>
  <message>Starting to call Test Case &amp;apos;Test Cases/NAVIGATION_MENU/TC_NAVIGATION_CADASTRO&amp;apos;</message>
  <nestedLevel>1</nestedLevel>
</record>
<record>
  <date>2018-05-22T11:20:38</date>
  <millis>1526998838376</millis>
  <sequence>33</sequence>
  <level>START</level>
  <class>com.kms.katalon.core.logging.KeywordLogger</class>
  <method>startTest</method>
  <thread>1</thread>
  <message>Start Test Case : Test Cases/NAVIGATION_MENU/TC_NAVIGATION_CADASTRO</message>
  <nestedLevel>2</nestedLevel>
  <property name="name">Test Cases/NAVIGATION_MENU/TC_NAVIGATION_CADASTRO</property>
  <property name="description">TestCase que navega at\u00E9 a tela de Cadastro de um novo usu\u00E1rio a partir de qualquer tela</property>
  <property name="id">Test Cases/NAVIGATION_MENU/TC_NAVIGATION_CADASTRO</property>
  <property name="source">C:\\Users\\rafael.henrique\\Katalon Studio\\MONVAT\\Test Cases\\NAVIGATION_MENU\\TC_NAVIGATION_CADASTRO.tc</property>
  <property name="isOptional">false</property>
</record>
<record>
  <date>2018-05-22T11:20:38</date>
  <millis>1526998838381</millis>
  <sequence>34</sequence>
  <level>INFO</level>
  <class>com.kms.katalon.core.logging.KeywordLogger</class>
  <method>logMessage</method>
  <thread>1</thread>
  <message>Evaluating variables for test case</message>
  <nestedLevel>2</nestedLevel>
</record>
<record>
  <date>2018-05-22T11:20:38</date>
  <millis>1526998838495</millis>
  <sequence>35</sequence>
  <level>START</level>
  <class>com.kms.katalon.core.logging.KeywordLogger</class>
  <method>startKeyword</method>
  <thread>1</thread>
  <message>Start action : delay</message>
  <nestedLevel>1</nestedLevel>
  <property name="startLine">22</property>
  <property name="stepIndex">1</property>
</record>
<record>
  <date>2018-05-22T11:20:38</date>
  <millis>1526998838506</millis>
  <sequence>36</sequence>
  <level>INFO</level>
  <class>com.kms.katalon.core.logging.KeywordLogger</class>
  <method>logMessage</method>
  <thread>1</thread>
  <message>Delaying browser in 5 second(s)</message>
  <nestedLevel>2</nestedLevel>
</record>
<record>
  <date>2018-05-22T11:20:43</date>
  <millis>1526998843506</millis>
  <sequence>37</sequence>
  <level>PASSED</level>
  <class>com.kms.katalon.core.logging.KeywordLogger</class>
  <method>logMessage</method>
  <thread>1</thread>
  <message>Delayed 5 second(s)</message>
  <nestedLevel>2</nestedLevel>
</record>
<record>
  <date>2018-05-22T11:20:43</date>
  <millis>1526998843508</millis>
  <sequence>38</sequence>
  <level>END</level>
  <class>com.kms.katalon.core.logging.KeywordLogger</class>
  <method>endKeyword</method>
  <thread>1</thread>
  <message>End action : delay</message>
  <nestedLevel>1</nestedLevel>
</record>
<record>
  <date>2018-05-22T11:20:43</date>
  <millis>1526998843509</millis>
  <sequence>39</sequence>
  <level>START</level>
  <class>com.kms.katalon.core.logging.KeywordLogger</class>
  <method>startKeyword</method>
  <thread>1</thread>
  <message>Start action : hideKeyboard</message>
  <nestedLevel>1</nestedLevel>
  <property name="startLine">24</property>
  <property name="stepIndex">2</property>
</record>
<record>
  <date>2018-05-22T11:20:44</date>
  <millis>1526998844117</millis>
  <sequence>40</sequence>
  <level>PASSED</level>
  <class>com.kms.katalon.core.logging.KeywordLogger</class>
  <method>logMessage</method>
  <thread>1</thread>
  <message>Keyboard is hidden</message>
  <nestedLevel>2</nestedLevel>
</record>
<record>
  <date>2018-05-22T11:20:44</date>
  <millis>1526998844217</millis>
  <sequence>41</sequence>
  <level>END</level>
  <class>com.kms.katalon.core.logging.KeywordLogger</class>
  <method>endKeyword</method>
  <thread>1</thread>
  <message>End action : hideKeyboard</message>
  <nestedLevel>1</nestedLevel>
</record>
<record>
  <date>2018-05-22T11:20:44</date>
  <millis>1526998844218</millis>
  <sequence>42</sequence>
  <level>START</level>
  <class>com.kms.katalon.core.logging.KeywordLogger</class>
  <method>startKeyword</method>
  <thread>1</thread>
  <message>Start action : delay</message>
  <nestedLevel>1</nestedLevel>
  <property name="startLine">26</property>
  <property name="stepIndex">3</property>
</record>
<record>
  <date>2018-05-22T11:20:44</date>
  <millis>1526998844218</millis>
  <sequence>43</sequence>
  <level>INFO</level>
  <class>com.kms.katalon.core.logging.KeywordLogger</class>
  <method>logMessage</method>
  <thread>1</thread>
  <message>Delaying browser in 2 second(s)</message>
  <nestedLevel>2</nestedLevel>
</record>
<record>
  <date>2018-05-22T11:20:46</date>
  <millis>1526998846218</millis>
  <sequence>44</sequence>
  <level>PASSED</level>
  <class>com.kms.katalon.core.logging.KeywordLogger</class>
  <method>logMessage</method>
  <thread>1</thread>
  <message>Delayed 2 second(s)</message>
  <nestedLevel>2</nestedLevel>
</record>
<record>
  <date>2018-05-22T11:20:46</date>
  <millis>1526998846219</millis>
  <sequence>45</sequence>
  <level>END</level>
  <class>com.kms.katalon.core.logging.KeywordLogger</class>
  <method>endKeyword</method>
  <thread>1</thread>
  <message>End action : delay</message>
  <nestedLevel>1</nestedLevel>
</record>
<record>
  <date>2018-05-22T11:20:46</date>
  <millis>1526998846220</millis>
  <sequence>46</sequence>
  <level>START</level>
  <class>com.kms.katalon.core.logging.KeywordLogger</class>
  <method>startKeyword</method>
  <thread>1</thread>
  <message>Start action : tap</message>
  <nestedLevel>1</nestedLevel>
  <property name="startLine">28</property>
  <property name="stepIndex">4</property>
</record>
<record>
  <date>2018-05-22T11:20:46</date>
  <millis>1526998846236</millis>
  <sequence>47</sequence>
  <level>INFO</level>
  <class>com.kms.katalon.core.logging.KeywordLogger</class>
  <method>logMessage</method>
  <thread>1</thread>
  <message>Finding Test Object with id &amp;apos;Object Repository/OBJ_LOGIN_SCREEN/android.widget.Button1 - No tenho uma conta. Quero me cadastrar.&amp;apos;</message>
  <nestedLevel>2</nestedLevel>
</record>
<record>
  <date>2018-05-22T11:20:46</date>
  <millis>1526998846274</millis>
  <sequence>48</sequence>
  <level>INFO</level>
  <class>com.kms.katalon.core.logging.KeywordLogger</class>
  <method>logMessage</method>
  <thread>1</thread>
  <message>Checking object</message>
  <nestedLevel>2</nestedLevel>
</record>
<record>
  <date>2018-05-22T11:20:46</date>
  <millis>1526998846274</millis>
  <sequence>49</sequence>
  <level>INFO</level>
  <class>com.kms.katalon.core.logging.KeywordLogger</class>
  <method>logMessage</method>
  <thread>1</thread>
  <message>Checking timeout</message>
  <nestedLevel>2</nestedLevel>
</record>
<record>
  <date>2018-05-22T11:20:48</date>
  <millis>1526998848022</millis>
  <sequence>50</sequence>
  <level>PASSED</level>
  <class>com.kms.katalon.core.logging.KeywordLogger</class>
  <method>logMessage</method>
  <thread>1</thread>
  <message>Tapped on element &amp;apos;Object Repository/OBJ_LOGIN_SCREEN/android.widget.Button1 - No tenho uma conta. Quero me cadastrar.&amp;apos;</message>
  <nestedLevel>2</nestedLevel>
</record>
<record>
  <date>2018-05-22T11:20:48</date>
  <millis>1526998848023</millis>
  <sequence>51</sequence>
  <level>END</level>
  <class>com.kms.katalon.core.logging.KeywordLogger</class>
  <method>endKeyword</method>
  <thread>1</thread>
  <message>End action : tap</message>
  <nestedLevel>1</nestedLevel>
</record>
<record>
  <date>2018-05-22T11:20:48</date>
  <millis>1526998848024</millis>
  <sequence>52</sequence>
  <level>START</level>
  <class>com.kms.katalon.core.logging.KeywordLogger</class>
  <method>startKeyword</method>
  <thread>1</thread>
  <message>Start action : delay</message>
  <nestedLevel>1</nestedLevel>
  <property name="startLine">30</property>
  <property name="stepIndex">5</property>
</record>
<record>
  <date>2018-05-22T11:20:48</date>
  <millis>1526998848028</millis>
  <sequence>53</sequence>
  <level>INFO</level>
  <class>com.kms.katalon.core.logging.KeywordLogger</class>
  <method>logMessage</method>
  <thread>1</thread>
  <message>Delaying browser in 2 second(s)</message>
  <nestedLevel>2</nestedLevel>
</record>
<record>
  <date>2018-05-22T11:20:50</date>
  <millis>1526998850029</millis>
  <sequence>54</sequence>
  <level>PASSED</level>
  <class>com.kms.katalon.core.logging.KeywordLogger</class>
  <method>logMessage</method>
  <thread>1</thread>
  <message>Delayed 2 second(s)</message>
  <nestedLevel>2</nestedLevel>
</record>
<record>
  <date>2018-05-22T11:20:50</date>
  <millis>1526998850030</millis>
  <sequence>55</sequence>
  <level>END</level>
  <class>com.kms.katalon.core.logging.KeywordLogger</class>
  <method>endKeyword</method>
  <thread>1</thread>
  <message>End action : delay</message>
  <nestedLevel>1</nestedLevel>
</record>
<record>
  <date>2018-05-22T11:20:50</date>
  <millis>1526998850031</millis>
  <sequence>56</sequence>
  <level>PASSED</level>
  <class>com.kms.katalon.core.logging.KeywordLogger</class>
  <method>logMessage</method>
  <thread>1</thread>
  <message>Test Cases/NAVIGATION_MENU/TC_NAVIGATION_CADASTRO</message>
  <nestedLevel>2</nestedLevel>
</record>
<record>
  <date>2018-05-22T11:20:50</date>
  <millis>1526998850032</millis>
  <sequence>57</sequence>
  <level>END</level>
  <class>com.kms.katalon.core.logging.KeywordLogger</class>
  <method>endTest</method>
  <thread>1</thread>
  <message>End Test Case : Test Cases/NAVIGATION_MENU/TC_NAVIGATION_CADASTRO</message>
  <nestedLevel>1</nestedLevel>
</record>
<record>
  <date>2018-05-22T11:20:50</date>
  <millis>1526998850033</millis>
  <sequence>58</sequence>
  <level>PASSED</level>
  <class>com.kms.katalon.core.logging.KeywordLogger</class>
  <method>logMessage</method>
  <thread>1</thread>
  <message>Call Test Case &amp;apos;Test Cases/NAVIGATION_MENU/TC_NAVIGATION_CADASTRO&amp;apos; successfully</message>
  <nestedLevel>1</nestedLevel>
</record>
<record>
  <date>2018-05-22T11:20:50</date>
  <millis>1526998850034</millis>
  <sequence>59</sequence>
  <level>END</level>
  <class>com.kms.katalon.core.logging.KeywordLogger</class>
  <method>endKeyword</method>
  <thread>1</thread>
  <message>End action : callTestCase</message>
  <nestedLevel>1</nestedLevel>
</record>
<record>
  <date>2018-05-22T11:20:50</date>
  <millis>1526998850035</millis>
  <sequence>60</sequence>
  <level>START</level>
  <class>com.kms.katalon.core.logging.KeywordLogger</class>
  <method>startKeyword</method>
  <thread>1</thread>
  <message>Start action : Statement - pathTestCaseName = \&amp;quot;Screenshots/TC_MONVIT_CADC_001\&amp;quot;</message>
  <nestedLevel>1</nestedLevel>
  <property name="startLine">29</property>
  <property name="stepIndex">3</property>
</record>
<record>
  <date>2018-05-22T11:20:50</date>
  <millis>1526998850037</millis>
  <sequence>61</sequence>
  <level>END</level>
  <class>com.kms.katalon.core.logging.KeywordLogger</class>
  <method>endKeyword</method>
  <thread>1</thread>
  <message>End action : Statement - pathTestCaseName = \&amp;quot;Screenshots/TC_MONVIT_CADC_001\&amp;quot;</message>
  <nestedLevel>1</nestedLevel>
</record>
<record>
  <date>2018-05-22T11:20:50</date>
  <millis>1526998850038</millis>
  <sequence>62</sequence>
  <level>START</level>
  <class>com.kms.katalon.core.logging.KeywordLogger</class>
  <method>startKeyword</method>
  <thread>1</thread>
  <message>Start action : Statement - folderTestCaseName = new java.io.File(pathTestCaseName)</message>
  <nestedLevel>1</nestedLevel>
  <property name="startLine">30</property>
  <property name="stepIndex">4</property>
</record>
<record>
  <date>2018-05-22T11:20:50</date>
  <millis>1526998850040</millis>
  <sequence>63</sequence>
  <level>END</level>
  <class>com.kms.katalon.core.logging.KeywordLogger</class>
  <method>endKeyword</method>
  <thread>1</thread>
  <message>End action : Statement - folderTestCaseName = new java.io.File(pathTestCaseName)</message>
  <nestedLevel>1</nestedLevel>
</record>
<record>
  <date>2018-05-22T11:20:50</date>
  <millis>1526998850041</millis>
  <sequence>64</sequence>
  <level>START</level>
  <class>com.kms.katalon.core.logging.KeywordLogger</class>
  <method>startKeyword</method>
  <thread>1</thread>
  <message>Start action : Statement - idxImgEvidence = 0</message>
  <nestedLevel>1</nestedLevel>
  <property name="startLine">31</property>
  <property name="stepIndex">5</property>
</record>
<record>
  <date>2018-05-22T11:20:50</date>
  <millis>1526998850042</millis>
  <sequence>65</sequence>
  <level>END</level>
  <class>com.kms.katalon.core.logging.KeywordLogger</class>
  <method>endKeyword</method>
  <thread>1</thread>
  <message>End action : Statement - idxImgEvidence = 0</message>
  <nestedLevel>1</nestedLevel>
</record>
<record>
  <date>2018-05-22T11:20:50</date>
  <millis>1526998850043</millis>
  <sequence>66</sequence>
  <level>START</level>
  <class>com.kms.katalon.core.logging.KeywordLogger</class>
  <method>startKeyword</method>
  <thread>1</thread>
  <message>Start action : Statement - strMsgCampoObrigatorio = \&amp;quot;Esse campo \u00E9 obrigat\u00F3rio.\&amp;quot;</message>
  <nestedLevel>1</nestedLevel>
  <property name="startLine">35</property>
  <property name="stepIndex">6</property>
</record>
<record>
  <date>2018-05-22T11:20:50</date>
  <millis>1526998850045</millis>
  <sequence>67</sequence>
  <level>END</level>
  <class>com.kms.katalon.core.logging.KeywordLogger</class>
  <method>endKeyword</method>
  <thread>1</thread>
  <message>End action : Statement - strMsgCampoObrigatorio = \&amp;quot;Esse campo \u00E9 obrigat\u00F3rio.\&amp;quot;</message>
  <nestedLevel>1</nestedLevel>
</record>
<record>
  <date>2018-05-22T11:20:50</date>
  <millis>1526998850045</millis>
  <sequence>68</sequence>
  <level>START</level>
  <class>com.kms.katalon.core.logging.KeywordLogger</class>
  <method>startKeyword</method>
  <thread>1</thread>
  <message>Start action : Statement - strMsgNomeCompleto = \&amp;quot;Voc\u00EA precisa informar o seu nome completo\&amp;quot;</message>
  <nestedLevel>1</nestedLevel>
  <property name="startLine">36</property>
  <property name="stepIndex">7</property>
</record>
<record>
  <date>2018-05-22T11:20:50</date>
  <millis>1526998850048</millis>
  <sequence>69</sequence>
  <level>END</level>
  <class>com.kms.katalon.core.logging.KeywordLogger</class>
  <method>endKeyword</method>
  <thread>1</thread>
  <message>End action : Statement - strMsgNomeCompleto = \&amp;quot;Voc\u00EA precisa informar o seu nome completo\&amp;quot;</message>
  <nestedLevel>1</nestedLevel>
</record>
<record>
  <date>2018-05-22T11:20:50</date>
  <millis>1526998850048</millis>
  <sequence>70</sequence>
  <level>START</level>
  <class>com.kms.katalon.core.logging.KeywordLogger</class>
  <method>startKeyword</method>
  <thread>1</thread>
  <message>Start action : Statement - strInvalidCPF = \&amp;quot;CPF inv\u00E1lido\&amp;quot;</message>
  <nestedLevel>1</nestedLevel>
  <property name="startLine">37</property>
  <property name="stepIndex">8</property>
</record>
<record>
  <date>2018-05-22T11:20:50</date>
  <millis>1526998850050</millis>
  <sequence>71</sequence>
  <level>END</level>
  <class>com.kms.katalon.core.logging.KeywordLogger</class>
  <method>endKeyword</method>
  <thread>1</thread>
  <message>End action : Statement - strInvalidCPF = \&amp;quot;CPF inv\u00E1lido\&amp;quot;</message>
  <nestedLevel>1</nestedLevel>
</record>
<record>
  <date>2018-05-22T11:20:50</date>
  <millis>1526998850051</millis>
  <sequence>72</sequence>
  <level>START</level>
  <class>com.kms.katalon.core.logging.KeywordLogger</class>
  <method>startKeyword</method>
  <thread>1</thread>
  <message>Start action : Statement - strMinCharactersCPF = \&amp;quot;Pelo menos 11 caracteres\&amp;quot;</message>
  <nestedLevel>1</nestedLevel>
  <property name="startLine">38</property>
  <property name="stepIndex">9</property>
</record>
<record>
  <date>2018-05-22T11:20:50</date>
  <millis>1526998850053</millis>
  <sequence>73</sequence>
  <level>END</level>
  <class>com.kms.katalon.core.logging.KeywordLogger</class>
  <method>endKeyword</method>
  <thread>1</thread>
  <message>End action : Statement - strMinCharactersCPF = \&amp;quot;Pelo menos 11 caracteres\&amp;quot;</message>
  <nestedLevel>1</nestedLevel>
</record>
<record>
  <date>2018-05-22T11:20:50</date>
  <millis>1526998850054</millis>
  <sequence>74</sequence>
  <level>START</level>
  <class>com.kms.katalon.core.logging.KeywordLogger</class>
  <method>startKeyword</method>
  <thread>1</thread>
  <message>Start action : Statement - strMaxAgeDate = \&amp;quot;A idade m\u00E1xima \u00E9 de 150 anos\&amp;quot;</message>
  <nestedLevel>1</nestedLevel>
  <property name="startLine">39</property>
  <property name="stepIndex">10</property>
</record>
<record>
  <date>2018-05-22T11:20:50</date>
  <millis>1526998850055</millis>
  <sequence>75</sequence>
  <level>END</level>
  <class>com.kms.katalon.core.logging.KeywordLogger</class>
  <method>endKeyword</method>
  <thread>1</thread>
  <message>End action : Statement - strMaxAgeDate = \&amp;quot;A idade m\u00E1xima \u00E9 de 150 anos\&amp;quot;</message>
  <nestedLevel>1</nestedLevel>
</record>
<record>
  <date>2018-05-22T11:20:50</date>
  <millis>1526998850056</millis>
  <sequence>76</sequence>
  <level>START</level>
  <class>com.kms.katalon.core.logging.KeywordLogger</class>
  <method>startKeyword</method>
  <thread>1</thread>
  <message>Start action : Statement - strMinAgeDate = \&amp;quot;A idade m\u00EDnima \u00E9 de 5 anos\&amp;quot;</message>
  <nestedLevel>1</nestedLevel>
  <property name="startLine">40</property>
  <property name="stepIndex">11</property>
</record>
<record>
  <date>2018-05-22T11:20:50</date>
  <millis>1526998850057</millis>
  <sequence>77</sequence>
  <level>END</level>
  <class>com.kms.katalon.core.logging.KeywordLogger</class>
  <method>endKeyword</method>
  <thread>1</thread>
  <message>End action : Statement - strMinAgeDate = \&amp;quot;A idade m\u00EDnima \u00E9 de 5 anos\&amp;quot;</message>
  <nestedLevel>1</nestedLevel>
</record>
<record>
  <date>2018-05-22T11:20:50</date>
  <millis>1526998850057</millis>
  <sequence>78</sequence>
  <level>START</level>
  <class>com.kms.katalon.core.logging.KeywordLogger</class>
  <method>startKeyword</method>
  <thread>1</thread>
  <message>Start action : Statement - strInvalidEmail = \&amp;quot;Endere\u00E7o de email inv\u00E1lido\&amp;quot;</message>
  <nestedLevel>1</nestedLevel>
  <property name="startLine">41</property>
  <property name="stepIndex">12</property>
</record>
<record>
  <date>2018-05-22T11:20:50</date>
  <millis>1526998850057</millis>
  <sequence>79</sequence>
  <level>END</level>
  <class>com.kms.katalon.core.logging.KeywordLogger</class>
  <method>endKeyword</method>
  <thread>1</thread>
  <message>End action : Statement - strInvalidEmail = \&amp;quot;Endere\u00E7o de email inv\u00E1lido\&amp;quot;</message>
  <nestedLevel>1</nestedLevel>
</record>
<record>
  <date>2018-05-22T11:20:50</date>
  <millis>1526998850058</millis>
  <sequence>80</sequence>
  <level>START</level>
  <class>com.kms.katalon.core.logging.KeywordLogger</class>
  <method>startKeyword</method>
  <thread>1</thread>
  <message>Start action : Statement - strPassSmall = \&amp;quot;Senha muito curta\&amp;quot;</message>
  <nestedLevel>1</nestedLevel>
  <property name="startLine">42</property>
  <property name="stepIndex">13</property>
</record>
<record>
  <date>2018-05-22T11:20:50</date>
  <millis>1526998850058</millis>
  <sequence>81</sequence>
  <level>END</level>
  <class>com.kms.katalon.core.logging.KeywordLogger</class>
  <method>endKeyword</method>
  <thread>1</thread>
  <message>End action : Statement - strPassSmall = \&amp;quot;Senha muito curta\&amp;quot;</message>
  <nestedLevel>1</nestedLevel>
</record>
<record>
  <date>2018-05-22T11:20:50</date>
  <millis>1526998850059</millis>
  <sequence>82</sequence>
  <level>START</level>
  <class>com.kms.katalon.core.logging.KeywordLogger</class>
  <method>startKeyword</method>
  <thread>1</thread>
  <message>Start action : Statement - strUseTerms = \&amp;quot;Senha muito curta\&amp;quot;</message>
  <nestedLevel>1</nestedLevel>
  <property name="startLine">43</property>
  <property name="stepIndex">14</property>
</record>
<record>
  <date>2018-05-22T11:20:50</date>
  <millis>1526998850059</millis>
  <sequence>83</sequence>
  <level>END</level>
  <class>com.kms.katalon.core.logging.KeywordLogger</class>
  <method>endKeyword</method>
  <thread>1</thread>
  <message>End action : Statement - strUseTerms = \&amp;quot;Senha muito curta\&amp;quot;</message>
  <nestedLevel>1</nestedLevel>
</record>
<record>
  <date>2018-05-22T11:20:50</date>
  <millis>1526998850060</millis>
  <sequence>84</sequence>
  <level>START</level>
  <class>com.kms.katalon.core.logging.KeywordLogger</class>
  <method>startKeyword</method>
  <thread>1</thread>
  <message>Start action : hideKeyboard</message>
  <nestedLevel>1</nestedLevel>
  <property name="startLine">45</property>
  <property name="stepIndex">15</property>
</record>
<record>
  <date>2018-05-22T11:20:51</date>
  <millis>1526998851721</millis>
  <sequence>85</sequence>
  <level>PASSED</level>
  <class>com.kms.katalon.core.logging.KeywordLogger</class>
  <method>logMessage</method>
  <thread>1</thread>
  <message>Keyboard is hidden</message>
  <nestedLevel>1</nestedLevel>
</record>
<record>
  <date>2018-05-22T11:20:51</date>
  <millis>1526998851844</millis>
  <sequence>86</sequence>
  <level>END</level>
  <class>com.kms.katalon.core.logging.KeywordLogger</class>
  <method>endKeyword</method>
  <thread>1</thread>
  <message>End action : hideKeyboard</message>
  <nestedLevel>1</nestedLevel>
</record>
<record>
  <date>2018-05-22T11:20:51</date>
  <millis>1526998851844</millis>
  <sequence>87</sequence>
  <level>START</level>
  <class>com.kms.katalon.core.logging.KeywordLogger</class>
  <method>startKeyword</method>
  <thread>1</thread>
  <message>Start action : tap</message>
  <nestedLevel>1</nestedLevel>
  <property name="startLine">46</property>
  <property name="stepIndex">16</property>
</record>
<record>
  <date>2018-05-22T11:20:51</date>
  <millis>1526998851845</millis>
  <sequence>88</sequence>
  <level>INFO</level>
  <class>com.kms.katalon.core.logging.KeywordLogger</class>
  <method>logMessage</method>
  <thread>1</thread>
  <message>Finding Test Object with id &amp;apos;Object Repository/OBJ_SCREEN_REGISTER/btnSalvar&amp;apos;</message>
  <nestedLevel>1</nestedLevel>
</record>
<record>
  <date>2018-05-22T11:20:51</date>
  <millis>1526998851848</millis>
  <sequence>89</sequence>
  <level>INFO</level>
  <class>com.kms.katalon.core.logging.KeywordLogger</class>
  <method>logMessage</method>
  <thread>1</thread>
  <message>Checking object</message>
  <nestedLevel>1</nestedLevel>
</record>
<record>
  <date>2018-05-22T11:20:51</date>
  <millis>1526998851848</millis>
  <sequence>90</sequence>
  <level>INFO</level>
  <class>com.kms.katalon.core.logging.KeywordLogger</class>
  <method>logMessage</method>
  <thread>1</thread>
  <message>Checking timeout</message>
  <nestedLevel>1</nestedLevel>
</record>
<record>
  <date>2018-05-22T11:20:53</date>
  <millis>1526998853529</millis>
  <sequence>91</sequence>
  <level>PASSED</level>
  <class>com.kms.katalon.core.logging.KeywordLogger</class>
  <method>logMessage</method>
  <thread>1</thread>
  <message>Tapped on element &amp;apos;Object Repository/OBJ_SCREEN_REGISTER/btnSalvar&amp;apos;</message>
  <nestedLevel>1</nestedLevel>
</record>
<record>
  <date>2018-05-22T11:20:53</date>
  <millis>1526998853531</millis>
  <sequence>92</sequence>
  <level>END</level>
  <class>com.kms.katalon.core.logging.KeywordLogger</class>
  <method>endKeyword</method>
  <thread>1</thread>
  <message>End action : tap</message>
  <nestedLevel>1</nestedLevel>
</record>
<record>
  <date>2018-05-22T11:20:53</date>
  <millis>1526998853531</millis>
  <sequence>93</sequence>
  <level>START</level>
  <class>com.kms.katalon.core.logging.KeywordLogger</class>
  <method>startKeyword</method>
  <thread>1</thread>
  <message>Start action : delay</message>
  <nestedLevel>1</nestedLevel>
  <property name="startLine">47</property>
  <property name="stepIndex">17</property>
</record>
<record>
  <date>2018-05-22T11:20:53</date>
  <millis>1526998853533</millis>
  <sequence>94</sequence>
  <level>INFO</level>
  <class>com.kms.katalon.core.logging.KeywordLogger</class>
  <method>logMessage</method>
  <thread>1</thread>
  <message>Delaying browser in 1 second(s)</message>
  <nestedLevel>1</nestedLevel>
</record>
<record>
  <date>2018-05-22T11:20:54</date>
  <millis>1526998854534</millis>
  <sequence>95</sequence>
  <level>PASSED</level>
  <class>com.kms.katalon.core.logging.KeywordLogger</class>
  <method>logMessage</method>
  <thread>1</thread>
  <message>Delayed 1 second(s)</message>
  <nestedLevel>1</nestedLevel>
</record>
<record>
  <date>2018-05-22T11:20:54</date>
  <millis>1526998854535</millis>
  <sequence>96</sequence>
  <level>END</level>
  <class>com.kms.katalon.core.logging.KeywordLogger</class>
  <method>endKeyword</method>
  <thread>1</thread>
  <message>End action : delay</message>
  <nestedLevel>1</nestedLevel>
</record>
<record>
  <date>2018-05-22T11:20:54</date>
  <millis>1526998854536</millis>
  <sequence>97</sequence>
  <level>START</level>
  <class>com.kms.katalon.core.logging.KeywordLogger</class>
  <method>startKeyword</method>
  <thread>1</thread>
  <message>Start action : Statement - If (!(folderTestCaseName.exists()))</message>
  <nestedLevel>1</nestedLevel>
  <property name="startLine">50</property>
  <property name="stepIndex">18</property>
</record>
<record>
  <date>2018-05-22T11:20:54</date>
  <millis>1526998854538</millis>
  <sequence>98</sequence>
  <level>END</level>
  <class>com.kms.katalon.core.logging.KeywordLogger</class>
  <method>endKeyword</method>
  <thread>1</thread>
  <message>End action : Statement - If (!(folderTestCaseName.exists()))</message>
  <nestedLevel>1</nestedLevel>
</record>
<record>
  <date>2018-05-22T11:20:54</date>
  <millis>1526998854539</millis>
  <sequence>99</sequence>
  <level>START</level>
  <class>com.kms.katalon.core.logging.KeywordLogger</class>
  <method>startKeyword</method>
  <thread>1</thread>
  <message>Start action : setText</message>
  <nestedLevel>1</nestedLevel>
  <property name="startLine">56</property>
  <property name="stepIndex">19</property>
</record>
<record>
  <date>2018-05-22T11:21:00</date>
  <millis>1526998860221</millis>
  <sequence>100</sequence>
  <level>INFO</level>
  <class>com.kms.katalon.core.logging.KeywordLogger</class>
  <method>logMessage</method>
  <thread>1</thread>
  <message>Finding Test Object with id &amp;apos;Object Repository/OBJ_SCREEN_REGISTER/txtNomeCompleto&amp;apos;</message>
  <nestedLevel>1</nestedLevel>
</record>
<record>
  <date>2018-05-22T11:21:00</date>
  <millis>1526998860337</millis>
  <sequence>101</sequence>
  <level>INFO</level>
  <class>com.kms.katalon.core.logging.KeywordLogger</class>
  <method>logMessage</method>
  <thread>1</thread>
  <message>Checking object</message>
  <nestedLevel>1</nestedLevel>
</record>
<record>
  <date>2018-05-22T11:21:00</date>
  <millis>1526998860338</millis>
  <sequence>102</sequence>
  <level>INFO</level>
  <class>com.kms.katalon.core.logging.KeywordLogger</class>
  <method>logMessage</method>
  <thread>1</thread>
  <message>Checking timeout</message>
  <nestedLevel>1</nestedLevel>
</record>
<record>
  <date>2018-05-22T11:21:01</date>
  <millis>1526998861802</millis>
  <sequence>103</sequence>
  <level>PASSED</level>
  <class>com.kms.katalon.core.logging.KeywordLogger</class>
  <method>logMessage</method>
  <thread>1</thread>
  <message>Text &amp;apos; &amp;apos; has been set to element &amp;apos;Object Repository/OBJ_SCREEN_REGISTER/txtNomeCompleto&amp;apos;</message>
  <nestedLevel>1</nestedLevel>
</record>
<record>
  <date>2018-05-22T11:21:01</date>
  <millis>1526998861810</millis>
  <sequence>104</sequence>
  <level>END</level>
  <class>com.kms.katalon.core.logging.KeywordLogger</class>
  <method>endKeyword</method>
  <thread>1</thread>
  <message>End action : setText</message>
  <nestedLevel>1</nestedLevel>
</record>
<record>
  <date>2018-05-22T11:21:01</date>
  <millis>1526998861812</millis>
  <sequence>105</sequence>
  <level>START</level>
  <class>com.kms.katalon.core.logging.KeywordLogger</class>
  <method>startKeyword</method>
  <thread>1</thread>
  <message>Start action : clearText</message>
  <nestedLevel>1</nestedLevel>
  <property name="startLine">57</property>
  <property name="stepIndex">20</property>
</record>
<record>
  <date>2018-05-22T11:21:08</date>
  <millis>1526998868036</millis>
  <sequence>106</sequence>
  <level>INFO</level>
  <class>com.kms.katalon.core.logging.KeywordLogger</class>
  <method>logMessage</method>
  <thread>1</thread>
  <message>Finding Test Object with id &amp;apos;Object Repository/OBJ_SCREEN_REGISTER/txtNomeCompleto&amp;apos;</message>
  <nestedLevel>1</nestedLevel>
</record>
<record>
  <date>2018-05-22T11:21:08</date>
  <millis>1526998868142</millis>
  <sequence>107</sequence>
  <level>INFO</level>
  <class>com.kms.katalon.core.logging.KeywordLogger</class>
  <method>logMessage</method>
  <thread>1</thread>
  <message>Checking object</message>
  <nestedLevel>1</nestedLevel>
</record>
<record>
  <date>2018-05-22T11:21:08</date>
  <millis>1526998868144</millis>
  <sequence>108</sequence>
  <level>INFO</level>
  <class>com.kms.katalon.core.logging.KeywordLogger</class>
  <method>logMessage</method>
  <thread>1</thread>
  <message>Checking timeout</message>
  <nestedLevel>1</nestedLevel>
</record>
<record>
  <date>2018-05-22T11:21:08</date>
  <millis>1526998868611</millis>
  <sequence>109</sequence>
  <level>PASSED</level>
  <class>com.kms.katalon.core.logging.KeywordLogger</class>
  <method>logMessage</method>
  <thread>1</thread>
  <message>Element &amp;apos;Object Repository/OBJ_SCREEN_REGISTER/txtNomeCompleto&amp;apos; text is cleared</message>
  <nestedLevel>1</nestedLevel>
</record>
<record>
  <date>2018-05-22T11:21:08</date>
  <millis>1526998868615</millis>
  <sequence>110</sequence>
  <level>END</level>
  <class>com.kms.katalon.core.logging.KeywordLogger</class>
  <method>endKeyword</method>
  <thread>1</thread>
  <message>End action : clearText</message>
  <nestedLevel>1</nestedLevel>
</record>
<record>
  <date>2018-05-22T11:21:08</date>
  <millis>1526998868616</millis>
  <sequence>111</sequence>
  <level>START</level>
  <class>com.kms.katalon.core.logging.KeywordLogger</class>
  <method>startKeyword</method>
  <thread>1</thread>
  <message>Start action : sendKeys</message>
  <nestedLevel>1</nestedLevel>
  <property name="startLine">58</property>
  <property name="stepIndex">21</property>
</record>
<record>
  <date>2018-05-22T11:21:11</date>
  <millis>1526998871323</millis>
  <sequence>112</sequence>
  <level>INFO</level>
  <class>com.kms.katalon.core.logging.KeywordLogger</class>
  <method>logMessage</method>
  <thread>1</thread>
  <message>Finding Test Object with id &amp;apos;Object Repository/OBJ_SCREEN_REGISTER/txtNomeCompleto&amp;apos;</message>
  <nestedLevel>1</nestedLevel>
</record>
<record>
  <date>2018-05-22T11:21:11</date>
  <millis>1526998871456</millis>
  <sequence>113</sequence>
  <level>INFO</level>
  <class>com.kms.katalon.core.logging.KeywordLogger</class>
  <method>logMessage</method>
  <thread>1</thread>
  <message>Checking object</message>
  <nestedLevel>1</nestedLevel>
</record>
<record>
  <date>2018-05-22T11:21:11</date>
  <millis>1526998871457</millis>
  <sequence>114</sequence>
  <level>INFO</level>
  <class>com.kms.katalon.core.logging.KeywordLogger</class>
  <method>logMessage</method>
  <thread>1</thread>
  <message>Checking timeout</message>
  <nestedLevel>1</nestedLevel>
</record>
<record>
  <date>2018-05-22T11:21:12</date>
  <millis>1526998872319</millis>
  <sequence>115</sequence>
  <level>PASSED</level>
  <class>com.kms.katalon.core.logging.KeywordLogger</class>
  <method>logMessage</method>
  <thread>1</thread>
  <message>Send keys &amp;apos;ENTER + &amp;apos; on test object &amp;apos;Object Repository/OBJ_SCREEN_REGISTER/txtNomeCompleto&amp;apos; successfully.</message>
  <nestedLevel>1</nestedLevel>
</record>
<record>
  <date>2018-05-22T11:21:12</date>
  <millis>1526998872339</millis>
  <sequence>116</sequence>
  <level>END</level>
  <class>com.kms.katalon.core.logging.KeywordLogger</class>
  <method>endKeyword</method>
  <thread>1</thread>
  <message>End action : sendKeys</message>
  <nestedLevel>1</nestedLevel>
</record>
<record>
  <date>2018-05-22T11:21:12</date>
  <millis>1526998872344</millis>
  <sequence>117</sequence>
  <level>START</level>
  <class>com.kms.katalon.core.logging.KeywordLogger</class>
  <method>startKeyword</method>
  <thread>1</thread>
  <message>Start action : Statement - If (com.kms.katalon.core.mobile.keyword.MobileBuiltInKeywords.getAttribute(com.kms.katalon.core.testobject.ObjectRepository.findTestObject(OBJ_SCREEN_REGISTER/MSG_VALIDATIONS/lblValidationNomeCompleto), \&amp;quot;text\&amp;quot;, 5) == strMsgCampoObrigatorio)</message>
  <nestedLevel>1</nestedLevel>
  <property name="startLine">60</property>
  <property name="stepIndex">22</property>
</record>
<record>
  <date>2018-05-22T11:21:40</date>
  <millis>1526998900586</millis>
  <sequence>118</sequence>
  <level>INFO</level>
  <class>com.kms.katalon.core.logging.KeywordLogger</class>
  <method>logMessage</method>
  <thread>1</thread>
  <message>Finding Test Object with id &amp;apos;Object Repository/OBJ_SCREEN_REGISTER/MSG_VALIDATIONS/lblValidationNomeCompleto&amp;apos;</message>
  <nestedLevel>1</nestedLevel>
</record>
<record>
  <date>2018-05-22T11:21:40</date>
  <millis>1526998900702</millis>
  <sequence>119</sequence>
  <level>INFO</level>
  <class>com.kms.katalon.core.logging.KeywordLogger</class>
  <method>logMessage</method>
  <thread>1</thread>
  <message>Checking object</message>
  <nestedLevel>1</nestedLevel>
</record>
<record>
  <date>2018-05-22T11:21:40</date>
  <millis>1526998900704</millis>
  <sequence>120</sequence>
  <level>INFO</level>
  <class>com.kms.katalon.core.logging.KeywordLogger</class>
  <method>logMessage</method>
  <thread>1</thread>
  <message>Checking timeout</message>
  <nestedLevel>1</nestedLevel>
</record>
<record>
  <date>2018-05-22T11:21:41</date>
  <millis>1526998901209</millis>
  <sequence>121</sequence>
  <level>PASSED</level>
  <class>com.kms.katalon.core.logging.KeywordLogger</class>
  <method>logMessage</method>
  <thread>1</thread>
  <message>Element &amp;apos;Object Repository/OBJ_SCREEN_REGISTER/MSG_VALIDATIONS/lblValidationNomeCompleto&amp;apos; has attribute &amp;apos;text&amp;apos; is &amp;apos;Esse campo \u00E9 obrigat\u00F3rio.&amp;apos;</message>
  <nestedLevel>1</nestedLevel>
</record>
<record>
  <date>2018-05-22T11:21:41</date>
  <millis>1526998901226</millis>
  <sequence>122</sequence>
  <level>START</level>
  <class>com.kms.katalon.core.logging.KeywordLogger</class>
  <method>startKeyword</method>
  <thread>1</thread>
  <message>Start action : takeScreenshot</message>
  <nestedLevel>2</nestedLevel>
  <property name="startLine">61</property>
  <property name="stepIndex">1</property>
</record>
<record>
  <date>2018-05-22T11:21:43</date>
  <millis>1526998903053</millis>
  <sequence>123</sequence>
  <level>PASSED</level>
  <class>com.kms.katalon.core.logging.KeywordLogger</class>
  <method>logMessage</method>
  <thread>1</thread>
  <message>Screenshot is taken</message>
  <nestedLevel>1</nestedLevel>
  <property name="attachment">Screenshots/TC_MONVIT_CADC_001/1.png</property>
</record>
<record>
  <date>2018-05-22T11:21:43</date>
  <millis>1526998903166</millis>
  <sequence>124</sequence>
  <level>END</level>
  <class>com.kms.katalon.core.logging.KeywordLogger</class>
  <method>endKeyword</method>
  <thread>1</thread>
  <message>End action : takeScreenshot</message>
  <nestedLevel>2</nestedLevel>
</record>
<record>
  <date>2018-05-22T11:21:43</date>
  <millis>1526998903224</millis>
  <sequence>125</sequence>
  <level>START</level>
  <class>com.kms.katalon.core.logging.KeywordLogger</class>
  <method>startKeyword</method>
  <thread>1</thread>
  <message>Start action : Statement - idxImgEvidence = idxImgEvidence + 1</message>
  <nestedLevel>2</nestedLevel>
  <property name="startLine">63</property>
  <property name="stepIndex">2</property>
</record>
<record>
  <date>2018-05-22T11:21:43</date>
  <millis>1526998903787</millis>
  <sequence>126</sequence>
  <level>END</level>
  <class>com.kms.katalon.core.logging.KeywordLogger</class>
  <method>endKeyword</method>
  <thread>1</thread>
  <message>End action : Statement - idxImgEvidence = idxImgEvidence + 1</message>
  <nestedLevel>2</nestedLevel>
</record>
<record>
  <date>2018-05-22T11:21:43</date>
  <millis>1526998903795</millis>
  <sequence>127</sequence>
  <level>END</level>
  <class>com.kms.katalon.core.logging.KeywordLogger</class>
  <method>endKeyword</method>
  <thread>1</thread>
  <message>End action : Statement - If (com.kms.katalon.core.mobile.keyword.MobileBuiltInKeywords.getAttribute(com.kms.katalon.core.testobject.ObjectRepository.findTestObject(OBJ_SCREEN_REGISTER/MSG_VALIDATIONS/lblValidationNomeCompleto), \&amp;quot;text\&amp;quot;, 5) == strMsgCampoObrigatorio)</message>
  <nestedLevel>1</nestedLevel>
</record>
<record>
  <date>2018-05-22T11:21:43</date>
  <millis>1526998903814</millis>
  <sequence>128</sequence>
  <level>START</level>
  <class>com.kms.katalon.core.logging.KeywordLogger</class>
  <method>startKeyword</method>
  <thread>1</thread>
  <message>Start action : setText</message>
  <nestedLevel>1</nestedLevel>
  <property name="startLine">68</property>
  <property name="stepIndex">23</property>
</record>
<record>
  <date>2018-05-22T11:21:46</date>
  <millis>1526998906921</millis>
  <sequence>129</sequence>
  <level>INFO</level>
  <class>com.kms.katalon.core.logging.KeywordLogger</class>
  <method>logMessage</method>
  <thread>1</thread>
  <message>Finding Test Object with id &amp;apos;Object Repository/OBJ_SCREEN_REGISTER/txtCPF&amp;apos;</message>
  <nestedLevel>1</nestedLevel>
</record>
