<?xml version="1.0" encoding="UTF-8" standalone="no"?>
<!DOCTYPE log SYSTEM "logger.dtd">
<log>
<record>
  <date>2018-05-23T15:37:42</date>
  <millis>1527100662171</millis>
  <sequence>0</sequence>
  <level>START</level>
  <class>com.kms.katalon.core.logging.KeywordLogger</class>
  <method>startSuite</method>
  <thread>1</thread>
  <message>Start Test Suite : Test Suites/TS_TC_MONVIT_CADC_001</message>
  <nestedLevel>0</nestedLevel>
  <property name="name">TS_TC_MONVIT_CADC_001</property>
  <property name="description"></property>
  <property name="id">Test Suites/TS_TC_MONVIT_CADC_001</property>
</record>
<record>
  <date>2018-05-23T15:37:42</date>
  <millis>1527100662191</millis>
  <sequence>1</sequence>
  <level>RUN_DATA</level>
  <class>com.kms.katalon.core.logging.KeywordLogger</class>
  <method>logMessage</method>
  <thread>1</thread>
  <message>Logging run data &amp;apos;hostName&amp;apos; with value &amp;apos;rafael.henrique - MVBRRECDSK2925.mvrec.local&amp;apos;</message>
  <nestedLevel>0</nestedLevel>
  <property name="hostName">rafael.henrique - MVBRRECDSK2925.mvrec.local</property>
</record>
<record>
  <date>2018-05-23T15:37:42</date>
  <millis>1527100662192</millis>
  <sequence>2</sequence>
  <level>RUN_DATA</level>
  <class>com.kms.katalon.core.logging.KeywordLogger</class>
  <method>logMessage</method>
  <thread>1</thread>
  <message>Logging run data &amp;apos;os&amp;apos; with value &amp;apos;Windows 7 64bit&amp;apos;</message>
  <nestedLevel>0</nestedLevel>
  <property name="os">Windows 7 64bit</property>
</record>
<record>
  <date>2018-05-23T15:37:42</date>
  <millis>1527100662193</millis>
  <sequence>3</sequence>
  <level>RUN_DATA</level>
  <class>com.kms.katalon.core.logging.KeywordLogger</class>
  <method>logMessage</method>
  <thread>1</thread>
  <message>Logging run data &amp;apos;hostAddress&amp;apos; with value &amp;apos;192.168.7.231&amp;apos;</message>
  <nestedLevel>0</nestedLevel>
  <property name="hostAddress">192.168.7.231</property>
</record>
<record>
  <date>2018-05-23T15:37:42</date>
  <millis>1527100662193</millis>
  <sequence>4</sequence>
  <level>RUN_DATA</level>
  <class>com.kms.katalon.core.logging.KeywordLogger</class>
  <method>logMessage</method>
  <thread>1</thread>
  <message>Logging run data &amp;apos;katalonVersion&amp;apos; with value &amp;apos;5.4.1.1&amp;apos;</message>
  <nestedLevel>0</nestedLevel>
  <property name="katalonVersion">5.4.1.1</property>
</record>
<record>
  <date>2018-05-23T15:37:42</date>
  <millis>1527100662484</millis>
  <sequence>5</sequence>
  <level>START</level>
  <class>com.kms.katalon.core.logging.KeywordLogger</class>
  <method>startTest</method>
  <thread>1</thread>
  <message>Start Test Case : Test Cases/TEST_SCENARIOS/CADASTRO DE CONTAS/TC_MONVIT_CADC_001</message>
  <nestedLevel>1</nestedLevel>
  <property name="name">Test Cases/TEST_SCENARIOS/CADASTRO DE CONTAS/TC_MONVIT_CADC_001</property>
  <property name="description">TC_MONVIT_CADC_001 - Validar obrigatoriedade dos campos abaixo no formul\u00E1rio de cria\u00E7\u00E3o de conta N\u00C3O preenchendo e clicando em salvar\n\nNome completo\nCPF\nData de nascimento\nTelefone celular\nEmail\nConfirme seu email\nSenha\nConfirme sua senha\nTermos de uso</property>
  <property name="id">Test Cases/TEST_SCENARIOS/CADASTRO DE CONTAS/TC_MONVIT_CADC_001</property>
  <property name="source">C:\\Users\\rafael.henrique\\Katalon Studio\\MONVAT\\Test Cases\\TEST_SCENARIOS\\CADASTRO DE CONTAS\\TC_MONVIT_CADC_001.tc</property>
  <property name="isOptional">false</property>
</record>
<record>
  <date>2018-05-23T15:37:42</date>
  <millis>1527100662517</millis>
  <sequence>6</sequence>
  <level>INFO</level>
  <class>com.kms.katalon.core.logging.KeywordLogger</class>
  <method>logMessage</method>
  <thread>1</thread>
  <message>Evaluating variables for test case</message>
  <nestedLevel>1</nestedLevel>
</record>
<record>
  <date>2018-05-23T15:37:42</date>
  <millis>1527100662914</millis>
  <sequence>7</sequence>
  <level>START</level>
  <class>com.kms.katalon.core.logging.KeywordLogger</class>
  <method>startKeyword</method>
  <thread>1</thread>
  <message>Start action : Statement - dataConfig = com.kms.katalon.core.testdata.TestDataFactory.findTestData(CONFIG)</message>
  <nestedLevel>1</nestedLevel>
  <property name="startLine">25</property>
  <property name="stepIndex">1</property>
</record>
<record>
  <date>2018-05-23T15:37:42</date>
  <millis>1527100662919</millis>
  <sequence>8</sequence>
  <level>INFO</level>
  <class>com.kms.katalon.core.logging.KeywordLogger</class>
  <method>logMessage</method>
  <thread>1</thread>
  <message>Checking test data id</message>
  <nestedLevel>1</nestedLevel>
</record>
<record>
  <date>2018-05-23T15:37:42</date>
  <millis>1527100662920</millis>
  <sequence>9</sequence>
  <level>INFO</level>
  <class>com.kms.katalon.core.logging.KeywordLogger</class>
  <method>logMessage</method>
  <thread>1</thread>
  <message>Finding test data with id &amp;apos;Data Files/CONFIG&amp;apos;</message>
  <nestedLevel>1</nestedLevel>
</record>
<record>
  <date>2018-05-23T15:37:42</date>
  <millis>1527100662923</millis>
  <sequence>10</sequence>
  <level>INFO</level>
  <class>com.kms.katalon.core.logging.KeywordLogger</class>
  <method>logMessage</method>
  <thread>1</thread>
  <message>Test data is excel file, reading excel file</message>
  <nestedLevel>1</nestedLevel>
</record>
<record>
  <date>2018-05-23T15:37:42</date>
  <millis>1527100662924</millis>
  <sequence>11</sequence>
  <level>INFO</level>
  <class>com.kms.katalon.core.logging.KeywordLogger</class>
  <method>logMessage</method>
  <thread>1</thread>
  <message>Reading excel file with source file &amp;apos;C:\\Users\\rafael.henrique\\Desktop\\AutoExec_GH - [Template].xlsx&amp;apos; and sheet name &amp;apos;Config&amp;apos;</message>
  <nestedLevel>1</nestedLevel>
</record>
<record>
  <date>2018-05-23T15:37:43</date>
  <millis>1527100663763</millis>
  <sequence>12</sequence>
  <level>END</level>
  <class>com.kms.katalon.core.logging.KeywordLogger</class>
  <method>endKeyword</method>
  <thread>1</thread>
  <message>End action : Statement - dataConfig = com.kms.katalon.core.testdata.TestDataFactory.findTestData(CONFIG)</message>
  <nestedLevel>1</nestedLevel>
</record>
<record>
  <date>2018-05-23T15:37:43</date>
  <millis>1527100663763</millis>
  <sequence>13</sequence>
  <level>START</level>
  <class>com.kms.katalon.core.logging.KeywordLogger</class>
  <method>startKeyword</method>
  <thread>1</thread>
  <message>Start action : Statement - dataTC = com.kms.katalon.core.testdata.TestDataFactory.findTestData(DP_MONITORING_VITALS)</message>
  <nestedLevel>1</nestedLevel>
  <property name="startLine">26</property>
  <property name="stepIndex">2</property>
</record>
<record>
  <date>2018-05-23T15:37:43</date>
  <millis>1527100663764</millis>
  <sequence>14</sequence>
  <level>INFO</level>
  <class>com.kms.katalon.core.logging.KeywordLogger</class>
  <method>logMessage</method>
  <thread>1</thread>
  <message>Checking test data id</message>
  <nestedLevel>1</nestedLevel>
</record>
<record>
  <date>2018-05-23T15:37:43</date>
  <millis>1527100663765</millis>
  <sequence>15</sequence>
  <level>INFO</level>
  <class>com.kms.katalon.core.logging.KeywordLogger</class>
  <method>logMessage</method>
  <thread>1</thread>
  <message>Finding test data with id &amp;apos;Data Files/DP_MONITORING_VITALS&amp;apos;</message>
  <nestedLevel>1</nestedLevel>
</record>
<record>
  <date>2018-05-23T15:37:43</date>
  <millis>1527100663768</millis>
  <sequence>16</sequence>
  <level>INFO</level>
  <class>com.kms.katalon.core.logging.KeywordLogger</class>
  <method>logMessage</method>
  <thread>1</thread>
  <message>Test data is excel file, reading excel file</message>
  <nestedLevel>1</nestedLevel>
</record>
<record>
  <date>2018-05-23T15:37:43</date>
  <millis>1527100663768</millis>
  <sequence>17</sequence>
  <level>INFO</level>
  <class>com.kms.katalon.core.logging.KeywordLogger</class>
  <method>logMessage</method>
  <thread>1</thread>
  <message>Reading excel file with source file &amp;apos;C:\\Users\\rafael.henrique\\Katalon Studio\\MONVAT\\Data Files\\AutoExec_GH - [Template].xlsx&amp;apos; and sheet name &amp;apos;Scripts&amp;apos;</message>
  <nestedLevel>1</nestedLevel>
</record>
<record>
  <date>2018-05-23T15:37:43</date>
  <millis>1527100663820</millis>
  <sequence>18</sequence>
  <level>END</level>
  <class>com.kms.katalon.core.logging.KeywordLogger</class>
  <method>endKeyword</method>
  <thread>1</thread>
  <message>End action : Statement - dataTC = com.kms.katalon.core.testdata.TestDataFactory.findTestData(DP_MONITORING_VITALS)</message>
  <nestedLevel>1</nestedLevel>
</record>
<record>
  <date>2018-05-23T15:37:43</date>
  <millis>1527100663821</millis>
  <sequence>19</sequence>
  <level>START</level>
  <class>com.kms.katalon.core.logging.KeywordLogger</class>
  <method>startKeyword</method>
  <thread>1</thread>
  <message>Start action : Statement - testCaseID = dataTC.getValue(2, 1)</message>
  <nestedLevel>1</nestedLevel>
  <property name="startLine">28</property>
  <property name="stepIndex">3</property>
</record>
<record>
  <date>2018-05-23T15:37:43</date>
  <millis>1527100663841</millis>
  <sequence>20</sequence>
  <level>END</level>
  <class>com.kms.katalon.core.logging.KeywordLogger</class>
  <method>endKeyword</method>
  <thread>1</thread>
  <message>End action : Statement - testCaseID = dataTC.getValue(2, 1)</message>
  <nestedLevel>1</nestedLevel>
</record>
<record>
  <date>2018-05-23T15:37:43</date>
  <millis>1527100663842</millis>
  <sequence>21</sequence>
  <level>START</level>
  <class>com.kms.katalon.core.logging.KeywordLogger</class>
  <method>startKeyword</method>
  <thread>1</thread>
  <message>Start action : Statement - folderScreenshotsTestCase = new java.io.File(dataConfig.getValue(3, 3))</message>
  <nestedLevel>1</nestedLevel>
  <property name="startLine">29</property>
  <property name="stepIndex">4</property>
</record>
<record>
  <date>2018-05-23T15:37:43</date>
  <millis>1527100663853</millis>
  <sequence>22</sequence>
  <level>END</level>
  <class>com.kms.katalon.core.logging.KeywordLogger</class>
  <method>endKeyword</method>
  <thread>1</thread>
  <message>End action : Statement - folderScreenshotsTestCase = new java.io.File(dataConfig.getValue(3, 3))</message>
  <nestedLevel>1</nestedLevel>
</record>
<record>
  <date>2018-05-23T15:37:43</date>
  <millis>1527100663853</millis>
  <sequence>23</sequence>
  <level>START</level>
  <class>com.kms.katalon.core.logging.KeywordLogger</class>
  <method>startKeyword</method>
  <thread>1</thread>
  <message>Start action : Statement - pathAPK = dataConfig.getValue(2, 2)</message>
  <nestedLevel>1</nestedLevel>
  <property name="startLine">30</property>
  <property name="stepIndex">5</property>
</record>
<record>
  <date>2018-05-23T15:37:43</date>
  <millis>1527100663854</millis>
  <sequence>24</sequence>
  <level>END</level>
  <class>com.kms.katalon.core.logging.KeywordLogger</class>
  <method>endKeyword</method>
  <thread>1</thread>
  <message>End action : Statement - pathAPK = dataConfig.getValue(2, 2)</message>
  <nestedLevel>1</nestedLevel>
</record>
<record>
  <date>2018-05-23T15:37:43</date>
  <millis>1527100663854</millis>
  <sequence>25</sequence>
  <level>START</level>
  <class>com.kms.katalon.core.logging.KeywordLogger</class>
  <method>startKeyword</method>
  <thread>1</thread>
  <message>Start action : Statement - idxImgEvidence = 0</message>
  <nestedLevel>1</nestedLevel>
  <property name="startLine">31</property>
  <property name="stepIndex">6</property>
</record>
<record>
  <date>2018-05-23T15:37:43</date>
  <millis>1527100663855</millis>
  <sequence>26</sequence>
  <level>END</level>
  <class>com.kms.katalon.core.logging.KeywordLogger</class>
  <method>endKeyword</method>
  <thread>1</thread>
  <message>End action : Statement - idxImgEvidence = 0</message>
  <nestedLevel>1</nestedLevel>
</record>
<record>
  <date>2018-05-23T15:37:43</date>
  <millis>1527100663855</millis>
  <sequence>27</sequence>
  <level>START</level>
  <class>com.kms.katalon.core.logging.KeywordLogger</class>
  <method>startKeyword</method>
  <thread>1</thread>
  <message>Start action : Statement - If (!(folderScreenshotsTestCase.exists()))</message>
  <nestedLevel>1</nestedLevel>
  <property name="startLine">34</property>
  <property name="stepIndex">7</property>
</record>
<record>
  <date>2018-05-23T15:37:43</date>
  <millis>1527100663857</millis>
  <sequence>28</sequence>
  <level>END</level>
  <class>com.kms.katalon.core.logging.KeywordLogger</class>
  <method>endKeyword</method>
  <thread>1</thread>
  <message>End action : Statement - If (!(folderScreenshotsTestCase.exists()))</message>
  <nestedLevel>1</nestedLevel>
</record>
<record>
  <date>2018-05-23T15:37:43</date>
  <millis>1527100663858</millis>
  <sequence>29</sequence>
  <level>START</level>
  <class>com.kms.katalon.core.logging.KeywordLogger</class>
  <method>startKeyword</method>
  <thread>1</thread>
  <message>Start action : callTestCase</message>
  <nestedLevel>1</nestedLevel>
  <property name="startLine">39</property>
  <property name="stepIndex">8</property>
</record>
<record>
  <date>2018-05-23T15:37:43</date>
  <millis>1527100663909</millis>
  <sequence>30</sequence>
  <level>INFO</level>
  <class>com.kms.katalon.core.logging.KeywordLogger</class>
  <method>logMessage</method>
  <thread>1</thread>
  <message>Checking called Test Case</message>
  <nestedLevel>1</nestedLevel>
</record>
<record>
  <date>2018-05-23T15:37:43</date>
  <millis>1527100663910</millis>
  <sequence>31</sequence>
  <level>INFO</level>
  <class>com.kms.katalon.core.logging.KeywordLogger</class>
  <method>logMessage</method>
  <thread>1</thread>
  <message>Starting to call Test Case &amp;apos;Test Cases/START_APPLICATION/TC_START_APPLICATION&amp;apos;</message>
  <nestedLevel>1</nestedLevel>
</record>
<record>
  <date>2018-05-23T15:37:43</date>
  <millis>1527100663962</millis>
  <sequence>32</sequence>
  <level>START</level>
  <class>com.kms.katalon.core.logging.KeywordLogger</class>
  <method>startTest</method>
  <thread>1</thread>
  <message>Start Test Case : Test Cases/START_APPLICATION/TC_START_APPLICATION</message>
  <nestedLevel>2</nestedLevel>
  <property name="name">Test Cases/START_APPLICATION/TC_START_APPLICATION</property>
  <property name="description">TestCase which start application Monitoring Vitals</property>
  <property name="id">Test Cases/START_APPLICATION/TC_START_APPLICATION</property>
  <property name="source">C:\\Users\\rafael.henrique\\Katalon Studio\\MONVAT\\Test Cases\\START_APPLICATION\\TC_START_APPLICATION.tc</property>
  <property name="isOptional">false</property>
</record>
<record>
  <date>2018-05-23T15:37:43</date>
  <millis>1527100663967</millis>
  <sequence>33</sequence>
  <level>INFO</level>
  <class>com.kms.katalon.core.logging.KeywordLogger</class>
  <method>logMessage</method>
  <thread>1</thread>
  <message>Evaluating variables for test case</message>
  <nestedLevel>2</nestedLevel>
</record>
<record>
  <date>2018-05-23T15:37:43</date>
  <millis>1527100663968</millis>
  <sequence>34</sequence>
  <level>INFO</level>
  <class>com.kms.katalon.core.logging.KeywordLogger</class>
  <method>logMessage</method>
  <thread>1</thread>
  <message>Variable &amp;apos;pathApp&amp;apos; is set to APK/MONVIT_v1.7.24.apk</message>
  <nestedLevel>2</nestedLevel>
</record>
<record>
  <date>2018-05-23T15:37:44</date>
  <millis>1527100664126</millis>
  <sequence>35</sequence>
  <level>START</level>
  <class>com.kms.katalon.core.logging.KeywordLogger</class>
  <method>startKeyword</method>
  <thread>1</thread>
  <message>Start action : startApplication</message>
  <nestedLevel>1</nestedLevel>
  <property name="startLine">22</property>
  <property name="stepIndex">1</property>
</record>
<record>
  <date>2018-05-23T15:37:44</date>
  <millis>1527100664245</millis>
  <sequence>36</sequence>
  <level>INFO</level>
  <class>com.kms.katalon.core.logging.KeywordLogger</class>
  <method>logMessage</method>
  <thread>1</thread>
  <message>Starting app at: &amp;apos;C:\\Users\\rafael.henrique\\Katalon Studio\\MONVAT\\APK\\MONVIT_v1.7.24.apk&amp;apos;</message>
  <nestedLevel>2</nestedLevel>
</record>
<record>
  <date>2018-05-23T15:37:47</date>
  <millis>1527100667467</millis>
  <sequence>37</sequence>
  <level>INFO</level>
  <class>com.kms.katalon.core.logging.KeywordLogger</class>
  <method>logMessage</method>
  <thread>1</thread>
  <message>Appium server started on port 56.409</message>
  <nestedLevel>2</nestedLevel>
</record>
<record>
  <date>2018-05-23T15:38:18</date>
  <millis>1527100698066</millis>
  <sequence>39</sequence>
  <level>RUN_DATA</level>
  <class>com.kms.katalon.core.logging.KeywordLogger</class>
  <method>logMessage</method>
  <thread>1</thread>
  <message>Logging run data &amp;apos;appiumVersion&amp;apos; with value &amp;apos;1.8.0&amp;apos;</message>
  <nestedLevel>2</nestedLevel>
  <property name="appiumVersion">1.8.0</property>
</record>
<record>
  <date>2018-05-23T15:38:18</date>
  <millis>1527100698081</millis>
  <sequence>40</sequence>
  <level>RUN_DATA</level>
  <class>com.kms.katalon.core.logging.KeywordLogger</class>
  <method>logMessage</method>
  <thread>1</thread>
  <message>Logging run data &amp;apos;deviceId&amp;apos; with value &amp;apos;0038153251&amp;apos;</message>
  <nestedLevel>2</nestedLevel>
  <property name="deviceId">0038153251</property>
</record>
<record>
  <date>2018-05-23T15:38:18</date>
  <millis>1527100698081</millis>
  <sequence>41</sequence>
  <level>RUN_DATA</level>
  <class>com.kms.katalon.core.logging.KeywordLogger</class>
  <method>logMessage</method>
  <thread>1</thread>
  <message>Logging run data &amp;apos;deviceName&amp;apos; with value &amp;apos;motorola Moto G (5) (Android 7.0)&amp;apos;</message>
  <nestedLevel>2</nestedLevel>
  <property name="deviceName">motorola Moto G (5) (Android 7.0)</property>
</record>
<record>
  <date>2018-05-23T15:38:18</date>
  <millis>1527100698082</millis>
  <sequence>42</sequence>
  <level>RUN_DATA</level>
  <class>com.kms.katalon.core.logging.KeywordLogger</class>
  <method>logMessage</method>
  <thread>1</thread>
  <message>Logging run data &amp;apos;deviceModel&amp;apos; with value &amp;apos;Moto G (5)&amp;apos;</message>
  <nestedLevel>2</nestedLevel>
  <property name="deviceModel">Moto G (5)</property>
</record>
<record>
  <date>2018-05-23T15:38:18</date>
  <millis>1527100698082</millis>
  <sequence>43</sequence>
  <level>RUN_DATA</level>
  <class>com.kms.katalon.core.logging.KeywordLogger</class>
  <method>logMessage</method>
  <thread>1</thread>
  <message>Logging run data &amp;apos;deviceManufacturer&amp;apos; with value &amp;apos;motorola&amp;apos;</message>
  <nestedLevel>2</nestedLevel>
  <property name="deviceManufacturer">motorola</property>
</record>
<record>
  <date>2018-05-23T15:38:18</date>
  <millis>1527100698082</millis>
  <sequence>44</sequence>
  <level>RUN_DATA</level>
  <class>com.kms.katalon.core.logging.KeywordLogger</class>
  <method>logMessage</method>
  <thread>1</thread>
  <message>Logging run data &amp;apos;deviceOS&amp;apos; with value &amp;apos;Android&amp;apos;</message>
  <nestedLevel>2</nestedLevel>
  <property name="deviceOS">Android</property>
</record>
<record>
  <date>2018-05-23T15:38:18</date>
  <millis>1527100698083</millis>
  <sequence>45</sequence>
  <level>RUN_DATA</level>
  <class>com.kms.katalon.core.logging.KeywordLogger</class>
  <method>logMessage</method>
  <thread>1</thread>
  <message>Logging run data &amp;apos;deviceOSVersion&amp;apos; with value &amp;apos;7.0&amp;apos;</message>
  <nestedLevel>2</nestedLevel>
  <property name="deviceOSVersion">7.0</property>
</record>
<record>
  <date>2018-05-23T15:38:18</date>
  <millis>1527100698087</millis>
  <sequence>46</sequence>
  <level>PASSED</level>
  <class>com.kms.katalon.core.logging.KeywordLogger</class>
  <method>logMessage</method>
  <thread>1</thread>
  <message>Started app at: &amp;apos;C:\\Users\\rafael.henrique\\Katalon Studio\\MONVAT\\APK\\MONVIT_v1.7.24.apk&amp;apos;</message>
  <nestedLevel>2</nestedLevel>
</record>
<record>
  <date>2018-05-23T15:38:18</date>
  <millis>1527100698087</millis>
  <sequence>47</sequence>
  <level>END</level>
  <class>com.kms.katalon.core.logging.KeywordLogger</class>
  <method>endKeyword</method>
  <thread>1</thread>
  <message>End action : startApplication</message>
  <nestedLevel>1</nestedLevel>
</record>
<record>
  <date>2018-05-23T15:38:18</date>
  <millis>1527100698088</millis>
  <sequence>48</sequence>
  <level>PASSED</level>
  <class>com.kms.katalon.core.logging.KeywordLogger</class>
  <method>logMessage</method>
  <thread>1</thread>
  <message>Test Cases/START_APPLICATION/TC_START_APPLICATION</message>
  <nestedLevel>2</nestedLevel>
</record>
<record>
  <date>2018-05-23T15:38:18</date>
  <millis>1527100698088</millis>
  <sequence>49</sequence>
  <level>END</level>
  <class>com.kms.katalon.core.logging.KeywordLogger</class>
  <method>endTest</method>
  <thread>1</thread>
  <message>End Test Case : Test Cases/START_APPLICATION/TC_START_APPLICATION</message>
  <nestedLevel>1</nestedLevel>
</record>
<record>
  <date>2018-05-23T15:38:18</date>
  <millis>1527100698092</millis>
  <sequence>50</sequence>
  <level>PASSED</level>
  <class>com.kms.katalon.core.logging.KeywordLogger</class>
  <method>logMessage</method>
  <thread>1</thread>
  <message>Call Test Case &amp;apos;Test Cases/START_APPLICATION/TC_START_APPLICATION&amp;apos; successfully</message>
  <nestedLevel>1</nestedLevel>
</record>
<record>
  <date>2018-05-23T15:38:18</date>
  <millis>1527100698092</millis>
  <sequence>51</sequence>
  <level>END</level>
  <class>com.kms.katalon.core.logging.KeywordLogger</class>
  <method>endKeyword</method>
  <thread>1</thread>
  <message>End action : callTestCase</message>
  <nestedLevel>1</nestedLevel>
</record>
<record>
  <date>2018-05-23T15:38:18</date>
  <millis>1527100698092</millis>
  <sequence>52</sequence>
  <level>START</level>
  <class>com.kms.katalon.core.logging.KeywordLogger</class>
  <method>startKeyword</method>
  <thread>1</thread>
  <message>Start action : callTestCase</message>
  <nestedLevel>1</nestedLevel>
  <property name="startLine">42</property>
  <property name="stepIndex">9</property>
</record>
<record>
  <date>2018-05-23T15:38:18</date>
  <millis>1527100698095</millis>
  <sequence>53</sequence>
  <level>INFO</level>
  <class>com.kms.katalon.core.logging.KeywordLogger</class>
  <method>logMessage</method>
  <thread>1</thread>
  <message>Checking called Test Case</message>
  <nestedLevel>1</nestedLevel>
</record>
<record>
  <date>2018-05-23T15:38:18</date>
  <millis>1527100698095</millis>
  <sequence>54</sequence>
  <level>INFO</level>
  <class>com.kms.katalon.core.logging.KeywordLogger</class>
  <method>logMessage</method>
  <thread>1</thread>
  <message>Starting to call Test Case &amp;apos;Test Cases/NAVIGATION_MENU/TC_NAVIGATION_CADASTRO&amp;apos;</message>
  <nestedLevel>1</nestedLevel>
</record>
<record>
  <date>2018-05-23T15:38:18</date>
  <millis>1527100698147</millis>
  <sequence>55</sequence>
  <level>START</level>
  <class>com.kms.katalon.core.logging.KeywordLogger</class>
  <method>startTest</method>
  <thread>1</thread>
  <message>Start Test Case : Test Cases/NAVIGATION_MENU/TC_NAVIGATION_CADASTRO</message>
  <nestedLevel>2</nestedLevel>
  <property name="name">Test Cases/NAVIGATION_MENU/TC_NAVIGATION_CADASTRO</property>
  <property name="description">TestCase que navega at\u00E9 a tela de Cadastro de um novo usu\u00E1rio a partir de qualquer tela</property>
  <property name="id">Test Cases/NAVIGATION_MENU/TC_NAVIGATION_CADASTRO</property>
  <property name="source">C:\\Users\\rafael.henrique\\Katalon Studio\\MONVAT\\Test Cases\\NAVIGATION_MENU\\TC_NAVIGATION_CADASTRO.tc</property>
  <property name="isOptional">false</property>
</record>
<record>
  <date>2018-05-23T15:38:18</date>
  <millis>1527100698152</millis>
  <sequence>56</sequence>
  <level>INFO</level>
  <class>com.kms.katalon.core.logging.KeywordLogger</class>
  <method>logMessage</method>
  <thread>1</thread>
  <message>Evaluating variables for test case</message>
  <nestedLevel>2</nestedLevel>
</record>
<record>
  <date>2018-05-23T15:38:18</date>
  <millis>1527100698270</millis>
  <sequence>57</sequence>
  <level>START</level>
  <class>com.kms.katalon.core.logging.KeywordLogger</class>
  <method>startKeyword</method>
  <thread>1</thread>
  <message>Start action : delay</message>
  <nestedLevel>1</nestedLevel>
  <property name="startLine">22</property>
  <property name="stepIndex">1</property>
</record>
<record>
  <date>2018-05-23T15:38:18</date>
  <millis>1527100698275</millis>
  <sequence>58</sequence>
  <level>INFO</level>
  <class>com.kms.katalon.core.logging.KeywordLogger</class>
  <method>logMessage</method>
  <thread>1</thread>
  <message>Delaying browser in 5 second(s)</message>
  <nestedLevel>2</nestedLevel>
</record>
<record>
  <date>2018-05-23T15:38:23</date>
  <millis>1527100703276</millis>
  <sequence>59</sequence>
  <level>PASSED</level>
  <class>com.kms.katalon.core.logging.KeywordLogger</class>
  <method>logMessage</method>
  <thread>1</thread>
  <message>Delayed 5 second(s)</message>
  <nestedLevel>2</nestedLevel>
</record>
<record>
  <date>2018-05-23T15:38:23</date>
  <millis>1527100703278</millis>
  <sequence>60</sequence>
  <level>END</level>
  <class>com.kms.katalon.core.logging.KeywordLogger</class>
  <method>endKeyword</method>
  <thread>1</thread>
  <message>End action : delay</message>
  <nestedLevel>1</nestedLevel>
</record>
<record>
  <date>2018-05-23T15:38:23</date>
  <millis>1527100703278</millis>
  <sequence>61</sequence>
  <level>START</level>
  <class>com.kms.katalon.core.logging.KeywordLogger</class>
  <method>startKeyword</method>
  <thread>1</thread>
  <message>Start action : hideKeyboard</message>
  <nestedLevel>1</nestedLevel>
  <property name="startLine">24</property>
  <property name="stepIndex">2</property>
</record>
<record>
  <date>2018-05-23T15:38:23</date>
  <millis>1527100703923</millis>
  <sequence>62</sequence>
  <level>PASSED</level>
  <class>com.kms.katalon.core.logging.KeywordLogger</class>
  <method>logMessage</method>
  <thread>1</thread>
  <message>Keyboard is hidden</message>
  <nestedLevel>2</nestedLevel>
</record>
<record>
  <date>2018-05-23T15:38:24</date>
  <millis>1527100704018</millis>
  <sequence>63</sequence>
  <level>END</level>
  <class>com.kms.katalon.core.logging.KeywordLogger</class>
  <method>endKeyword</method>
  <thread>1</thread>
  <message>End action : hideKeyboard</message>
  <nestedLevel>1</nestedLevel>
</record>
<record>
  <date>2018-05-23T15:38:24</date>
  <millis>1527100704018</millis>
  <sequence>64</sequence>
  <level>START</level>
  <class>com.kms.katalon.core.logging.KeywordLogger</class>
  <method>startKeyword</method>
  <thread>1</thread>
  <message>Start action : delay</message>
  <nestedLevel>1</nestedLevel>
  <property name="startLine">26</property>
  <property name="stepIndex">3</property>
</record>
<record>
  <date>2018-05-23T15:38:24</date>
  <millis>1527100704018</millis>
  <sequence>65</sequence>
  <level>INFO</level>
  <class>com.kms.katalon.core.logging.KeywordLogger</class>
  <method>logMessage</method>
  <thread>1</thread>
  <message>Delaying browser in 2 second(s)</message>
  <nestedLevel>2</nestedLevel>
</record>
<record>
  <date>2018-05-23T15:38:26</date>
  <millis>1527100706019</millis>
  <sequence>66</sequence>
  <level>PASSED</level>
  <class>com.kms.katalon.core.logging.KeywordLogger</class>
  <method>logMessage</method>
  <thread>1</thread>
  <message>Delayed 2 second(s)</message>
  <nestedLevel>2</nestedLevel>
</record>
<record>
  <date>2018-05-23T15:38:26</date>
  <millis>1527100706021</millis>
  <sequence>67</sequence>
  <level>END</level>
  <class>com.kms.katalon.core.logging.KeywordLogger</class>
  <method>endKeyword</method>
  <thread>1</thread>
  <message>End action : delay</message>
  <nestedLevel>1</nestedLevel>
</record>
<record>
  <date>2018-05-23T15:38:26</date>
  <millis>1527100706022</millis>
  <sequence>68</sequence>
  <level>START</level>
  <class>com.kms.katalon.core.logging.KeywordLogger</class>
  <method>startKeyword</method>
  <thread>1</thread>
  <message>Start action : tap</message>
  <nestedLevel>1</nestedLevel>
  <property name="startLine">28</property>
  <property name="stepIndex">4</property>
</record>
<record>
  <date>2018-05-23T15:38:26</date>
  <millis>1527100706037</millis>
  <sequence>69</sequence>
  <level>INFO</level>
  <class>com.kms.katalon.core.logging.KeywordLogger</class>
  <method>logMessage</method>
  <thread>1</thread>
  <message>Finding Test Object with id &amp;apos;Object Repository/OBJ_LOGIN_SCREEN/android.widget.Button1 - No tenho uma conta. Quero me cadastrar.&amp;apos;</message>
  <nestedLevel>2</nestedLevel>
</record>
<record>
  <date>2018-05-23T15:38:26</date>
  <millis>1527100706073</millis>
  <sequence>70</sequence>
  <level>INFO</level>
  <class>com.kms.katalon.core.logging.KeywordLogger</class>
  <method>logMessage</method>
  <thread>1</thread>
  <message>Checking object</message>
  <nestedLevel>2</nestedLevel>
</record>
<record>
  <date>2018-05-23T15:38:26</date>
  <millis>1527100706073</millis>
  <sequence>71</sequence>
  <level>INFO</level>
  <class>com.kms.katalon.core.logging.KeywordLogger</class>
  <method>logMessage</method>
  <thread>1</thread>
  <message>Checking timeout</message>
  <nestedLevel>2</nestedLevel>
</record>
<record>
  <date>2018-05-23T15:38:27</date>
  <millis>1527100707754</millis>
  <sequence>72</sequence>
  <level>PASSED</level>
  <class>com.kms.katalon.core.logging.KeywordLogger</class>
  <method>logMessage</method>
  <thread>1</thread>
  <message>Tapped on element &amp;apos;Object Repository/OBJ_LOGIN_SCREEN/android.widget.Button1 - No tenho uma conta. Quero me cadastrar.&amp;apos;</message>
  <nestedLevel>2</nestedLevel>
</record>
<record>
  <date>2018-05-23T15:38:27</date>
  <millis>1527100707755</millis>
  <sequence>73</sequence>
  <level>END</level>
  <class>com.kms.katalon.core.logging.KeywordLogger</class>
  <method>endKeyword</method>
  <thread>1</thread>
  <message>End action : tap</message>
  <nestedLevel>1</nestedLevel>
</record>
<record>
  <date>2018-05-23T15:38:27</date>
  <millis>1527100707756</millis>
  <sequence>74</sequence>
  <level>START</level>
  <class>com.kms.katalon.core.logging.KeywordLogger</class>
  <method>startKeyword</method>
  <thread>1</thread>
  <message>Start action : delay</message>
  <nestedLevel>1</nestedLevel>
  <property name="startLine">30</property>
  <property name="stepIndex">5</property>
</record>
<record>
  <date>2018-05-23T15:38:27</date>
  <millis>1527100707758</millis>
  <sequence>75</sequence>
  <level>INFO</level>
  <class>com.kms.katalon.core.logging.KeywordLogger</class>
  <method>logMessage</method>
  <thread>1</thread>
  <message>Delaying browser in 2 second(s)</message>
  <nestedLevel>2</nestedLevel>
</record>
<record>
  <date>2018-05-23T15:38:29</date>
  <millis>1527100709759</millis>
  <sequence>76</sequence>
  <level>PASSED</level>
  <class>com.kms.katalon.core.logging.KeywordLogger</class>
  <method>logMessage</method>
  <thread>1</thread>
  <message>Delayed 2 second(s)</message>
  <nestedLevel>2</nestedLevel>
</record>
<record>
  <date>2018-05-23T15:38:29</date>
  <millis>1527100709760</millis>
  <sequence>77</sequence>
  <level>END</level>
  <class>com.kms.katalon.core.logging.KeywordLogger</class>
  <method>endKeyword</method>
  <thread>1</thread>
  <message>End action : delay</message>
  <nestedLevel>1</nestedLevel>
</record>
<record>
  <date>2018-05-23T15:38:29</date>
  <millis>1527100709761</millis>
  <sequence>78</sequence>
  <level>PASSED</level>
  <class>com.kms.katalon.core.logging.KeywordLogger</class>
  <method>logMessage</method>
  <thread>1</thread>
  <message>Test Cases/NAVIGATION_MENU/TC_NAVIGATION_CADASTRO</message>
  <nestedLevel>2</nestedLevel>
</record>
<record>
  <date>2018-05-23T15:38:29</date>
  <millis>1527100709761</millis>
  <sequence>79</sequence>
  <level>END</level>
  <class>com.kms.katalon.core.logging.KeywordLogger</class>
  <method>endTest</method>
  <thread>1</thread>
  <message>End Test Case : Test Cases/NAVIGATION_MENU/TC_NAVIGATION_CADASTRO</message>
  <nestedLevel>1</nestedLevel>
</record>
<record>
  <date>2018-05-23T15:38:29</date>
  <millis>1527100709762</millis>
  <sequence>80</sequence>
  <level>PASSED</level>
  <class>com.kms.katalon.core.logging.KeywordLogger</class>
  <method>logMessage</method>
  <thread>1</thread>
  <message>Call Test Case &amp;apos;Test Cases/NAVIGATION_MENU/TC_NAVIGATION_CADASTRO&amp;apos; successfully</message>
  <nestedLevel>1</nestedLevel>
</record>
<record>
  <date>2018-05-23T15:38:29</date>
  <millis>1527100709764</millis>
  <sequence>81</sequence>
  <level>END</level>
  <class>com.kms.katalon.core.logging.KeywordLogger</class>
  <method>endKeyword</method>
  <thread>1</thread>
  <message>End action : callTestCase</message>
  <nestedLevel>1</nestedLevel>
</record>
<record>
  <date>2018-05-23T15:38:29</date>
  <millis>1527100709765</millis>
  <sequence>82</sequence>
  <level>START</level>
  <class>com.kms.katalon.core.logging.KeywordLogger</class>
  <method>startKeyword</method>
  <thread>1</thread>
  <message>Start action : Statement - objTituloTela = dataTC.getValue(13, 6)</message>
  <nestedLevel>1</nestedLevel>
  <property name="startLine">45</property>
  <property name="stepIndex">10</property>
</record>
<record>
  <date>2018-05-23T15:38:29</date>
  <millis>1527100709767</millis>
  <sequence>83</sequence>
  <level>END</level>
  <class>com.kms.katalon.core.logging.KeywordLogger</class>
  <method>endKeyword</method>
  <thread>1</thread>
  <message>End action : Statement - objTituloTela = dataTC.getValue(13, 6)</message>
  <nestedLevel>1</nestedLevel>
</record>
<record>
  <date>2018-05-23T15:38:29</date>
  <millis>1527100709767</millis>
  <sequence>84</sequence>
  <level>START</level>
  <class>com.kms.katalon.core.logging.KeywordLogger</class>
  <method>startKeyword</method>
  <thread>1</thread>
  <message>Start action : Statement - valueTituloTela = dataTC.getValue(14, 6)</message>
  <nestedLevel>1</nestedLevel>
  <property name="startLine">46</property>
  <property name="stepIndex">11</property>
</record>
<record>
  <date>2018-05-23T15:38:29</date>
  <millis>1527100709769</millis>
  <sequence>85</sequence>
  <level>END</level>
  <class>com.kms.katalon.core.logging.KeywordLogger</class>
  <method>endKeyword</method>
  <thread>1</thread>
  <message>End action : Statement - valueTituloTela = dataTC.getValue(14, 6)</message>
  <nestedLevel>1</nestedLevel>
</record>
<record>
  <date>2018-05-23T15:38:29</date>
  <millis>1527100709770</millis>
  <sequence>86</sequence>
  <level>START</level>
  <class>com.kms.katalon.core.logging.KeywordLogger</class>
  <method>startKeyword</method>
  <thread>1</thread>
  <message>Start action : Statement - objNomeCompleto = dataTC.getValue(13, 7)</message>
  <nestedLevel>1</nestedLevel>
  <property name="startLine">47</property>
  <property name="stepIndex">12</property>
</record>
<record>
  <date>2018-05-23T15:38:29</date>
  <millis>1527100709771</millis>
  <sequence>87</sequence>
  <level>END</level>
  <class>com.kms.katalon.core.logging.KeywordLogger</class>
  <method>endKeyword</method>
  <thread>1</thread>
  <message>End action : Statement - objNomeCompleto = dataTC.getValue(13, 7)</message>
  <nestedLevel>1</nestedLevel>
</record>
<record>
  <date>2018-05-23T15:38:29</date>
  <millis>1527100709772</millis>
  <sequence>88</sequence>
  <level>START</level>
  <class>com.kms.katalon.core.logging.KeywordLogger</class>
  <method>startKeyword</method>
  <thread>1</thread>
  <message>Start action : Statement - valueNomeCompleto = dataTC.getValue(14, 7)</message>
  <nestedLevel>1</nestedLevel>
  <property name="startLine">48</property>
  <property name="stepIndex">13</property>
</record>
<record>
  <date>2018-05-23T15:38:29</date>
  <millis>1527100709774</millis>
  <sequence>89</sequence>
  <level>END</level>
  <class>com.kms.katalon.core.logging.KeywordLogger</class>
  <method>endKeyword</method>
  <thread>1</thread>
  <message>End action : Statement - valueNomeCompleto = dataTC.getValue(14, 7)</message>
  <nestedLevel>1</nestedLevel>
</record>
<record>
  <date>2018-05-23T15:38:29</date>
  <millis>1527100709775</millis>
  <sequence>90</sequence>
  <level>START</level>
  <class>com.kms.katalon.core.logging.KeywordLogger</class>
  <method>startKeyword</method>
  <thread>1</thread>
  <message>Start action : Statement - objCPF = dataTC.getValue(13, 8)</message>
  <nestedLevel>1</nestedLevel>
  <property name="startLine">49</property>
  <property name="stepIndex">14</property>
</record>
<record>
  <date>2018-05-23T15:38:29</date>
  <millis>1527100709777</millis>
  <sequence>91</sequence>
  <level>END</level>
  <class>com.kms.katalon.core.logging.KeywordLogger</class>
  <method>endKeyword</method>
  <thread>1</thread>
  <message>End action : Statement - objCPF = dataTC.getValue(13, 8)</message>
  <nestedLevel>1</nestedLevel>
</record>
<record>
  <date>2018-05-23T15:38:29</date>
  <millis>1527100709778</millis>
  <sequence>92</sequence>
  <level>START</level>
  <class>com.kms.katalon.core.logging.KeywordLogger</class>
  <method>startKeyword</method>
  <thread>1</thread>
  <message>Start action : Statement - valueCPF = dataTC.getValue(14, 8)</message>
  <nestedLevel>1</nestedLevel>
  <property name="startLine">50</property>
  <property name="stepIndex">15</property>
</record>
<record>
  <date>2018-05-23T15:38:29</date>
  <millis>1527100709817</millis>
  <sequence>93</sequence>
  <level>END</level>
  <class>com.kms.katalon.core.logging.KeywordLogger</class>
  <method>endKeyword</method>
  <thread>1</thread>
  <message>End action : Statement - valueCPF = dataTC.getValue(14, 8)</message>
  <nestedLevel>1</nestedLevel>
</record>
<record>
  <date>2018-05-23T15:38:29</date>
  <millis>1527100709817</millis>
  <sequence>94</sequence>
  <level>START</level>
  <class>com.kms.katalon.core.logging.KeywordLogger</class>
  <method>startKeyword</method>
  <thread>1</thread>
  <message>Start action : Statement - objDataNascimento = dataTC.getValue(13, 9)</message>
  <nestedLevel>1</nestedLevel>
  <property name="startLine">51</property>
  <property name="stepIndex">16</property>
</record>
<record>
  <date>2018-05-23T15:38:29</date>
  <millis>1527100709820</millis>
  <sequence>95</sequence>
  <level>END</level>
  <class>com.kms.katalon.core.logging.KeywordLogger</class>
  <method>endKeyword</method>
  <thread>1</thread>
  <message>End action : Statement - objDataNascimento = dataTC.getValue(13, 9)</message>
  <nestedLevel>1</nestedLevel>
</record>
<record>
  <date>2018-05-23T15:38:29</date>
  <millis>1527100709820</millis>
  <sequence>96</sequence>
  <level>START</level>
  <class>com.kms.katalon.core.logging.KeywordLogger</class>
  <method>startKeyword</method>
  <thread>1</thread>
  <message>Start action : Statement - valueDataNascimento = dataTC.getValue(14, 9)</message>
  <nestedLevel>1</nestedLevel>
  <property name="startLine">52</property>
  <property name="stepIndex">17</property>
</record>
<record>
  <date>2018-05-23T15:38:29</date>
  <millis>1527100709822</millis>
  <sequence>97</sequence>
  <level>END</level>
  <class>com.kms.katalon.core.logging.KeywordLogger</class>
  <method>endKeyword</method>
  <thread>1</thread>
  <message>End action : Statement - valueDataNascimento = dataTC.getValue(14, 9)</message>
  <nestedLevel>1</nestedLevel>
</record>
<record>
  <date>2018-05-23T15:38:29</date>
  <millis>1527100709822</millis>
  <sequence>98</sequence>
  <level>START</level>
  <class>com.kms.katalon.core.logging.KeywordLogger</class>
  <method>startKeyword</method>
  <thread>1</thread>
  <message>Start action : Statement - objSexo = dataTC.getValue(13, 10)</message>
  <nestedLevel>1</nestedLevel>
  <property name="startLine">53</property>
  <property name="stepIndex">18</property>
</record>
<record>
  <date>2018-05-23T15:38:29</date>
  <millis>1527100709823</millis>
  <sequence>99</sequence>
  <level>END</level>
  <class>com.kms.katalon.core.logging.KeywordLogger</class>
  <method>endKeyword</method>
  <thread>1</thread>
  <message>End action : Statement - objSexo = dataTC.getValue(13, 10)</message>
  <nestedLevel>1</nestedLevel>
</record>
<record>
  <date>2018-05-23T15:38:29</date>
  <millis>1527100709823</millis>
  <sequence>100</sequence>
  <level>START</level>
  <class>com.kms.katalon.core.logging.KeywordLogger</class>
  <method>startKeyword</method>
  <thread>1</thread>
  <message>Start action : Statement - objItemSexo = dataTC.getValue(14, 10)</message>
  <nestedLevel>1</nestedLevel>
  <property name="startLine">54</property>
  <property name="stepIndex">19</property>
</record>
<record>
  <date>2018-05-23T15:38:29</date>
  <millis>1527100709824</millis>
  <sequence>101</sequence>
  <level>END</level>
  <class>com.kms.katalon.core.logging.KeywordLogger</class>
  <method>endKeyword</method>
  <thread>1</thread>
  <message>End action : Statement - objItemSexo = dataTC.getValue(14, 10)</message>
  <nestedLevel>1</nestedLevel>
</record>
<record>
  <date>2018-05-23T15:38:29</date>
  <millis>1527100709824</millis>
  <sequence>102</sequence>
  <level>START</level>
  <class>com.kms.katalon.core.logging.KeywordLogger</class>
  <method>startKeyword</method>
  <thread>1</thread>
  <message>Start action : Statement - objCelular = dataTC.getValue(13, 11)</message>
  <nestedLevel>1</nestedLevel>
  <property name="startLine">55</property>
  <property name="stepIndex">20</property>
</record>
<record>
  <date>2018-05-23T15:38:29</date>
  <millis>1527100709824</millis>
  <sequence>103</sequence>
  <level>END</level>
  <class>com.kms.katalon.core.logging.KeywordLogger</class>
  <method>endKeyword</method>
  <thread>1</thread>
  <message>End action : Statement - objCelular = dataTC.getValue(13, 11)</message>
  <nestedLevel>1</nestedLevel>
</record>
<record>
  <date>2018-05-23T15:38:29</date>
  <millis>1527100709825</millis>
  <sequence>104</sequence>
  <level>START</level>
  <class>com.kms.katalon.core.logging.KeywordLogger</class>
  <method>startKeyword</method>
  <thread>1</thread>
  <message>Start action : Statement - valueCelular = dataTC.getValue(14, 11)</message>
  <nestedLevel>1</nestedLevel>
  <property name="startLine">56</property>
  <property name="stepIndex">21</property>
</record>
<record>
  <date>2018-05-23T15:38:29</date>
  <millis>1527100709825</millis>
  <sequence>105</sequence>
  <level>END</level>
  <class>com.kms.katalon.core.logging.KeywordLogger</class>
  <method>endKeyword</method>
  <thread>1</thread>
  <message>End action : Statement - valueCelular = dataTC.getValue(14, 11)</message>
  <nestedLevel>1</nestedLevel>
</record>
<record>
  <date>2018-05-23T15:38:29</date>
  <millis>1527100709825</millis>
  <sequence>106</sequence>
  <level>START</level>
  <class>com.kms.katalon.core.logging.KeywordLogger</class>
  <method>startKeyword</method>
  <thread>1</thread>
  <message>Start action : hideKeyboard</message>
  <nestedLevel>1</nestedLevel>
  <property name="startLine">58</property>
  <property name="stepIndex">22</property>
</record>
<record>
  <date>2018-05-23T15:38:34</date>
  <millis>1527100714555</millis>
  <sequence>107</sequence>
  <level>PASSED</level>
  <class>com.kms.katalon.core.logging.KeywordLogger</class>
  <method>logMessage</method>
  <thread>1</thread>
  <message>Keyboard is hidden</message>
  <nestedLevel>1</nestedLevel>
</record>
<record>
  <date>2018-05-23T15:38:34</date>
  <millis>1527100714694</millis>
  <sequence>108</sequence>
  <level>END</level>
  <class>com.kms.katalon.core.logging.KeywordLogger</class>
  <method>endKeyword</method>
  <thread>1</thread>
  <message>End action : hideKeyboard</message>
  <nestedLevel>1</nestedLevel>
</record>
<record>
  <date>2018-05-23T15:38:34</date>
  <millis>1527100714695</millis>
  <sequence>109</sequence>
  <level>START</level>
  <class>com.kms.katalon.core.logging.KeywordLogger</class>
  <method>startKeyword</method>
  <thread>1</thread>
  <message>Start action : delay</message>
  <nestedLevel>1</nestedLevel>
  <property name="startLine">59</property>
  <property name="stepIndex">23</property>
</record>
<record>
  <date>2018-05-23T15:38:36</date>
  <millis>1527100716402</millis>
  <sequence>110</sequence>
  <level>INFO</level>
  <class>com.kms.katalon.core.logging.KeywordLogger</class>
  <method>logMessage</method>
  <thread>1</thread>
  <message>Delaying browser in 1 second(s)</message>
  <nestedLevel>1</nestedLevel>
</record>
<record>
  <date>2018-05-23T15:38:37</date>
  <millis>1527100717409</millis>
  <sequence>111</sequence>
  <level>PASSED</level>
  <class>com.kms.katalon.core.logging.KeywordLogger</class>
  <method>logMessage</method>
  <thread>1</thread>
  <message>Delayed 1 second(s)</message>
  <nestedLevel>1</nestedLevel>
</record>
<record>
  <date>2018-05-23T15:38:37</date>
  <millis>1527100717423</millis>
  <sequence>112</sequence>
  <level>END</level>
  <class>com.kms.katalon.core.logging.KeywordLogger</class>
  <method>endKeyword</method>
  <thread>1</thread>
  <message>End action : delay</message>
  <nestedLevel>1</nestedLevel>
</record>
<record>
  <date>2018-05-23T15:38:37</date>
  <millis>1527100717429</millis>
  <sequence>113</sequence>
  <level>START</level>
  <class>com.kms.katalon.core.logging.KeywordLogger</class>
  <method>startKeyword</method>
  <thread>1</thread>
  <message>Start action : Statement - If (com.kms.katalon.core.mobile.keyword.MobileBuiltInKeywords.getAttribute(com.kms.katalon.core.testobject.ObjectRepository.findTestObject(OBJ_SCREEN_REGISTER/lblTituloTela), \&amp;quot;text\&amp;quot;, 5) == valueTituloTela)</message>
  <nestedLevel>1</nestedLevel>
  <property name="startLine">61</property>
  <property name="stepIndex">24</property>
</record>
<record>
  <date>2018-05-23T15:38:39</date>
  <millis>1527100719023</millis>
  <sequence>114</sequence>
  <level>INFO</level>
  <class>com.kms.katalon.core.logging.KeywordLogger</class>
  <method>logMessage</method>
  <thread>1</thread>
  <message>Finding Test Object with id &amp;apos;Object Repository/OBJ_SCREEN_REGISTER/lblTituloTela&amp;apos;</message>
  <nestedLevel>1</nestedLevel>
</record>
<record>
  <date>2018-05-23T15:38:39</date>
  <millis>1527100719120</millis>
  <sequence>115</sequence>
  <level>INFO</level>
  <class>com.kms.katalon.core.logging.KeywordLogger</class>
  <method>logMessage</method>
  <thread>1</thread>
  <message>Checking object</message>
  <nestedLevel>1</nestedLevel>
</record>
<record>
  <date>2018-05-23T15:38:39</date>
  <millis>1527100719121</millis>
  <sequence>116</sequence>
  <level>INFO</level>
  <class>com.kms.katalon.core.logging.KeywordLogger</class>
  <method>logMessage</method>
  <thread>1</thread>
  <message>Checking timeout</message>
  <nestedLevel>1</nestedLevel>
</record>
<record>
  <date>2018-05-23T15:38:39</date>
  <millis>1527100719652</millis>
  <sequence>117</sequence>
  <level>PASSED</level>
  <class>com.kms.katalon.core.logging.KeywordLogger</class>
  <method>logMessage</method>
  <thread>1</thread>
  <message>Element &amp;apos;Object Repository/OBJ_SCREEN_REGISTER/lblTituloTela&amp;apos; has attribute &amp;apos;text&amp;apos; is &amp;apos;Crie sua conta&amp;apos;</message>
  <nestedLevel>1</nestedLevel>
</record>
<record>
  <date>2018-05-23T15:38:39</date>
  <millis>1527100719657</millis>
  <sequence>118</sequence>
  <level>START</level>
  <class>com.kms.katalon.core.logging.KeywordLogger</class>
  <method>startKeyword</method>
  <thread>1</thread>
  <message>Start action : setText</message>
  <nestedLevel>2</nestedLevel>
  <property name="startLine">62</property>
  <property name="stepIndex">1</property>
</record>
<record>
  <date>2018-05-23T15:38:41</date>
  <millis>1527100721424</millis>
  <sequence>119</sequence>
  <level>INFO</level>
  <class>com.kms.katalon.core.logging.KeywordLogger</class>
  <method>logMessage</method>
  <thread>1</thread>
  <message>Finding Test Object with id &amp;apos;Object Repository/OBJ_SCREEN_REGISTER/txtNomeCompleto&amp;apos;</message>
  <nestedLevel>1</nestedLevel>
</record>
<record>
  <date>2018-05-23T15:38:41</date>
  <millis>1527100721571</millis>
  <sequence>120</sequence>
  <level>INFO</level>
  <class>com.kms.katalon.core.logging.KeywordLogger</class>
  <method>logMessage</method>
  <thread>1</thread>
  <message>Checking object</message>
  <nestedLevel>1</nestedLevel>
</record>
<record>
  <date>2018-05-23T15:38:41</date>
  <millis>1527100721572</millis>
  <sequence>121</sequence>
  <level>INFO</level>
  <class>com.kms.katalon.core.logging.KeywordLogger</class>
  <method>logMessage</method>
  <thread>1</thread>
  <message>Checking timeout</message>
  <nestedLevel>1</nestedLevel>
</record>
<record>
  <date>2018-05-23T15:38:43</date>
  <millis>1527100723025</millis>
  <sequence>122</sequence>
  <level>PASSED</level>
  <class>com.kms.katalon.core.logging.KeywordLogger</class>
  <method>logMessage</method>
  <thread>1</thread>
  <message>Text &amp;apos;Carlos de Souza&amp;apos; has been set to element &amp;apos;Object Repository/OBJ_SCREEN_REGISTER/txtNomeCompleto&amp;apos;</message>
  <nestedLevel>1</nestedLevel>
</record>
<record>
  <date>2018-05-23T15:38:43</date>
  <millis>1527100723029</millis>
  <sequence>123</sequence>
  <level>END</level>
  <class>com.kms.katalon.core.logging.KeywordLogger</class>
  <method>endKeyword</method>
  <thread>1</thread>
  <message>End action : setText</message>
  <nestedLevel>2</nestedLevel>
</record>
<record>
  <date>2018-05-23T15:38:43</date>
  <millis>1527100723030</millis>
  <sequence>124</sequence>
  <level>START</level>
  <class>com.kms.katalon.core.logging.KeywordLogger</class>
  <method>startKeyword</method>
  <thread>1</thread>
  <message>Start action : setText</message>
  <nestedLevel>2</nestedLevel>
  <property name="startLine">63</property>
  <property name="stepIndex">2</property>
</record>
<record>
  <date>2018-05-23T15:38:44</date>
  <millis>1527100724040</millis>
  <sequence>125</sequence>
  <level>INFO</level>
  <class>com.kms.katalon.core.logging.KeywordLogger</class>
  <method>logMessage</method>
  <thread>1</thread>
  <message>Finding Test Object with id &amp;apos;Object Repository/OBJ_SCREEN_REGISTER/txtCPF&amp;apos;</message>
  <nestedLevel>1</nestedLevel>
</record>
<record>
  <date>2018-05-23T15:38:44</date>
  <millis>1527100724092</millis>
  <sequence>126</sequence>
  <level>INFO</level>
  <class>com.kms.katalon.core.logging.KeywordLogger</class>
  <method>logMessage</method>
  <thread>1</thread>
  <message>Checking object</message>
  <nestedLevel>1</nestedLevel>
</record>
<record>
  <date>2018-05-23T15:38:44</date>
  <millis>1527100724094</millis>
  <sequence>127</sequence>
  <level>INFO</level>
  <class>com.kms.katalon.core.logging.KeywordLogger</class>
  <method>logMessage</method>
  <thread>1</thread>
  <message>Checking timeout</message>
  <nestedLevel>1</nestedLevel>
</record>
<record>
  <date>2018-05-23T15:38:46</date>
  <millis>1527100726227</millis>
  <sequence>128</sequence>
  <level>PASSED</level>
  <class>com.kms.katalon.core.logging.KeywordLogger</class>
  <method>logMessage</method>
  <thread>1</thread>
  <message>Text &amp;apos;67628356788&amp;apos; has been set to element &amp;apos;Object Repository/OBJ_SCREEN_REGISTER/txtCPF&amp;apos;</message>
  <nestedLevel>1</nestedLevel>
</record>
<record>
  <date>2018-05-23T15:38:46</date>
  <millis>1527100726240</millis>
  <sequence>129</sequence>
  <level>END</level>
  <class>com.kms.katalon.core.logging.KeywordLogger</class>
  <method>endKeyword</method>
  <thread>1</thread>
  <message>End action : setText</message>
  <nestedLevel>2</nestedLevel>
</record>
<record>
  <date>2018-05-23T15:38:46</date>
  <millis>1527100726243</millis>
  <sequence>130</sequence>
  <level>START</level>
  <class>com.kms.katalon.core.logging.KeywordLogger</class>
  <method>startKeyword</method>
  <thread>1</thread>
  <message>Start action : setText</message>
  <nestedLevel>2</nestedLevel>
  <property name="startLine">64</property>
  <property name="stepIndex">3</property>
</record>
<record>
  <date>2018-05-23T15:38:47</date>
  <millis>1527100727064</millis>
  <sequence>131</sequence>
  <level>INFO</level>
  <class>com.kms.katalon.core.logging.KeywordLogger</class>
  <method>logMessage</method>
  <thread>1</thread>
  <message>Finding Test Object with id &amp;apos;Object Repository/OBJ_SCREEN_REGISTER/txtDataNascimento&amp;apos;</message>
  <nestedLevel>1</nestedLevel>
</record>
<record>
  <date>2018-05-23T15:38:47</date>
  <millis>1527100727114</millis>
  <sequence>132</sequence>
  <level>INFO</level>
  <class>com.kms.katalon.core.logging.KeywordLogger</class>
  <method>logMessage</method>
  <thread>1</thread>
  <message>Checking object</message>
  <nestedLevel>1</nestedLevel>
</record>
<record>
  <date>2018-05-23T15:38:47</date>
  <millis>1527100727116</millis>
  <sequence>133</sequence>
  <level>INFO</level>
  <class>com.kms.katalon.core.logging.KeywordLogger</class>
  <method>logMessage</method>
  <thread>1</thread>
  <message>Checking timeout</message>
  <nestedLevel>1</nestedLevel>
</record>
<record>
  <date>2018-05-23T15:38:49</date>
  <millis>1527100729240</millis>
  <sequence>134</sequence>
  <level>PASSED</level>
  <class>com.kms.katalon.core.logging.KeywordLogger</class>
  <method>logMessage</method>
  <thread>1</thread>
  <message>Text &amp;apos;29121986&amp;apos; has been set to element &amp;apos;Object Repository/OBJ_SCREEN_REGISTER/txtDataNascimento&amp;apos;</message>
  <nestedLevel>1</nestedLevel>
</record>
<record>
  <date>2018-05-23T15:38:49</date>
  <millis>1527100729260</millis>
  <sequence>135</sequence>
  <level>END</level>
  <class>com.kms.katalon.core.logging.KeywordLogger</class>
  <method>endKeyword</method>
  <thread>1</thread>
  <message>End action : setText</message>
  <nestedLevel>2</nestedLevel>
</record>
<record>
  <date>2018-05-23T15:38:49</date>
  <millis>1527100729263</millis>
  <sequence>136</sequence>
  <level>START</level>
  <class>com.kms.katalon.core.logging.KeywordLogger</class>
  <method>startKeyword</method>
  <thread>1</thread>
  <message>Start action : tap</message>
  <nestedLevel>2</nestedLevel>
  <property name="startLine">65</property>
  <property name="stepIndex">4</property>
</record>
<record>
  <date>2018-05-23T15:38:50</date>
  <millis>1527100730117</millis>
  <sequence>137</sequence>
  <level>INFO</level>
  <class>com.kms.katalon.core.logging.KeywordLogger</class>
  <method>logMessage</method>
  <thread>1</thread>
  <message>Finding Test Object with id &amp;apos;Object Repository/OBJ_SCREEN_REGISTER/ddSexo&amp;apos;</message>
  <nestedLevel>1</nestedLevel>
</record>
<record>
  <date>2018-05-23T15:38:50</date>
  <millis>1527100730154</millis>
  <sequence>138</sequence>
  <level>INFO</level>
  <class>com.kms.katalon.core.logging.KeywordLogger</class>
  <method>logMessage</method>
  <thread>1</thread>
  <message>Checking object</message>
  <nestedLevel>1</nestedLevel>
</record>
<record>
  <date>2018-05-23T15:38:50</date>
  <millis>1527100730156</millis>
  <sequence>139</sequence>
  <level>INFO</level>
  <class>com.kms.katalon.core.logging.KeywordLogger</class>
  <method>logMessage</method>
  <thread>1</thread>
  <message>Checking timeout</message>
  <nestedLevel>1</nestedLevel>
</record>
<record>
  <date>2018-05-23T15:38:51</date>
  <millis>1527100731811</millis>
  <sequence>140</sequence>
  <level>PASSED</level>
  <class>com.kms.katalon.core.logging.KeywordLogger</class>
  <method>logMessage</method>
  <thread>1</thread>
  <message>Tapped on element &amp;apos;Object Repository/OBJ_SCREEN_REGISTER/ddSexo&amp;apos;</message>
  <nestedLevel>1</nestedLevel>
</record>
<record>
  <date>2018-05-23T15:38:51</date>
  <millis>1527100731828</millis>
  <sequence>141</sequence>
  <level>END</level>
  <class>com.kms.katalon.core.logging.KeywordLogger</class>
  <method>endKeyword</method>
  <thread>1</thread>
  <message>End action : tap</message>
  <nestedLevel>2</nestedLevel>
</record>
<record>
  <date>2018-05-23T15:38:51</date>
  <millis>1527100731833</millis>
  <sequence>142</sequence>
  <level>START</level>
  <class>com.kms.katalon.core.logging.KeywordLogger</class>
  <method>startKeyword</method>
  <thread>1</thread>
  <message>Start action : tap</message>
  <nestedLevel>2</nestedLevel>
  <property name="startLine">66</property>
  <property name="stepIndex">5</property>
</record>
<record>
  <date>2018-05-23T15:38:52</date>
  <millis>1527100732218</millis>
  <sequence>143</sequence>
  <level>INFO</level>
  <class>com.kms.katalon.core.logging.KeywordLogger</class>
  <method>logMessage</method>
  <thread>1</thread>
  <message>Finding Test Object with id &amp;apos;Object Repository/OBJ_SCREEN_REGISTER/iddMasculino&amp;apos;</message>
  <nestedLevel>1</nestedLevel>
</record>
<record>
  <date>2018-05-23T15:38:52</date>
  <millis>1527100732238</millis>
  <sequence>144</sequence>
  <level>INFO</level>
  <class>com.kms.katalon.core.logging.KeywordLogger</class>
  <method>logMessage</method>
  <thread>1</thread>
  <message>Checking object</message>
  <nestedLevel>1</nestedLevel>
</record>
<record>
  <date>2018-05-23T15:38:52</date>
  <millis>1527100732239</millis>
  <sequence>145</sequence>
  <level>INFO</level>
  <class>com.kms.katalon.core.logging.KeywordLogger</class>
  <method>logMessage</method>
  <thread>1</thread>
  <message>Checking timeout</message>
  <nestedLevel>1</nestedLevel>
</record>
<record>
  <date>2018-05-23T15:38:53</date>
  <millis>1527100733339</millis>
  <sequence>146</sequence>
  <level>PASSED</level>
  <class>com.kms.katalon.core.logging.KeywordLogger</class>
  <method>logMessage</method>
  <thread>1</thread>
  <message>Tapped on element &amp;apos;Object Repository/OBJ_SCREEN_REGISTER/iddMasculino&amp;apos;</message>
  <nestedLevel>1</nestedLevel>
</record>
<record>
  <date>2018-05-23T15:38:53</date>
  <millis>1527100733355</millis>
  <sequence>147</sequence>
  <level>END</level>
  <class>com.kms.katalon.core.logging.KeywordLogger</class>
  <method>endKeyword</method>
  <thread>1</thread>
  <message>End action : tap</message>
  <nestedLevel>2</nestedLevel>
</record>
<record>
  <date>2018-05-23T15:38:53</date>
  <millis>1527100733359</millis>
  <sequence>148</sequence>
  <level>START</level>
  <class>com.kms.katalon.core.logging.KeywordLogger</class>
  <method>startKeyword</method>
  <thread>1</thread>
  <message>Start action : setText</message>
  <nestedLevel>2</nestedLevel>
  <property name="startLine">67</property>
  <property name="stepIndex">6</property>
</record>
<record>
  <date>2018-05-23T15:38:53</date>
  <millis>1527100733711</millis>
  <sequence>149</sequence>
  <level>INFO</level>
  <class>com.kms.katalon.core.logging.KeywordLogger</class>
  <method>logMessage</method>
  <thread>1</thread>
  <message>Finding Test Object with id &amp;apos;Object Repository/OBJ_SCREEN_REGISTER/txtCelular&amp;apos;</message>
  <nestedLevel>1</nestedLevel>
</record>
<record>
  <date>2018-05-23T15:38:53</date>
  <millis>1527100733730</millis>
  <sequence>150</sequence>
  <level>INFO</level>
  <class>com.kms.katalon.core.logging.KeywordLogger</class>
  <method>logMessage</method>
  <thread>1</thread>
  <message>Checking object</message>
  <nestedLevel>1</nestedLevel>
</record>
<record>
  <date>2018-05-23T15:38:53</date>
  <millis>1527100733732</millis>
  <sequence>151</sequence>
  <level>INFO</level>
  <class>com.kms.katalon.core.logging.KeywordLogger</class>
  <method>logMessage</method>
  <thread>1</thread>
  <message>Checking timeout</message>
  <nestedLevel>1</nestedLevel>
</record>
<record>
  <date>2018-05-23T15:38:55</date>
  <millis>1527100735806</millis>
  <sequence>152</sequence>
  <level>PASSED</level>
  <class>com.kms.katalon.core.logging.KeywordLogger</class>
  <method>logMessage</method>
  <thread>1</thread>
  <message>Text &amp;apos;81999002918&amp;apos; has been set to element &amp;apos;Object Repository/OBJ_SCREEN_REGISTER/txtCelular&amp;apos;</message>
  <nestedLevel>1</nestedLevel>
</record>
<record>
  <date>2018-05-23T15:38:55</date>
  <millis>1527100735825</millis>
  <sequence>153</sequence>
  <level>END</level>
  <class>com.kms.katalon.core.logging.KeywordLogger</class>
  <method>endKeyword</method>
  <thread>1</thread>
  <message>End action : setText</message>
  <nestedLevel>2</nestedLevel>
</record>
<record>
  <date>2018-05-23T15:38:55</date>
  <millis>1527100735830</millis>
  <sequence>154</sequence>
  <level>START</level>
  <class>com.kms.katalon.core.logging.KeywordLogger</class>
  <method>startKeyword</method>
  <thread>1</thread>
  <message>Start action : delay</message>
  <nestedLevel>2</nestedLevel>
  <property name="startLine">68</property>
  <property name="stepIndex">7</property>
</record>
<record>
  <date>2018-05-23T15:38:57</date>
  <millis>1527100737541</millis>
  <sequence>155</sequence>
  <level>INFO</level>
  <class>com.kms.katalon.core.logging.KeywordLogger</class>
  <method>logMessage</method>
  <thread>1</thread>
  <message>Delaying browser in 1 second(s)</message>
  <nestedLevel>1</nestedLevel>
</record>
<record>
  <date>2018-05-23T15:38:58</date>
  <millis>1527100738544</millis>
  <sequence>156</sequence>
  <level>PASSED</level>
  <class>com.kms.katalon.core.logging.KeywordLogger</class>
  <method>logMessage</method>
  <thread>1</thread>
  <message>Delayed 1 second(s)</message>
  <nestedLevel>1</nestedLevel>
</record>
<record>
  <date>2018-05-23T15:38:58</date>
  <millis>1527100738558</millis>
  <sequence>157</sequence>
  <level>END</level>
  <class>com.kms.katalon.core.logging.KeywordLogger</class>
  <method>endKeyword</method>
  <thread>1</thread>
  <message>End action : delay</message>
  <nestedLevel>2</nestedLevel>
</record>
<record>
  <date>2018-05-23T15:38:58</date>
  <millis>1527100738563</millis>
  <sequence>158</sequence>
  <level>START</level>
  <class>com.kms.katalon.core.logging.KeywordLogger</class>
  <method>startKeyword</method>
  <thread>1</thread>
  <message>Start action : takeScreenshot</message>
  <nestedLevel>2</nestedLevel>
  <property name="startLine">69</property>
  <property name="stepIndex">8</property>
</record>
