<?xml version="1.0" encoding="UTF-8" standalone="no"?>
<!DOCTYPE log SYSTEM "logger.dtd">
<log>
<record>
  <date>2018-05-23T14:32:59</date>
  <millis>1527096779098</millis>
  <sequence>0</sequence>
  <level>START</level>
  <class>com.kms.katalon.core.logging.KeywordLogger</class>
  <method>startSuite</method>
  <thread>1</thread>
  <message>Start Test Suite : Test Suites/TS_TC_MONVIT_CADC_001</message>
  <nestedLevel>0</nestedLevel>
  <property name="name">TS_TC_MONVIT_CADC_001</property>
  <property name="description"></property>
  <property name="id">Test Suites/TS_TC_MONVIT_CADC_001</property>
</record>
<record>
  <date>2018-05-23T14:32:59</date>
  <millis>1527096779122</millis>
  <sequence>1</sequence>
  <level>RUN_DATA</level>
  <class>com.kms.katalon.core.logging.KeywordLogger</class>
  <method>logMessage</method>
  <thread>1</thread>
  <message>Logging run data &amp;apos;hostName&amp;apos; with value &amp;apos;rafael.henrique - MVBRRECDSK2925.mvrec.local&amp;apos;</message>
  <nestedLevel>0</nestedLevel>
  <property name="hostName">rafael.henrique - MVBRRECDSK2925.mvrec.local</property>
</record>
<record>
  <date>2018-05-23T14:32:59</date>
  <millis>1527096779123</millis>
  <sequence>2</sequence>
  <level>RUN_DATA</level>
  <class>com.kms.katalon.core.logging.KeywordLogger</class>
  <method>logMessage</method>
  <thread>1</thread>
  <message>Logging run data &amp;apos;os&amp;apos; with value &amp;apos;Windows 7 64bit&amp;apos;</message>
  <nestedLevel>0</nestedLevel>
  <property name="os">Windows 7 64bit</property>
</record>
<record>
  <date>2018-05-23T14:32:59</date>
  <millis>1527096779124</millis>
  <sequence>3</sequence>
  <level>RUN_DATA</level>
  <class>com.kms.katalon.core.logging.KeywordLogger</class>
  <method>logMessage</method>
  <thread>1</thread>
  <message>Logging run data &amp;apos;hostAddress&amp;apos; with value &amp;apos;192.168.7.231&amp;apos;</message>
  <nestedLevel>0</nestedLevel>
  <property name="hostAddress">192.168.7.231</property>
</record>
<record>
  <date>2018-05-23T14:32:59</date>
  <millis>1527096779124</millis>
  <sequence>4</sequence>
  <level>RUN_DATA</level>
  <class>com.kms.katalon.core.logging.KeywordLogger</class>
  <method>logMessage</method>
  <thread>1</thread>
  <message>Logging run data &amp;apos;katalonVersion&amp;apos; with value &amp;apos;5.4.1.1&amp;apos;</message>
  <nestedLevel>0</nestedLevel>
  <property name="katalonVersion">5.4.1.1</property>
</record>
<record>
  <date>2018-05-23T14:32:59</date>
  <millis>1527096779632</millis>
  <sequence>5</sequence>
  <level>START</level>
  <class>com.kms.katalon.core.logging.KeywordLogger</class>
  <method>startTest</method>
  <thread>1</thread>
  <message>Start Test Case : Test Cases/TEST_SCENARIOS/CADASTRO DE CONTAS/TC_MONVIT_CADC_001</message>
  <nestedLevel>1</nestedLevel>
  <property name="name">Test Cases/TEST_SCENARIOS/CADASTRO DE CONTAS/TC_MONVIT_CADC_001</property>
  <property name="description">TC_MONVIT_CADC_001 - Validar obrigatoriedade dos campos abaixo no formul\u00E1rio de cria\u00E7\u00E3o de conta N\u00C3O preenchendo e clicando em salvar\n\nNome completo\nCPF\nData de nascimento\nTelefone celular\nEmail\nConfirme seu email\nSenha\nConfirme sua senha\nTermos de uso</property>
  <property name="id">Test Cases/TEST_SCENARIOS/CADASTRO DE CONTAS/TC_MONVIT_CADC_001</property>
  <property name="source">C:\\Users\\rafael.henrique\\Katalon Studio\\MONVAT\\Test Cases\\TEST_SCENARIOS\\CADASTRO DE CONTAS\\TC_MONVIT_CADC_001.tc</property>
  <property name="isOptional">false</property>
</record>
<record>
  <date>2018-05-23T14:32:59</date>
  <millis>1527096779668</millis>
  <sequence>6</sequence>
  <level>INFO</level>
  <class>com.kms.katalon.core.logging.KeywordLogger</class>
  <method>logMessage</method>
  <thread>1</thread>
  <message>Evaluating variables for test case</message>
  <nestedLevel>1</nestedLevel>
</record>
<record>
  <date>2018-05-23T14:33:00</date>
  <millis>1527096780127</millis>
  <sequence>7</sequence>
  <level>START</level>
  <class>com.kms.katalon.core.logging.KeywordLogger</class>
  <method>startKeyword</method>
  <thread>1</thread>
  <message>Start action : Statement - dataConfig = com.kms.katalon.core.testdata.TestDataFactory.findTestData(CONFIG)</message>
  <nestedLevel>1</nestedLevel>
  <property name="startLine">25</property>
  <property name="stepIndex">1</property>
</record>
<record>
  <date>2018-05-23T14:33:00</date>
  <millis>1527096780132</millis>
  <sequence>8</sequence>
  <level>INFO</level>
  <class>com.kms.katalon.core.logging.KeywordLogger</class>
  <method>logMessage</method>
  <thread>1</thread>
  <message>Checking test data id</message>
  <nestedLevel>1</nestedLevel>
</record>
<record>
  <date>2018-05-23T14:33:00</date>
  <millis>1527096780132</millis>
  <sequence>9</sequence>
  <level>INFO</level>
  <class>com.kms.katalon.core.logging.KeywordLogger</class>
  <method>logMessage</method>
  <thread>1</thread>
  <message>Finding test data with id &amp;apos;Data Files/CONFIG&amp;apos;</message>
  <nestedLevel>1</nestedLevel>
</record>
<record>
  <date>2018-05-23T14:33:00</date>
  <millis>1527096780139</millis>
  <sequence>10</sequence>
  <level>INFO</level>
  <class>com.kms.katalon.core.logging.KeywordLogger</class>
  <method>logMessage</method>
  <thread>1</thread>
  <message>Test data is excel file, reading excel file</message>
  <nestedLevel>1</nestedLevel>
</record>
<record>
  <date>2018-05-23T14:33:00</date>
  <millis>1527096780139</millis>
  <sequence>11</sequence>
  <level>INFO</level>
  <class>com.kms.katalon.core.logging.KeywordLogger</class>
  <method>logMessage</method>
  <thread>1</thread>
  <message>Reading excel file with source file &amp;apos;C:\\Users\\rafael.henrique\\Desktop\\AutoExec_GH - [Template].xlsx&amp;apos; and sheet name &amp;apos;Config&amp;apos;</message>
  <nestedLevel>1</nestedLevel>
</record>
<record>
  <date>2018-05-23T14:33:01</date>
  <millis>1527096781532</millis>
  <sequence>12</sequence>
  <level>END</level>
  <class>com.kms.katalon.core.logging.KeywordLogger</class>
  <method>endKeyword</method>
  <thread>1</thread>
  <message>End action : Statement - dataConfig = com.kms.katalon.core.testdata.TestDataFactory.findTestData(CONFIG)</message>
  <nestedLevel>1</nestedLevel>
</record>
<record>
  <date>2018-05-23T14:33:01</date>
  <millis>1527096781533</millis>
  <sequence>13</sequence>
  <level>START</level>
  <class>com.kms.katalon.core.logging.KeywordLogger</class>
  <method>startKeyword</method>
  <thread>1</thread>
  <message>Start action : Statement - dataTC = com.kms.katalon.core.testdata.TestDataFactory.findTestData(DP_MONITORING_VITALS)</message>
  <nestedLevel>1</nestedLevel>
  <property name="startLine">26</property>
  <property name="stepIndex">2</property>
</record>
<record>
  <date>2018-05-23T14:33:01</date>
  <millis>1527096781534</millis>
  <sequence>14</sequence>
  <level>INFO</level>
  <class>com.kms.katalon.core.logging.KeywordLogger</class>
  <method>logMessage</method>
  <thread>1</thread>
  <message>Checking test data id</message>
  <nestedLevel>1</nestedLevel>
</record>
<record>
  <date>2018-05-23T14:33:01</date>
  <millis>1527096781535</millis>
  <sequence>15</sequence>
  <level>INFO</level>
  <class>com.kms.katalon.core.logging.KeywordLogger</class>
  <method>logMessage</method>
  <thread>1</thread>
  <message>Finding test data with id &amp;apos;Data Files/DP_MONITORING_VITALS&amp;apos;</message>
  <nestedLevel>1</nestedLevel>
</record>
<record>
  <date>2018-05-23T14:33:01</date>
  <millis>1527096781538</millis>
  <sequence>16</sequence>
  <level>INFO</level>
  <class>com.kms.katalon.core.logging.KeywordLogger</class>
  <method>logMessage</method>
  <thread>1</thread>
  <message>Test data is excel file, reading excel file</message>
  <nestedLevel>1</nestedLevel>
</record>
<record>
  <date>2018-05-23T14:33:01</date>
  <millis>1527096781538</millis>
  <sequence>17</sequence>
  <level>INFO</level>
  <class>com.kms.katalon.core.logging.KeywordLogger</class>
  <method>logMessage</method>
  <thread>1</thread>
  <message>Reading excel file with source file &amp;apos;C:\\Users\\rafael.henrique\\Katalon Studio\\MONVAT\\Data Files\\AutoExec_GH - [Template].xlsx&amp;apos; and sheet name &amp;apos;Scripts&amp;apos;</message>
  <nestedLevel>1</nestedLevel>
</record>
<record>
  <date>2018-05-23T14:33:01</date>
  <millis>1527096781590</millis>
  <sequence>18</sequence>
  <level>END</level>
  <class>com.kms.katalon.core.logging.KeywordLogger</class>
  <method>endKeyword</method>
  <thread>1</thread>
  <message>End action : Statement - dataTC = com.kms.katalon.core.testdata.TestDataFactory.findTestData(DP_MONITORING_VITALS)</message>
  <nestedLevel>1</nestedLevel>
</record>
<record>
  <date>2018-05-23T14:33:01</date>
  <millis>1527096781591</millis>
  <sequence>19</sequence>
  <level>START</level>
  <class>com.kms.katalon.core.logging.KeywordLogger</class>
  <method>startKeyword</method>
  <thread>1</thread>
  <message>Start action : Statement - folderScreenshotsTestCase = new java.io.File((dataConfig.getValue(3, 2) + dataTC.getValue(1, 2)))</message>
  <nestedLevel>1</nestedLevel>
  <property name="startLine">28</property>
  <property name="stepIndex">3</property>
</record>
<record>
  <date>2018-05-23T14:33:01</date>
  <millis>1527096781635</millis>
  <sequence>20</sequence>
  <level>END</level>
  <class>com.kms.katalon.core.logging.KeywordLogger</class>
  <method>endKeyword</method>
  <thread>1</thread>
  <message>End action : Statement - folderScreenshotsTestCase = new java.io.File((dataConfig.getValue(3, 2) + dataTC.getValue(1, 2)))</message>
  <nestedLevel>1</nestedLevel>
</record>
<record>
  <date>2018-05-23T14:33:01</date>
  <millis>1527096781636</millis>
  <sequence>21</sequence>
  <level>START</level>
  <class>com.kms.katalon.core.logging.KeywordLogger</class>
  <method>startKeyword</method>
  <thread>1</thread>
  <message>Start action : Statement - If (!(folderScreenshotsTestCase.exists()))</message>
  <nestedLevel>1</nestedLevel>
  <property name="startLine">31</property>
  <property name="stepIndex">4</property>
</record>
<record>
  <date>2018-05-23T14:33:01</date>
  <millis>1527096781637</millis>
  <sequence>22</sequence>
  <level>START</level>
  <class>com.kms.katalon.core.logging.KeywordLogger</class>
  <method>startKeyword</method>
  <thread>1</thread>
  <message>Start action : Statement - folderScreenshotsTestCase.mkdirs()</message>
  <nestedLevel>2</nestedLevel>
  <property name="startLine">32</property>
  <property name="stepIndex">1</property>
</record>
<record>
  <date>2018-05-23T14:33:01</date>
  <millis>1527096781640</millis>
  <sequence>23</sequence>
  <level>END</level>
  <class>com.kms.katalon.core.logging.KeywordLogger</class>
  <method>endKeyword</method>
  <thread>1</thread>
  <message>End action : Statement - folderScreenshotsTestCase.mkdirs()</message>
  <nestedLevel>2</nestedLevel>
</record>
<record>
  <date>2018-05-23T14:33:01</date>
  <millis>1527096781640</millis>
  <sequence>24</sequence>
  <level>END</level>
  <class>com.kms.katalon.core.logging.KeywordLogger</class>
  <method>endKeyword</method>
  <thread>1</thread>
  <message>End action : Statement - If (!(folderScreenshotsTestCase.exists()))</message>
  <nestedLevel>1</nestedLevel>
</record>
<record>
  <date>2018-05-23T14:33:01</date>
  <millis>1527096781640</millis>
  <sequence>25</sequence>
  <level>START</level>
  <class>com.kms.katalon.core.logging.KeywordLogger</class>
  <method>startKeyword</method>
  <thread>1</thread>
  <message>Start action : Statement - idxImgEvidence = 0</message>
  <nestedLevel>1</nestedLevel>
  <property name="startLine">35</property>
  <property name="stepIndex">5</property>
</record>
<record>
  <date>2018-05-23T14:33:01</date>
  <millis>1527096781641</millis>
  <sequence>26</sequence>
  <level>END</level>
  <class>com.kms.katalon.core.logging.KeywordLogger</class>
  <method>endKeyword</method>
  <thread>1</thread>
  <message>End action : Statement - idxImgEvidence = 0</message>
  <nestedLevel>1</nestedLevel>
</record>
<record>
  <date>2018-05-23T14:33:01</date>
  <millis>1527096781641</millis>
  <sequence>27</sequence>
  <level>START</level>
  <class>com.kms.katalon.core.logging.KeywordLogger</class>
  <method>startKeyword</method>
  <thread>1</thread>
  <message>Start action : callTestCase</message>
  <nestedLevel>1</nestedLevel>
  <property name="startLine">38</property>
  <property name="stepIndex">6</property>
</record>
<record>
  <date>2018-05-23T14:33:01</date>
  <millis>1527096781727</millis>
  <sequence>28</sequence>
  <level>END</level>
  <class>com.kms.katalon.core.logging.KeywordLogger</class>
  <method>endKeyword</method>
  <thread>1</thread>
  <message>End action : callTestCase</message>
  <nestedLevel>1</nestedLevel>
</record>
<record>
  <date>2018-05-23T14:33:01</date>
  <millis>1527096781779</millis>
  <sequence>29</sequence>
  <logger>com.kms.katalon.core.logging.KeywordLogger</logger>
  <level>ERROR</level>
  <class>com.kms.katalon.core.logging.KeywordLogger</class>
  <method>logMessage</method>
  <thread>1</thread>
  <message>Test Cases/TEST_SCENARIOS/CADASTRO DE CONTAS/TC_MONVIT_CADC_001 FAILED because (of) groovy.lang.MissingMethodException: No signature of method: static com.kms.katalon.core.webui.keyword.WebUiBuiltInKeywords.callTestCase() is applicable for argument types: (com.kms.katalon.core.testcase.TestCase, java.util.ArrayList, com.kms.katalon.core.model.FailureHandling) values: [com.kms.katalon.core.testcase.TestCase@ec1b2e4, [APK/MONVIT_v1.7.24.apk], ...]\nPossible solutions: callTestCase(com.kms.katalon.core.testcase.TestCase, java.util.Map, com.kms.katalon.core.model.FailureHandling), callTestCase(com.kms.katalon.core.testcase.TestCase, java.util.Map)</message>
  <exception>
    <message>groovy.lang.MissingMethodException: No signature of method: static com.kms.katalon.core.webui.keyword.WebUiBuiltInKeywords.callTestCase() is applicable for argument types: (com.kms.katalon.core.testcase.TestCase, java.util.ArrayList, com.kms.katalon.core.model.FailureHandling) values: [com.kms.katalon.core.testcase.TestCase@ec1b2e4, [APK/MONVIT_v1.7.24.apk], ...]
Possible solutions: callTestCase(com.kms.katalon.core.testcase.TestCase, java.util.Map, com.kms.katalon.core.model.FailureHandling), callTestCase(com.kms.katalon.core.testcase.TestCase, java.util.Map)</message>
    <frame>
      <class>groovy.lang.MetaClassImpl</class>
      <method>invokeStaticMissingMethod</method>
      <line>1503</line>
    </frame>
    <frame>
      <class>groovy.lang.MetaClassImpl</class>
      <method>invokeStaticMethod</method>
      <line>1489</line>
    </frame>
    <frame>
      <class>org.codehaus.groovy.runtime.callsite.StaticMetaClassSite</class>
      <method>call</method>
      <line>53</line>
    </frame>
    <frame>
      <class>org.codehaus.groovy.runtime.callsite.CallSiteArray</class>
      <method>defaultCall</method>
      <line>48</line>
    </frame>
    <frame>
      <class>org.codehaus.groovy.runtime.callsite.AbstractCallSite</class>
      <method>call</method>
      <line>113</line>
    </frame>
    <frame>
      <class>org.codehaus.groovy.runtime.callsite.AbstractCallSite</class>
      <method>call</method>
      <line>141</line>
    </frame>
    <frame>
      <class>Script1526924220271</class>
      <method>run</method>
      <line>38</line>
    </frame>
    <frame>
      <class>com.kms.katalon.core.main.ScriptEngine</class>
      <method>run</method>
      <line>183</line>
    </frame>
    <frame>
      <class>com.kms.katalon.core.main.ScriptEngine</class>
      <method>runScriptAsRawText</method>
      <line>108</line>
    </frame>
    <frame>
      <class>com.kms.katalon.core.main.TestCaseExecutor</class>
      <method>runScript</method>
      <line>295</line>
    </frame>
    <frame>
      <class>com.kms.katalon.core.main.TestCaseExecutor</class>
      <method>doExecute</method>
      <line>286</line>
    </frame>
    <frame>
      <class>com.kms.katalon.core.main.TestCaseExecutor</class>
      <method>processExecutionPhase</method>
      <line>265</line>
    </frame>
    <frame>
      <class>com.kms.katalon.core.main.TestCaseExecutor</class>
      <method>accessMainPhase</method>
      <line>257</line>
    </frame>
    <frame>
      <class>com.kms.katalon.core.main.TestCaseExecutor</class>
      <method>execute</method>
      <line>201</line>
    </frame>
    <frame>
      <class>com.kms.katalon.core.main.TestSuiteExecutor</class>
      <method>accessTestCaseMainPhase</method>
      <line>129</line>
    </frame>
    <frame>
      <class>com.kms.katalon.core.main.TestSuiteExecutor</class>
      <method>accessTestSuiteMainPhase</method>
      <line>112</line>
    </frame>
    <frame>
      <class>com.kms.katalon.core.main.TestSuiteExecutor</class>
      <method>execute</method>
      <line>81</line>
    </frame>
    <frame>
      <class>com.kms.katalon.core.main.TestCaseMain</class>
      <method>startTestSuite</method>
      <line>106</line>
    </frame>
    <frame>
      <class>com.kms.katalon.core.main.TestCaseMain$startTestSuite$0</class>
      <method>call</method>
    </frame>
    <frame>
      <class>org.codehaus.groovy.runtime.callsite.CallSiteArray</class>
      <method>defaultCall</method>
      <line>48</line>
    </frame>
    <frame>
      <class>org.codehaus.groovy.runtime.callsite.AbstractCallSite</class>
      <method>call</method>
      <line>113</line>
    </frame>
    <frame>
      <class>org.codehaus.groovy.runtime.callsite.AbstractCallSite</class>
      <method>call</method>
      <line>141</line>
    </frame>
    <frame>
      <class>TempTestSuite1527096770765</class>
      <method>run</method>
      <line>34</line>
    </frame>
    <frame>
      <class>groovy.lang.GroovyShell</class>
      <method>runScriptOrMainOrTestOrRunnable</method>
      <line>263</line>
    </frame>
    <frame>
      <class>groovy.lang.GroovyShell</class>
      <method>run</method>
      <line>518</line>
    </frame>
    <frame>
      <class>groovy.lang.GroovyShell</class>
      <method>run</method>
      <line>507</line>
    </frame>
    <frame>
      <class>groovy.ui.GroovyMain</class>
      <method>processOnce</method>
      <line>653</line>
    </frame>
    <frame>
      <class>groovy.ui.GroovyMain</class>
      <method>run</method>
      <line>384</line>
    </frame>
    <frame>
      <class>groovy.ui.GroovyMain</class>
      <method>process</method>
      <line>370</line>
    </frame>
    <frame>
      <class>groovy.ui.GroovyMain</class>
      <method>processArgs</method>
      <line>129</line>
    </frame>
    <frame>
      <class>groovy.ui.GroovyMain</class>
      <method>main</method>
      <line>109</line>
    </frame>
    <frame>
      <class>sun.reflect.NativeMethodAccessorImpl</class>
      <method>invoke0</method>
    </frame>
    <frame>
      <class>sun.reflect.NativeMethodAccessorImpl</class>
      <method>invoke</method>
      <line>62</line>
    </frame>
    <frame>
      <class>sun.reflect.DelegatingMethodAccessorImpl</class>
      <method>invoke</method>
      <line>43</line>
    </frame>
    <frame>
      <class>java.lang.reflect.Method</class>
      <method>invoke</method>
      <line>498</line>
    </frame>
    <frame>
      <class>org.codehaus.groovy.tools.GroovyStarter</class>
      <method>rootLoader</method>
      <line>109</line>
    </frame>
    <frame>
      <class>org.codehaus.groovy.tools.GroovyStarter</class>
      <method>main</method>
      <line>131</line>
    </frame>
  </exception>
  <nestedLevel>0</nestedLevel>
</record>
<record>
  <date>2018-05-23T14:33:01</date>
  <millis>1527096781831</millis>
  <sequence>30</sequence>
  <level>END</level>
  <class>com.kms.katalon.core.logging.KeywordLogger</class>
  <method>endTest</method>
  <thread>1</thread>
  <message>End Test Case : Test Cases/TEST_SCENARIOS/CADASTRO DE CONTAS/TC_MONVIT_CADC_001</message>
  <nestedLevel>0</nestedLevel>
</record>
<record>
  <date>2018-05-23T14:33:02</date>
  <millis>1527096782026</millis>
  <sequence>31</sequence>
  <level>END</level>
  <class>com.kms.katalon.core.logging.KeywordLogger</class>
  <method>endSuite</method>
  <thread>1</thread>
  <message>End Test Suite : Test Suites/TS_TC_MONVIT_CADC_001</message>
  <nestedLevel>0</nestedLevel>
</record>
</log>
