[35m[Appium][39m Welcome to Appium v1.8.0
[35m[Appium][39m Non-default server args:
[35m[Appium][39m   port: 60933
[35m[Appium][39m   loglevel: info
[35m[Appium][39m   chromeDriverPort: 60934
[35m[Appium][39m   tmpDir: C:\Users\RAFAEL~1.HEN\AppData\Local\Temp\\Katalon\Appium\Temp1526994568074
[35m[Appium][39m Appium REST http interface listener started on 0.0.0.0:60933
[35m[HTTP][39m [37m-->[39m [37mGET[39m [37m/wd/hub/status[39m
[35m[HTTP][39m [90m{}[39m
[35m[HTTP][39m [37m<-- GET /wd/hub/status [39m[32m200[39m [90m6 ms - 83[39m
[35m[HTTP][39m [90m[39m
[35m[HTTP][39m [37m-->[39m [37mPOST[39m [37m/wd/hub/session[39m
[35m[HTTP][39m [90m{"desiredCapabilities":{"app":"C:\\Users\\rafael.henrique\\Katalon Studio\\MONVAT\\APK\\MONVIT_v1.7.24.apk","autoGrantPermissions":true,"automationName":"uiautomator2","deviceName":"motorola Moto G (5) (Android 7.0)","fullReset":false,"newCommandTimeout":1800,"noReset":true,"platform":"ANDROID","platformName":"Android","udid":"0038153251"},"capabilities":{"desiredCapabilities":{"app":"C:\\Users\\rafael.henrique\\Katalon Studio\\MONVAT\\APK\\MONVIT_v1.7.24.apk","autoGrantPermissions":true,"automationName":"uiautomator2","deviceName":"motorola Moto G (5) (Android 7.0)","fullReset":false,"newCommandTimeout":1800,"noReset":true,"platform":"ANDROID","platformName":"Android","udid":"0038153251"},"firstMatch":[{"platformName":"android"}]}}[39m
[35m[Appium][39m Could not parse W3C capabilities: 'deviceName' can't be blank. Falling back to JSONWP protocol.
[35m[Appium][39m The following capabilities were provided in the JSONWP desired capabilities that are missing in W3C capabilities: ["app","autoGrantPermissions","automationName","deviceName","fullReset","newCommandTimeout","noReset","platform","platformName","udid"]. Falling back to JSONWP protocol.
[35m[Appium][39m Creating new AndroidUiautomator2Driver (v1.9.0) session
[35m[Appium][39m Capabilities:
[35m[Appium][39m   app: C:\Users\rafael.henrique\Katalon Studio\MONVAT\APK\MONVIT_v1.7.24.apk
[35m[Appium][39m   autoGrantPermissions: true
[35m[Appium][39m   automationName: uiautomator2
[35m[Appium][39m   deviceName: motorola Moto G (5) (Android 7.0)
[35m[Appium][39m   fullReset: false
[35m[Appium][39m   newCommandTimeout: 1800
[35m[Appium][39m   noReset: true
[35m[Appium][39m   platform: ANDROID
[35m[Appium][39m   platformName: Android
[35m[Appium][39m   udid: 0038153251
[35m[BaseDriver][39m The following capabilities were provided, but are not recognized by appium: platform.
[35m[BaseDriver][39m Session created with session id: a571173e-f1e3-42eb-bded-24c665f2df33
[35m[BaseDriver][39m Using local app 'C:\Users\rafael.henrique\Katalon Studio\MONVAT\APK\MONVIT_v1.7.24.apk'
[35m[AndroidDriver][39m Java version is: 1.8.0_102
[35m[ADB][39m Checking whether adb is present
[35m[ADB][39m Found 1 'build-tools' folders under 'C:\Users\rafael.henrique\.katalon\tools\android_sdk' (newest first):
[35m[ADB][39m     C:/Users/rafael.henrique/.katalon/tools/android_sdk/build-tools/28.0.0
[35m[ADB][39m Using adb.exe from C:\Users\rafael.henrique\.katalon\tools\android_sdk\platform-tools\adb.exe
[35m[AndroidDriver][39m Retrieving device list
[35m[AndroidDriver][39m Using device: 0038153251
[35m[ADB][39m Checking whether adb is present
[35m[ADB][39m Using adb.exe from C:\Users\rafael.henrique\.katalon\tools\android_sdk\platform-tools\adb.exe
[35m[ADB][39m Using the alternative activity name detection method because of: Could not find apkanalyzer.bat in C:\Users\rafael.henrique\.katalon\tools\android_sdk\platform-tools\apkanalyzer.bat,C:\Users\rafael.henrique\.katalon\tools\android_sdk\emulator\apkanalyzer.bat,C:\Users\rafael.henrique\.katalon\tools\android_sdk\tools\apkanalyzer.bat,C:\Users\rafael.henrique\.katalon\tools\android_sdk\tools\bin\apkanalyzer.bat,C:\Users\rafael.henrique\.katalon\tools\android_sdk\build-tools\28.0.0\apkanalyzer.bat. Do you have the Android SDK installed at 'C:\Users\rafael.henrique\.katalon\tools\android_sdk'?
[35m[ADB][39m Checking whether aapt is present
[35m[ADB][39m Using aapt.exe from C:\Users\rafael.henrique\.katalon\tools\android_sdk\build-tools\28.0.0\aapt.exe
[35m[ADB][39m Extracting package and launch activity from manifest
[35m[ADB][39m Package name: 'br.com.mv.monitoringvitals'
[35m[ADB][39m Main activity name: 'br.com.mv.monitoringvitals.views.SplashActivity'
[35m[ADB][39m Getting device platform version
[35m[ADB][39m Using apksigner.bat from C:\Users\rafael.henrique\.katalon\tools\android_sdk\build-tools\28.0.0\apksigner.bat
[35m[ADB][39m Using apksigner.bat from C:\Users\rafael.henrique\.katalon\tools\android_sdk\build-tools\28.0.0\apksigner.bat
[35m[ADB][39m Using apksigner.bat from C:\Users\rafael.henrique\.katalon\tools\android_sdk\build-tools\28.0.0\apksigner.bat
[35m[ADB][39m Checking whether zipalign is present
[35m[ADB][39m Using zipalign.exe from C:\Users\rafael.henrique\.katalon\tools\android_sdk\build-tools\28.0.0\zipalign.exe
[35m[ADB][39m Using apksigner.bat from C:\Users\rafael.henrique\.katalon\tools\android_sdk\build-tools\28.0.0\apksigner.bat
[35m[ADB][39m Using apksigner.bat from C:\Users\rafael.henrique\.katalon\tools\android_sdk\build-tools\28.0.0\apksigner.bat
[35m[ADB][39m Using apksigner.bat from C:\Users\rafael.henrique\.katalon\tools\android_sdk\build-tools\28.0.0\apksigner.bat
[35m[ADB][39m Using apksigner.bat from C:\Users\rafael.henrique\.katalon\tools\android_sdk\build-tools\28.0.0\apksigner.bat
[35m[ADB][39m Checking whether zipalign is present
[35m[ADB][39m Using zipalign.exe from C:\Users\rafael.henrique\.katalon\tools\android_sdk\build-tools\28.0.0\zipalign.exe
[35m[ADB][39m Using apksigner.bat from C:\Users\rafael.henrique\.katalon\tools\android_sdk\build-tools\28.0.0\apksigner.bat
[35m[ADB][39m io.appium.uiautomator2.server was successfully uninstalled
[35m[ADB][39m io.appium.uiautomator2.server.test was successfully uninstalled
[35m[ADB][39m Checking whether aapt is present
[35m[ADB][39m Using aapt.exe from C:\Users\rafael.henrique\.katalon\tools\android_sdk\build-tools\28.0.0\aapt.exe
[35m[AndroidDriver][39m setDeviceLanguageCountry requires language or country.
[35m[AndroidDriver][39m Got language: 'null' and country: 'null'
[35m[ADB][39m Checking whether aapt is present
[35m[ADB][39m Using aapt.exe from C:\Users\rafael.henrique\.katalon\tools\android_sdk\build-tools\28.0.0\aapt.exe
[35m[ADB][39m Checking whether aapt is present
[35m[ADB][39m Using aapt.exe from C:\Users\rafael.henrique\.katalon\tools\android_sdk\build-tools\28.0.0\aapt.exe
[35m[ADB][39m Successfully extracted 361 strings from 'C:\Users\rafael.henrique\Katalon Studio\MONVAT\APK\MONVIT_v1.7.24.apk' resources for '(default)' configuration
[35m[ADB][39m Using apksigner.bat from C:\Users\rafael.henrique\.katalon\tools\android_sdk\build-tools\28.0.0\apksigner.bat
[35m[ADB][39m Using apksigner.bat from C:\Users\rafael.henrique\.katalon\tools\android_sdk\build-tools\28.0.0\apksigner.bat
[35m[ADB][39m Using apksigner.bat from C:\Users\rafael.henrique\.katalon\tools\android_sdk\build-tools\28.0.0\apksigner.bat
[35m[ADB][39m Checking whether zipalign is present
[35m[ADB][39m Using zipalign.exe from C:\Users\rafael.henrique\.katalon\tools\android_sdk\build-tools\28.0.0\zipalign.exe
[35m[ADB][39m Using apksigner.bat from C:\Users\rafael.henrique\.katalon\tools\android_sdk\build-tools\28.0.0\apksigner.bat
[35m[ADB][39m Checking whether aapt is present
[35m[ADB][39m Using aapt.exe from C:\Users\rafael.henrique\.katalon\tools\android_sdk\build-tools\28.0.0\aapt.exe
[35m[UiAutomator2][39m Starting uiautomator2 server 1.7.0
[35m[UiAutomator2][39m Using UIAutomator2 server from 'C:\Users\rafael.henrique\AppData\Roaming\npm\node_modules\appium\node_modules\appium-uiautomator2-server\apks\appium-uiautomator2-server-v1.7.0.apk' and test from 'C:\Users\rafael.henrique\AppData\Roaming\npm\node_modules\appium\node_modules\appium-uiautomator2-server\apks\appium-uiautomator2-server-debug-androidTest.apk'
[35m[UiAutomator2][39m Running command: 'adb -s 0038153251 shell am instrument -w io.appium.uiautomator2.server.test/android.support.test.runner.AndroidJUnitRunner'
[35m[UiAutomator2][39m Waiting up to 20000ms for UiAutomator2 to be online...
[35m[AndroidDriver][39m Screen already unlocked, doing nothing
[35m[UiAutomator2][39m UiAutomator2 did not start the activity we were waiting for, 'br.com.mv.monitoringvitals/br.com.mv.monitoringvitals.views.SplashActivity'. Starting it ourselves
[35m[Appium][39m New AndroidUiautomator2Driver session created successfully, session a571173e-f1e3-42eb-bded-24c665f2df33 added to master session list
[35m[HTTP][39m [37m<-- POST /wd/hub/session [39m[32m200[39m [90m33704 ms - 1175[39m
[35m[HTTP][39m [90m[39m
[35m[HTTP][39m [37m-->[39m [37mGET[39m [37m/wd/hub/status[39m
[35m[HTTP][39m [90m{}[39m
[35m[HTTP][39m [37m<-- GET /wd/hub/status [39m[32m200[39m [90m2 ms - 55[39m
[35m[HTTP][39m [90m[39m
[35m[HTTP][39m [37m-->[39m [37mPOST[39m [37m/wd/hub/session/a571173e-f1e3-42eb-bded-24c665f2df33/timeouts[39m
[35m[HTTP][39m [90m{"type":"implicit","ms":30000}[39m
[35m[HTTP][39m [37m<-- POST /wd/hub/session/a571173e-f1e3-42eb-bded-24c665f2df33/timeouts [39m[33m400[39m [90m9 ms - 5628[39m
[35m[HTTP][39m [90m[39m
[35m[HTTP][39m [37m-->[39m [37mGET[39m [37m/wd/hub/session/a571173e-f1e3-42eb-bded-24c665f2df33/context[39m
[35m[HTTP][39m [90m{}[39m
[35m[HTTP][39m [37m<-- GET /wd/hub/session/a571173e-f1e3-42eb-bded-24c665f2df33/context [39m[32m200[39m [90m7 ms - 84[39m
[35m[HTTP][39m [90m[39m
[35m[HTTP][39m [37m-->[39m [37mGET[39m [37m/wd/hub/session/a571173e-f1e3-42eb-bded-24c665f2df33/contexts[39m
[35m[HTTP][39m [90m{}[39m
[35m[HTTP][39m [37m<-- GET /wd/hub/session/a571173e-f1e3-42eb-bded-24c665f2df33/contexts [39m[32m200[39m [90m99 ms - 86[39m
[35m[HTTP][39m [90m[39m
[35m[HTTP][39m [37m-->[39m [37mPOST[39m [37m/wd/hub/session/a571173e-f1e3-42eb-bded-24c665f2df33/context[39m
[35m[HTTP][39m [90m{"name":"NATIVE_APP"}[39m
[35m[HTTP][39m [37m<-- POST /wd/hub/session/a571173e-f1e3-42eb-bded-24c665f2df33/context [39m[32m200[39m [90m92 ms - 76[39m
[35m[HTTP][39m [90m[39m
[35m[HTTP][39m [37m-->[39m [37mPOST[39m [37m/wd/hub/session/a571173e-f1e3-42eb-bded-24c665f2df33/appium/device/hide_keyboard[39m
[35m[HTTP][39m [90m{}[39m
[35m[HTTP][39m [37m<-- POST /wd/hub/session/a571173e-f1e3-42eb-bded-24c665f2df33/appium/device/hide_keyboard [39m[31m500[39m [90m318 ms - 1426[39m
[35m[HTTP][39m [90m[39m
[35m[HTTP][39m [37m-->[39m [37mPOST[39m [37m/wd/hub/session/a571173e-f1e3-42eb-bded-24c665f2df33/context[39m
[35m[HTTP][39m [90m{"name":"NATIVE_APP"}[39m
[35m[HTTP][39m [37m<-- POST /wd/hub/session/a571173e-f1e3-42eb-bded-24c665f2df33/context [39m[32m200[39m [90m91 ms - 76[39m
[35m[HTTP][39m [90m[39m
[35m[HTTP][39m [37m-->[39m [37mGET[39m [37m/wd/hub/session/a571173e-f1e3-42eb-bded-24c665f2df33/window/current/size[39m
[35m[HTTP][39m [90m{}[39m
[35m[W3C][39m Driver proxy active, passing request on via HTTP proxy
[35m[JSONWP Proxy][39m Replacing sessionId d8b9fd7d-f716-4847-9f5b-479d3b59acb6 with a571173e-f1e3-42eb-bded-24c665f2df33
[35m[HTTP][39m [37m<-- GET /wd/hub/session/a571173e-f1e3-42eb-bded-24c665f2df33/window/current/size [39m[32m200[39m [90m27 ms - 100[39m
[35m[HTTP][39m [90m[39m
[35m[HTTP][39m [37m-->[39m [37mPOST[39m [37m/wd/hub/session/a571173e-f1e3-42eb-bded-24c665f2df33/elements[39m
[35m[HTTP][39m [90m{"using":"-android uiautomator","value":"new UiSelector().text(\"Não tenho uma conta. Quero me cadastrar.\")"}[39m
[35m[HTTP][39m [37m<-- POST /wd/hub/session/a571173e-f1e3-42eb-bded-24c665f2df33/elements [39m[32m200[39m [90m125 ms - 124[39m
[35m[HTTP][39m [90m[39m
[35m[HTTP][39m [37m-->[39m [37mGET[39m [37m/wd/hub/session/a571173e-f1e3-42eb-bded-24c665f2df33[39m
[35m[HTTP][39m [90m{}[39m
[35m[HTTP][39m [37m<-- GET /wd/hub/session/a571173e-f1e3-42eb-bded-24c665f2df33 [39m[32m200[39m [90m27 ms - 1175[39m
[35m[HTTP][39m [90m[39m
[35m[HTTP][39m [37m-->[39m [37mGET[39m [37m/wd/hub/session/a571173e-f1e3-42eb-bded-24c665f2df33[39m
[35m[HTTP][39m [90m{}[39m
[35m[HTTP][39m [37m<-- GET /wd/hub/session/a571173e-f1e3-42eb-bded-24c665f2df33 [39m[32m200[39m [90m24 ms - 1175[39m
[35m[HTTP][39m [90m[39m
[35m[HTTP][39m [37m-->[39m [37mGET[39m [37m/wd/hub/session/a571173e-f1e3-42eb-bded-24c665f2df33[39m
[35m[HTTP][39m [90m{}[39m
[35m[HTTP][39m [37m<-- GET /wd/hub/session/a571173e-f1e3-42eb-bded-24c665f2df33 [39m[32m200[39m [90m23 ms - 1175[39m
[35m[HTTP][39m [90m[39m
[35m[HTTP][39m [37m-->[39m [37mGET[39m [37m/wd/hub/session/a571173e-f1e3-42eb-bded-24c665f2df33[39m
[35m[HTTP][39m [90m{}[39m
[35m[HTTP][39m [37m<-- GET /wd/hub/session/a571173e-f1e3-42eb-bded-24c665f2df33 [39m[32m200[39m [90m23 ms - 1175[39m
[35m[HTTP][39m [90m[39m
[35m[HTTP][39m [37m-->[39m [37mGET[39m [37m/wd/hub/session/a571173e-f1e3-42eb-bded-24c665f2df33/element/df65d17e-7e2c-4c51-bde9-b0ce31457239/location[39m
[35m[HTTP][39m [90m{}[39m
[35m[W3C][39m Driver proxy active, passing request on via HTTP proxy
[35m[JSONWP Proxy][39m Replacing sessionId d8b9fd7d-f716-4847-9f5b-479d3b59acb6 with a571173e-f1e3-42eb-bded-24c665f2df33
[35m[HTTP][39m [37m<-- GET /wd/hub/session/a571173e-f1e3-42eb-bded-24c665f2df33/element/df65d17e-7e2c-4c51-bde9-b0ce31457239/location [39m[32m200[39m [90m58 ms - 88[39m
[35m[HTTP][39m [90m[39m
[35m[HTTP][39m [37m-->[39m [37mPOST[39m [37m/wd/hub/session/a571173e-f1e3-42eb-bded-24c665f2df33/touch/perform[39m
[35m[HTTP][39m [90m{"actions":[{"action":"tap","options":{"element":"df65d17e-7e2c-4c51-bde9-b0ce31457239","x":1,"y":1}}]}[39m
[35m[UiAutomator2][39m calling get location: df65d17e-7e2c-4c51-bde9-b0ce31457239
[35m[HTTP][39m [37m<-- POST /wd/hub/session/a571173e-f1e3-42eb-bded-24c665f2df33/touch/perform [39m[32m200[39m [90m1312 ms - 76[39m
[35m[HTTP][39m [90m[39m
[35m[HTTP][39m [37m-->[39m [37mGET[39m [37m/wd/hub/session/a571173e-f1e3-42eb-bded-24c665f2df33/context[39m
[35m[HTTP][39m [90m{}[39m
[35m[HTTP][39m [37m<-- GET /wd/hub/session/a571173e-f1e3-42eb-bded-24c665f2df33/context [39m[32m200[39m [90m3 ms - 84[39m
[35m[HTTP][39m [90m[39m
[35m[HTTP][39m [37m-->[39m [37mGET[39m [37m/wd/hub/session/a571173e-f1e3-42eb-bded-24c665f2df33/contexts[39m
[35m[HTTP][39m [90m{}[39m
[35m[HTTP][39m [37m<-- GET /wd/hub/session/a571173e-f1e3-42eb-bded-24c665f2df33/contexts [39m[32m200[39m [90m110 ms - 86[39m
[35m[HTTP][39m [90m[39m
[35m[HTTP][39m [37m-->[39m [37mPOST[39m [37m/wd/hub/session/a571173e-f1e3-42eb-bded-24c665f2df33/context[39m
[35m[HTTP][39m [90m{"name":"NATIVE_APP"}[39m
[35m[HTTP][39m [37m<-- POST /wd/hub/session/a571173e-f1e3-42eb-bded-24c665f2df33/context [39m[32m200[39m [90m94 ms - 76[39m
[35m[HTTP][39m [90m[39m
[35m[HTTP][39m [37m-->[39m [37mPOST[39m [37m/wd/hub/session/a571173e-f1e3-42eb-bded-24c665f2df33/appium/device/hide_keyboard[39m
[35m[HTTP][39m [90m{}[39m
[35m[HTTP][39m [37m<-- POST /wd/hub/session/a571173e-f1e3-42eb-bded-24c665f2df33/appium/device/hide_keyboard [39m[32m200[39m [90m1537 ms - 76[39m
[35m[HTTP][39m [90m[39m
[35m[HTTP][39m [37m-->[39m [37mPOST[39m [37m/wd/hub/session/a571173e-f1e3-42eb-bded-24c665f2df33/context[39m
[35m[HTTP][39m [90m{"name":"NATIVE_APP"}[39m
[35m[HTTP][39m [37m<-- POST /wd/hub/session/a571173e-f1e3-42eb-bded-24c665f2df33/context [39m[32m200[39m [90m136 ms - 76[39m
[35m[HTTP][39m [90m[39m
[35m[HTTP][39m [37m-->[39m [37mGET[39m [37m/wd/hub/session/a571173e-f1e3-42eb-bded-24c665f2df33/window/current/size[39m
[35m[HTTP][39m [90m{}[39m
[35m[W3C][39m Driver proxy active, passing request on via HTTP proxy
[35m[JSONWP Proxy][39m Replacing sessionId d8b9fd7d-f716-4847-9f5b-479d3b59acb6 with a571173e-f1e3-42eb-bded-24c665f2df33
[35m[HTTP][39m [37m<-- GET /wd/hub/session/a571173e-f1e3-42eb-bded-24c665f2df33/window/current/size [39m[32m200[39m [90m26 ms - 100[39m
[35m[HTTP][39m [90m[39m
[35m[HTTP][39m [37m-->[39m [37mPOST[39m [37m/wd/hub/session/a571173e-f1e3-42eb-bded-24c665f2df33/elements[39m
[35m[HTTP][39m [90m{"using":"-android uiautomator","value":"new UiSelector().className(\"android.widget.TextView\").resourceId(\"br.com.mv.monitoringvitals:id/action_confirm\").instance(1)"}[39m
[35m[HTTP][39m [37m<-- POST /wd/hub/session/a571173e-f1e3-42eb-bded-24c665f2df33/elements [39m[32m200[39m [90m559 ms - 124[39m
[35m[HTTP][39m [90m[39m
[35m[HTTP][39m [37m-->[39m [37mGET[39m [37m/wd/hub/session/a571173e-f1e3-42eb-bded-24c665f2df33[39m
[35m[HTTP][39m [90m{}[39m
[35m[HTTP][39m [37m<-- GET /wd/hub/session/a571173e-f1e3-42eb-bded-24c665f2df33 [39m[32m200[39m [90m30 ms - 1175[39m
[35m[HTTP][39m [90m[39m
[35m[HTTP][39m [37m-->[39m [37mGET[39m [37m/wd/hub/session/a571173e-f1e3-42eb-bded-24c665f2df33[39m
[35m[HTTP][39m [90m{}[39m
[35m[HTTP][39m [37m<-- GET /wd/hub/session/a571173e-f1e3-42eb-bded-24c665f2df33 [39m[32m200[39m [90m24 ms - 1175[39m
[35m[HTTP][39m [90m[39m
[35m[HTTP][39m [37m-->[39m [37mGET[39m [37m/wd/hub/session/a571173e-f1e3-42eb-bded-24c665f2df33[39m
[35m[HTTP][39m [90m{}[39m
[35m[HTTP][39m [37m<-- GET /wd/hub/session/a571173e-f1e3-42eb-bded-24c665f2df33 [39m[32m200[39m [90m21 ms - 1175[39m
[35m[HTTP][39m [90m[39m
[35m[HTTP][39m [37m-->[39m [37mGET[39m [37m/wd/hub/session/a571173e-f1e3-42eb-bded-24c665f2df33[39m
[35m[HTTP][39m [90m{}[39m
[35m[HTTP][39m [37m<-- GET /wd/hub/session/a571173e-f1e3-42eb-bded-24c665f2df33 [39m[32m200[39m [90m19 ms - 1175[39m
[35m[HTTP][39m [90m[39m
[35m[HTTP][39m [37m-->[39m [37mGET[39m [37m/wd/hub/session/a571173e-f1e3-42eb-bded-24c665f2df33/element/ab76fc45-28da-494c-b192-7ec5466ac927/location[39m
[35m[HTTP][39m [90m{}[39m
[35m[W3C][39m Driver proxy active, passing request on via HTTP proxy
[35m[JSONWP Proxy][39m Replacing sessionId d8b9fd7d-f716-4847-9f5b-479d3b59acb6 with a571173e-f1e3-42eb-bded-24c665f2df33
[35m[HTTP][39m [37m<-- GET /wd/hub/session/a571173e-f1e3-42eb-bded-24c665f2df33/element/ab76fc45-28da-494c-b192-7ec5466ac927/location [39m[32m200[39m [90m63 ms - 88[39m
[35m[HTTP][39m [90m[39m
[35m[HTTP][39m [37m-->[39m [37mPOST[39m [37m/wd/hub/session/a571173e-f1e3-42eb-bded-24c665f2df33/touch/perform[39m
[35m[HTTP][39m [90m{"actions":[{"action":"tap","options":{"element":"ab76fc45-28da-494c-b192-7ec5466ac927","x":1,"y":1}}]}[39m
[35m[UiAutomator2][39m calling get location: ab76fc45-28da-494c-b192-7ec5466ac927
[35m[HTTP][39m [37m<-- POST /wd/hub/session/a571173e-f1e3-42eb-bded-24c665f2df33/touch/perform [39m[32m200[39m [90m878 ms - 76[39m
[35m[HTTP][39m [90m[39m
[35m[HTTP][39m [37m-->[39m [37mGET[39m [37m/wd/hub/session/a571173e-f1e3-42eb-bded-24c665f2df33/window/current/size[39m
[35m[HTTP][39m [90m{}[39m
[35m[W3C][39m Driver proxy active, passing request on via HTTP proxy
[35m[JSONWP Proxy][39m Replacing sessionId d8b9fd7d-f716-4847-9f5b-479d3b59acb6 with a571173e-f1e3-42eb-bded-24c665f2df33
[35m[HTTP][39m [37m<-- GET /wd/hub/session/a571173e-f1e3-42eb-bded-24c665f2df33/window/current/size [39m[32m200[39m [90m22 ms - 100[39m
[35m[HTTP][39m [90m[39m
[35m[HTTP][39m [37m-->[39m [37mPOST[39m [37m/wd/hub/session/a571173e-f1e3-42eb-bded-24c665f2df33/elements[39m
[35m[HTTP][39m [90m{"using":"-android uiautomator","value":"new UiSelector().className(\"android.widget.TextView\").text(\"Esse campo é obrigatório.\").resourceId(\"br.com.mv.monitoringvitals:id/txt_error_register_name\").instance(4)"}[39m
[35m[HTTP][39m [37m<-- POST /wd/hub/session/a571173e-f1e3-42eb-bded-24c665f2df33/elements [39m[32m200[39m [90m148 ms - 124[39m
[35m[HTTP][39m [90m[39m
[35m[HTTP][39m [37m-->[39m [37mGET[39m [37m/wd/hub/session/a571173e-f1e3-42eb-bded-24c665f2df33[39m
[35m[HTTP][39m [90m{}[39m
[35m[HTTP][39m [37m<-- GET /wd/hub/session/a571173e-f1e3-42eb-bded-24c665f2df33 [39m[32m200[39m [90m19 ms - 1175[39m
[35m[HTTP][39m [90m[39m
[35m[HTTP][39m [37m-->[39m [37mGET[39m [37m/wd/hub/session/a571173e-f1e3-42eb-bded-24c665f2df33[39m
[35m[HTTP][39m [90m{}[39m
[35m[HTTP][39m [37m<-- GET /wd/hub/session/a571173e-f1e3-42eb-bded-24c665f2df33 [39m[32m200[39m [90m19 ms - 1175[39m
[35m[HTTP][39m [90m[39m
[35m[HTTP][39m [37m-->[39m [37mGET[39m [37m/wd/hub/session/a571173e-f1e3-42eb-bded-24c665f2df33[39m
[35m[HTTP][39m [90m{}[39m
[35m[HTTP][39m [37m<-- GET /wd/hub/session/a571173e-f1e3-42eb-bded-24c665f2df33 [39m[32m200[39m [90m21 ms - 1175[39m
[35m[HTTP][39m [90m[39m
[35m[HTTP][39m [37m-->[39m [37mGET[39m [37m/wd/hub/session/a571173e-f1e3-42eb-bded-24c665f2df33[39m
[35m[HTTP][39m [90m{}[39m
[35m[HTTP][39m [37m<-- GET /wd/hub/session/a571173e-f1e3-42eb-bded-24c665f2df33 [39m[32m200[39m [90m19 ms - 1175[39m
[35m[HTTP][39m [90m[39m
[35m[HTTP][39m [37m-->[39m [37mGET[39m [37m/wd/hub/session/a571173e-f1e3-42eb-bded-24c665f2df33/element/3ef2c3e5-4403-44d4-944f-9874787e1c5d/location[39m
[35m[HTTP][39m [90m{}[39m
[35m[W3C][39m Driver proxy active, passing request on via HTTP proxy
[35m[JSONWP Proxy][39m Replacing sessionId d8b9fd7d-f716-4847-9f5b-479d3b59acb6 with a571173e-f1e3-42eb-bded-24c665f2df33
[35m[HTTP][39m [37m<-- GET /wd/hub/session/a571173e-f1e3-42eb-bded-24c665f2df33/element/3ef2c3e5-4403-44d4-944f-9874787e1c5d/location [39m[32m200[39m [90m56 ms - 88[39m
[35m[HTTP][39m [90m[39m
[35m[HTTP][39m [37m-->[39m [37mGET[39m [37m/wd/hub/session/a571173e-f1e3-42eb-bded-24c665f2df33/element/3ef2c3e5-4403-44d4-944f-9874787e1c5d/attribute/text[39m
[35m[HTTP][39m [90m{}[39m
[35m[HTTP][39m [37m<-- GET /wd/hub/session/a571173e-f1e3-42eb-bded-24c665f2df33/element/3ef2c3e5-4403-44d4-944f-9874787e1c5d/attribute/text [39m[32m200[39m [90m95 ms - 101[39m
[35m[HTTP][39m [90m[39m
[35m[HTTP][39m [37m-->[39m [37mGET[39m [37m/wd/hub/session/a571173e-f1e3-42eb-bded-24c665f2df33/context[39m
[35m[HTTP][39m [90m{}[39m
[35m[HTTP][39m [37m<-- GET /wd/hub/session/a571173e-f1e3-42eb-bded-24c665f2df33/context [39m[32m200[39m [90m1 ms - 84[39m
[35m[HTTP][39m [90m[39m
[35m[HTTP][39m [37m-->[39m [37mGET[39m [37m/wd/hub/session/a571173e-f1e3-42eb-bded-24c665f2df33/contexts[39m
[35m[HTTP][39m [90m{}[39m
[35m[HTTP][39m [37m<-- GET /wd/hub/session/a571173e-f1e3-42eb-bded-24c665f2df33/contexts [39m[32m200[39m [90m101 ms - 86[39m
[35m[HTTP][39m [90m[39m
[35m[HTTP][39m [37m-->[39m [37mPOST[39m [37m/wd/hub/session/a571173e-f1e3-42eb-bded-24c665f2df33/context[39m
[35m[HTTP][39m [90m{"name":"NATIVE_APP"}[39m
[35m[HTTP][39m [37m<-- POST /wd/hub/session/a571173e-f1e3-42eb-bded-24c665f2df33/context [39m[32m200[39m [90m96 ms - 76[39m
[35m[HTTP][39m [90m[39m
[35m[HTTP][39m [37m-->[39m [37mGET[39m [37m/wd/hub/session/a571173e-f1e3-42eb-bded-24c665f2df33/screenshot[39m
[35m[HTTP][39m [90m{}[39m
[35m[HTTP][39m [37m<-- GET /wd/hub/session/a571173e-f1e3-42eb-bded-24c665f2df33/screenshot [39m[32m200[39m [90m865 ms - 253480[39m
[35m[HTTP][39m [90m[39m
[35m[HTTP][39m [37m-->[39m [37mPOST[39m [37m/wd/hub/session/a571173e-f1e3-42eb-bded-24c665f2df33/context[39m
[35m[HTTP][39m [90m{"name":"NATIVE_APP"}[39m
[35m[HTTP][39m [37m<-- POST /wd/hub/session/a571173e-f1e3-42eb-bded-24c665f2df33/context [39m[32m200[39m [90m97 ms - 76[39m
[35m[HTTP][39m [90m[39m
[35m[HTTP][39m [37m-->[39m [37mGET[39m [37m/wd/hub/session/a571173e-f1e3-42eb-bded-24c665f2df33/window/current/size[39m
[35m[HTTP][39m [90m{}[39m
[35m[W3C][39m Driver proxy active, passing request on via HTTP proxy
[35m[JSONWP Proxy][39m Replacing sessionId d8b9fd7d-f716-4847-9f5b-479d3b59acb6 with a571173e-f1e3-42eb-bded-24c665f2df33
[35m[HTTP][39m [37m<-- GET /wd/hub/session/a571173e-f1e3-42eb-bded-24c665f2df33/window/current/size [39m[32m200[39m [90m23 ms - 100[39m
[35m[HTTP][39m [90m[39m
[35m[HTTP][39m [37m-->[39m [37mPOST[39m [37m/wd/hub/session/a571173e-f1e3-42eb-bded-24c665f2df33/elements[39m
[35m[HTTP][39m [90m{"using":"-android uiautomator","value":"new UiSelector().className(\"android.widget.TextView\").text(\"Esse campo é obrigatório.\").resourceId(\"br.com.mv.monitoringvitals:id/txt_error_register_cpf\").instance(6)"}[39m
[35m[HTTP][39m [37m<-- POST /wd/hub/session/a571173e-f1e3-42eb-bded-24c665f2df33/elements [39m[32m200[39m [90m153 ms - 124[39m
[35m[HTTP][39m [90m[39m
[35m[HTTP][39m [37m-->[39m [37mGET[39m [37m/wd/hub/session/a571173e-f1e3-42eb-bded-24c665f2df33[39m
[35m[HTTP][39m [90m{}[39m
[35m[HTTP][39m [37m<-- GET /wd/hub/session/a571173e-f1e3-42eb-bded-24c665f2df33 [39m[32m200[39m [90m23 ms - 1175[39m
[35m[HTTP][39m [90m[39m
[35m[HTTP][39m [37m-->[39m [37mGET[39m [37m/wd/hub/session/a571173e-f1e3-42eb-bded-24c665f2df33[39m
[35m[HTTP][39m [90m{}[39m
[35m[HTTP][39m [37m<-- GET /wd/hub/session/a571173e-f1e3-42eb-bded-24c665f2df33 [39m[32m200[39m [90m19 ms - 1175[39m
[35m[HTTP][39m [90m[39m
[35m[HTTP][39m [37m-->[39m [37mGET[39m [37m/wd/hub/session/a571173e-f1e3-42eb-bded-24c665f2df33[39m
[35m[HTTP][39m [90m{}[39m
[35m[HTTP][39m [37m<-- GET /wd/hub/session/a571173e-f1e3-42eb-bded-24c665f2df33 [39m[32m200[39m [90m19 ms - 1175[39m
[35m[HTTP][39m [90m[39m
[35m[HTTP][39m [37m-->[39m [37mGET[39m [37m/wd/hub/session/a571173e-f1e3-42eb-bded-24c665f2df33[39m
[35m[HTTP][39m [90m{}[39m
[35m[HTTP][39m [37m<-- GET /wd/hub/session/a571173e-f1e3-42eb-bded-24c665f2df33 [39m[32m200[39m [90m18 ms - 1175[39m
[35m[HTTP][39m [90m[39m
[35m[HTTP][39m [37m-->[39m [37mGET[39m [37m/wd/hub/session/a571173e-f1e3-42eb-bded-24c665f2df33/element/1e3eb555-d05e-48ff-a004-33efbfa4f780/location[39m
[35m[HTTP][39m [90m{}[39m
[35m[W3C][39m Driver proxy active, passing request on via HTTP proxy
[35m[JSONWP Proxy][39m Replacing sessionId d8b9fd7d-f716-4847-9f5b-479d3b59acb6 with a571173e-f1e3-42eb-bded-24c665f2df33
[35m[HTTP][39m [37m<-- GET /wd/hub/session/a571173e-f1e3-42eb-bded-24c665f2df33/element/1e3eb555-d05e-48ff-a004-33efbfa4f780/location [39m[32m200[39m [90m56 ms - 89[39m
[35m[HTTP][39m [90m[39m
[35m[HTTP][39m [37m-->[39m [37mGET[39m [37m/wd/hub/session/a571173e-f1e3-42eb-bded-24c665f2df33/element/1e3eb555-d05e-48ff-a004-33efbfa4f780/attribute/text[39m
[35m[HTTP][39m [90m{}[39m
[35m[HTTP][39m [37m<-- GET /wd/hub/session/a571173e-f1e3-42eb-bded-24c665f2df33/element/1e3eb555-d05e-48ff-a004-33efbfa4f780/attribute/text [39m[32m200[39m [90m92 ms - 101[39m
[35m[HTTP][39m [90m[39m
[35m[HTTP][39m [37m-->[39m [37mGET[39m [37m/wd/hub/session/a571173e-f1e3-42eb-bded-24c665f2df33/context[39m
[35m[HTTP][39m [90m{}[39m
[35m[HTTP][39m [37m<-- GET /wd/hub/session/a571173e-f1e3-42eb-bded-24c665f2df33/context [39m[32m200[39m [90m1 ms - 84[39m
[35m[HTTP][39m [90m[39m
[35m[HTTP][39m [37m-->[39m [37mGET[39m [37m/wd/hub/session/a571173e-f1e3-42eb-bded-24c665f2df33/contexts[39m
[35m[HTTP][39m [90m{}[39m
[35m[HTTP][39m [37m<-- GET /wd/hub/session/a571173e-f1e3-42eb-bded-24c665f2df33/contexts [39m[32m200[39m [90m98 ms - 86[39m
[35m[HTTP][39m [90m[39m
[35m[HTTP][39m [37m-->[39m [37mPOST[39m [37m/wd/hub/session/a571173e-f1e3-42eb-bded-24c665f2df33/context[39m
[35m[HTTP][39m [90m{"name":"NATIVE_APP"}[39m
[35m[HTTP][39m [37m<-- POST /wd/hub/session/a571173e-f1e3-42eb-bded-24c665f2df33/context [39m[32m200[39m [90m107 ms - 76[39m
[35m[HTTP][39m [90m[39m
[35m[HTTP][39m [37m-->[39m [37mGET[39m [37m/wd/hub/session/a571173e-f1e3-42eb-bded-24c665f2df33/screenshot[39m
[35m[HTTP][39m [90m{}[39m
[35m[HTTP][39m [37m<-- GET /wd/hub/session/a571173e-f1e3-42eb-bded-24c665f2df33/screenshot [39m[32m200[39m [90m813 ms - 253452[39m
[35m[HTTP][39m [90m[39m
[35m[HTTP][39m [37m-->[39m [37mPOST[39m [37m/wd/hub/session/a571173e-f1e3-42eb-bded-24c665f2df33/context[39m
[35m[HTTP][39m [90m{"name":"NATIVE_APP"}[39m
[35m[HTTP][39m [37m<-- POST /wd/hub/session/a571173e-f1e3-42eb-bded-24c665f2df33/context [39m[32m200[39m [90m174 ms - 76[39m
[35m[HTTP][39m [90m[39m
[35m[HTTP][39m [37m-->[39m [37mGET[39m [37m/wd/hub/session/a571173e-f1e3-42eb-bded-24c665f2df33/window/current/size[39m
[35m[HTTP][39m [90m{}[39m
[35m[W3C][39m Driver proxy active, passing request on via HTTP proxy
[35m[JSONWP Proxy][39m Replacing sessionId d8b9fd7d-f716-4847-9f5b-479d3b59acb6 with a571173e-f1e3-42eb-bded-24c665f2df33
[35m[HTTP][39m [37m<-- GET /wd/hub/session/a571173e-f1e3-42eb-bded-24c665f2df33/window/current/size [39m[32m200[39m [90m22 ms - 100[39m
[35m[HTTP][39m [90m[39m
[35m[HTTP][39m [37m-->[39m [37mPOST[39m [37m/wd/hub/session/a571173e-f1e3-42eb-bded-24c665f2df33/elements[39m
[35m[HTTP][39m [90m{"using":"-android uiautomator","value":"new UiSelector().className(\"android.widget.TextView\").text(\"Esse campo é obrigatório.\").resourceId(\"br.com.mv.monitoringvitals:id/txt_error_register_date_birth\").instance(8)"}[39m
[35m[HTTP][39m [37m<-- POST /wd/hub/session/a571173e-f1e3-42eb-bded-24c665f2df33/elements [39m[32m200[39m [90m127 ms - 124[39m
[35m[HTTP][39m [90m[39m
[35m[HTTP][39m [37m-->[39m [37mGET[39m [37m/wd/hub/session/a571173e-f1e3-42eb-bded-24c665f2df33[39m
[35m[HTTP][39m [90m{}[39m
[35m[HTTP][39m [37m<-- GET /wd/hub/session/a571173e-f1e3-42eb-bded-24c665f2df33 [39m[32m200[39m [90m20 ms - 1175[39m
[35m[HTTP][39m [90m[39m
[35m[HTTP][39m [37m-->[39m [37mGET[39m [37m/wd/hub/session/a571173e-f1e3-42eb-bded-24c665f2df33[39m
[35m[HTTP][39m [90m{}[39m
[35m[HTTP][39m [37m<-- GET /wd/hub/session/a571173e-f1e3-42eb-bded-24c665f2df33 [39m[32m200[39m [90m18 ms - 1175[39m
[35m[HTTP][39m [90m[39m
[35m[HTTP][39m [37m-->[39m [37mGET[39m [37m/wd/hub/session/a571173e-f1e3-42eb-bded-24c665f2df33[39m
[35m[HTTP][39m [90m{}[39m
[35m[HTTP][39m [37m<-- GET /wd/hub/session/a571173e-f1e3-42eb-bded-24c665f2df33 [39m[32m200[39m [90m18 ms - 1175[39m
[35m[HTTP][39m [90m[39m
[35m[HTTP][39m [37m-->[39m [37mGET[39m [37m/wd/hub/session/a571173e-f1e3-42eb-bded-24c665f2df33[39m
[35m[HTTP][39m [90m{}[39m
[35m[HTTP][39m [37m<-- GET /wd/hub/session/a571173e-f1e3-42eb-bded-24c665f2df33 [39m[32m200[39m [90m18 ms - 1175[39m
[35m[HTTP][39m [90m[39m
[35m[HTTP][39m [37m-->[39m [37mGET[39m [37m/wd/hub/session/a571173e-f1e3-42eb-bded-24c665f2df33/element/420b7547-c35e-4b89-9284-cdbd1a4a1ce6/location[39m
[35m[HTTP][39m [90m{}[39m
[35m[W3C][39m Driver proxy active, passing request on via HTTP proxy
[35m[JSONWP Proxy][39m Replacing sessionId d8b9fd7d-f716-4847-9f5b-479d3b59acb6 with a571173e-f1e3-42eb-bded-24c665f2df33
[35m[HTTP][39m [37m<-- GET /wd/hub/session/a571173e-f1e3-42eb-bded-24c665f2df33/element/420b7547-c35e-4b89-9284-cdbd1a4a1ce6/location [39m[32m200[39m [90m53 ms - 89[39m
[35m[HTTP][39m [90m[39m
[35m[HTTP][39m [37m-->[39m [37mGET[39m [37m/wd/hub/session/a571173e-f1e3-42eb-bded-24c665f2df33/element/420b7547-c35e-4b89-9284-cdbd1a4a1ce6/attribute/text[39m
[35m[HTTP][39m [90m{}[39m
[35m[HTTP][39m [37m<-- GET /wd/hub/session/a571173e-f1e3-42eb-bded-24c665f2df33/element/420b7547-c35e-4b89-9284-cdbd1a4a1ce6/attribute/text [39m[32m200[39m [90m88 ms - 101[39m
[35m[HTTP][39m [90m[39m
[35m[HTTP][39m [37m-->[39m [37mGET[39m [37m/wd/hub/session/a571173e-f1e3-42eb-bded-24c665f2df33/context[39m
[35m[HTTP][39m [90m{}[39m
[35m[HTTP][39m [37m<-- GET /wd/hub/session/a571173e-f1e3-42eb-bded-24c665f2df33/context [39m[32m200[39m [90m2 ms - 84[39m
[35m[HTTP][39m [90m[39m
[35m[HTTP][39m [37m-->[39m [37mGET[39m [37m/wd/hub/session/a571173e-f1e3-42eb-bded-24c665f2df33/contexts[39m
[35m[HTTP][39m [90m{}[39m
[35m[HTTP][39m [37m<-- GET /wd/hub/session/a571173e-f1e3-42eb-bded-24c665f2df33/contexts [39m[32m200[39m [90m106 ms - 86[39m
[35m[HTTP][39m [90m[39m
[35m[HTTP][39m [37m-->[39m [37mPOST[39m [37m/wd/hub/session/a571173e-f1e3-42eb-bded-24c665f2df33/context[39m
[35m[HTTP][39m [90m{"name":"NATIVE_APP"}[39m
[35m[HTTP][39m [37m<-- POST /wd/hub/session/a571173e-f1e3-42eb-bded-24c665f2df33/context [39m[32m200[39m [90m171 ms - 76[39m
[35m[HTTP][39m [90m[39m
[35m[HTTP][39m [37m-->[39m [37mGET[39m [37m/wd/hub/session/a571173e-f1e3-42eb-bded-24c665f2df33/screenshot[39m
[35m[HTTP][39m [90m{}[39m
[35m[HTTP][39m [37m<-- GET /wd/hub/session/a571173e-f1e3-42eb-bded-24c665f2df33/screenshot [39m[32m200[39m [90m807 ms - 253452[39m
[35m[HTTP][39m [90m[39m
[35m[HTTP][39m [37m-->[39m [37mPOST[39m [37m/wd/hub/session/a571173e-f1e3-42eb-bded-24c665f2df33/context[39m
[35m[HTTP][39m [90m{"name":"NATIVE_APP"}[39m
[35m[HTTP][39m [37m<-- POST /wd/hub/session/a571173e-f1e3-42eb-bded-24c665f2df33/context [39m[32m200[39m [90m149 ms - 76[39m
[35m[HTTP][39m [90m[39m
[35m[HTTP][39m [37m-->[39m [37mGET[39m [37m/wd/hub/session/a571173e-f1e3-42eb-bded-24c665f2df33/context[39m
[35m[HTTP][39m [90m{}[39m
[35m[HTTP][39m [37m<-- GET /wd/hub/session/a571173e-f1e3-42eb-bded-24c665f2df33/context [39m[32m200[39m [90m2 ms - 84[39m
[35m[HTTP][39m [90m[39m
[35m[HTTP][39m [37m-->[39m [37mGET[39m [37m/wd/hub/session/a571173e-f1e3-42eb-bded-24c665f2df33/contexts[39m
[35m[HTTP][39m [90m{}[39m
[35m[HTTP][39m [37m<-- GET /wd/hub/session/a571173e-f1e3-42eb-bded-24c665f2df33/contexts [39m[32m200[39m [90m97 ms - 86[39m
[35m[HTTP][39m [90m[39m
[35m[HTTP][39m [37m-->[39m [37mPOST[39m [37m/wd/hub/session/a571173e-f1e3-42eb-bded-24c665f2df33/context[39m
[35m[HTTP][39m [90m{"name":"NATIVE_APP"}[39m
[35m[HTTP][39m [37m<-- POST /wd/hub/session/a571173e-f1e3-42eb-bded-24c665f2df33/context [39m[32m200[39m [90m97 ms - 76[39m
[35m[HTTP][39m [90m[39m
[35m[HTTP][39m [37m-->[39m [37mPOST[39m [37m/wd/hub/session/a571173e-f1e3-42eb-bded-24c665f2df33/touch/perform[39m
[35m[HTTP][39m [90m{"actions":[{"action":"press","options":{"x":150,"y":150}},{"action":"wait","options":{"ms":500}},{"action":"moveTo","options":{"x":150,"y":0}}]}[39m
[35m[HTTP][39m [37m<-- POST /wd/hub/session/a571173e-f1e3-42eb-bded-24c665f2df33/touch/perform [39m[32m200[39m [90m3004 ms - 76[39m
[35m[HTTP][39m [90m[39m
[35m[HTTP][39m [37m-->[39m [37mPOST[39m [37m/wd/hub/session/a571173e-f1e3-42eb-bded-24c665f2df33/context[39m
[35m[HTTP][39m [90m{"name":"NATIVE_APP"}[39m
[35m[HTTP][39m [37m<-- POST /wd/hub/session/a571173e-f1e3-42eb-bded-24c665f2df33/context [39m[32m200[39m [90m101 ms - 76[39m
[35m[HTTP][39m [90m[39m
[35m[HTTP][39m [37m-->[39m [37mGET[39m [37m/wd/hub/session/a571173e-f1e3-42eb-bded-24c665f2df33/window/current/size[39m
[35m[HTTP][39m [90m{}[39m
[35m[W3C][39m Driver proxy active, passing request on via HTTP proxy
[35m[JSONWP Proxy][39m Replacing sessionId d8b9fd7d-f716-4847-9f5b-479d3b59acb6 with a571173e-f1e3-42eb-bded-24c665f2df33
[35m[HTTP][39m [37m<-- GET /wd/hub/session/a571173e-f1e3-42eb-bded-24c665f2df33/window/current/size [39m[32m200[39m [90m42 ms - 100[39m
[35m[HTTP][39m [90m[39m
[35m[HTTP][39m [37m-->[39m [37mPOST[39m [37m/wd/hub/session/a571173e-f1e3-42eb-bded-24c665f2df33/elements[39m
[35m[HTTP][39m [90m{"using":"-android uiautomator","value":"new UiSelector().className(\"android.widget.TextView\").text(\"Esse campo é obrigatório.\").resourceId(\"br.com.mv.monitoringvitals:id/txt_error_register_phone\").instance(8)"}[39m
[35m[HTTP][39m [37m<-- POST /wd/hub/session/a571173e-f1e3-42eb-bded-24c665f2df33/elements [39m[32m200[39m [90m146 ms - 124[39m
[35m[HTTP][39m [90m[39m
[35m[HTTP][39m [37m-->[39m [37mGET[39m [37m/wd/hub/session/a571173e-f1e3-42eb-bded-24c665f2df33[39m
[35m[HTTP][39m [90m{}[39m
[35m[HTTP][39m [37m<-- GET /wd/hub/session/a571173e-f1e3-42eb-bded-24c665f2df33 [39m[32m200[39m [90m38 ms - 1175[39m
[35m[HTTP][39m [90m[39m
[35m[HTTP][39m [37m-->[39m [37mGET[39m [37m/wd/hub/session/a571173e-f1e3-42eb-bded-24c665f2df33[39m
[35m[HTTP][39m [90m{}[39m
[35m[HTTP][39m [37m<-- GET /wd/hub/session/a571173e-f1e3-42eb-bded-24c665f2df33 [39m[32m200[39m [90m24 ms - 1175[39m
[35m[HTTP][39m [90m[39m
[35m[HTTP][39m [37m-->[39m [37mGET[39m [37m/wd/hub/session/a571173e-f1e3-42eb-bded-24c665f2df33[39m
[35m[HTTP][39m [90m{}[39m
[35m[HTTP][39m [37m<-- GET /wd/hub/session/a571173e-f1e3-42eb-bded-24c665f2df33 [39m[32m200[39m [90m18 ms - 1175[39m
[35m[HTTP][39m [90m[39m
[35m[HTTP][39m [37m-->[39m [37mGET[39m [37m/wd/hub/session/a571173e-f1e3-42eb-bded-24c665f2df33[39m
[35m[HTTP][39m [90m{}[39m
[35m[HTTP][39m [37m<-- GET /wd/hub/session/a571173e-f1e3-42eb-bded-24c665f2df33 [39m[32m200[39m [90m18 ms - 1175[39m
[35m[HTTP][39m [90m[39m
[35m[HTTP][39m [37m-->[39m [37mGET[39m [37m/wd/hub/session/a571173e-f1e3-42eb-bded-24c665f2df33/element/372ab002-305d-46d0-a8ea-c5909271706f/location[39m
[35m[HTTP][39m [90m{}[39m
[35m[W3C][39m Driver proxy active, passing request on via HTTP proxy
[35m[JSONWP Proxy][39m Replacing sessionId d8b9fd7d-f716-4847-9f5b-479d3b59acb6 with a571173e-f1e3-42eb-bded-24c665f2df33
[35m[HTTP][39m [37m<-- GET /wd/hub/session/a571173e-f1e3-42eb-bded-24c665f2df33/element/372ab002-305d-46d0-a8ea-c5909271706f/location [39m[32m200[39m [90m55 ms - 88[39m
[35m[HTTP][39m [90m[39m
[35m[HTTP][39m [37m-->[39m [37mGET[39m [37m/wd/hub/session/a571173e-f1e3-42eb-bded-24c665f2df33/element/372ab002-305d-46d0-a8ea-c5909271706f/attribute/text[39m
[35m[HTTP][39m [90m{}[39m
[35m[HTTP][39m [37m<-- GET /wd/hub/session/a571173e-f1e3-42eb-bded-24c665f2df33/element/372ab002-305d-46d0-a8ea-c5909271706f/attribute/text [39m[32m200[39m [90m94 ms - 101[39m
[35m[HTTP][39m [90m[39m
[35m[HTTP][39m [37m-->[39m [37mGET[39m [37m/wd/hub/session/a571173e-f1e3-42eb-bded-24c665f2df33/context[39m
[35m[HTTP][39m [90m{}[39m
[35m[HTTP][39m [37m<-- GET /wd/hub/session/a571173e-f1e3-42eb-bded-24c665f2df33/context [39m[32m200[39m [90m3 ms - 84[39m
[35m[HTTP][39m [90m[39m
[35m[HTTP][39m [37m-->[39m [37mGET[39m [37m/wd/hub/session/a571173e-f1e3-42eb-bded-24c665f2df33/contexts[39m
[35m[HTTP][39m [90m{}[39m
[35m[HTTP][39m [37m<-- GET /wd/hub/session/a571173e-f1e3-42eb-bded-24c665f2df33/contexts [39m[32m200[39m [90m549 ms - 86[39m
[35m[HTTP][39m [90m[39m
[35m[HTTP][39m [37m-->[39m [37mPOST[39m [37m/wd/hub/session/a571173e-f1e3-42eb-bded-24c665f2df33/context[39m
[35m[HTTP][39m [90m{"name":"NATIVE_APP"}[39m
[35m[HTTP][39m [37m<-- POST /wd/hub/session/a571173e-f1e3-42eb-bded-24c665f2df33/context [39m[32m200[39m [90m104 ms - 76[39m
[35m[HTTP][39m [90m[39m
[35m[HTTP][39m [37m-->[39m [37mGET[39m [37m/wd/hub/session/a571173e-f1e3-42eb-bded-24c665f2df33/screenshot[39m
[35m[HTTP][39m [90m{}[39m
[35m[HTTP][39m [37m<-- GET /wd/hub/session/a571173e-f1e3-42eb-bded-24c665f2df33/screenshot [39m[32m200[39m [90m864 ms - 282480[39m
[35m[HTTP][39m [90m[39m
[35m[HTTP][39m [37m-->[39m [37mPOST[39m [37m/wd/hub/session/a571173e-f1e3-42eb-bded-24c665f2df33/context[39m
[35m[HTTP][39m [90m{"name":"NATIVE_APP"}[39m
[35m[HTTP][39m [37m<-- POST /wd/hub/session/a571173e-f1e3-42eb-bded-24c665f2df33/context [39m[32m200[39m [90m143 ms - 76[39m
[35m[HTTP][39m [90m[39m
[35m[HTTP][39m [37m-->[39m [37mGET[39m [37m/wd/hub/session/a571173e-f1e3-42eb-bded-24c665f2df33/window/current/size[39m
[35m[HTTP][39m [90m{}[39m
[35m[W3C][39m Driver proxy active, passing request on via HTTP proxy
[35m[JSONWP Proxy][39m Replacing sessionId d8b9fd7d-f716-4847-9f5b-479d3b59acb6 with a571173e-f1e3-42eb-bded-24c665f2df33
[35m[HTTP][39m [37m<-- GET /wd/hub/session/a571173e-f1e3-42eb-bded-24c665f2df33/window/current/size [39m[32m200[39m [90m21 ms - 100[39m
[35m[HTTP][39m [90m[39m
[35m[HTTP][39m [37m-->[39m [37mPOST[39m [37m/wd/hub/session/a571173e-f1e3-42eb-bded-24c665f2df33/elements[39m
[35m[HTTP][39m [90m{"using":"-android uiautomator","value":"new UiSelector().className(\"android.widget.TextView\").text(\"Esse campo é obrigatório.\").resourceId(\"br.com.mv.monitoringvitals:id/txt_error_register_phone\").instance(8)"}[39m
[35m[HTTP][39m [37m<-- POST /wd/hub/session/a571173e-f1e3-42eb-bded-24c665f2df33/elements [39m[32m200[39m [90m127 ms - 124[39m
[35m[HTTP][39m [90m[39m
[35m[HTTP][39m [37m-->[39m [37mGET[39m [37m/wd/hub/session/a571173e-f1e3-42eb-bded-24c665f2df33[39m
[35m[HTTP][39m [90m{}[39m
[35m[HTTP][39m [37m<-- GET /wd/hub/session/a571173e-f1e3-42eb-bded-24c665f2df33 [39m[32m200[39m [90m17 ms - 1175[39m
[35m[HTTP][39m [90m[39m
[35m[HTTP][39m [37m-->[39m [37mGET[39m [37m/wd/hub/session/a571173e-f1e3-42eb-bded-24c665f2df33[39m
[35m[HTTP][39m [90m{}[39m
[35m[HTTP][39m [37m<-- GET /wd/hub/session/a571173e-f1e3-42eb-bded-24c665f2df33 [39m[32m200[39m [90m19 ms - 1175[39m
[35m[HTTP][39m [90m[39m
[35m[HTTP][39m [37m-->[39m [37mGET[39m [37m/wd/hub/session/a571173e-f1e3-42eb-bded-24c665f2df33[39m
[35m[HTTP][39m [90m{}[39m
[35m[HTTP][39m [37m<-- GET /wd/hub/session/a571173e-f1e3-42eb-bded-24c665f2df33 [39m[32m200[39m [90m17 ms - 1175[39m
[35m[HTTP][39m [90m[39m
[35m[HTTP][39m [37m-->[39m [37mGET[39m [37m/wd/hub/session/a571173e-f1e3-42eb-bded-24c665f2df33[39m
[35m[HTTP][39m [90m{}[39m
[35m[HTTP][39m [37m<-- GET /wd/hub/session/a571173e-f1e3-42eb-bded-24c665f2df33 [39m[32m200[39m [90m17 ms - 1175[39m
[35m[HTTP][39m [90m[39m
[35m[HTTP][39m [37m-->[39m [37mGET[39m [37m/wd/hub/session/a571173e-f1e3-42eb-bded-24c665f2df33/element/9e3a8d47-310d-4314-b15a-fbc6712997ef/location[39m
[35m[HTTP][39m [90m{}[39m
[35m[W3C][39m Driver proxy active, passing request on via HTTP proxy
[35m[JSONWP Proxy][39m Replacing sessionId d8b9fd7d-f716-4847-9f5b-479d3b59acb6 with a571173e-f1e3-42eb-bded-24c665f2df33
[35m[HTTP][39m [37m<-- GET /wd/hub/session/a571173e-f1e3-42eb-bded-24c665f2df33/element/9e3a8d47-310d-4314-b15a-fbc6712997ef/location [39m[32m200[39m [90m56 ms - 88[39m
[35m[HTTP][39m [90m[39m
[35m[HTTP][39m [37m-->[39m [37mGET[39m [37m/wd/hub/session/a571173e-f1e3-42eb-bded-24c665f2df33/element/9e3a8d47-310d-4314-b15a-fbc6712997ef/attribute/text[39m
[35m[HTTP][39m [90m{}[39m
[35m[HTTP][39m [37m<-- GET /wd/hub/session/a571173e-f1e3-42eb-bded-24c665f2df33/element/9e3a8d47-310d-4314-b15a-fbc6712997ef/attribute/text [39m[32m200[39m [90m90 ms - 101[39m
[35m[HTTP][39m [90m[39m
[35m[HTTP][39m [37m-->[39m [37mGET[39m [37m/wd/hub/session/a571173e-f1e3-42eb-bded-24c665f2df33/context[39m
[35m[HTTP][39m [90m{}[39m
[35m[HTTP][39m [37m<-- GET /wd/hub/session/a571173e-f1e3-42eb-bded-24c665f2df33/context [39m[32m200[39m [90m2 ms - 84[39m
[35m[HTTP][39m [90m[39m
[35m[HTTP][39m [37m-->[39m [37mGET[39m [37m/wd/hub/session/a571173e-f1e3-42eb-bded-24c665f2df33/contexts[39m
[35m[HTTP][39m [90m{}[39m
[35m[HTTP][39m [37m<-- GET /wd/hub/session/a571173e-f1e3-42eb-bded-24c665f2df33/contexts [39m[32m200[39m [90m132 ms - 86[39m
[35m[HTTP][39m [90m[39m
[35m[HTTP][39m [37m-->[39m [37mPOST[39m [37m/wd/hub/session/a571173e-f1e3-42eb-bded-24c665f2df33/context[39m
[35m[HTTP][39m [90m{"name":"NATIVE_APP"}[39m
[35m[HTTP][39m [37m<-- POST /wd/hub/session/a571173e-f1e3-42eb-bded-24c665f2df33/context [39m[32m200[39m [90m108 ms - 76[39m
[35m[HTTP][39m [90m[39m
[35m[HTTP][39m [37m-->[39m [37mGET[39m [37m/wd/hub/session/a571173e-f1e3-42eb-bded-24c665f2df33/screenshot[39m
[35m[HTTP][39m [90m{}[39m
[35m[HTTP][39m [37m<-- GET /wd/hub/session/a571173e-f1e3-42eb-bded-24c665f2df33/screenshot [39m[32m200[39m [90m869 ms - 282480[39m
[35m[HTTP][39m [90m[39m
[35m[HTTP][39m [37m-->[39m [37mPOST[39m [37m/wd/hub/session/a571173e-f1e3-42eb-bded-24c665f2df33/context[39m
[35m[HTTP][39m [90m{"name":"NATIVE_APP"}[39m
[35m[HTTP][39m [37m<-- POST /wd/hub/session/a571173e-f1e3-42eb-bded-24c665f2df33/context [39m[32m200[39m [90m430 ms - 76[39m
[35m[HTTP][39m [90m[39m
[35m[HTTP][39m [37m-->[39m [37mDELETE[39m [37m/wd/hub/session/a571173e-f1e3-42eb-bded-24c665f2df33[39m
[35m[HTTP][39m [90m{}[39m
[35m[Appium][39m Removing session a571173e-f1e3-42eb-bded-24c665f2df33 from our master session list
[35m[HTTP][39m [37m<-- DELETE /wd/hub/session/a571173e-f1e3-42eb-bded-24c665f2df33 [39m[32m200[39m [90m1480 ms - 76[39m
[35m[HTTP][39m [90m[39m
