[35m[Appium][39m Welcome to Appium v1.8.0
[35m[Appium][39m Non-default server args:
[35m[Appium][39m   port: 59513
[35m[Appium][39m   loglevel: info
[35m[Appium][39m   chromeDriverPort: 59516
[35m[Appium][39m   tmpDir: C:\Users\RAFAEL~1.HEN\AppData\Local\Temp\\Katalon\Appium\Temp1527102891673
[35m[Appium][39m Appium REST http interface listener started on 0.0.0.0:59513
[35m[HTTP][39m [37m-->[39m [37mGET[39m [37m/wd/hub/status[39m
[35m[HTTP][39m [90m{}[39m
[35m[HTTP][39m [37m<-- GET /wd/hub/status [39m[32m200[39m [90m6 ms - 83[39m
[35m[HTTP][39m [90m[39m
[35m[HTTP][39m [37m-->[39m [37mPOST[39m [37m/wd/hub/session[39m
[35m[HTTP][39m [90m{"desiredCapabilities":{"app":"C:\\Users\\rafael.henrique\\Katalon Studio\\MONVAT\\APK\\MONVIT_v1.7.24.apk","autoGrantPermissions":true,"automationName":"uiautomator2","deviceName":"motorola Moto G (5) (Android 7.0)","fullReset":false,"newCommandTimeout":1800,"noReset":true,"platform":"ANDROID","platformName":"Android","udid":"0038153251"},"capabilities":{"desiredCapabilities":{"app":"C:\\Users\\rafael.henrique\\Katalon Studio\\MONVAT\\APK\\MONVIT_v1.7.24.apk","autoGrantPermissions":true,"automationName":"uiautomator2","deviceName":"motorola Moto G (5) (Android 7.0)","fullReset":false,"newCommandTimeout":1800,"noReset":true,"platform":"ANDROID","platformName":"Android","udid":"0038153251"},"firstMatch":[{"platformName":"android"}]}}[39m
[35m[Appium][39m Could not parse W3C capabilities: 'deviceName' can't be blank. Falling back to JSONWP protocol.
[35m[Appium][39m The following capabilities were provided in the JSONWP desired capabilities that are missing in W3C capabilities: ["app","autoGrantPermissions","automationName","deviceName","fullReset","newCommandTimeout","noReset","platform","platformName","udid"]. Falling back to JSONWP protocol.
[35m[Appium][39m Creating new AndroidUiautomator2Driver (v1.9.0) session
[35m[Appium][39m Capabilities:
[35m[Appium][39m   app: C:\Users\rafael.henrique\Katalon Studio\MONVAT\APK\MONVIT_v1.7.24.apk
[35m[Appium][39m   autoGrantPermissions: true
[35m[Appium][39m   automationName: uiautomator2
[35m[Appium][39m   deviceName: motorola Moto G (5) (Android 7.0)
[35m[Appium][39m   fullReset: false
[35m[Appium][39m   newCommandTimeout: 1800
[35m[Appium][39m   noReset: true
[35m[Appium][39m   platform: ANDROID
[35m[Appium][39m   platformName: Android
[35m[Appium][39m   udid: 0038153251
[35m[BaseDriver][39m The following capabilities were provided, but are not recognized by appium: platform.
[35m[BaseDriver][39m Session created with session id: 821c4e96-6b62-4406-9520-5dabefbac28d
[35m[BaseDriver][39m Using local app 'C:\Users\rafael.henrique\Katalon Studio\MONVAT\APK\MONVIT_v1.7.24.apk'
[35m[AndroidDriver][39m Java version is: 1.8.0_102
[35m[ADB][39m Checking whether adb is present
[35m[ADB][39m Found 1 'build-tools' folders under 'C:\Users\rafael.henrique\.katalon\tools\android_sdk' (newest first):
[35m[ADB][39m     C:/Users/rafael.henrique/.katalon/tools/android_sdk/build-tools/28.0.0
[35m[ADB][39m Using adb.exe from C:\Users\rafael.henrique\.katalon\tools\android_sdk\platform-tools\adb.exe
[35m[AndroidDriver][39m Retrieving device list
[35m[AndroidDriver][39m Using device: 0038153251
[35m[ADB][39m Checking whether adb is present
[35m[ADB][39m Using adb.exe from C:\Users\rafael.henrique\.katalon\tools\android_sdk\platform-tools\adb.exe
[35m[ADB][39m Using the alternative activity name detection method because of: Could not find apkanalyzer.bat in C:\Users\rafael.henrique\.katalon\tools\android_sdk\platform-tools\apkanalyzer.bat,C:\Users\rafael.henrique\.katalon\tools\android_sdk\emulator\apkanalyzer.bat,C:\Users\rafael.henrique\.katalon\tools\android_sdk\tools\apkanalyzer.bat,C:\Users\rafael.henrique\.katalon\tools\android_sdk\tools\bin\apkanalyzer.bat,C:\Users\rafael.henrique\.katalon\tools\android_sdk\build-tools\28.0.0\apkanalyzer.bat. Do you have the Android SDK installed at 'C:\Users\rafael.henrique\.katalon\tools\android_sdk'?
[35m[ADB][39m Checking whether aapt is present
[35m[ADB][39m Using aapt.exe from C:\Users\rafael.henrique\.katalon\tools\android_sdk\build-tools\28.0.0\aapt.exe
[35m[ADB][39m Extracting package and launch activity from manifest
[35m[ADB][39m Package name: 'br.com.mv.monitoringvitals'
[35m[ADB][39m Main activity name: 'br.com.mv.monitoringvitals.views.SplashActivity'
[35m[ADB][39m Getting device platform version
[35m[ADB][39m Using apksigner.bat from C:\Users\rafael.henrique\.katalon\tools\android_sdk\build-tools\28.0.0\apksigner.bat
[35m[ADB][39m Using apksigner.bat from C:\Users\rafael.henrique\.katalon\tools\android_sdk\build-tools\28.0.0\apksigner.bat
[35m[ADB][39m Using apksigner.bat from C:\Users\rafael.henrique\.katalon\tools\android_sdk\build-tools\28.0.0\apksigner.bat
[35m[ADB][39m Checking whether zipalign is present
[35m[ADB][39m Using zipalign.exe from C:\Users\rafael.henrique\.katalon\tools\android_sdk\build-tools\28.0.0\zipalign.exe
[35m[ADB][39m Using apksigner.bat from C:\Users\rafael.henrique\.katalon\tools\android_sdk\build-tools\28.0.0\apksigner.bat
[35m[ADB][39m Using apksigner.bat from C:\Users\rafael.henrique\.katalon\tools\android_sdk\build-tools\28.0.0\apksigner.bat
[35m[ADB][39m Using apksigner.bat from C:\Users\rafael.henrique\.katalon\tools\android_sdk\build-tools\28.0.0\apksigner.bat
[35m[ADB][39m Using apksigner.bat from C:\Users\rafael.henrique\.katalon\tools\android_sdk\build-tools\28.0.0\apksigner.bat
[35m[ADB][39m Checking whether zipalign is present
[35m[ADB][39m Using zipalign.exe from C:\Users\rafael.henrique\.katalon\tools\android_sdk\build-tools\28.0.0\zipalign.exe
[35m[ADB][39m Using apksigner.bat from C:\Users\rafael.henrique\.katalon\tools\android_sdk\build-tools\28.0.0\apksigner.bat
[35m[ADB][39m io.appium.uiautomator2.server was successfully uninstalled
[35m[ADB][39m io.appium.uiautomator2.server.test was successfully uninstalled
[35m[ADB][39m Checking whether aapt is present
[35m[ADB][39m Using aapt.exe from C:\Users\rafael.henrique\.katalon\tools\android_sdk\build-tools\28.0.0\aapt.exe
[35m[AndroidDriver][39m setDeviceLanguageCountry requires language or country.
[35m[AndroidDriver][39m Got language: 'null' and country: 'null'
[35m[ADB][39m Checking whether aapt is present
[35m[ADB][39m Using aapt.exe from C:\Users\rafael.henrique\.katalon\tools\android_sdk\build-tools\28.0.0\aapt.exe
[35m[ADB][39m Checking whether aapt is present
[35m[ADB][39m Using aapt.exe from C:\Users\rafael.henrique\.katalon\tools\android_sdk\build-tools\28.0.0\aapt.exe
[35m[ADB][39m Successfully extracted 361 strings from 'C:\Users\rafael.henrique\Katalon Studio\MONVAT\APK\MONVIT_v1.7.24.apk' resources for '(default)' configuration
[35m[ADB][39m Using apksigner.bat from C:\Users\rafael.henrique\.katalon\tools\android_sdk\build-tools\28.0.0\apksigner.bat
[35m[ADB][39m Using apksigner.bat from C:\Users\rafael.henrique\.katalon\tools\android_sdk\build-tools\28.0.0\apksigner.bat
[35m[ADB][39m Using apksigner.bat from C:\Users\rafael.henrique\.katalon\tools\android_sdk\build-tools\28.0.0\apksigner.bat
[35m[ADB][39m Checking whether zipalign is present
[35m[ADB][39m Using zipalign.exe from C:\Users\rafael.henrique\.katalon\tools\android_sdk\build-tools\28.0.0\zipalign.exe
[35m[ADB][39m Using apksigner.bat from C:\Users\rafael.henrique\.katalon\tools\android_sdk\build-tools\28.0.0\apksigner.bat
[35m[ADB][39m Checking whether aapt is present
[35m[ADB][39m Using aapt.exe from C:\Users\rafael.henrique\.katalon\tools\android_sdk\build-tools\28.0.0\aapt.exe
[35m[UiAutomator2][39m Starting uiautomator2 server 1.7.0
[35m[UiAutomator2][39m Using UIAutomator2 server from 'C:\Users\rafael.henrique\AppData\Roaming\npm\node_modules\appium\node_modules\appium-uiautomator2-server\apks\appium-uiautomator2-server-v1.7.0.apk' and test from 'C:\Users\rafael.henrique\AppData\Roaming\npm\node_modules\appium\node_modules\appium-uiautomator2-server\apks\appium-uiautomator2-server-debug-androidTest.apk'
[35m[UiAutomator2][39m Running command: 'adb -s 0038153251 shell am instrument -w io.appium.uiautomator2.server.test/android.support.test.runner.AndroidJUnitRunner'
[35m[UiAutomator2][39m Waiting up to 20000ms for UiAutomator2 to be online...
[35m[AndroidDriver][39m Screen already unlocked, doing nothing
[35m[UiAutomator2][39m UiAutomator2 did not start the activity we were waiting for, 'br.com.mv.monitoringvitals/br.com.mv.monitoringvitals.views.SplashActivity'. Starting it ourselves
[35m[Appium][39m New AndroidUiautomator2Driver session created successfully, session 821c4e96-6b62-4406-9520-5dabefbac28d added to master session list
[35m[HTTP][39m [37m<-- POST /wd/hub/session [39m[32m200[39m [90m30396 ms - 1175[39m
[35m[HTTP][39m [90m[39m
[35m[HTTP][39m [37m-->[39m [37mGET[39m [37m/wd/hub/status[39m
[35m[HTTP][39m [90m{}[39m
[35m[HTTP][39m [37m<-- GET /wd/hub/status [39m[32m200[39m [90m2 ms - 55[39m
[35m[HTTP][39m [90m[39m
[35m[HTTP][39m [37m-->[39m [37mPOST[39m [37m/wd/hub/session/821c4e96-6b62-4406-9520-5dabefbac28d/timeouts[39m
[35m[HTTP][39m [90m{"type":"implicit","ms":30000}[39m
[35m[HTTP][39m [37m<-- POST /wd/hub/session/821c4e96-6b62-4406-9520-5dabefbac28d/timeouts [39m[33m400[39m [90m9 ms - 5628[39m
[35m[HTTP][39m [90m[39m
[35m[HTTP][39m [37m-->[39m [37mGET[39m [37m/wd/hub/session/821c4e96-6b62-4406-9520-5dabefbac28d/context[39m
[35m[HTTP][39m [90m{}[39m
[35m[HTTP][39m [37m<-- GET /wd/hub/session/821c4e96-6b62-4406-9520-5dabefbac28d/context [39m[32m200[39m [90m8 ms - 84[39m
[35m[HTTP][39m [90m[39m
[35m[HTTP][39m [37m-->[39m [37mGET[39m [37m/wd/hub/session/821c4e96-6b62-4406-9520-5dabefbac28d/contexts[39m
[35m[HTTP][39m [90m{}[39m
[35m[HTTP][39m [37m<-- GET /wd/hub/session/821c4e96-6b62-4406-9520-5dabefbac28d/contexts [39m[32m200[39m [90m92 ms - 86[39m
[35m[HTTP][39m [90m[39m
[35m[HTTP][39m [37m-->[39m [37mPOST[39m [37m/wd/hub/session/821c4e96-6b62-4406-9520-5dabefbac28d/context[39m
[35m[HTTP][39m [90m{"name":"NATIVE_APP"}[39m
[35m[HTTP][39m [37m<-- POST /wd/hub/session/821c4e96-6b62-4406-9520-5dabefbac28d/context [39m[32m200[39m [90m91 ms - 76[39m
[35m[HTTP][39m [90m[39m
[35m[HTTP][39m [37m-->[39m [37mPOST[39m [37m/wd/hub/session/821c4e96-6b62-4406-9520-5dabefbac28d/appium/device/hide_keyboard[39m
[35m[HTTP][39m [90m{}[39m
[35m[HTTP][39m [37m<-- POST /wd/hub/session/821c4e96-6b62-4406-9520-5dabefbac28d/appium/device/hide_keyboard [39m[31m500[39m [90m294 ms - 1426[39m
[35m[HTTP][39m [90m[39m
[35m[HTTP][39m [37m-->[39m [37mPOST[39m [37m/wd/hub/session/821c4e96-6b62-4406-9520-5dabefbac28d/context[39m
[35m[HTTP][39m [90m{"name":"NATIVE_APP"}[39m
[35m[HTTP][39m [37m<-- POST /wd/hub/session/821c4e96-6b62-4406-9520-5dabefbac28d/context [39m[32m200[39m [90m104 ms - 76[39m
[35m[HTTP][39m [90m[39m
[35m[HTTP][39m [37m-->[39m [37mGET[39m [37m/wd/hub/session/821c4e96-6b62-4406-9520-5dabefbac28d/window/current/size[39m
[35m[HTTP][39m [90m{}[39m
[35m[W3C][39m Driver proxy active, passing request on via HTTP proxy
[35m[JSONWP Proxy][39m Replacing sessionId b4382cfa-e24a-4241-9ce7-15a7fec0bdae with 821c4e96-6b62-4406-9520-5dabefbac28d
[35m[HTTP][39m [37m<-- GET /wd/hub/session/821c4e96-6b62-4406-9520-5dabefbac28d/window/current/size [39m[32m200[39m [90m28 ms - 100[39m
[35m[HTTP][39m [90m[39m
[35m[HTTP][39m [37m-->[39m [37mPOST[39m [37m/wd/hub/session/821c4e96-6b62-4406-9520-5dabefbac28d/elements[39m
[35m[HTTP][39m [90m{"using":"-android uiautomator","value":"new UiSelector().text(\"Não tenho uma conta. Quero me cadastrar.\")"}[39m
[35m[HTTP][39m [37m<-- POST /wd/hub/session/821c4e96-6b62-4406-9520-5dabefbac28d/elements [39m[32m200[39m [90m132 ms - 124[39m
[35m[HTTP][39m [90m[39m
[35m[HTTP][39m [37m-->[39m [37mGET[39m [37m/wd/hub/session/821c4e96-6b62-4406-9520-5dabefbac28d[39m
[35m[HTTP][39m [90m{}[39m
[35m[HTTP][39m [37m<-- GET /wd/hub/session/821c4e96-6b62-4406-9520-5dabefbac28d [39m[32m200[39m [90m26 ms - 1175[39m
[35m[HTTP][39m [90m[39m
[35m[HTTP][39m [37m-->[39m [37mGET[39m [37m/wd/hub/session/821c4e96-6b62-4406-9520-5dabefbac28d[39m
[35m[HTTP][39m [90m{}[39m
[35m[HTTP][39m [37m<-- GET /wd/hub/session/821c4e96-6b62-4406-9520-5dabefbac28d [39m[32m200[39m [90m26 ms - 1175[39m
[35m[HTTP][39m [90m[39m
[35m[HTTP][39m [37m-->[39m [37mGET[39m [37m/wd/hub/session/821c4e96-6b62-4406-9520-5dabefbac28d[39m
[35m[HTTP][39m [90m{}[39m
[35m[HTTP][39m [37m<-- GET /wd/hub/session/821c4e96-6b62-4406-9520-5dabefbac28d [39m[32m200[39m [90m24 ms - 1175[39m
[35m[HTTP][39m [90m[39m
[35m[HTTP][39m [37m-->[39m [37mGET[39m [37m/wd/hub/session/821c4e96-6b62-4406-9520-5dabefbac28d[39m
[35m[HTTP][39m [90m{}[39m
[35m[HTTP][39m [37m<-- GET /wd/hub/session/821c4e96-6b62-4406-9520-5dabefbac28d [39m[32m200[39m [90m25 ms - 1175[39m
[35m[HTTP][39m [90m[39m
[35m[HTTP][39m [37m-->[39m [37mGET[39m [37m/wd/hub/session/821c4e96-6b62-4406-9520-5dabefbac28d/element/88f115e0-10a4-4971-a9bc-85a8893e0f68/location[39m
[35m[HTTP][39m [90m{}[39m
[35m[W3C][39m Driver proxy active, passing request on via HTTP proxy
[35m[JSONWP Proxy][39m Replacing sessionId b4382cfa-e24a-4241-9ce7-15a7fec0bdae with 821c4e96-6b62-4406-9520-5dabefbac28d
[35m[HTTP][39m [37m<-- GET /wd/hub/session/821c4e96-6b62-4406-9520-5dabefbac28d/element/88f115e0-10a4-4971-a9bc-85a8893e0f68/location [39m[32m200[39m [90m62 ms - 88[39m
[35m[HTTP][39m [90m[39m
[35m[HTTP][39m [37m-->[39m [37mPOST[39m [37m/wd/hub/session/821c4e96-6b62-4406-9520-5dabefbac28d/touch/perform[39m
[35m[HTTP][39m [90m{"actions":[{"action":"tap","options":{"element":"88f115e0-10a4-4971-a9bc-85a8893e0f68","x":1,"y":1}}]}[39m
[35m[UiAutomator2][39m calling get location: 88f115e0-10a4-4971-a9bc-85a8893e0f68
[35m[HTTP][39m [37m<-- POST /wd/hub/session/821c4e96-6b62-4406-9520-5dabefbac28d/touch/perform [39m[32m200[39m [90m1316 ms - 76[39m
[35m[HTTP][39m [90m[39m
[35m[HTTP][39m [37m-->[39m [37mGET[39m [37m/wd/hub/session/821c4e96-6b62-4406-9520-5dabefbac28d/context[39m
[35m[HTTP][39m [90m{}[39m
[35m[HTTP][39m [37m<-- GET /wd/hub/session/821c4e96-6b62-4406-9520-5dabefbac28d/context [39m[32m200[39m [90m1 ms - 84[39m
[35m[HTTP][39m [90m[39m
[35m[HTTP][39m [37m-->[39m [37mGET[39m [37m/wd/hub/session/821c4e96-6b62-4406-9520-5dabefbac28d/contexts[39m
[35m[HTTP][39m [90m{}[39m
[35m[HTTP][39m [37m<-- GET /wd/hub/session/821c4e96-6b62-4406-9520-5dabefbac28d/contexts [39m[32m200[39m [90m96 ms - 86[39m
[35m[HTTP][39m [90m[39m
[35m[HTTP][39m [37m-->[39m [37mPOST[39m [37m/wd/hub/session/821c4e96-6b62-4406-9520-5dabefbac28d/context[39m
[35m[HTTP][39m [90m{"name":"NATIVE_APP"}[39m
[35m[HTTP][39m [37m<-- POST /wd/hub/session/821c4e96-6b62-4406-9520-5dabefbac28d/context [39m[32m200[39m [90m115 ms - 76[39m
[35m[HTTP][39m [90m[39m
[35m[HTTP][39m [37m-->[39m [37mPOST[39m [37m/wd/hub/session/821c4e96-6b62-4406-9520-5dabefbac28d/appium/device/hide_keyboard[39m
[35m[HTTP][39m [90m{}[39m
[35m[HTTP][39m [37m<-- POST /wd/hub/session/821c4e96-6b62-4406-9520-5dabefbac28d/appium/device/hide_keyboard [39m[32m200[39m [90m1408 ms - 76[39m
[35m[HTTP][39m [90m[39m
[35m[HTTP][39m [37m-->[39m [37mPOST[39m [37m/wd/hub/session/821c4e96-6b62-4406-9520-5dabefbac28d/context[39m
[35m[HTTP][39m [90m{"name":"NATIVE_APP"}[39m
[35m[HTTP][39m [37m<-- POST /wd/hub/session/821c4e96-6b62-4406-9520-5dabefbac28d/context [39m[32m200[39m [90m124 ms - 76[39m
[35m[HTTP][39m [90m[39m
[35m[HTTP][39m [37m-->[39m [37mGET[39m [37m/wd/hub/session/821c4e96-6b62-4406-9520-5dabefbac28d/window/current/size[39m
[35m[HTTP][39m [90m{}[39m
[35m[W3C][39m Driver proxy active, passing request on via HTTP proxy
[35m[JSONWP Proxy][39m Replacing sessionId b4382cfa-e24a-4241-9ce7-15a7fec0bdae with 821c4e96-6b62-4406-9520-5dabefbac28d
[35m[HTTP][39m [37m<-- GET /wd/hub/session/821c4e96-6b62-4406-9520-5dabefbac28d/window/current/size [39m[32m200[39m [90m25 ms - 100[39m
[35m[HTTP][39m [90m[39m
[35m[HTTP][39m [37m-->[39m [37mPOST[39m [37m/wd/hub/session/821c4e96-6b62-4406-9520-5dabefbac28d/elements[39m
[35m[HTTP][39m [90m{"using":"xpath","value":"//hierarchy/android.widget.FrameLayout[1]/android.widget.LinearLayout[1]/android.widget.FrameLayout[1]/android.view.ViewGroup[1]/android.widget.FrameLayout[1]/android.view.ViewGroup[1]/android.widget.TextView[1]"}[39m
[35m[HTTP][39m [37m<-- POST /wd/hub/session/821c4e96-6b62-4406-9520-5dabefbac28d/elements [39m[32m200[39m [90m228 ms - 124[39m
[35m[HTTP][39m [90m[39m
[35m[HTTP][39m [37m-->[39m [37mGET[39m [37m/wd/hub/session/821c4e96-6b62-4406-9520-5dabefbac28d[39m
[35m[HTTP][39m [90m{}[39m
[35m[HTTP][39m [37m<-- GET /wd/hub/session/821c4e96-6b62-4406-9520-5dabefbac28d [39m[32m200[39m [90m35 ms - 1175[39m
[35m[HTTP][39m [90m[39m
[35m[HTTP][39m [37m-->[39m [37mGET[39m [37m/wd/hub/session/821c4e96-6b62-4406-9520-5dabefbac28d[39m
[35m[HTTP][39m [90m{}[39m
[35m[HTTP][39m [37m<-- GET /wd/hub/session/821c4e96-6b62-4406-9520-5dabefbac28d [39m[32m200[39m [90m29 ms - 1175[39m
[35m[HTTP][39m [90m[39m
[35m[HTTP][39m [37m-->[39m [37mGET[39m [37m/wd/hub/session/821c4e96-6b62-4406-9520-5dabefbac28d[39m
[35m[HTTP][39m [90m{}[39m
[35m[HTTP][39m [37m<-- GET /wd/hub/session/821c4e96-6b62-4406-9520-5dabefbac28d [39m[32m200[39m [90m22 ms - 1175[39m
[35m[HTTP][39m [90m[39m
[35m[HTTP][39m [37m-->[39m [37mGET[39m [37m/wd/hub/session/821c4e96-6b62-4406-9520-5dabefbac28d[39m
[35m[HTTP][39m [90m{}[39m
[35m[HTTP][39m [37m<-- GET /wd/hub/session/821c4e96-6b62-4406-9520-5dabefbac28d [39m[32m200[39m [90m19 ms - 1175[39m
[35m[HTTP][39m [90m[39m
[35m[HTTP][39m [37m-->[39m [37mGET[39m [37m/wd/hub/session/821c4e96-6b62-4406-9520-5dabefbac28d/element/deb3f038-d073-4d88-98d6-49a98b044733/location[39m
[35m[HTTP][39m [90m{}[39m
[35m[W3C][39m Driver proxy active, passing request on via HTTP proxy
[35m[JSONWP Proxy][39m Replacing sessionId b4382cfa-e24a-4241-9ce7-15a7fec0bdae with 821c4e96-6b62-4406-9520-5dabefbac28d
[35m[HTTP][39m [37m<-- GET /wd/hub/session/821c4e96-6b62-4406-9520-5dabefbac28d/element/deb3f038-d073-4d88-98d6-49a98b044733/location [39m[32m200[39m [90m28 ms - 89[39m
[35m[HTTP][39m [90m[39m
[35m[HTTP][39m [37m-->[39m [37mGET[39m [37m/wd/hub/session/821c4e96-6b62-4406-9520-5dabefbac28d/element/deb3f038-d073-4d88-98d6-49a98b044733/attribute/text[39m
[35m[HTTP][39m [90m{}[39m
[35m[HTTP][39m [37m<-- GET /wd/hub/session/821c4e96-6b62-4406-9520-5dabefbac28d/element/deb3f038-d073-4d88-98d6-49a98b044733/attribute/text [39m[32m200[39m [90m28 ms - 88[39m
[35m[HTTP][39m [90m[39m
[35m[HTTP][39m [37m-->[39m [37mGET[39m [37m/wd/hub/session/821c4e96-6b62-4406-9520-5dabefbac28d/window/current/size[39m
[35m[HTTP][39m [90m{}[39m
[35m[W3C][39m Driver proxy active, passing request on via HTTP proxy
[35m[JSONWP Proxy][39m Replacing sessionId b4382cfa-e24a-4241-9ce7-15a7fec0bdae with 821c4e96-6b62-4406-9520-5dabefbac28d
[35m[HTTP][39m [37m<-- GET /wd/hub/session/821c4e96-6b62-4406-9520-5dabefbac28d/window/current/size [39m[32m200[39m [90m24 ms - 100[39m
[35m[HTTP][39m [90m[39m
[35m[HTTP][39m [37m-->[39m [37mPOST[39m [37m/wd/hub/session/821c4e96-6b62-4406-9520-5dabefbac28d/elements[39m
[35m[HTTP][39m [90m{"using":"-android uiautomator","value":"new UiSelector().className(\"android.widget.EditText\").resourceId(\"br.com.mv.monitoringvitals:id/edt_register_name\").instance(0)"}[39m
[35m[HTTP][39m [37m<-- POST /wd/hub/session/821c4e96-6b62-4406-9520-5dabefbac28d/elements [39m[32m200[39m [90m147 ms - 124[39m
[35m[HTTP][39m [90m[39m
[35m[HTTP][39m [37m-->[39m [37mGET[39m [37m/wd/hub/session/821c4e96-6b62-4406-9520-5dabefbac28d[39m
[35m[HTTP][39m [90m{}[39m
[35m[HTTP][39m [37m<-- GET /wd/hub/session/821c4e96-6b62-4406-9520-5dabefbac28d [39m[32m200[39m [90m31 ms - 1175[39m
[35m[HTTP][39m [90m[39m
[35m[HTTP][39m [37m-->[39m [37mGET[39m [37m/wd/hub/session/821c4e96-6b62-4406-9520-5dabefbac28d[39m
[35m[HTTP][39m [90m{}[39m
[35m[HTTP][39m [37m<-- GET /wd/hub/session/821c4e96-6b62-4406-9520-5dabefbac28d [39m[32m200[39m [90m20 ms - 1175[39m
[35m[HTTP][39m [90m[39m
[35m[HTTP][39m [37m-->[39m [37mGET[39m [37m/wd/hub/session/821c4e96-6b62-4406-9520-5dabefbac28d[39m
[35m[HTTP][39m [90m{}[39m
[35m[HTTP][39m [37m<-- GET /wd/hub/session/821c4e96-6b62-4406-9520-5dabefbac28d [39m[32m200[39m [90m18 ms - 1175[39m
[35m[HTTP][39m [90m[39m
[35m[HTTP][39m [37m-->[39m [37mGET[39m [37m/wd/hub/session/821c4e96-6b62-4406-9520-5dabefbac28d[39m
[35m[HTTP][39m [90m{}[39m
[35m[HTTP][39m [37m<-- GET /wd/hub/session/821c4e96-6b62-4406-9520-5dabefbac28d [39m[32m200[39m [90m20 ms - 1175[39m
[35m[HTTP][39m [90m[39m
[35m[HTTP][39m [37m-->[39m [37mGET[39m [37m/wd/hub/session/821c4e96-6b62-4406-9520-5dabefbac28d/element/d9750af7-4e1a-4272-af81-592212bef552/location[39m
[35m[HTTP][39m [90m{}[39m
[35m[W3C][39m Driver proxy active, passing request on via HTTP proxy
[35m[JSONWP Proxy][39m Replacing sessionId b4382cfa-e24a-4241-9ce7-15a7fec0bdae with 821c4e96-6b62-4406-9520-5dabefbac28d
[35m[HTTP][39m [37m<-- GET /wd/hub/session/821c4e96-6b62-4406-9520-5dabefbac28d/element/d9750af7-4e1a-4272-af81-592212bef552/location [39m[32m200[39m [90m59 ms - 88[39m
[35m[HTTP][39m [90m[39m
[35m[HTTP][39m [37m-->[39m [37mPOST[39m [37m/wd/hub/session/821c4e96-6b62-4406-9520-5dabefbac28d/element/d9750af7-4e1a-4272-af81-592212bef552/clear[39m
[35m[HTTP][39m [90m{"id":"d9750af7-4e1a-4272-af81-592212bef552"}[39m
[35m[HTTP][39m [37m<-- POST /wd/hub/session/821c4e96-6b62-4406-9520-5dabefbac28d/element/d9750af7-4e1a-4272-af81-592212bef552/clear [39m[32m200[39m [90m84 ms - 89[39m
[35m[HTTP][39m [90m[39m
[35m[HTTP][39m [37m-->[39m [37mPOST[39m [37m/wd/hub/session/821c4e96-6b62-4406-9520-5dabefbac28d/element/d9750af7-4e1a-4272-af81-592212bef552/value[39m
[35m[HTTP][39m [90m{"id":"d9750af7-4e1a-4272-af81-592212bef552","value":["Carlos de Souza"]}[39m
[35m[HTTP][39m [37m<-- POST /wd/hub/session/821c4e96-6b62-4406-9520-5dabefbac28d/element/d9750af7-4e1a-4272-af81-592212bef552/value [39m[32m200[39m [90m909 ms - 74[39m
[35m[HTTP][39m [90m[39m
[35m[HTTP][39m [37m-->[39m [37mGET[39m [37m/wd/hub/session/821c4e96-6b62-4406-9520-5dabefbac28d/window/current/size[39m
[35m[HTTP][39m [90m{}[39m
[35m[W3C][39m Driver proxy active, passing request on via HTTP proxy
[35m[JSONWP Proxy][39m Replacing sessionId b4382cfa-e24a-4241-9ce7-15a7fec0bdae with 821c4e96-6b62-4406-9520-5dabefbac28d
[35m[HTTP][39m [37m<-- GET /wd/hub/session/821c4e96-6b62-4406-9520-5dabefbac28d/window/current/size [39m[32m200[39m [90m22 ms - 100[39m
[35m[HTTP][39m [90m[39m
[35m[HTTP][39m [37m-->[39m [37mPOST[39m [37m/wd/hub/session/821c4e96-6b62-4406-9520-5dabefbac28d/elements[39m
[35m[HTTP][39m [90m{"using":"-android uiautomator","value":"new UiSelector().className(\"android.widget.EditText\").text(\"Apenas Números\").resourceId(\"br.com.mv.monitoringvitals:id/edt_register_cpf\").instance(1)"}[39m
[35m[HTTP][39m [37m<-- POST /wd/hub/session/821c4e96-6b62-4406-9520-5dabefbac28d/elements [39m[32m200[39m [90m557 ms - 124[39m
[35m[HTTP][39m [90m[39m
[35m[HTTP][39m [37m-->[39m [37mGET[39m [37m/wd/hub/session/821c4e96-6b62-4406-9520-5dabefbac28d[39m
[35m[HTTP][39m [90m{}[39m
[35m[HTTP][39m [37m<-- GET /wd/hub/session/821c4e96-6b62-4406-9520-5dabefbac28d [39m[32m200[39m [90m35 ms - 1175[39m
[35m[HTTP][39m [90m[39m
[35m[HTTP][39m [37m-->[39m [37mGET[39m [37m/wd/hub/session/821c4e96-6b62-4406-9520-5dabefbac28d[39m
[35m[HTTP][39m [90m{}[39m
[35m[HTTP][39m [37m<-- GET /wd/hub/session/821c4e96-6b62-4406-9520-5dabefbac28d [39m[32m200[39m [90m23 ms - 1175[39m
[35m[HTTP][39m [90m[39m
[35m[HTTP][39m [37m-->[39m [37mGET[39m [37m/wd/hub/session/821c4e96-6b62-4406-9520-5dabefbac28d[39m
[35m[HTTP][39m [90m{}[39m
[35m[HTTP][39m [37m<-- GET /wd/hub/session/821c4e96-6b62-4406-9520-5dabefbac28d [39m[32m200[39m [90m22 ms - 1175[39m
[35m[HTTP][39m [90m[39m
[35m[HTTP][39m [37m-->[39m [37mGET[39m [37m/wd/hub/session/821c4e96-6b62-4406-9520-5dabefbac28d[39m
[35m[HTTP][39m [90m{}[39m
[35m[HTTP][39m [37m<-- GET /wd/hub/session/821c4e96-6b62-4406-9520-5dabefbac28d [39m[32m200[39m [90m23 ms - 1175[39m
[35m[HTTP][39m [90m[39m
[35m[HTTP][39m [37m-->[39m [37mGET[39m [37m/wd/hub/session/821c4e96-6b62-4406-9520-5dabefbac28d/element/8a9e48d5-9346-43cc-af26-a3619c3398cc/location[39m
[35m[HTTP][39m [90m{}[39m
[35m[W3C][39m Driver proxy active, passing request on via HTTP proxy
[35m[JSONWP Proxy][39m Replacing sessionId b4382cfa-e24a-4241-9ce7-15a7fec0bdae with 821c4e96-6b62-4406-9520-5dabefbac28d
[35m[HTTP][39m [37m<-- GET /wd/hub/session/821c4e96-6b62-4406-9520-5dabefbac28d/element/8a9e48d5-9346-43cc-af26-a3619c3398cc/location [39m[32m200[39m [90m62 ms - 88[39m
[35m[HTTP][39m [90m[39m
[35m[HTTP][39m [37m-->[39m [37mPOST[39m [37m/wd/hub/session/821c4e96-6b62-4406-9520-5dabefbac28d/element/8a9e48d5-9346-43cc-af26-a3619c3398cc/clear[39m
[35m[HTTP][39m [90m{"id":"8a9e48d5-9346-43cc-af26-a3619c3398cc"}[39m
[35m[HTTP][39m [37m<-- POST /wd/hub/session/821c4e96-6b62-4406-9520-5dabefbac28d/element/8a9e48d5-9346-43cc-af26-a3619c3398cc/clear [39m[32m200[39m [90m74 ms - 89[39m
[35m[HTTP][39m [90m[39m
[35m[HTTP][39m [37m-->[39m [37mPOST[39m [37m/wd/hub/session/821c4e96-6b62-4406-9520-5dabefbac28d/element/8a9e48d5-9346-43cc-af26-a3619c3398cc/value[39m
[35m[HTTP][39m [90m{"id":"8a9e48d5-9346-43cc-af26-a3619c3398cc","value":["67628356788"]}[39m
[35m[HTTP][39m [37m<-- POST /wd/hub/session/821c4e96-6b62-4406-9520-5dabefbac28d/element/8a9e48d5-9346-43cc-af26-a3619c3398cc/value [39m[32m200[39m [90m1613 ms - 74[39m
[35m[HTTP][39m [90m[39m
[35m[HTTP][39m [37m-->[39m [37mGET[39m [37m/wd/hub/session/821c4e96-6b62-4406-9520-5dabefbac28d/window/current/size[39m
[35m[HTTP][39m [90m{}[39m
[35m[W3C][39m Driver proxy active, passing request on via HTTP proxy
[35m[JSONWP Proxy][39m Replacing sessionId b4382cfa-e24a-4241-9ce7-15a7fec0bdae with 821c4e96-6b62-4406-9520-5dabefbac28d
[35m[HTTP][39m [37m<-- GET /wd/hub/session/821c4e96-6b62-4406-9520-5dabefbac28d/window/current/size [39m[32m200[39m [90m22 ms - 100[39m
[35m[HTTP][39m [90m[39m
[35m[HTTP][39m [37m-->[39m [37mPOST[39m [37m/wd/hub/session/821c4e96-6b62-4406-9520-5dabefbac28d/elements[39m
[35m[HTTP][39m [90m{"using":"-android uiautomator","value":"new UiSelector().className(\"android.widget.EditText\").text(\"dd/mm/yyyy\").resourceId(\"br.com.mv.monitoringvitals:id/edt_register_date_birth\").instance(2)"}[39m
[35m[HTTP][39m [37m<-- POST /wd/hub/session/821c4e96-6b62-4406-9520-5dabefbac28d/elements [39m[32m200[39m [90m648 ms - 124[39m
[35m[HTTP][39m [90m[39m
[35m[HTTP][39m [37m-->[39m [37mGET[39m [37m/wd/hub/session/821c4e96-6b62-4406-9520-5dabefbac28d[39m
[35m[HTTP][39m [90m{}[39m
[35m[HTTP][39m [37m<-- GET /wd/hub/session/821c4e96-6b62-4406-9520-5dabefbac28d [39m[32m200[39m [90m25 ms - 1175[39m
[35m[HTTP][39m [90m[39m
[35m[HTTP][39m [37m-->[39m [37mGET[39m [37m/wd/hub/session/821c4e96-6b62-4406-9520-5dabefbac28d[39m
[35m[HTTP][39m [90m{}[39m
[35m[HTTP][39m [37m<-- GET /wd/hub/session/821c4e96-6b62-4406-9520-5dabefbac28d [39m[32m200[39m [90m21 ms - 1175[39m
[35m[HTTP][39m [90m[39m
[35m[HTTP][39m [37m-->[39m [37mGET[39m [37m/wd/hub/session/821c4e96-6b62-4406-9520-5dabefbac28d[39m
[35m[HTTP][39m [90m{}[39m
[35m[HTTP][39m [37m<-- GET /wd/hub/session/821c4e96-6b62-4406-9520-5dabefbac28d [39m[32m200[39m [90m20 ms - 1175[39m
[35m[HTTP][39m [90m[39m
[35m[HTTP][39m [37m-->[39m [37mGET[39m [37m/wd/hub/session/821c4e96-6b62-4406-9520-5dabefbac28d[39m
[35m[HTTP][39m [90m{}[39m
[35m[HTTP][39m [37m<-- GET /wd/hub/session/821c4e96-6b62-4406-9520-5dabefbac28d [39m[32m200[39m [90m18 ms - 1175[39m
[35m[HTTP][39m [90m[39m
[35m[HTTP][39m [37m-->[39m [37mGET[39m [37m/wd/hub/session/821c4e96-6b62-4406-9520-5dabefbac28d/element/47bff6bb-88ca-4a66-8aaa-6f80585d9e4f/location[39m
[35m[HTTP][39m [90m{}[39m
[35m[W3C][39m Driver proxy active, passing request on via HTTP proxy
[35m[JSONWP Proxy][39m Replacing sessionId b4382cfa-e24a-4241-9ce7-15a7fec0bdae with 821c4e96-6b62-4406-9520-5dabefbac28d
[35m[HTTP][39m [37m<-- GET /wd/hub/session/821c4e96-6b62-4406-9520-5dabefbac28d/element/47bff6bb-88ca-4a66-8aaa-6f80585d9e4f/location [39m[32m200[39m [90m53 ms - 89[39m
[35m[HTTP][39m [90m[39m
[35m[HTTP][39m [37m-->[39m [37mPOST[39m [37m/wd/hub/session/821c4e96-6b62-4406-9520-5dabefbac28d/element/47bff6bb-88ca-4a66-8aaa-6f80585d9e4f/clear[39m
[35m[HTTP][39m [90m{"id":"47bff6bb-88ca-4a66-8aaa-6f80585d9e4f"}[39m
[35m[HTTP][39m [37m<-- POST /wd/hub/session/821c4e96-6b62-4406-9520-5dabefbac28d/element/47bff6bb-88ca-4a66-8aaa-6f80585d9e4f/clear [39m[32m200[39m [90m62 ms - 89[39m
[35m[HTTP][39m [90m[39m
[35m[HTTP][39m [37m-->[39m [37mPOST[39m [37m/wd/hub/session/821c4e96-6b62-4406-9520-5dabefbac28d/element/47bff6bb-88ca-4a66-8aaa-6f80585d9e4f/value[39m
[35m[HTTP][39m [90m{"id":"47bff6bb-88ca-4a66-8aaa-6f80585d9e4f","value":["29121986"]}[39m
[35m[HTTP][39m [37m<-- POST /wd/hub/session/821c4e96-6b62-4406-9520-5dabefbac28d/element/47bff6bb-88ca-4a66-8aaa-6f80585d9e4f/value [39m[32m200[39m [90m1609 ms - 74[39m
[35m[HTTP][39m [90m[39m
[35m[HTTP][39m [37m-->[39m [37mGET[39m [37m/wd/hub/session/821c4e96-6b62-4406-9520-5dabefbac28d/window/current/size[39m
[35m[HTTP][39m [90m{}[39m
[35m[W3C][39m Driver proxy active, passing request on via HTTP proxy
[35m[JSONWP Proxy][39m Replacing sessionId b4382cfa-e24a-4241-9ce7-15a7fec0bdae with 821c4e96-6b62-4406-9520-5dabefbac28d
[35m[HTTP][39m [37m<-- GET /wd/hub/session/821c4e96-6b62-4406-9520-5dabefbac28d/window/current/size [39m[32m200[39m [90m26 ms - 100[39m
[35m[HTTP][39m [90m[39m
[35m[HTTP][39m [37m-->[39m [37mPOST[39m [37m/wd/hub/session/821c4e96-6b62-4406-9520-5dabefbac28d/elements[39m
[35m[HTTP][39m [90m{"using":"-android uiautomator","value":"new UiSelector().className(\"android.widget.Spinner\").resourceId(\"br.com.mv.monitoringvitals:id/spn_register_gender\").instance(0)"}[39m
[35m[HTTP][39m [37m<-- POST /wd/hub/session/821c4e96-6b62-4406-9520-5dabefbac28d/elements [39m[32m200[39m [90m650 ms - 124[39m
[35m[HTTP][39m [90m[39m
[35m[HTTP][39m [37m-->[39m [37mGET[39m [37m/wd/hub/session/821c4e96-6b62-4406-9520-5dabefbac28d[39m
[35m[HTTP][39m [90m{}[39m
[35m[HTTP][39m [37m<-- GET /wd/hub/session/821c4e96-6b62-4406-9520-5dabefbac28d [39m[32m200[39m [90m29 ms - 1175[39m
[35m[HTTP][39m [90m[39m
[35m[HTTP][39m [37m-->[39m [37mGET[39m [37m/wd/hub/session/821c4e96-6b62-4406-9520-5dabefbac28d[39m
[35m[HTTP][39m [90m{}[39m
[35m[HTTP][39m [37m<-- GET /wd/hub/session/821c4e96-6b62-4406-9520-5dabefbac28d [39m[32m200[39m [90m25 ms - 1175[39m
[35m[HTTP][39m [90m[39m
[35m[HTTP][39m [37m-->[39m [37mGET[39m [37m/wd/hub/session/821c4e96-6b62-4406-9520-5dabefbac28d[39m
[35m[HTTP][39m [90m{}[39m
[35m[HTTP][39m [37m<-- GET /wd/hub/session/821c4e96-6b62-4406-9520-5dabefbac28d [39m[32m200[39m [90m19 ms - 1175[39m
[35m[HTTP][39m [90m[39m
[35m[HTTP][39m [37m-->[39m [37mGET[39m [37m/wd/hub/session/821c4e96-6b62-4406-9520-5dabefbac28d[39m
[35m[HTTP][39m [90m{}[39m
[35m[HTTP][39m [37m<-- GET /wd/hub/session/821c4e96-6b62-4406-9520-5dabefbac28d [39m[32m200[39m [90m18 ms - 1175[39m
[35m[HTTP][39m [90m[39m
[35m[HTTP][39m [37m-->[39m [37mGET[39m [37m/wd/hub/session/821c4e96-6b62-4406-9520-5dabefbac28d/element/8d01627e-a68f-4074-b85b-7b9cc927a4d5/location[39m
[35m[HTTP][39m [90m{}[39m
[35m[W3C][39m Driver proxy active, passing request on via HTTP proxy
[35m[JSONWP Proxy][39m Replacing sessionId b4382cfa-e24a-4241-9ce7-15a7fec0bdae with 821c4e96-6b62-4406-9520-5dabefbac28d
[35m[HTTP][39m [37m<-- GET /wd/hub/session/821c4e96-6b62-4406-9520-5dabefbac28d/element/8d01627e-a68f-4074-b85b-7b9cc927a4d5/location [39m[32m200[39m [90m52 ms - 89[39m
[35m[HTTP][39m [90m[39m
[35m[HTTP][39m [37m-->[39m [37mPOST[39m [37m/wd/hub/session/821c4e96-6b62-4406-9520-5dabefbac28d/touch/perform[39m
[35m[HTTP][39m [90m{"actions":[{"action":"tap","options":{"element":"8d01627e-a68f-4074-b85b-7b9cc927a4d5","x":1,"y":1}}]}[39m
[35m[UiAutomator2][39m calling get location: 8d01627e-a68f-4074-b85b-7b9cc927a4d5
[35m[HTTP][39m [37m<-- POST /wd/hub/session/821c4e96-6b62-4406-9520-5dabefbac28d/touch/perform [39m[32m200[39m [90m3224 ms - 76[39m
[35m[HTTP][39m [90m[39m
[35m[HTTP][39m [37m-->[39m [37mGET[39m [37m/wd/hub/session/821c4e96-6b62-4406-9520-5dabefbac28d/window/current/size[39m
[35m[HTTP][39m [90m{}[39m
[35m[W3C][39m Driver proxy active, passing request on via HTTP proxy
[35m[JSONWP Proxy][39m Replacing sessionId b4382cfa-e24a-4241-9ce7-15a7fec0bdae with 821c4e96-6b62-4406-9520-5dabefbac28d
[35m[HTTP][39m [37m<-- GET /wd/hub/session/821c4e96-6b62-4406-9520-5dabefbac28d/window/current/size [39m[32m200[39m [90m27 ms - 100[39m
[35m[HTTP][39m [90m[39m
[35m[HTTP][39m [37m-->[39m [37mPOST[39m [37m/wd/hub/session/821c4e96-6b62-4406-9520-5dabefbac28d/elements[39m
[35m[HTTP][39m [90m{"using":"-android uiautomator","value":"new UiSelector().className(\"android.widget.TextView\").text(\"Masculino\").resourceId(\"android:id/text1\").instance(0)"}[39m
[35m[HTTP][39m [37m<-- POST /wd/hub/session/821c4e96-6b62-4406-9520-5dabefbac28d/elements [39m[32m200[39m [90m47 ms - 124[39m
[35m[HTTP][39m [90m[39m
[35m[HTTP][39m [37m-->[39m [37mGET[39m [37m/wd/hub/session/821c4e96-6b62-4406-9520-5dabefbac28d[39m
[35m[HTTP][39m [90m{}[39m
[35m[HTTP][39m [37m<-- GET /wd/hub/session/821c4e96-6b62-4406-9520-5dabefbac28d [39m[32m200[39m [90m19 ms - 1175[39m
[35m[HTTP][39m [90m[39m
[35m[HTTP][39m [37m-->[39m [37mGET[39m [37m/wd/hub/session/821c4e96-6b62-4406-9520-5dabefbac28d[39m
[35m[HTTP][39m [90m{}[39m
[35m[HTTP][39m [37m<-- GET /wd/hub/session/821c4e96-6b62-4406-9520-5dabefbac28d [39m[32m200[39m [90m17 ms - 1175[39m
[35m[HTTP][39m [90m[39m
[35m[HTTP][39m [37m-->[39m [37mGET[39m [37m/wd/hub/session/821c4e96-6b62-4406-9520-5dabefbac28d[39m
[35m[HTTP][39m [90m{}[39m
[35m[HTTP][39m [37m<-- GET /wd/hub/session/821c4e96-6b62-4406-9520-5dabefbac28d [39m[32m200[39m [90m18 ms - 1175[39m
[35m[HTTP][39m [90m[39m
[35m[HTTP][39m [37m-->[39m [37mGET[39m [37m/wd/hub/session/821c4e96-6b62-4406-9520-5dabefbac28d[39m
[35m[HTTP][39m [90m{}[39m
[35m[HTTP][39m [37m<-- GET /wd/hub/session/821c4e96-6b62-4406-9520-5dabefbac28d [39m[32m200[39m [90m17 ms - 1175[39m
[35m[HTTP][39m [90m[39m
[35m[HTTP][39m [37m-->[39m [37mGET[39m [37m/wd/hub/session/821c4e96-6b62-4406-9520-5dabefbac28d/element/caaeb6d0-3688-4e50-b96d-d4cb7e553adc/location[39m
[35m[HTTP][39m [90m{}[39m
[35m[W3C][39m Driver proxy active, passing request on via HTTP proxy
[35m[JSONWP Proxy][39m Replacing sessionId b4382cfa-e24a-4241-9ce7-15a7fec0bdae with 821c4e96-6b62-4406-9520-5dabefbac28d
[35m[HTTP][39m [37m<-- GET /wd/hub/session/821c4e96-6b62-4406-9520-5dabefbac28d/element/caaeb6d0-3688-4e50-b96d-d4cb7e553adc/location [39m[32m200[39m [90m26 ms - 89[39m
[35m[HTTP][39m [90m[39m
[35m[HTTP][39m [37m-->[39m [37mPOST[39m [37m/wd/hub/session/821c4e96-6b62-4406-9520-5dabefbac28d/touch/perform[39m
[35m[HTTP][39m [90m{"actions":[{"action":"tap","options":{"element":"caaeb6d0-3688-4e50-b96d-d4cb7e553adc","x":1,"y":1}}]}[39m
[35m[UiAutomator2][39m calling get location: caaeb6d0-3688-4e50-b96d-d4cb7e553adc
[35m[HTTP][39m [37m<-- POST /wd/hub/session/821c4e96-6b62-4406-9520-5dabefbac28d/touch/perform [39m[32m200[39m [90m3168 ms - 76[39m
[35m[HTTP][39m [90m[39m
[35m[HTTP][39m [37m-->[39m [37mGET[39m [37m/wd/hub/session/821c4e96-6b62-4406-9520-5dabefbac28d/window/current/size[39m
[35m[HTTP][39m [90m{}[39m
[35m[W3C][39m Driver proxy active, passing request on via HTTP proxy
[35m[JSONWP Proxy][39m Replacing sessionId b4382cfa-e24a-4241-9ce7-15a7fec0bdae with 821c4e96-6b62-4406-9520-5dabefbac28d
[35m[HTTP][39m [37m<-- GET /wd/hub/session/821c4e96-6b62-4406-9520-5dabefbac28d/window/current/size [39m[32m200[39m [90m22 ms - 100[39m
[35m[HTTP][39m [90m[39m
[35m[HTTP][39m [37m-->[39m [37mPOST[39m [37m/wd/hub/session/821c4e96-6b62-4406-9520-5dabefbac28d/elements[39m
[35m[HTTP][39m [90m{"using":"-android uiautomator","value":"new UiSelector().className(\"android.widget.EditText\").text(\"DDD + Celular\").resourceId(\"br.com.mv.monitoringvitals:id/edt_register_phone\").instance(1)"}[39m
[35m[HTTP][39m [37m<-- POST /wd/hub/session/821c4e96-6b62-4406-9520-5dabefbac28d/elements [39m[32m200[39m [90m137 ms - 124[39m
[35m[HTTP][39m [90m[39m
[35m[HTTP][39m [37m-->[39m [37mGET[39m [37m/wd/hub/session/821c4e96-6b62-4406-9520-5dabefbac28d[39m
[35m[HTTP][39m [90m{}[39m
[35m[HTTP][39m [37m<-- GET /wd/hub/session/821c4e96-6b62-4406-9520-5dabefbac28d [39m[32m200[39m [90m33 ms - 1175[39m
[35m[HTTP][39m [90m[39m
[35m[HTTP][39m [37m-->[39m [37mGET[39m [37m/wd/hub/session/821c4e96-6b62-4406-9520-5dabefbac28d[39m
[35m[HTTP][39m [90m{}[39m
[35m[HTTP][39m [37m<-- GET /wd/hub/session/821c4e96-6b62-4406-9520-5dabefbac28d [39m[32m200[39m [90m21 ms - 1175[39m
[35m[HTTP][39m [90m[39m
[35m[HTTP][39m [37m-->[39m [37mGET[39m [37m/wd/hub/session/821c4e96-6b62-4406-9520-5dabefbac28d[39m
[35m[HTTP][39m [90m{}[39m
[35m[HTTP][39m [37m<-- GET /wd/hub/session/821c4e96-6b62-4406-9520-5dabefbac28d [39m[32m200[39m [90m21 ms - 1175[39m
[35m[HTTP][39m [90m[39m
[35m[HTTP][39m [37m-->[39m [37mGET[39m [37m/wd/hub/session/821c4e96-6b62-4406-9520-5dabefbac28d[39m
[35m[HTTP][39m [90m{}[39m
[35m[HTTP][39m [37m<-- GET /wd/hub/session/821c4e96-6b62-4406-9520-5dabefbac28d [39m[32m200[39m [90m24 ms - 1175[39m
[35m[HTTP][39m [90m[39m
[35m[HTTP][39m [37m-->[39m [37mGET[39m [37m/wd/hub/session/821c4e96-6b62-4406-9520-5dabefbac28d/element/c13e07a7-457c-428c-a3ba-15cbb74bb50c/location[39m
[35m[HTTP][39m [90m{}[39m
[35m[W3C][39m Driver proxy active, passing request on via HTTP proxy
[35m[JSONWP Proxy][39m Replacing sessionId b4382cfa-e24a-4241-9ce7-15a7fec0bdae with 821c4e96-6b62-4406-9520-5dabefbac28d
[35m[HTTP][39m [37m<-- GET /wd/hub/session/821c4e96-6b62-4406-9520-5dabefbac28d/element/c13e07a7-457c-428c-a3ba-15cbb74bb50c/location [39m[32m200[39m [90m61 ms - 90[39m
[35m[HTTP][39m [90m[39m
[35m[HTTP][39m [37m-->[39m [37mPOST[39m [37m/wd/hub/session/821c4e96-6b62-4406-9520-5dabefbac28d/element/c13e07a7-457c-428c-a3ba-15cbb74bb50c/clear[39m
[35m[HTTP][39m [90m{"id":"c13e07a7-457c-428c-a3ba-15cbb74bb50c"}[39m
[35m[HTTP][39m [37m<-- POST /wd/hub/session/821c4e96-6b62-4406-9520-5dabefbac28d/element/c13e07a7-457c-428c-a3ba-15cbb74bb50c/clear [39m[32m200[39m [90m67 ms - 89[39m
[35m[HTTP][39m [90m[39m
[35m[HTTP][39m [37m-->[39m [37mPOST[39m [37m/wd/hub/session/821c4e96-6b62-4406-9520-5dabefbac28d/element/c13e07a7-457c-428c-a3ba-15cbb74bb50c/value[39m
[35m[HTTP][39m [90m{"id":"c13e07a7-457c-428c-a3ba-15cbb74bb50c","value":["81999002918"]}[39m
[35m[HTTP][39m [37m<-- POST /wd/hub/session/821c4e96-6b62-4406-9520-5dabefbac28d/element/c13e07a7-457c-428c-a3ba-15cbb74bb50c/value [39m[32m200[39m [90m1618 ms - 74[39m
[35m[HTTP][39m [90m[39m
[35m[HTTP][39m [37m-->[39m [37mGET[39m [37m/wd/hub/session/821c4e96-6b62-4406-9520-5dabefbac28d/context[39m
[35m[HTTP][39m [90m{}[39m
[35m[HTTP][39m [37m<-- GET /wd/hub/session/821c4e96-6b62-4406-9520-5dabefbac28d/context [39m[32m200[39m [90m5 ms - 84[39m
[35m[HTTP][39m [90m[39m
[35m[HTTP][39m [37m-->[39m [37mGET[39m [37m/wd/hub/session/821c4e96-6b62-4406-9520-5dabefbac28d/contexts[39m
[35m[HTTP][39m [90m{}[39m
[35m[HTTP][39m [37m<-- GET /wd/hub/session/821c4e96-6b62-4406-9520-5dabefbac28d/contexts [39m[32m200[39m [90m155 ms - 86[39m
[35m[HTTP][39m [90m[39m
[35m[HTTP][39m [37m-->[39m [37mPOST[39m [37m/wd/hub/session/821c4e96-6b62-4406-9520-5dabefbac28d/context[39m
[35m[HTTP][39m [90m{"name":"NATIVE_APP"}[39m
[35m[HTTP][39m [37m<-- POST /wd/hub/session/821c4e96-6b62-4406-9520-5dabefbac28d/context [39m[32m200[39m [90m137 ms - 76[39m
[35m[HTTP][39m [90m[39m
[35m[HTTP][39m [37m-->[39m [37mGET[39m [37m/wd/hub/session/821c4e96-6b62-4406-9520-5dabefbac28d/screenshot[39m
[35m[HTTP][39m [90m{}[39m
[35m[HTTP][39m [37m<-- GET /wd/hub/session/821c4e96-6b62-4406-9520-5dabefbac28d/screenshot [39m[32m200[39m [90m846 ms - 259470[39m
[35m[HTTP][39m [90m[39m
[35m[HTTP][39m [37m-->[39m [37mPOST[39m [37m/wd/hub/session/821c4e96-6b62-4406-9520-5dabefbac28d/context[39m
[35m[HTTP][39m [90m{"name":"NATIVE_APP"}[39m
[35m[HTTP][39m [37m<-- POST /wd/hub/session/821c4e96-6b62-4406-9520-5dabefbac28d/context [39m[32m200[39m [90m168 ms - 76[39m
[35m[HTTP][39m [90m[39m
[35m[HTTP][39m [37m-->[39m [37mGET[39m [37m/wd/hub/session/821c4e96-6b62-4406-9520-5dabefbac28d/window/current/size[39m
[35m[HTTP][39m [90m{}[39m
[35m[W3C][39m Driver proxy active, passing request on via HTTP proxy
[35m[JSONWP Proxy][39m Replacing sessionId b4382cfa-e24a-4241-9ce7-15a7fec0bdae with 821c4e96-6b62-4406-9520-5dabefbac28d
[35m[HTTP][39m [37m<-- GET /wd/hub/session/821c4e96-6b62-4406-9520-5dabefbac28d/window/current/size [39m[32m200[39m [90m22 ms - 100[39m
[35m[HTTP][39m [90m[39m
[35m[HTTP][39m [37m-->[39m [37mPOST[39m [37m/wd/hub/session/821c4e96-6b62-4406-9520-5dabefbac28d/elements[39m
[35m[HTTP][39m [90m{"using":"-android uiautomator","value":"new UiSelector().className(\"android.widget.TextView\").resourceId(\"br.com.mv.monitoringvitals:id/action_confirm\").instance(1)"}[39m
[35m[HTTP][39m [37m<-- POST /wd/hub/session/821c4e96-6b62-4406-9520-5dabefbac28d/elements [39m[32m200[39m [90m128 ms - 124[39m
[35m[HTTP][39m [90m[39m
[35m[HTTP][39m [37m-->[39m [37mGET[39m [37m/wd/hub/session/821c4e96-6b62-4406-9520-5dabefbac28d[39m
[35m[HTTP][39m [90m{}[39m
[35m[HTTP][39m [37m<-- GET /wd/hub/session/821c4e96-6b62-4406-9520-5dabefbac28d [39m[32m200[39m [90m27 ms - 1175[39m
[35m[HTTP][39m [90m[39m
[35m[HTTP][39m [37m-->[39m [37mGET[39m [37m/wd/hub/session/821c4e96-6b62-4406-9520-5dabefbac28d[39m
[35m[HTTP][39m [90m{}[39m
[35m[HTTP][39m [37m<-- GET /wd/hub/session/821c4e96-6b62-4406-9520-5dabefbac28d [39m[32m200[39m [90m22 ms - 1175[39m
[35m[HTTP][39m [90m[39m
[35m[HTTP][39m [37m-->[39m [37mGET[39m [37m/wd/hub/session/821c4e96-6b62-4406-9520-5dabefbac28d[39m
[35m[HTTP][39m [90m{}[39m
[35m[HTTP][39m [37m<-- GET /wd/hub/session/821c4e96-6b62-4406-9520-5dabefbac28d [39m[32m200[39m [90m21 ms - 1175[39m
[35m[HTTP][39m [90m[39m
[35m[HTTP][39m [37m-->[39m [37mGET[39m [37m/wd/hub/session/821c4e96-6b62-4406-9520-5dabefbac28d[39m
[35m[HTTP][39m [90m{}[39m
[35m[HTTP][39m [37m<-- GET /wd/hub/session/821c4e96-6b62-4406-9520-5dabefbac28d [39m[32m200[39m [90m22 ms - 1175[39m
[35m[HTTP][39m [90m[39m
[35m[HTTP][39m [37m-->[39m [37mGET[39m [37m/wd/hub/session/821c4e96-6b62-4406-9520-5dabefbac28d/element/35ca8240-fa06-432a-81ed-730df1615668/location[39m
[35m[HTTP][39m [90m{}[39m
[35m[W3C][39m Driver proxy active, passing request on via HTTP proxy
[35m[JSONWP Proxy][39m Replacing sessionId b4382cfa-e24a-4241-9ce7-15a7fec0bdae with 821c4e96-6b62-4406-9520-5dabefbac28d
[35m[HTTP][39m [37m<-- GET /wd/hub/session/821c4e96-6b62-4406-9520-5dabefbac28d/element/35ca8240-fa06-432a-81ed-730df1615668/location [39m[32m200[39m [90m59 ms - 88[39m
[35m[HTTP][39m [90m[39m
[35m[HTTP][39m [37m-->[39m [37mPOST[39m [37m/wd/hub/session/821c4e96-6b62-4406-9520-5dabefbac28d/touch/perform[39m
[35m[HTTP][39m [90m{"actions":[{"action":"tap","options":{"element":"35ca8240-fa06-432a-81ed-730df1615668","x":1,"y":1}}]}[39m
[35m[UiAutomator2][39m calling get location: 35ca8240-fa06-432a-81ed-730df1615668
[35m[HTTP][39m [37m<-- POST /wd/hub/session/821c4e96-6b62-4406-9520-5dabefbac28d/touch/perform [39m[32m200[39m [90m1049 ms - 76[39m
[35m[HTTP][39m [90m[39m
[35m[HTTP][39m [37m-->[39m [37mGET[39m [37m/wd/hub/session/821c4e96-6b62-4406-9520-5dabefbac28d/context[39m
[35m[HTTP][39m [90m{}[39m
[35m[HTTP][39m [37m<-- GET /wd/hub/session/821c4e96-6b62-4406-9520-5dabefbac28d/context [39m[32m200[39m [90m1 ms - 84[39m
[35m[HTTP][39m [90m[39m
[35m[HTTP][39m [37m-->[39m [37mGET[39m [37m/wd/hub/session/821c4e96-6b62-4406-9520-5dabefbac28d/contexts[39m
[35m[HTTP][39m [90m{}[39m
[35m[HTTP][39m [37m<-- GET /wd/hub/session/821c4e96-6b62-4406-9520-5dabefbac28d/contexts [39m[32m200[39m [90m97 ms - 86[39m
[35m[HTTP][39m [90m[39m
[35m[HTTP][39m [37m-->[39m [37mPOST[39m [37m/wd/hub/session/821c4e96-6b62-4406-9520-5dabefbac28d/context[39m
[35m[HTTP][39m [90m{"name":"NATIVE_APP"}[39m
[35m[HTTP][39m [37m<-- POST /wd/hub/session/821c4e96-6b62-4406-9520-5dabefbac28d/context [39m[32m200[39m [90m99 ms - 76[39m
[35m[HTTP][39m [90m[39m
[35m[HTTP][39m [37m-->[39m [37mPOST[39m [37m/wd/hub/session/821c4e96-6b62-4406-9520-5dabefbac28d/touch/perform[39m
[35m[HTTP][39m [90m{"actions":[{"action":"press","options":{"x":100,"y":300}},{"action":"wait","options":{"ms":500}},{"action":"moveTo","options":{"x":100,"y":10}}]}[39m
[35m[HTTP][39m [37m<-- POST /wd/hub/session/821c4e96-6b62-4406-9520-5dabefbac28d/touch/perform [39m[32m200[39m [90m2623 ms - 76[39m
[35m[HTTP][39m [90m[39m
[35m[HTTP][39m [37m-->[39m [37mPOST[39m [37m/wd/hub/session/821c4e96-6b62-4406-9520-5dabefbac28d/context[39m
[35m[HTTP][39m [90m{"name":"NATIVE_APP"}[39m
[35m[HTTP][39m [37m<-- POST /wd/hub/session/821c4e96-6b62-4406-9520-5dabefbac28d/context [39m[32m200[39m [90m124 ms - 76[39m
[35m[HTTP][39m [90m[39m
