[35m[Appium][39m Welcome to Appium v1.8.0
[35m[Appium][39m Non-default server args:
[35m[Appium][39m   port: 63216
[35m[Appium][39m   loglevel: info
[35m[Appium][39m   chromeDriverPort: 63217
[35m[Appium][39m   tmpDir: C:\Users\RAFAEL~1.HEN\AppData\Local\Temp\\Katalon\Appium\Temp1526995502815
[35m[Appium][39m Appium REST http interface listener started on 0.0.0.0:63216
[35m[HTTP][39m [37m-->[39m [37mGET[39m [37m/wd/hub/status[39m
[35m[HTTP][39m [90m{}[39m
[35m[HTTP][39m [37m<-- GET /wd/hub/status [39m[32m200[39m [90m11 ms - 83[39m
[35m[HTTP][39m [90m[39m
[35m[HTTP][39m [37m-->[39m [37mPOST[39m [37m/wd/hub/session[39m
[35m[HTTP][39m [90m{"desiredCapabilities":{"app":"C:\\Users\\rafael.henrique\\Katalon Studio\\MONVAT\\APK\\MONVIT_v1.7.24.apk","autoGrantPermissions":true,"automationName":"uiautomator2","deviceName":"motorola Moto G (5) (Android 7.0)","fullReset":false,"newCommandTimeout":1800,"noReset":true,"platform":"ANDROID","platformName":"Android","udid":"0038153251"},"capabilities":{"desiredCapabilities":{"app":"C:\\Users\\rafael.henrique\\Katalon Studio\\MONVAT\\APK\\MONVIT_v1.7.24.apk","autoGrantPermissions":true,"automationName":"uiautomator2","deviceName":"motorola Moto G (5) (Android 7.0)","fullReset":false,"newCommandTimeout":1800,"noReset":true,"platform":"ANDROID","platformName":"Android","udid":"0038153251"},"firstMatch":[{"platformName":"android"}]}}[39m
[35m[Appium][39m Could not parse W3C capabilities: 'deviceName' can't be blank. Falling back to JSONWP protocol.
[35m[Appium][39m The following capabilities were provided in the JSONWP desired capabilities that are missing in W3C capabilities: ["app","autoGrantPermissions","automationName","deviceName","fullReset","newCommandTimeout","noReset","platform","platformName","udid"]. Falling back to JSONWP protocol.
[35m[Appium][39m Creating new AndroidUiautomator2Driver (v1.9.0) session
[35m[Appium][39m Capabilities:
[35m[Appium][39m   app: C:\Users\rafael.henrique\Katalon Studio\MONVAT\APK\MONVIT_v1.7.24.apk
[35m[Appium][39m   autoGrantPermissions: true
[35m[Appium][39m   automationName: uiautomator2
[35m[Appium][39m   deviceName: motorola Moto G (5) (Android 7.0)
[35m[Appium][39m   fullReset: false
[35m[Appium][39m   newCommandTimeout: 1800
[35m[Appium][39m   noReset: true
[35m[Appium][39m   platform: ANDROID
[35m[Appium][39m   platformName: Android
[35m[Appium][39m   udid: 0038153251
[35m[BaseDriver][39m The following capabilities were provided, but are not recognized by appium: platform.
[35m[BaseDriver][39m Session created with session id: dcbe1c01-e9a6-4d65-807a-359854728add
[35m[BaseDriver][39m Using local app 'C:\Users\rafael.henrique\Katalon Studio\MONVAT\APK\MONVIT_v1.7.24.apk'
[35m[AndroidDriver][39m Java version is: 1.8.0_102
[35m[ADB][39m Checking whether adb is present
[35m[ADB][39m Found 1 'build-tools' folders under 'C:\Users\rafael.henrique\.katalon\tools\android_sdk' (newest first):
[35m[ADB][39m     C:/Users/rafael.henrique/.katalon/tools/android_sdk/build-tools/28.0.0
[35m[ADB][39m Using adb.exe from C:\Users\rafael.henrique\.katalon\tools\android_sdk\platform-tools\adb.exe
[35m[AndroidDriver][39m Retrieving device list
[35m[AndroidDriver][39m Using device: 0038153251
[35m[ADB][39m Checking whether adb is present
[35m[ADB][39m Using adb.exe from C:\Users\rafael.henrique\.katalon\tools\android_sdk\platform-tools\adb.exe
[35m[ADB][39m Using the alternative activity name detection method because of: Could not find apkanalyzer.bat in C:\Users\rafael.henrique\.katalon\tools\android_sdk\platform-tools\apkanalyzer.bat,C:\Users\rafael.henrique\.katalon\tools\android_sdk\emulator\apkanalyzer.bat,C:\Users\rafael.henrique\.katalon\tools\android_sdk\tools\apkanalyzer.bat,C:\Users\rafael.henrique\.katalon\tools\android_sdk\tools\bin\apkanalyzer.bat,C:\Users\rafael.henrique\.katalon\tools\android_sdk\build-tools\28.0.0\apkanalyzer.bat. Do you have the Android SDK installed at 'C:\Users\rafael.henrique\.katalon\tools\android_sdk'?
[35m[ADB][39m Checking whether aapt is present
[35m[ADB][39m Using aapt.exe from C:\Users\rafael.henrique\.katalon\tools\android_sdk\build-tools\28.0.0\aapt.exe
[35m[ADB][39m Extracting package and launch activity from manifest
[35m[ADB][39m Package name: 'br.com.mv.monitoringvitals'
[35m[ADB][39m Main activity name: 'br.com.mv.monitoringvitals.views.SplashActivity'
[35m[ADB][39m Getting device platform version
[35m[ADB][39m Using apksigner.bat from C:\Users\rafael.henrique\.katalon\tools\android_sdk\build-tools\28.0.0\apksigner.bat
[35m[ADB][39m Using apksigner.bat from C:\Users\rafael.henrique\.katalon\tools\android_sdk\build-tools\28.0.0\apksigner.bat
[35m[ADB][39m Using apksigner.bat from C:\Users\rafael.henrique\.katalon\tools\android_sdk\build-tools\28.0.0\apksigner.bat
[35m[ADB][39m Checking whether zipalign is present
[35m[ADB][39m Using zipalign.exe from C:\Users\rafael.henrique\.katalon\tools\android_sdk\build-tools\28.0.0\zipalign.exe
[35m[ADB][39m Using apksigner.bat from C:\Users\rafael.henrique\.katalon\tools\android_sdk\build-tools\28.0.0\apksigner.bat
[35m[ADB][39m Using apksigner.bat from C:\Users\rafael.henrique\.katalon\tools\android_sdk\build-tools\28.0.0\apksigner.bat
[35m[ADB][39m Using apksigner.bat from C:\Users\rafael.henrique\.katalon\tools\android_sdk\build-tools\28.0.0\apksigner.bat
[35m[ADB][39m Using apksigner.bat from C:\Users\rafael.henrique\.katalon\tools\android_sdk\build-tools\28.0.0\apksigner.bat
[35m[ADB][39m Checking whether zipalign is present
[35m[ADB][39m Using zipalign.exe from C:\Users\rafael.henrique\.katalon\tools\android_sdk\build-tools\28.0.0\zipalign.exe
[35m[ADB][39m Using apksigner.bat from C:\Users\rafael.henrique\.katalon\tools\android_sdk\build-tools\28.0.0\apksigner.bat
[35m[ADB][39m io.appium.uiautomator2.server was successfully uninstalled
[35m[ADB][39m io.appium.uiautomator2.server.test was successfully uninstalled
[35m[ADB][39m Checking whether aapt is present
[35m[ADB][39m Using aapt.exe from C:\Users\rafael.henrique\.katalon\tools\android_sdk\build-tools\28.0.0\aapt.exe
[35m[AndroidDriver][39m setDeviceLanguageCountry requires language or country.
[35m[AndroidDriver][39m Got language: 'null' and country: 'null'
[35m[ADB][39m Checking whether aapt is present
[35m[ADB][39m Using aapt.exe from C:\Users\rafael.henrique\.katalon\tools\android_sdk\build-tools\28.0.0\aapt.exe
[35m[ADB][39m Checking whether aapt is present
[35m[ADB][39m Using aapt.exe from C:\Users\rafael.henrique\.katalon\tools\android_sdk\build-tools\28.0.0\aapt.exe
[35m[ADB][39m Successfully extracted 361 strings from 'C:\Users\rafael.henrique\Katalon Studio\MONVAT\APK\MONVIT_v1.7.24.apk' resources for '(default)' configuration
[35m[ADB][39m Using apksigner.bat from C:\Users\rafael.henrique\.katalon\tools\android_sdk\build-tools\28.0.0\apksigner.bat
[35m[ADB][39m Using apksigner.bat from C:\Users\rafael.henrique\.katalon\tools\android_sdk\build-tools\28.0.0\apksigner.bat
[35m[ADB][39m Using apksigner.bat from C:\Users\rafael.henrique\.katalon\tools\android_sdk\build-tools\28.0.0\apksigner.bat
[35m[ADB][39m Checking whether zipalign is present
[35m[ADB][39m Using zipalign.exe from C:\Users\rafael.henrique\.katalon\tools\android_sdk\build-tools\28.0.0\zipalign.exe
[35m[ADB][39m Using apksigner.bat from C:\Users\rafael.henrique\.katalon\tools\android_sdk\build-tools\28.0.0\apksigner.bat
[35m[ADB][39m Checking whether aapt is present
[35m[ADB][39m Using aapt.exe from C:\Users\rafael.henrique\.katalon\tools\android_sdk\build-tools\28.0.0\aapt.exe
[35m[UiAutomator2][39m Starting uiautomator2 server 1.7.0
[35m[UiAutomator2][39m Using UIAutomator2 server from 'C:\Users\rafael.henrique\AppData\Roaming\npm\node_modules\appium\node_modules\appium-uiautomator2-server\apks\appium-uiautomator2-server-v1.7.0.apk' and test from 'C:\Users\rafael.henrique\AppData\Roaming\npm\node_modules\appium\node_modules\appium-uiautomator2-server\apks\appium-uiautomator2-server-debug-androidTest.apk'
[35m[UiAutomator2][39m Running command: 'adb -s 0038153251 shell am instrument -w io.appium.uiautomator2.server.test/android.support.test.runner.AndroidJUnitRunner'
[35m[UiAutomator2][39m Waiting up to 20000ms for UiAutomator2 to be online...
[35m[AndroidDriver][39m Screen already unlocked, doing nothing
[35m[UiAutomator2][39m UiAutomator2 did not start the activity we were waiting for, 'br.com.mv.monitoringvitals/br.com.mv.monitoringvitals.views.SplashActivity'. Starting it ourselves
[35m[Appium][39m New AndroidUiautomator2Driver session created successfully, session dcbe1c01-e9a6-4d65-807a-359854728add added to master session list
[35m[HTTP][39m [37m<-- POST /wd/hub/session [39m[32m200[39m [90m34520 ms - 1175[39m
[35m[HTTP][39m [90m[39m
[35m[HTTP][39m [37m-->[39m [37mGET[39m [37m/wd/hub/status[39m
[35m[HTTP][39m [90m{}[39m
[35m[HTTP][39m [37m<-- GET /wd/hub/status [39m[32m200[39m [90m2 ms - 55[39m
[35m[HTTP][39m [90m[39m
[35m[HTTP][39m [37m-->[39m [37mPOST[39m [37m/wd/hub/session/dcbe1c01-e9a6-4d65-807a-359854728add/timeouts[39m
[35m[HTTP][39m [90m{"type":"implicit","ms":30000}[39m
[35m[HTTP][39m [37m<-- POST /wd/hub/session/dcbe1c01-e9a6-4d65-807a-359854728add/timeouts [39m[33m400[39m [90m10 ms - 5628[39m
[35m[HTTP][39m [90m[39m
[35m[HTTP][39m [37m-->[39m [37mGET[39m [37m/wd/hub/session/dcbe1c01-e9a6-4d65-807a-359854728add/context[39m
[35m[HTTP][39m [90m{}[39m
[35m[HTTP][39m [37m<-- GET /wd/hub/session/dcbe1c01-e9a6-4d65-807a-359854728add/context [39m[32m200[39m [90m8 ms - 84[39m
[35m[HTTP][39m [90m[39m
[35m[HTTP][39m [37m-->[39m [37mGET[39m [37m/wd/hub/session/dcbe1c01-e9a6-4d65-807a-359854728add/contexts[39m
[35m[HTTP][39m [90m{}[39m
[35m[HTTP][39m [37m<-- GET /wd/hub/session/dcbe1c01-e9a6-4d65-807a-359854728add/contexts [39m[32m200[39m [90m110 ms - 86[39m
[35m[HTTP][39m [90m[39m
[35m[HTTP][39m [37m-->[39m [37mPOST[39m [37m/wd/hub/session/dcbe1c01-e9a6-4d65-807a-359854728add/context[39m
[35m[HTTP][39m [90m{"name":"NATIVE_APP"}[39m
[35m[HTTP][39m [37m<-- POST /wd/hub/session/dcbe1c01-e9a6-4d65-807a-359854728add/context [39m[32m200[39m [90m98 ms - 76[39m
[35m[HTTP][39m [90m[39m
[35m[HTTP][39m [37m-->[39m [37mPOST[39m [37m/wd/hub/session/dcbe1c01-e9a6-4d65-807a-359854728add/appium/device/hide_keyboard[39m
[35m[HTTP][39m [90m{}[39m
[35m[HTTP][39m [37m<-- POST /wd/hub/session/dcbe1c01-e9a6-4d65-807a-359854728add/appium/device/hide_keyboard [39m[31m500[39m [90m293 ms - 1426[39m
[35m[HTTP][39m [90m[39m
[35m[HTTP][39m [37m-->[39m [37mPOST[39m [37m/wd/hub/session/dcbe1c01-e9a6-4d65-807a-359854728add/context[39m
[35m[HTTP][39m [90m{"name":"NATIVE_APP"}[39m
[35m[HTTP][39m [37m<-- POST /wd/hub/session/dcbe1c01-e9a6-4d65-807a-359854728add/context [39m[32m200[39m [90m98 ms - 76[39m
[35m[HTTP][39m [90m[39m
[35m[HTTP][39m [37m-->[39m [37mGET[39m [37m/wd/hub/session/dcbe1c01-e9a6-4d65-807a-359854728add/window/current/size[39m
[35m[HTTP][39m [90m{}[39m
[35m[W3C][39m Driver proxy active, passing request on via HTTP proxy
[35m[JSONWP Proxy][39m Replacing sessionId aeb88a75-c0e4-4a3d-911b-f7765d780faf with dcbe1c01-e9a6-4d65-807a-359854728add
[35m[HTTP][39m [37m<-- GET /wd/hub/session/dcbe1c01-e9a6-4d65-807a-359854728add/window/current/size [39m[32m200[39m [90m27 ms - 100[39m
[35m[HTTP][39m [90m[39m
[35m[HTTP][39m [37m-->[39m [37mPOST[39m [37m/wd/hub/session/dcbe1c01-e9a6-4d65-807a-359854728add/elements[39m
[35m[HTTP][39m [90m{"using":"-android uiautomator","value":"new UiSelector().text(\"Não tenho uma conta. Quero me cadastrar.\")"}[39m
[35m[HTTP][39m [37m<-- POST /wd/hub/session/dcbe1c01-e9a6-4d65-807a-359854728add/elements [39m[32m200[39m [90m131 ms - 124[39m
[35m[HTTP][39m [90m[39m
[35m[HTTP][39m [37m-->[39m [37mGET[39m [37m/wd/hub/session/dcbe1c01-e9a6-4d65-807a-359854728add[39m
[35m[HTTP][39m [90m{}[39m
[35m[HTTP][39m [37m<-- GET /wd/hub/session/dcbe1c01-e9a6-4d65-807a-359854728add [39m[32m200[39m [90m31 ms - 1175[39m
[35m[HTTP][39m [90m[39m
[35m[HTTP][39m [37m-->[39m [37mGET[39m [37m/wd/hub/session/dcbe1c01-e9a6-4d65-807a-359854728add[39m
[35m[HTTP][39m [90m{}[39m
[35m[HTTP][39m [37m<-- GET /wd/hub/session/dcbe1c01-e9a6-4d65-807a-359854728add [39m[32m200[39m [90m24 ms - 1175[39m
[35m[HTTP][39m [90m[39m
[35m[HTTP][39m [37m-->[39m [37mGET[39m [37m/wd/hub/session/dcbe1c01-e9a6-4d65-807a-359854728add[39m
[35m[HTTP][39m [90m{}[39m
[35m[HTTP][39m [37m<-- GET /wd/hub/session/dcbe1c01-e9a6-4d65-807a-359854728add [39m[32m200[39m [90m22 ms - 1175[39m
[35m[HTTP][39m [90m[39m
[35m[HTTP][39m [37m-->[39m [37mGET[39m [37m/wd/hub/session/dcbe1c01-e9a6-4d65-807a-359854728add[39m
[35m[HTTP][39m [90m{}[39m
[35m[HTTP][39m [37m<-- GET /wd/hub/session/dcbe1c01-e9a6-4d65-807a-359854728add [39m[32m200[39m [90m23 ms - 1175[39m
[35m[HTTP][39m [90m[39m
[35m[HTTP][39m [37m-->[39m [37mGET[39m [37m/wd/hub/session/dcbe1c01-e9a6-4d65-807a-359854728add/element/4a23e0ff-11ba-45a3-ac94-59979b961ab5/location[39m
[35m[HTTP][39m [90m{}[39m
[35m[W3C][39m Driver proxy active, passing request on via HTTP proxy
[35m[JSONWP Proxy][39m Replacing sessionId aeb88a75-c0e4-4a3d-911b-f7765d780faf with dcbe1c01-e9a6-4d65-807a-359854728add
[35m[HTTP][39m [37m<-- GET /wd/hub/session/dcbe1c01-e9a6-4d65-807a-359854728add/element/4a23e0ff-11ba-45a3-ac94-59979b961ab5/location [39m[32m200[39m [90m60 ms - 88[39m
[35m[HTTP][39m [90m[39m
[35m[HTTP][39m [37m-->[39m [37mPOST[39m [37m/wd/hub/session/dcbe1c01-e9a6-4d65-807a-359854728add/touch/perform[39m
[35m[HTTP][39m [90m{"actions":[{"action":"tap","options":{"element":"4a23e0ff-11ba-45a3-ac94-59979b961ab5","x":1,"y":1}}]}[39m
[35m[UiAutomator2][39m calling get location: 4a23e0ff-11ba-45a3-ac94-59979b961ab5
[35m[HTTP][39m [37m<-- POST /wd/hub/session/dcbe1c01-e9a6-4d65-807a-359854728add/touch/perform [39m[32m200[39m [90m1312 ms - 76[39m
[35m[HTTP][39m [90m[39m
[35m[HTTP][39m [37m-->[39m [37mGET[39m [37m/wd/hub/session/dcbe1c01-e9a6-4d65-807a-359854728add/context[39m
[35m[HTTP][39m [90m{}[39m
[35m[HTTP][39m [37m<-- GET /wd/hub/session/dcbe1c01-e9a6-4d65-807a-359854728add/context [39m[32m200[39m [90m2 ms - 84[39m
[35m[HTTP][39m [90m[39m
[35m[HTTP][39m [37m-->[39m [37mGET[39m [37m/wd/hub/session/dcbe1c01-e9a6-4d65-807a-359854728add/contexts[39m
[35m[HTTP][39m [90m{}[39m
[35m[HTTP][39m [37m<-- GET /wd/hub/session/dcbe1c01-e9a6-4d65-807a-359854728add/contexts [39m[32m200[39m [90m108 ms - 86[39m
[35m[HTTP][39m [90m[39m
[35m[HTTP][39m [37m-->[39m [37mPOST[39m [37m/wd/hub/session/dcbe1c01-e9a6-4d65-807a-359854728add/context[39m
[35m[HTTP][39m [90m{"name":"NATIVE_APP"}[39m
[35m[HTTP][39m [37m<-- POST /wd/hub/session/dcbe1c01-e9a6-4d65-807a-359854728add/context [39m[32m200[39m [90m101 ms - 76[39m
[35m[HTTP][39m [90m[39m
[35m[HTTP][39m [37m-->[39m [37mPOST[39m [37m/wd/hub/session/dcbe1c01-e9a6-4d65-807a-359854728add/appium/device/hide_keyboard[39m
[35m[HTTP][39m [90m{}[39m
[35m[HTTP][39m [37m<-- POST /wd/hub/session/dcbe1c01-e9a6-4d65-807a-359854728add/appium/device/hide_keyboard [39m[32m200[39m [90m1394 ms - 76[39m
[35m[HTTP][39m [90m[39m
[35m[HTTP][39m [37m-->[39m [37mPOST[39m [37m/wd/hub/session/dcbe1c01-e9a6-4d65-807a-359854728add/context[39m
[35m[HTTP][39m [90m{"name":"NATIVE_APP"}[39m
[35m[HTTP][39m [37m<-- POST /wd/hub/session/dcbe1c01-e9a6-4d65-807a-359854728add/context [39m[32m200[39m [90m136 ms - 76[39m
[35m[HTTP][39m [90m[39m
[35m[HTTP][39m [37m-->[39m [37mGET[39m [37m/wd/hub/session/dcbe1c01-e9a6-4d65-807a-359854728add/window/current/size[39m
[35m[HTTP][39m [90m{}[39m
[35m[W3C][39m Driver proxy active, passing request on via HTTP proxy
[35m[JSONWP Proxy][39m Replacing sessionId aeb88a75-c0e4-4a3d-911b-f7765d780faf with dcbe1c01-e9a6-4d65-807a-359854728add
[35m[HTTP][39m [37m<-- GET /wd/hub/session/dcbe1c01-e9a6-4d65-807a-359854728add/window/current/size [39m[32m200[39m [90m28 ms - 100[39m
[35m[HTTP][39m [90m[39m
[35m[HTTP][39m [37m-->[39m [37mPOST[39m [37m/wd/hub/session/dcbe1c01-e9a6-4d65-807a-359854728add/elements[39m
[35m[HTTP][39m [90m{"using":"-android uiautomator","value":"new UiSelector().className(\"android.widget.TextView\").resourceId(\"br.com.mv.monitoringvitals:id/action_confirm\").instance(1)"}[39m
[35m[HTTP][39m [37m<-- POST /wd/hub/session/dcbe1c01-e9a6-4d65-807a-359854728add/elements [39m[32m200[39m [90m557 ms - 124[39m
[35m[HTTP][39m [90m[39m
[35m[HTTP][39m [37m-->[39m [37mGET[39m [37m/wd/hub/session/dcbe1c01-e9a6-4d65-807a-359854728add[39m
[35m[HTTP][39m [90m{}[39m
[35m[HTTP][39m [37m<-- GET /wd/hub/session/dcbe1c01-e9a6-4d65-807a-359854728add [39m[32m200[39m [90m33 ms - 1175[39m
[35m[HTTP][39m [90m[39m
[35m[HTTP][39m [37m-->[39m [37mGET[39m [37m/wd/hub/session/dcbe1c01-e9a6-4d65-807a-359854728add[39m
[35m[HTTP][39m [90m{}[39m
[35m[HTTP][39m [37m<-- GET /wd/hub/session/dcbe1c01-e9a6-4d65-807a-359854728add [39m[32m200[39m [90m28 ms - 1175[39m
[35m[HTTP][39m [90m[39m
[35m[HTTP][39m [37m-->[39m [37mGET[39m [37m/wd/hub/session/dcbe1c01-e9a6-4d65-807a-359854728add[39m
[35m[HTTP][39m [90m{}[39m
[35m[HTTP][39m [37m<-- GET /wd/hub/session/dcbe1c01-e9a6-4d65-807a-359854728add [39m[32m200[39m [90m26 ms - 1175[39m
[35m[HTTP][39m [90m[39m
[35m[HTTP][39m [37m-->[39m [37mGET[39m [37m/wd/hub/session/dcbe1c01-e9a6-4d65-807a-359854728add[39m
[35m[HTTP][39m [90m{}[39m
[35m[HTTP][39m [37m<-- GET /wd/hub/session/dcbe1c01-e9a6-4d65-807a-359854728add [39m[32m200[39m [90m23 ms - 1175[39m
[35m[HTTP][39m [90m[39m
[35m[HTTP][39m [37m-->[39m [37mGET[39m [37m/wd/hub/session/dcbe1c01-e9a6-4d65-807a-359854728add/element/e89f053a-f724-4635-bdeb-40d6650da215/location[39m
[35m[HTTP][39m [90m{}[39m
[35m[W3C][39m Driver proxy active, passing request on via HTTP proxy
[35m[JSONWP Proxy][39m Replacing sessionId aeb88a75-c0e4-4a3d-911b-f7765d780faf with dcbe1c01-e9a6-4d65-807a-359854728add
[35m[HTTP][39m [37m<-- GET /wd/hub/session/dcbe1c01-e9a6-4d65-807a-359854728add/element/e89f053a-f724-4635-bdeb-40d6650da215/location [39m[32m200[39m [90m65 ms - 88[39m
[35m[HTTP][39m [90m[39m
[35m[HTTP][39m [37m-->[39m [37mPOST[39m [37m/wd/hub/session/dcbe1c01-e9a6-4d65-807a-359854728add/touch/perform[39m
[35m[HTTP][39m [90m{"actions":[{"action":"tap","options":{"element":"e89f053a-f724-4635-bdeb-40d6650da215","x":1,"y":1}}]}[39m
[35m[UiAutomator2][39m calling get location: e89f053a-f724-4635-bdeb-40d6650da215
[35m[HTTP][39m [37m<-- POST /wd/hub/session/dcbe1c01-e9a6-4d65-807a-359854728add/touch/perform [39m[32m200[39m [90m876 ms - 76[39m
[35m[HTTP][39m [90m[39m
[35m[HTTP][39m [37m-->[39m [37mGET[39m [37m/wd/hub/session/dcbe1c01-e9a6-4d65-807a-359854728add/window/current/size[39m
[35m[HTTP][39m [90m{}[39m
[35m[W3C][39m Driver proxy active, passing request on via HTTP proxy
[35m[JSONWP Proxy][39m Replacing sessionId aeb88a75-c0e4-4a3d-911b-f7765d780faf with dcbe1c01-e9a6-4d65-807a-359854728add
[35m[HTTP][39m [37m<-- GET /wd/hub/session/dcbe1c01-e9a6-4d65-807a-359854728add/window/current/size [39m[32m200[39m [90m23 ms - 100[39m
[35m[HTTP][39m [90m[39m
[35m[HTTP][39m [37m-->[39m [37mPOST[39m [37m/wd/hub/session/dcbe1c01-e9a6-4d65-807a-359854728add/elements[39m
[35m[HTTP][39m [90m{"using":"-android uiautomator","value":"new UiSelector().className(\"android.widget.TextView\").text(\"Esse campo é obrigatório.\").resourceId(\"br.com.mv.monitoringvitals:id/txt_error_register_name\").instance(4)"}[39m
[35m[HTTP][39m [37m<-- POST /wd/hub/session/dcbe1c01-e9a6-4d65-807a-359854728add/elements [39m[32m200[39m [90m157 ms - 124[39m
[35m[HTTP][39m [90m[39m
[35m[HTTP][39m [37m-->[39m [37mGET[39m [37m/wd/hub/session/dcbe1c01-e9a6-4d65-807a-359854728add[39m
[35m[HTTP][39m [90m{}[39m
[35m[HTTP][39m [37m<-- GET /wd/hub/session/dcbe1c01-e9a6-4d65-807a-359854728add [39m[32m200[39m [90m32 ms - 1175[39m
[35m[HTTP][39m [90m[39m
[35m[HTTP][39m [37m-->[39m [37mGET[39m [37m/wd/hub/session/dcbe1c01-e9a6-4d65-807a-359854728add[39m
[35m[HTTP][39m [90m{}[39m
[35m[HTTP][39m [37m<-- GET /wd/hub/session/dcbe1c01-e9a6-4d65-807a-359854728add [39m[32m200[39m [90m20 ms - 1175[39m
[35m[HTTP][39m [90m[39m
[35m[HTTP][39m [37m-->[39m [37mGET[39m [37m/wd/hub/session/dcbe1c01-e9a6-4d65-807a-359854728add[39m
[35m[HTTP][39m [90m{}[39m
[35m[HTTP][39m [37m<-- GET /wd/hub/session/dcbe1c01-e9a6-4d65-807a-359854728add [39m[32m200[39m [90m23 ms - 1175[39m
[35m[HTTP][39m [90m[39m
[35m[HTTP][39m [37m-->[39m [37mGET[39m [37m/wd/hub/session/dcbe1c01-e9a6-4d65-807a-359854728add[39m
[35m[HTTP][39m [90m{}[39m
[35m[HTTP][39m [37m<-- GET /wd/hub/session/dcbe1c01-e9a6-4d65-807a-359854728add [39m[32m200[39m [90m20 ms - 1175[39m
[35m[HTTP][39m [90m[39m
[35m[HTTP][39m [37m-->[39m [37mGET[39m [37m/wd/hub/session/dcbe1c01-e9a6-4d65-807a-359854728add/element/21d6b48d-1ef3-4d7a-8847-cba7dfb84d70/location[39m
[35m[HTTP][39m [90m{}[39m
[35m[W3C][39m Driver proxy active, passing request on via HTTP proxy
[35m[JSONWP Proxy][39m Replacing sessionId aeb88a75-c0e4-4a3d-911b-f7765d780faf with dcbe1c01-e9a6-4d65-807a-359854728add
[35m[HTTP][39m [37m<-- GET /wd/hub/session/dcbe1c01-e9a6-4d65-807a-359854728add/element/21d6b48d-1ef3-4d7a-8847-cba7dfb84d70/location [39m[32m200[39m [90m63 ms - 88[39m
[35m[HTTP][39m [90m[39m
[35m[HTTP][39m [37m-->[39m [37mGET[39m [37m/wd/hub/session/dcbe1c01-e9a6-4d65-807a-359854728add/element/21d6b48d-1ef3-4d7a-8847-cba7dfb84d70/attribute/text[39m
[35m[HTTP][39m [90m{}[39m
[35m[HTTP][39m [37m<-- GET /wd/hub/session/dcbe1c01-e9a6-4d65-807a-359854728add/element/21d6b48d-1ef3-4d7a-8847-cba7dfb84d70/attribute/text [39m[32m200[39m [90m102 ms - 101[39m
[35m[HTTP][39m [90m[39m
[35m[HTTP][39m [37m-->[39m [37mGET[39m [37m/wd/hub/session/dcbe1c01-e9a6-4d65-807a-359854728add/context[39m
[35m[HTTP][39m [90m{}[39m
[35m[HTTP][39m [37m<-- GET /wd/hub/session/dcbe1c01-e9a6-4d65-807a-359854728add/context [39m[32m200[39m [90m2 ms - 84[39m
[35m[HTTP][39m [90m[39m
[35m[HTTP][39m [37m-->[39m [37mGET[39m [37m/wd/hub/session/dcbe1c01-e9a6-4d65-807a-359854728add/contexts[39m
[35m[HTTP][39m [90m{}[39m
[35m[HTTP][39m [37m<-- GET /wd/hub/session/dcbe1c01-e9a6-4d65-807a-359854728add/contexts [39m[32m200[39m [90m115 ms - 86[39m
[35m[HTTP][39m [90m[39m
[35m[HTTP][39m [37m-->[39m [37mPOST[39m [37m/wd/hub/session/dcbe1c01-e9a6-4d65-807a-359854728add/context[39m
[35m[HTTP][39m [90m{"name":"NATIVE_APP"}[39m
[35m[HTTP][39m [37m<-- POST /wd/hub/session/dcbe1c01-e9a6-4d65-807a-359854728add/context [39m[32m200[39m [90m116 ms - 76[39m
[35m[HTTP][39m [90m[39m
[35m[HTTP][39m [37m-->[39m [37mGET[39m [37m/wd/hub/session/dcbe1c01-e9a6-4d65-807a-359854728add/screenshot[39m
[35m[HTTP][39m [90m{}[39m
[35m[HTTP][39m [37m<-- GET /wd/hub/session/dcbe1c01-e9a6-4d65-807a-359854728add/screenshot [39m[32m200[39m [90m814 ms - 255016[39m
[35m[HTTP][39m [90m[39m
[35m[HTTP][39m [37m-->[39m [37mPOST[39m [37m/wd/hub/session/dcbe1c01-e9a6-4d65-807a-359854728add/context[39m
[35m[HTTP][39m [90m{"name":"NATIVE_APP"}[39m
[35m[HTTP][39m [37m<-- POST /wd/hub/session/dcbe1c01-e9a6-4d65-807a-359854728add/context [39m[32m200[39m [90m107 ms - 76[39m
[35m[HTTP][39m [90m[39m
[35m[HTTP][39m [37m-->[39m [37mGET[39m [37m/wd/hub/session/dcbe1c01-e9a6-4d65-807a-359854728add/window/current/size[39m
[35m[HTTP][39m [90m{}[39m
[35m[W3C][39m Driver proxy active, passing request on via HTTP proxy
[35m[JSONWP Proxy][39m Replacing sessionId aeb88a75-c0e4-4a3d-911b-f7765d780faf with dcbe1c01-e9a6-4d65-807a-359854728add
[35m[HTTP][39m [37m<-- GET /wd/hub/session/dcbe1c01-e9a6-4d65-807a-359854728add/window/current/size [39m[32m200[39m [90m23 ms - 100[39m
[35m[HTTP][39m [90m[39m
[35m[HTTP][39m [37m-->[39m [37mPOST[39m [37m/wd/hub/session/dcbe1c01-e9a6-4d65-807a-359854728add/elements[39m
[35m[HTTP][39m [90m{"using":"-android uiautomator","value":"new UiSelector().className(\"android.widget.TextView\").text(\"Esse campo é obrigatório.\").resourceId(\"br.com.mv.monitoringvitals:id/txt_error_register_cpf\").instance(6)"}[39m
[35m[HTTP][39m [37m<-- POST /wd/hub/session/dcbe1c01-e9a6-4d65-807a-359854728add/elements [39m[32m200[39m [90m139 ms - 124[39m
[35m[HTTP][39m [90m[39m
[35m[HTTP][39m [37m-->[39m [37mGET[39m [37m/wd/hub/session/dcbe1c01-e9a6-4d65-807a-359854728add[39m
[35m[HTTP][39m [90m{}[39m
[35m[HTTP][39m [37m<-- GET /wd/hub/session/dcbe1c01-e9a6-4d65-807a-359854728add [39m[32m200[39m [90m22 ms - 1175[39m
[35m[HTTP][39m [90m[39m
[35m[HTTP][39m [37m-->[39m [37mGET[39m [37m/wd/hub/session/dcbe1c01-e9a6-4d65-807a-359854728add[39m
[35m[HTTP][39m [90m{}[39m
[35m[HTTP][39m [37m<-- GET /wd/hub/session/dcbe1c01-e9a6-4d65-807a-359854728add [39m[32m200[39m [90m21 ms - 1175[39m
[35m[HTTP][39m [90m[39m
[35m[HTTP][39m [37m-->[39m [37mGET[39m [37m/wd/hub/session/dcbe1c01-e9a6-4d65-807a-359854728add[39m
[35m[HTTP][39m [90m{}[39m
[35m[HTTP][39m [37m<-- GET /wd/hub/session/dcbe1c01-e9a6-4d65-807a-359854728add [39m[32m200[39m [90m21 ms - 1175[39m
[35m[HTTP][39m [90m[39m
[35m[HTTP][39m [37m-->[39m [37mGET[39m [37m/wd/hub/session/dcbe1c01-e9a6-4d65-807a-359854728add[39m
[35m[HTTP][39m [90m{}[39m
[35m[HTTP][39m [37m<-- GET /wd/hub/session/dcbe1c01-e9a6-4d65-807a-359854728add [39m[32m200[39m [90m21 ms - 1175[39m
[35m[HTTP][39m [90m[39m
[35m[HTTP][39m [37m-->[39m [37mGET[39m [37m/wd/hub/session/dcbe1c01-e9a6-4d65-807a-359854728add/element/6efef3f9-0a9d-43c6-aea7-cf69ab248a2c/location[39m
[35m[HTTP][39m [90m{}[39m
[35m[W3C][39m Driver proxy active, passing request on via HTTP proxy
[35m[JSONWP Proxy][39m Replacing sessionId aeb88a75-c0e4-4a3d-911b-f7765d780faf with dcbe1c01-e9a6-4d65-807a-359854728add
[35m[HTTP][39m [37m<-- GET /wd/hub/session/dcbe1c01-e9a6-4d65-807a-359854728add/element/6efef3f9-0a9d-43c6-aea7-cf69ab248a2c/location [39m[32m200[39m [90m76 ms - 89[39m
[35m[HTTP][39m [90m[39m
[35m[HTTP][39m [37m-->[39m [37mGET[39m [37m/wd/hub/session/dcbe1c01-e9a6-4d65-807a-359854728add/element/6efef3f9-0a9d-43c6-aea7-cf69ab248a2c/attribute/text[39m
[35m[HTTP][39m [90m{}[39m
[35m[HTTP][39m [37m<-- GET /wd/hub/session/dcbe1c01-e9a6-4d65-807a-359854728add/element/6efef3f9-0a9d-43c6-aea7-cf69ab248a2c/attribute/text [39m[32m200[39m [90m89 ms - 101[39m
[35m[HTTP][39m [90m[39m
[35m[HTTP][39m [37m-->[39m [37mGET[39m [37m/wd/hub/session/dcbe1c01-e9a6-4d65-807a-359854728add/context[39m
[35m[HTTP][39m [90m{}[39m
[35m[HTTP][39m [37m<-- GET /wd/hub/session/dcbe1c01-e9a6-4d65-807a-359854728add/context [39m[32m200[39m [90m3 ms - 84[39m
[35m[HTTP][39m [90m[39m
[35m[HTTP][39m [37m-->[39m [37mGET[39m [37m/wd/hub/session/dcbe1c01-e9a6-4d65-807a-359854728add/contexts[39m
[35m[HTTP][39m [90m{}[39m
[35m[HTTP][39m [37m<-- GET /wd/hub/session/dcbe1c01-e9a6-4d65-807a-359854728add/contexts [39m[32m200[39m [90m116 ms - 86[39m
[35m[HTTP][39m [90m[39m
[35m[HTTP][39m [37m-->[39m [37mPOST[39m [37m/wd/hub/session/dcbe1c01-e9a6-4d65-807a-359854728add/context[39m
[35m[HTTP][39m [90m{"name":"NATIVE_APP"}[39m
[35m[HTTP][39m [37m<-- POST /wd/hub/session/dcbe1c01-e9a6-4d65-807a-359854728add/context [39m[32m200[39m [90m103 ms - 76[39m
[35m[HTTP][39m [90m[39m
[35m[HTTP][39m [37m-->[39m [37mGET[39m [37m/wd/hub/session/dcbe1c01-e9a6-4d65-807a-359854728add/screenshot[39m
[35m[HTTP][39m [90m{}[39m
[35m[HTTP][39m [37m<-- GET /wd/hub/session/dcbe1c01-e9a6-4d65-807a-359854728add/screenshot [39m[32m200[39m [90m845 ms - 254984[39m
[35m[HTTP][39m [90m[39m
[35m[HTTP][39m [37m-->[39m [37mPOST[39m [37m/wd/hub/session/dcbe1c01-e9a6-4d65-807a-359854728add/context[39m
[35m[HTTP][39m [90m{"name":"NATIVE_APP"}[39m
[35m[HTTP][39m [37m<-- POST /wd/hub/session/dcbe1c01-e9a6-4d65-807a-359854728add/context [39m[32m200[39m [90m118 ms - 76[39m
[35m[HTTP][39m [90m[39m
[35m[HTTP][39m [37m-->[39m [37mGET[39m [37m/wd/hub/session/dcbe1c01-e9a6-4d65-807a-359854728add/window/current/size[39m
[35m[HTTP][39m [90m{}[39m
[35m[W3C][39m Driver proxy active, passing request on via HTTP proxy
[35m[JSONWP Proxy][39m Replacing sessionId aeb88a75-c0e4-4a3d-911b-f7765d780faf with dcbe1c01-e9a6-4d65-807a-359854728add
[35m[HTTP][39m [37m<-- GET /wd/hub/session/dcbe1c01-e9a6-4d65-807a-359854728add/window/current/size [39m[32m200[39m [90m21 ms - 100[39m
[35m[HTTP][39m [90m[39m
[35m[HTTP][39m [37m-->[39m [37mPOST[39m [37m/wd/hub/session/dcbe1c01-e9a6-4d65-807a-359854728add/elements[39m
[35m[HTTP][39m [90m{"using":"-android uiautomator","value":"new UiSelector().className(\"android.widget.TextView\").text(\"Esse campo é obrigatório.\").resourceId(\"br.com.mv.monitoringvitals:id/txt_error_register_date_birth\").instance(8)"}[39m
[35m[HTTP][39m [37m<-- POST /wd/hub/session/dcbe1c01-e9a6-4d65-807a-359854728add/elements [39m[32m200[39m [90m129 ms - 124[39m
[35m[HTTP][39m [90m[39m
[35m[HTTP][39m [37m-->[39m [37mGET[39m [37m/wd/hub/session/dcbe1c01-e9a6-4d65-807a-359854728add[39m
[35m[HTTP][39m [90m{}[39m
[35m[HTTP][39m [37m<-- GET /wd/hub/session/dcbe1c01-e9a6-4d65-807a-359854728add [39m[32m200[39m [90m21 ms - 1175[39m
[35m[HTTP][39m [90m[39m
[35m[HTTP][39m [37m-->[39m [37mGET[39m [37m/wd/hub/session/dcbe1c01-e9a6-4d65-807a-359854728add[39m
[35m[HTTP][39m [90m{}[39m
[35m[HTTP][39m [37m<-- GET /wd/hub/session/dcbe1c01-e9a6-4d65-807a-359854728add [39m[32m200[39m [90m22 ms - 1175[39m
[35m[HTTP][39m [90m[39m
[35m[HTTP][39m [37m-->[39m [37mGET[39m [37m/wd/hub/session/dcbe1c01-e9a6-4d65-807a-359854728add[39m
[35m[HTTP][39m [90m{}[39m
[35m[HTTP][39m [37m<-- GET /wd/hub/session/dcbe1c01-e9a6-4d65-807a-359854728add [39m[32m200[39m [90m22 ms - 1175[39m
[35m[HTTP][39m [90m[39m
[35m[HTTP][39m [37m-->[39m [37mGET[39m [37m/wd/hub/session/dcbe1c01-e9a6-4d65-807a-359854728add[39m
[35m[HTTP][39m [90m{}[39m
[35m[HTTP][39m [37m<-- GET /wd/hub/session/dcbe1c01-e9a6-4d65-807a-359854728add [39m[32m200[39m [90m17 ms - 1175[39m
[35m[HTTP][39m [90m[39m
[35m[HTTP][39m [37m-->[39m [37mGET[39m [37m/wd/hub/session/dcbe1c01-e9a6-4d65-807a-359854728add/element/e4fff04e-7b2d-4e65-8d77-9eb3e535cfec/location[39m
[35m[HTTP][39m [90m{}[39m
[35m[W3C][39m Driver proxy active, passing request on via HTTP proxy
[35m[JSONWP Proxy][39m Replacing sessionId aeb88a75-c0e4-4a3d-911b-f7765d780faf with dcbe1c01-e9a6-4d65-807a-359854728add
[35m[HTTP][39m [37m<-- GET /wd/hub/session/dcbe1c01-e9a6-4d65-807a-359854728add/element/e4fff04e-7b2d-4e65-8d77-9eb3e535cfec/location [39m[32m200[39m [90m60 ms - 89[39m
[35m[HTTP][39m [90m[39m
[35m[HTTP][39m [37m-->[39m [37mGET[39m [37m/wd/hub/session/dcbe1c01-e9a6-4d65-807a-359854728add/element/e4fff04e-7b2d-4e65-8d77-9eb3e535cfec/attribute/text[39m
[35m[HTTP][39m [90m{}[39m
[35m[HTTP][39m [37m<-- GET /wd/hub/session/dcbe1c01-e9a6-4d65-807a-359854728add/element/e4fff04e-7b2d-4e65-8d77-9eb3e535cfec/attribute/text [39m[32m200[39m [90m95 ms - 101[39m
[35m[HTTP][39m [90m[39m
[35m[HTTP][39m [37m-->[39m [37mGET[39m [37m/wd/hub/session/dcbe1c01-e9a6-4d65-807a-359854728add/context[39m
[35m[HTTP][39m [90m{}[39m
[35m[HTTP][39m [37m<-- GET /wd/hub/session/dcbe1c01-e9a6-4d65-807a-359854728add/context [39m[32m200[39m [90m2 ms - 84[39m
[35m[HTTP][39m [90m[39m
[35m[HTTP][39m [37m-->[39m [37mGET[39m [37m/wd/hub/session/dcbe1c01-e9a6-4d65-807a-359854728add/contexts[39m
[35m[HTTP][39m [90m{}[39m
[35m[HTTP][39m [37m<-- GET /wd/hub/session/dcbe1c01-e9a6-4d65-807a-359854728add/contexts [39m[32m200[39m [90m109 ms - 86[39m
[35m[HTTP][39m [90m[39m
[35m[HTTP][39m [37m-->[39m [37mPOST[39m [37m/wd/hub/session/dcbe1c01-e9a6-4d65-807a-359854728add/context[39m
[35m[HTTP][39m [90m{"name":"NATIVE_APP"}[39m
[35m[HTTP][39m [37m<-- POST /wd/hub/session/dcbe1c01-e9a6-4d65-807a-359854728add/context [39m[32m200[39m [90m200 ms - 76[39m
[35m[HTTP][39m [90m[39m
[35m[HTTP][39m [37m-->[39m [37mGET[39m [37m/wd/hub/session/dcbe1c01-e9a6-4d65-807a-359854728add/screenshot[39m
[35m[HTTP][39m [90m{}[39m
[35m[HTTP][39m [37m<-- GET /wd/hub/session/dcbe1c01-e9a6-4d65-807a-359854728add/screenshot [39m[32m200[39m [90m808 ms - 255114[39m
[35m[HTTP][39m [90m[39m
[35m[HTTP][39m [37m-->[39m [37mPOST[39m [37m/wd/hub/session/dcbe1c01-e9a6-4d65-807a-359854728add/context[39m
[35m[HTTP][39m [90m{"name":"NATIVE_APP"}[39m
[35m[HTTP][39m [37m<-- POST /wd/hub/session/dcbe1c01-e9a6-4d65-807a-359854728add/context [39m[32m200[39m [90m124 ms - 76[39m
[35m[HTTP][39m [90m[39m
[35m[HTTP][39m [37m-->[39m [37mGET[39m [37m/wd/hub/session/dcbe1c01-e9a6-4d65-807a-359854728add/context[39m
[35m[HTTP][39m [90m{}[39m
[35m[HTTP][39m [37m<-- GET /wd/hub/session/dcbe1c01-e9a6-4d65-807a-359854728add/context [39m[32m200[39m [90m56 ms - 84[39m
[35m[HTTP][39m [90m[39m
[35m[HTTP][39m [37m-->[39m [37mGET[39m [37m/wd/hub/session/dcbe1c01-e9a6-4d65-807a-359854728add/contexts[39m
[35m[HTTP][39m [90m{}[39m
[35m[HTTP][39m [37m<-- GET /wd/hub/session/dcbe1c01-e9a6-4d65-807a-359854728add/contexts [39m[32m200[39m [90m105 ms - 86[39m
[35m[HTTP][39m [90m[39m
[35m[HTTP][39m [37m-->[39m [37mPOST[39m [37m/wd/hub/session/dcbe1c01-e9a6-4d65-807a-359854728add/context[39m
[35m[HTTP][39m [90m{"name":"NATIVE_APP"}[39m
[35m[HTTP][39m [37m<-- POST /wd/hub/session/dcbe1c01-e9a6-4d65-807a-359854728add/context [39m[32m200[39m [90m120 ms - 76[39m
[35m[HTTP][39m [90m[39m
[35m[HTTP][39m [37m-->[39m [37mPOST[39m [37m/wd/hub/session/dcbe1c01-e9a6-4d65-807a-359854728add/touch/perform[39m
[35m[HTTP][39m [90m{"actions":[{"action":"press","options":{"x":150,"y":150}},{"action":"wait","options":{"ms":500}},{"action":"moveTo","options":{"x":150,"y":10}}]}[39m
[35m[HTTP][39m [37m<-- POST /wd/hub/session/dcbe1c01-e9a6-4d65-807a-359854728add/touch/perform [39m[32m200[39m [90m2878 ms - 76[39m
[35m[HTTP][39m [90m[39m
[35m[HTTP][39m [37m-->[39m [37mPOST[39m [37m/wd/hub/session/dcbe1c01-e9a6-4d65-807a-359854728add/context[39m
[35m[HTTP][39m [90m{"name":"NATIVE_APP"}[39m
[35m[HTTP][39m [37m<-- POST /wd/hub/session/dcbe1c01-e9a6-4d65-807a-359854728add/context [39m[32m200[39m [90m233 ms - 76[39m
[35m[HTTP][39m [90m[39m
[35m[HTTP][39m [37m-->[39m [37mGET[39m [37m/wd/hub/session/dcbe1c01-e9a6-4d65-807a-359854728add/window/current/size[39m
[35m[HTTP][39m [90m{}[39m
[35m[W3C][39m Driver proxy active, passing request on via HTTP proxy
[35m[JSONWP Proxy][39m Replacing sessionId aeb88a75-c0e4-4a3d-911b-f7765d780faf with dcbe1c01-e9a6-4d65-807a-359854728add
[35m[HTTP][39m [37m<-- GET /wd/hub/session/dcbe1c01-e9a6-4d65-807a-359854728add/window/current/size [39m[32m200[39m [90m22 ms - 100[39m
[35m[HTTP][39m [90m[39m
[35m[HTTP][39m [37m-->[39m [37mPOST[39m [37m/wd/hub/session/dcbe1c01-e9a6-4d65-807a-359854728add/elements[39m
[35m[HTTP][39m [90m{"using":"-android uiautomator","value":"new UiSelector().className(\"android.widget.TextView\").text(\"Esse campo é obrigatório.\").resourceId(\"br.com.mv.monitoringvitals:id/txt_error_register_phone\").instance(8)"}[39m
[35m[HTTP][39m [37m<-- POST /wd/hub/session/dcbe1c01-e9a6-4d65-807a-359854728add/elements [39m[32m200[39m [90m62 ms - 74[39m
[35m[HTTP][39m [90m[39m
[35m[HTTP][39m [37m-->[39m [37mPOST[39m [37m/wd/hub/session/dcbe1c01-e9a6-4d65-807a-359854728add/elements[39m
[35m[HTTP][39m [90m{"using":"-android uiautomator","value":"new UiSelector().className(\"android.widget.TextView\").text(\"Esse campo é obrigatório.\").resourceId(\"br.com.mv.monitoringvitals:id/txt_error_register_phone\").instance(8)"}[39m
[35m[HTTP][39m [37m<-- POST /wd/hub/session/dcbe1c01-e9a6-4d65-807a-359854728add/elements [39m[32m200[39m [90m71 ms - 74[39m
[35m[HTTP][39m [90m[39m
[35m[HTTP][39m [37m-->[39m [37mPOST[39m [37m/wd/hub/session/dcbe1c01-e9a6-4d65-807a-359854728add/elements[39m
[35m[HTTP][39m [90m{"using":"-android uiautomator","value":"new UiSelector().className(\"android.widget.TextView\").text(\"Esse campo é obrigatório.\").resourceId(\"br.com.mv.monitoringvitals:id/txt_error_register_phone\").instance(8)"}[39m
[35m[HTTP][39m [37m<-- POST /wd/hub/session/dcbe1c01-e9a6-4d65-807a-359854728add/elements [39m[32m200[39m [90m69 ms - 74[39m
[35m[HTTP][39m [90m[39m
[35m[HTTP][39m [37m-->[39m [37mPOST[39m [37m/wd/hub/session/dcbe1c01-e9a6-4d65-807a-359854728add/elements[39m
[35m[HTTP][39m [90m{"using":"-android uiautomator","value":"new UiSelector().className(\"android.widget.TextView\").text(\"Esse campo é obrigatório.\").resourceId(\"br.com.mv.monitoringvitals:id/txt_error_register_phone\").instance(8)"}[39m
[35m[HTTP][39m [37m<-- POST /wd/hub/session/dcbe1c01-e9a6-4d65-807a-359854728add/elements [39m[32m200[39m [90m62 ms - 74[39m
[35m[HTTP][39m [90m[39m
[35m[HTTP][39m [37m-->[39m [37mPOST[39m [37m/wd/hub/session/dcbe1c01-e9a6-4d65-807a-359854728add/elements[39m
[35m[HTTP][39m [90m{"using":"-android uiautomator","value":"new UiSelector().className(\"android.widget.TextView\").text(\"Esse campo é obrigatório.\").resourceId(\"br.com.mv.monitoringvitals:id/txt_error_register_phone\").instance(8)"}[39m
[35m[HTTP][39m [37m<-- POST /wd/hub/session/dcbe1c01-e9a6-4d65-807a-359854728add/elements [39m[32m200[39m [90m63 ms - 74[39m
[35m[HTTP][39m [90m[39m
[35m[HTTP][39m [37m-->[39m [37mPOST[39m [37m/wd/hub/session/dcbe1c01-e9a6-4d65-807a-359854728add/elements[39m
[35m[HTTP][39m [90m{"using":"-android uiautomator","value":"new UiSelector().className(\"android.widget.TextView\").text(\"Esse campo é obrigatório.\").resourceId(\"br.com.mv.monitoringvitals:id/txt_error_register_phone\").instance(8)"}[39m
[35m[HTTP][39m [37m<-- POST /wd/hub/session/dcbe1c01-e9a6-4d65-807a-359854728add/elements [39m[32m200[39m [90m62 ms - 74[39m
[35m[HTTP][39m [90m[39m
[35m[HTTP][39m [37m-->[39m [37mPOST[39m [37m/wd/hub/session/dcbe1c01-e9a6-4d65-807a-359854728add/elements[39m
[35m[HTTP][39m [90m{"using":"-android uiautomator","value":"new UiSelector().className(\"android.widget.TextView\").text(\"Esse campo é obrigatório.\").resourceId(\"br.com.mv.monitoringvitals:id/txt_error_register_phone\").instance(8)"}[39m
[35m[HTTP][39m [37m<-- POST /wd/hub/session/dcbe1c01-e9a6-4d65-807a-359854728add/elements [39m[32m200[39m [90m61 ms - 74[39m
[35m[HTTP][39m [90m[39m
[35m[HTTP][39m [37m-->[39m [37mPOST[39m [37m/wd/hub/session/dcbe1c01-e9a6-4d65-807a-359854728add/elements[39m
[35m[HTTP][39m [90m{"using":"-android uiautomator","value":"new UiSelector().className(\"android.widget.TextView\").text(\"Esse campo é obrigatório.\").resourceId(\"br.com.mv.monitoringvitals:id/txt_error_register_phone\").instance(8)"}[39m
[35m[HTTP][39m [37m<-- POST /wd/hub/session/dcbe1c01-e9a6-4d65-807a-359854728add/elements [39m[32m200[39m [90m65 ms - 74[39m
[35m[HTTP][39m [90m[39m
[35m[HTTP][39m [37m-->[39m [37mPOST[39m [37m/wd/hub/session/dcbe1c01-e9a6-4d65-807a-359854728add/elements[39m
[35m[HTTP][39m [90m{"using":"-android uiautomator","value":"new UiSelector().className(\"android.widget.TextView\").text(\"Esse campo é obrigatório.\").resourceId(\"br.com.mv.monitoringvitals:id/txt_error_register_phone\").instance(8)"}[39m
[35m[HTTP][39m [37m<-- POST /wd/hub/session/dcbe1c01-e9a6-4d65-807a-359854728add/elements [39m[32m200[39m [90m63 ms - 74[39m
[35m[HTTP][39m [90m[39m
[35m[HTTP][39m [37m-->[39m [37mPOST[39m [37m/wd/hub/session/dcbe1c01-e9a6-4d65-807a-359854728add/elements[39m
[35m[HTTP][39m [90m{"using":"-android uiautomator","value":"new UiSelector().className(\"android.widget.TextView\").text(\"Esse campo é obrigatório.\").resourceId(\"br.com.mv.monitoringvitals:id/txt_error_register_phone\").instance(8)"}[39m
[35m[HTTP][39m [37m<-- POST /wd/hub/session/dcbe1c01-e9a6-4d65-807a-359854728add/elements [39m[32m200[39m [90m63 ms - 74[39m
[35m[HTTP][39m [90m[39m
[35m[HTTP][39m [37m-->[39m [37mPOST[39m [37m/wd/hub/session/dcbe1c01-e9a6-4d65-807a-359854728add/elements[39m
[35m[HTTP][39m [90m{"using":"-android uiautomator","value":"new UiSelector().className(\"android.widget.TextView\").text(\"Esse campo é obrigatório.\").resourceId(\"br.com.mv.monitoringvitals:id/txt_error_register_phone\").instance(8)"}[39m
[35m[HTTP][39m [37m<-- POST /wd/hub/session/dcbe1c01-e9a6-4d65-807a-359854728add/elements [39m[32m200[39m [90m57 ms - 74[39m
[35m[HTTP][39m [90m[39m
[35m[HTTP][39m [37m-->[39m [37mPOST[39m [37m/wd/hub/session/dcbe1c01-e9a6-4d65-807a-359854728add/elements[39m
[35m[HTTP][39m [90m{"using":"-android uiautomator","value":"new UiSelector().className(\"android.widget.TextView\").text(\"Esse campo é obrigatório.\").resourceId(\"br.com.mv.monitoringvitals:id/txt_error_register_phone\").instance(8)"}[39m
[35m[HTTP][39m [37m<-- POST /wd/hub/session/dcbe1c01-e9a6-4d65-807a-359854728add/elements [39m[32m200[39m [90m58 ms - 74[39m
[35m[HTTP][39m [90m[39m
[35m[HTTP][39m [37m-->[39m [37mPOST[39m [37m/wd/hub/session/dcbe1c01-e9a6-4d65-807a-359854728add/elements[39m
[35m[HTTP][39m [90m{"using":"-android uiautomator","value":"new UiSelector().className(\"android.widget.TextView\").text(\"Esse campo é obrigatório.\").resourceId(\"br.com.mv.monitoringvitals:id/txt_error_register_phone\").instance(8)"}[39m
[35m[HTTP][39m [37m<-- POST /wd/hub/session/dcbe1c01-e9a6-4d65-807a-359854728add/elements [39m[32m200[39m [90m61 ms - 74[39m
[35m[HTTP][39m [90m[39m
[35m[HTTP][39m [37m-->[39m [37mPOST[39m [37m/wd/hub/session/dcbe1c01-e9a6-4d65-807a-359854728add/elements[39m
[35m[HTTP][39m [90m{"using":"-android uiautomator","value":"new UiSelector().className(\"android.widget.TextView\").text(\"Esse campo é obrigatório.\").resourceId(\"br.com.mv.monitoringvitals:id/txt_error_register_phone\").instance(8)"}[39m
[35m[HTTP][39m [37m<-- POST /wd/hub/session/dcbe1c01-e9a6-4d65-807a-359854728add/elements [39m[32m200[39m [90m64 ms - 74[39m
[35m[HTTP][39m [90m[39m
[35m[HTTP][39m [37m-->[39m [37mPOST[39m [37m/wd/hub/session/dcbe1c01-e9a6-4d65-807a-359854728add/elements[39m
[35m[HTTP][39m [90m{"using":"-android uiautomator","value":"new UiSelector().className(\"android.widget.TextView\").text(\"Esse campo é obrigatório.\").resourceId(\"br.com.mv.monitoringvitals:id/txt_error_register_phone\").instance(8)"}[39m
[35m[HTTP][39m [37m<-- POST /wd/hub/session/dcbe1c01-e9a6-4d65-807a-359854728add/elements [39m[32m200[39m [90m61 ms - 74[39m
[35m[HTTP][39m [90m[39m
[35m[HTTP][39m [37m-->[39m [37mPOST[39m [37m/wd/hub/session/dcbe1c01-e9a6-4d65-807a-359854728add/elements[39m
[35m[HTTP][39m [90m{"using":"-android uiautomator","value":"new UiSelector().className(\"android.widget.TextView\").text(\"Esse campo é obrigatório.\").resourceId(\"br.com.mv.monitoringvitals:id/txt_error_register_phone\").instance(8)"}[39m
[35m[HTTP][39m [37m<-- POST /wd/hub/session/dcbe1c01-e9a6-4d65-807a-359854728add/elements [39m[32m200[39m [90m61 ms - 74[39m
[35m[HTTP][39m [90m[39m
[35m[HTTP][39m [37m-->[39m [37mPOST[39m [37m/wd/hub/session/dcbe1c01-e9a6-4d65-807a-359854728add/elements[39m
[35m[HTTP][39m [90m{"using":"-android uiautomator","value":"new UiSelector().className(\"android.widget.TextView\").text(\"Esse campo é obrigatório.\").resourceId(\"br.com.mv.monitoringvitals:id/txt_error_register_phone\").instance(8)"}[39m
[35m[HTTP][39m [37m<-- POST /wd/hub/session/dcbe1c01-e9a6-4d65-807a-359854728add/elements [39m[32m200[39m [90m58 ms - 74[39m
[35m[HTTP][39m [90m[39m
[35m[HTTP][39m [37m-->[39m [37mPOST[39m [37m/wd/hub/session/dcbe1c01-e9a6-4d65-807a-359854728add/elements[39m
[35m[HTTP][39m [90m{"using":"-android uiautomator","value":"new UiSelector().className(\"android.widget.TextView\").text(\"Esse campo é obrigatório.\").resourceId(\"br.com.mv.monitoringvitals:id/txt_error_register_phone\").instance(8)"}[39m
[35m[HTTP][39m [37m<-- POST /wd/hub/session/dcbe1c01-e9a6-4d65-807a-359854728add/elements [39m[32m200[39m [90m56 ms - 74[39m
[35m[HTTP][39m [90m[39m
[35m[HTTP][39m [37m-->[39m [37mPOST[39m [37m/wd/hub/session/dcbe1c01-e9a6-4d65-807a-359854728add/elements[39m
[35m[HTTP][39m [90m{"using":"-android uiautomator","value":"new UiSelector().className(\"android.widget.TextView\").text(\"Esse campo é obrigatório.\").resourceId(\"br.com.mv.monitoringvitals:id/txt_error_register_phone\").instance(8)"}[39m
[35m[HTTP][39m [37m<-- POST /wd/hub/session/dcbe1c01-e9a6-4d65-807a-359854728add/elements [39m[32m200[39m [90m62 ms - 74[39m
[35m[HTTP][39m [90m[39m
[35m[HTTP][39m [37m-->[39m [37mPOST[39m [37m/wd/hub/session/dcbe1c01-e9a6-4d65-807a-359854728add/elements[39m
[35m[HTTP][39m [90m{"using":"-android uiautomator","value":"new UiSelector().className(\"android.widget.TextView\").text(\"Esse campo é obrigatório.\").resourceId(\"br.com.mv.monitoringvitals:id/txt_error_register_phone\").instance(8)"}[39m
[35m[HTTP][39m [37m<-- POST /wd/hub/session/dcbe1c01-e9a6-4d65-807a-359854728add/elements [39m[32m200[39m [90m59 ms - 74[39m
[35m[HTTP][39m [90m[39m
[35m[HTTP][39m [37m-->[39m [37mPOST[39m [37m/wd/hub/session/dcbe1c01-e9a6-4d65-807a-359854728add/elements[39m
[35m[HTTP][39m [90m{"using":"-android uiautomator","value":"new UiSelector().className(\"android.widget.TextView\").text(\"Esse campo é obrigatório.\").resourceId(\"br.com.mv.monitoringvitals:id/txt_error_register_phone\").instance(8)"}[39m
[35m[HTTP][39m [37m<-- POST /wd/hub/session/dcbe1c01-e9a6-4d65-807a-359854728add/elements [39m[32m200[39m [90m65 ms - 74[39m
[35m[HTTP][39m [90m[39m
[35m[HTTP][39m [37m-->[39m [37mPOST[39m [37m/wd/hub/session/dcbe1c01-e9a6-4d65-807a-359854728add/elements[39m
[35m[HTTP][39m [90m{"using":"-android uiautomator","value":"new UiSelector().className(\"android.widget.TextView\").text(\"Esse campo é obrigatório.\").resourceId(\"br.com.mv.monitoringvitals:id/txt_error_register_phone\").instance(8)"}[39m
[35m[HTTP][39m [37m<-- POST /wd/hub/session/dcbe1c01-e9a6-4d65-807a-359854728add/elements [39m[32m200[39m [90m68 ms - 74[39m
[35m[HTTP][39m [90m[39m
[35m[HTTP][39m [37m-->[39m [37mPOST[39m [37m/wd/hub/session/dcbe1c01-e9a6-4d65-807a-359854728add/elements[39m
[35m[HTTP][39m [90m{"using":"-android uiautomator","value":"new UiSelector().className(\"android.widget.TextView\").text(\"Esse campo é obrigatório.\").resourceId(\"br.com.mv.monitoringvitals:id/txt_error_register_phone\").instance(8)"}[39m
[35m[HTTP][39m [37m<-- POST /wd/hub/session/dcbe1c01-e9a6-4d65-807a-359854728add/elements [39m[32m200[39m [90m52 ms - 74[39m
[35m[HTTP][39m [90m[39m
[35m[HTTP][39m [37m-->[39m [37mPOST[39m [37m/wd/hub/session/dcbe1c01-e9a6-4d65-807a-359854728add/elements[39m
[35m[HTTP][39m [90m{"using":"-android uiautomator","value":"new UiSelector().className(\"android.widget.TextView\").text(\"Esse campo é obrigatório.\").resourceId(\"br.com.mv.monitoringvitals:id/txt_error_register_phone\").instance(8)"}[39m
[35m[HTTP][39m [37m<-- POST /wd/hub/session/dcbe1c01-e9a6-4d65-807a-359854728add/elements [39m[32m200[39m [90m64 ms - 74[39m
[35m[HTTP][39m [90m[39m
[35m[HTTP][39m [37m-->[39m [37mPOST[39m [37m/wd/hub/session/dcbe1c01-e9a6-4d65-807a-359854728add/elements[39m
[35m[HTTP][39m [90m{"using":"-android uiautomator","value":"new UiSelector().className(\"android.widget.TextView\").text(\"Esse campo é obrigatório.\").resourceId(\"br.com.mv.monitoringvitals:id/txt_error_register_phone\").instance(8)"}[39m
[35m[HTTP][39m [37m<-- POST /wd/hub/session/dcbe1c01-e9a6-4d65-807a-359854728add/elements [39m[32m200[39m [90m60 ms - 74[39m
[35m[HTTP][39m [90m[39m
[35m[HTTP][39m [37m-->[39m [37mPOST[39m [37m/wd/hub/session/dcbe1c01-e9a6-4d65-807a-359854728add/elements[39m
[35m[HTTP][39m [90m{"using":"-android uiautomator","value":"new UiSelector().className(\"android.widget.TextView\").text(\"Esse campo é obrigatório.\").resourceId(\"br.com.mv.monitoringvitals:id/txt_error_register_phone\").instance(8)"}[39m
[35m[HTTP][39m [37m<-- POST /wd/hub/session/dcbe1c01-e9a6-4d65-807a-359854728add/elements [39m[32m200[39m [90m52 ms - 74[39m
[35m[HTTP][39m [90m[39m
[35m[HTTP][39m [37m-->[39m [37mPOST[39m [37m/wd/hub/session/dcbe1c01-e9a6-4d65-807a-359854728add/elements[39m
[35m[HTTP][39m [90m{"using":"-android uiautomator","value":"new UiSelector().className(\"android.widget.TextView\").text(\"Esse campo é obrigatório.\").resourceId(\"br.com.mv.monitoringvitals:id/txt_error_register_phone\").instance(8)"}[39m
[35m[HTTP][39m [37m<-- POST /wd/hub/session/dcbe1c01-e9a6-4d65-807a-359854728add/elements [39m[32m200[39m [90m55 ms - 74[39m
[35m[HTTP][39m [90m[39m
[35m[HTTP][39m [37m-->[39m [37mPOST[39m [37m/wd/hub/session/dcbe1c01-e9a6-4d65-807a-359854728add/elements[39m
[35m[HTTP][39m [90m{"using":"-android uiautomator","value":"new UiSelector().className(\"android.widget.TextView\").text(\"Esse campo é obrigatório.\").resourceId(\"br.com.mv.monitoringvitals:id/txt_error_register_phone\").instance(8)"}[39m
[35m[HTTP][39m [37m<-- POST /wd/hub/session/dcbe1c01-e9a6-4d65-807a-359854728add/elements [39m[32m200[39m [90m56 ms - 74[39m
[35m[HTTP][39m [90m[39m
[35m[HTTP][39m [37m-->[39m [37mPOST[39m [37m/wd/hub/session/dcbe1c01-e9a6-4d65-807a-359854728add/elements[39m
[35m[HTTP][39m [90m{"using":"-android uiautomator","value":"new UiSelector().className(\"android.widget.TextView\").text(\"Esse campo é obrigatório.\").resourceId(\"br.com.mv.monitoringvitals:id/txt_error_register_phone\").instance(8)"}[39m
[35m[HTTP][39m [37m<-- POST /wd/hub/session/dcbe1c01-e9a6-4d65-807a-359854728add/elements [39m[32m200[39m [90m59 ms - 74[39m
[35m[HTTP][39m [90m[39m
[35m[HTTP][39m [37m-->[39m [37mPOST[39m [37m/wd/hub/session/dcbe1c01-e9a6-4d65-807a-359854728add/elements[39m
[35m[HTTP][39m [90m{"using":"-android uiautomator","value":"new UiSelector().className(\"android.widget.TextView\").text(\"Esse campo é obrigatório.\").resourceId(\"br.com.mv.monitoringvitals:id/txt_error_register_phone\").instance(8)"}[39m
[35m[HTTP][39m [37m<-- POST /wd/hub/session/dcbe1c01-e9a6-4d65-807a-359854728add/elements [39m[32m200[39m [90m56 ms - 74[39m
[35m[HTTP][39m [90m[39m
[35m[HTTP][39m [37m-->[39m [37mPOST[39m [37m/wd/hub/session/dcbe1c01-e9a6-4d65-807a-359854728add/elements[39m
[35m[HTTP][39m [90m{"using":"-android uiautomator","value":"new UiSelector().className(\"android.widget.TextView\").text(\"Esse campo é obrigatório.\").resourceId(\"br.com.mv.monitoringvitals:id/txt_error_register_phone\").instance(8)"}[39m
[35m[HTTP][39m [37m<-- POST /wd/hub/session/dcbe1c01-e9a6-4d65-807a-359854728add/elements [39m[32m200[39m [90m62 ms - 74[39m
[35m[HTTP][39m [90m[39m
[35m[HTTP][39m [37m-->[39m [37mPOST[39m [37m/wd/hub/session/dcbe1c01-e9a6-4d65-807a-359854728add/elements[39m
[35m[HTTP][39m [90m{"using":"-android uiautomator","value":"new UiSelector().className(\"android.widget.TextView\").text(\"Esse campo é obrigatório.\").resourceId(\"br.com.mv.monitoringvitals:id/txt_error_register_phone\").instance(8)"}[39m
[35m[HTTP][39m [37m<-- POST /wd/hub/session/dcbe1c01-e9a6-4d65-807a-359854728add/elements [39m[32m200[39m [90m58 ms - 74[39m
[35m[HTTP][39m [90m[39m
[35m[HTTP][39m [37m-->[39m [37mPOST[39m [37m/wd/hub/session/dcbe1c01-e9a6-4d65-807a-359854728add/elements[39m
[35m[HTTP][39m [90m{"using":"-android uiautomator","value":"new UiSelector().className(\"android.widget.TextView\").text(\"Esse campo é obrigatório.\").resourceId(\"br.com.mv.monitoringvitals:id/txt_error_register_phone\").instance(8)"}[39m
[35m[HTTP][39m [37m<-- POST /wd/hub/session/dcbe1c01-e9a6-4d65-807a-359854728add/elements [39m[32m200[39m [90m53 ms - 74[39m
[35m[HTTP][39m [90m[39m
[35m[HTTP][39m [37m-->[39m [37mPOST[39m [37m/wd/hub/session/dcbe1c01-e9a6-4d65-807a-359854728add/elements[39m
[35m[HTTP][39m [90m{"using":"-android uiautomator","value":"new UiSelector().className(\"android.widget.TextView\").text(\"Esse campo é obrigatório.\").resourceId(\"br.com.mv.monitoringvitals:id/txt_error_register_phone\").instance(8)"}[39m
[35m[HTTP][39m [37m<-- POST /wd/hub/session/dcbe1c01-e9a6-4d65-807a-359854728add/elements [39m[32m200[39m [90m61 ms - 74[39m
[35m[HTTP][39m [90m[39m
[35m[HTTP][39m [37m-->[39m [37mPOST[39m [37m/wd/hub/session/dcbe1c01-e9a6-4d65-807a-359854728add/elements[39m
[35m[HTTP][39m [90m{"using":"-android uiautomator","value":"new UiSelector().className(\"android.widget.TextView\").text(\"Esse campo é obrigatório.\").resourceId(\"br.com.mv.monitoringvitals:id/txt_error_register_phone\").instance(8)"}[39m
[35m[HTTP][39m [37m<-- POST /wd/hub/session/dcbe1c01-e9a6-4d65-807a-359854728add/elements [39m[32m200[39m [90m73 ms - 74[39m
[35m[HTTP][39m [90m[39m
[35m[HTTP][39m [37m-->[39m [37mPOST[39m [37m/wd/hub/session/dcbe1c01-e9a6-4d65-807a-359854728add/elements[39m
[35m[HTTP][39m [90m{"using":"-android uiautomator","value":"new UiSelector().className(\"android.widget.TextView\").text(\"Esse campo é obrigatório.\").resourceId(\"br.com.mv.monitoringvitals:id/txt_error_register_phone\").instance(8)"}[39m
[35m[HTTP][39m [37m<-- POST /wd/hub/session/dcbe1c01-e9a6-4d65-807a-359854728add/elements [39m[32m200[39m [90m68 ms - 74[39m
[35m[HTTP][39m [90m[39m
[35m[HTTP][39m [37m-->[39m [37mPOST[39m [37m/wd/hub/session/dcbe1c01-e9a6-4d65-807a-359854728add/elements[39m
[35m[HTTP][39m [90m{"using":"-android uiautomator","value":"new UiSelector().className(\"android.widget.TextView\").text(\"Esse campo é obrigatório.\").resourceId(\"br.com.mv.monitoringvitals:id/txt_error_register_phone\").instance(8)"}[39m
[35m[HTTP][39m [37m<-- POST /wd/hub/session/dcbe1c01-e9a6-4d65-807a-359854728add/elements [39m[32m200[39m [90m66 ms - 74[39m
[35m[HTTP][39m [90m[39m
[35m[HTTP][39m [37m-->[39m [37mPOST[39m [37m/wd/hub/session/dcbe1c01-e9a6-4d65-807a-359854728add/elements[39m
[35m[HTTP][39m [90m{"using":"-android uiautomator","value":"new UiSelector().className(\"android.widget.TextView\").text(\"Esse campo é obrigatório.\").resourceId(\"br.com.mv.monitoringvitals:id/txt_error_register_phone\").instance(8)"}[39m
[35m[HTTP][39m [37m<-- POST /wd/hub/session/dcbe1c01-e9a6-4d65-807a-359854728add/elements [39m[32m200[39m [90m66 ms - 74[39m
[35m[HTTP][39m [90m[39m
[35m[HTTP][39m [37m-->[39m [37mPOST[39m [37m/wd/hub/session/dcbe1c01-e9a6-4d65-807a-359854728add/elements[39m
[35m[HTTP][39m [90m{"using":"-android uiautomator","value":"new UiSelector().className(\"android.widget.TextView\").text(\"Esse campo é obrigatório.\").resourceId(\"br.com.mv.monitoringvitals:id/txt_error_register_phone\").instance(8)"}[39m
[35m[HTTP][39m [37m<-- POST /wd/hub/session/dcbe1c01-e9a6-4d65-807a-359854728add/elements [39m[32m200[39m [90m67 ms - 74[39m
[35m[HTTP][39m [90m[39m
[35m[HTTP][39m [37m-->[39m [37mPOST[39m [37m/wd/hub/session/dcbe1c01-e9a6-4d65-807a-359854728add/elements[39m
[35m[HTTP][39m [90m{"using":"-android uiautomator","value":"new UiSelector().className(\"android.widget.TextView\").text(\"Esse campo é obrigatório.\").resourceId(\"br.com.mv.monitoringvitals:id/txt_error_register_phone\").instance(8)"}[39m
[35m[HTTP][39m [37m<-- POST /wd/hub/session/dcbe1c01-e9a6-4d65-807a-359854728add/elements [39m[32m200[39m [90m67 ms - 74[39m
[35m[HTTP][39m [90m[39m
[35m[HTTP][39m [37m-->[39m [37mPOST[39m [37m/wd/hub/session/dcbe1c01-e9a6-4d65-807a-359854728add/elements[39m
[35m[HTTP][39m [90m{"using":"-android uiautomator","value":"new UiSelector().className(\"android.widget.TextView\").text(\"Esse campo é obrigatório.\").resourceId(\"br.com.mv.monitoringvitals:id/txt_error_register_phone\").instance(8)"}[39m
[35m[HTTP][39m [37m<-- POST /wd/hub/session/dcbe1c01-e9a6-4d65-807a-359854728add/elements [39m[32m200[39m [90m76 ms - 74[39m
[35m[HTTP][39m [90m[39m
[35m[HTTP][39m [37m-->[39m [37mPOST[39m [37m/wd/hub/session/dcbe1c01-e9a6-4d65-807a-359854728add/elements[39m
[35m[HTTP][39m [90m{"using":"-android uiautomator","value":"new UiSelector().className(\"android.widget.TextView\").text(\"Esse campo é obrigatório.\").resourceId(\"br.com.mv.monitoringvitals:id/txt_error_register_phone\").instance(8)"}[39m
[35m[HTTP][39m [37m<-- POST /wd/hub/session/dcbe1c01-e9a6-4d65-807a-359854728add/elements [39m[32m200[39m [90m60 ms - 74[39m
[35m[HTTP][39m [90m[39m
[35m[HTTP][39m [37m-->[39m [37mPOST[39m [37m/wd/hub/session/dcbe1c01-e9a6-4d65-807a-359854728add/elements[39m
[35m[HTTP][39m [90m{"using":"-android uiautomator","value":"new UiSelector().className(\"android.widget.TextView\").text(\"Esse campo é obrigatório.\").resourceId(\"br.com.mv.monitoringvitals:id/txt_error_register_phone\").instance(8)"}[39m
[35m[HTTP][39m [37m<-- POST /wd/hub/session/dcbe1c01-e9a6-4d65-807a-359854728add/elements [39m[32m200[39m [90m59 ms - 74[39m
[35m[HTTP][39m [90m[39m
[35m[HTTP][39m [37m-->[39m [37mPOST[39m [37m/wd/hub/session/dcbe1c01-e9a6-4d65-807a-359854728add/elements[39m
[35m[HTTP][39m [90m{"using":"-android uiautomator","value":"new UiSelector().className(\"android.widget.TextView\").text(\"Esse campo é obrigatório.\").resourceId(\"br.com.mv.monitoringvitals:id/txt_error_register_phone\").instance(8)"}[39m
[35m[HTTP][39m [37m<-- POST /wd/hub/session/dcbe1c01-e9a6-4d65-807a-359854728add/elements [39m[32m200[39m [90m55 ms - 74[39m
[35m[HTTP][39m [90m[39m
[35m[HTTP][39m [37m-->[39m [37mPOST[39m [37m/wd/hub/session/dcbe1c01-e9a6-4d65-807a-359854728add/elements[39m
[35m[HTTP][39m [90m{"using":"-android uiautomator","value":"new UiSelector().className(\"android.widget.TextView\").text(\"Esse campo é obrigatório.\").resourceId(\"br.com.mv.monitoringvitals:id/txt_error_register_phone\").instance(8)"}[39m
[35m[HTTP][39m [37m<-- POST /wd/hub/session/dcbe1c01-e9a6-4d65-807a-359854728add/elements [39m[32m200[39m [90m59 ms - 74[39m
[35m[HTTP][39m [90m[39m
[35m[HTTP][39m [37m-->[39m [37mPOST[39m [37m/wd/hub/session/dcbe1c01-e9a6-4d65-807a-359854728add/elements[39m
[35m[HTTP][39m [90m{"using":"-android uiautomator","value":"new UiSelector().className(\"android.widget.TextView\").text(\"Esse campo é obrigatório.\").resourceId(\"br.com.mv.monitoringvitals:id/txt_error_register_phone\").instance(8)"}[39m
[35m[HTTP][39m [37m<-- POST /wd/hub/session/dcbe1c01-e9a6-4d65-807a-359854728add/elements [39m[32m200[39m [90m60 ms - 74[39m
[35m[HTTP][39m [90m[39m
[35m[HTTP][39m [37m-->[39m [37mPOST[39m [37m/wd/hub/session/dcbe1c01-e9a6-4d65-807a-359854728add/elements[39m
[35m[HTTP][39m [90m{"using":"-android uiautomator","value":"new UiSelector().className(\"android.widget.TextView\").text(\"Esse campo é obrigatório.\").resourceId(\"br.com.mv.monitoringvitals:id/txt_error_register_phone\").instance(8)"}[39m
[35m[HTTP][39m [37m<-- POST /wd/hub/session/dcbe1c01-e9a6-4d65-807a-359854728add/elements [39m[32m200[39m [90m67 ms - 74[39m
[35m[HTTP][39m [90m[39m
[35m[HTTP][39m [37m-->[39m [37mPOST[39m [37m/wd/hub/session/dcbe1c01-e9a6-4d65-807a-359854728add/elements[39m
[35m[HTTP][39m [90m{"using":"-android uiautomator","value":"new UiSelector().className(\"android.widget.TextView\").text(\"Esse campo é obrigatório.\").resourceId(\"br.com.mv.monitoringvitals:id/txt_error_register_phone\").instance(8)"}[39m
[35m[HTTP][39m [37m<-- POST /wd/hub/session/dcbe1c01-e9a6-4d65-807a-359854728add/elements [39m[32m200[39m [90m68 ms - 74[39m
[35m[HTTP][39m [90m[39m
[35m[HTTP][39m [37m-->[39m [37mPOST[39m [37m/wd/hub/session/dcbe1c01-e9a6-4d65-807a-359854728add/elements[39m
[35m[HTTP][39m [90m{"using":"-android uiautomator","value":"new UiSelector().className(\"android.widget.TextView\").text(\"Esse campo é obrigatório.\").resourceId(\"br.com.mv.monitoringvitals:id/txt_error_register_phone\").instance(8)"}[39m
[35m[HTTP][39m [37m<-- POST /wd/hub/session/dcbe1c01-e9a6-4d65-807a-359854728add/elements [39m[32m200[39m [90m57 ms - 74[39m
[35m[HTTP][39m [90m[39m
[35m[HTTP][39m [37m-->[39m [37mPOST[39m [37m/wd/hub/session/dcbe1c01-e9a6-4d65-807a-359854728add/elements[39m
[35m[HTTP][39m [90m{"using":"-android uiautomator","value":"new UiSelector().className(\"android.widget.TextView\").text(\"Esse campo é obrigatório.\").resourceId(\"br.com.mv.monitoringvitals:id/txt_error_register_phone\").instance(8)"}[39m
[35m[HTTP][39m [37m<-- POST /wd/hub/session/dcbe1c01-e9a6-4d65-807a-359854728add/elements [39m[32m200[39m [90m56 ms - 74[39m
[35m[HTTP][39m [90m[39m
[35m[HTTP][39m [37m-->[39m [37mPOST[39m [37m/wd/hub/session/dcbe1c01-e9a6-4d65-807a-359854728add/elements[39m
[35m[HTTP][39m [90m{"using":"-android uiautomator","value":"new UiSelector().className(\"android.widget.TextView\").text(\"Esse campo é obrigatório.\").resourceId(\"br.com.mv.monitoringvitals:id/txt_error_register_phone\").instance(8)"}[39m
[35m[HTTP][39m [37m<-- POST /wd/hub/session/dcbe1c01-e9a6-4d65-807a-359854728add/elements [39m[32m200[39m [90m59 ms - 74[39m
[35m[HTTP][39m [90m[39m
[35m[HTTP][39m [37m-->[39m [37mPOST[39m [37m/wd/hub/session/dcbe1c01-e9a6-4d65-807a-359854728add/elements[39m
[35m[HTTP][39m [90m{"using":"-android uiautomator","value":"new UiSelector().className(\"android.widget.TextView\").text(\"Esse campo é obrigatório.\").resourceId(\"br.com.mv.monitoringvitals:id/txt_error_register_phone\").instance(8)"}[39m
[35m[HTTP][39m [37m<-- POST /wd/hub/session/dcbe1c01-e9a6-4d65-807a-359854728add/elements [39m[32m200[39m [90m62 ms - 74[39m
[35m[HTTP][39m [90m[39m
[35m[HTTP][39m [37m-->[39m [37mPOST[39m [37m/wd/hub/session/dcbe1c01-e9a6-4d65-807a-359854728add/elements[39m
[35m[HTTP][39m [90m{"using":"-android uiautomator","value":"new UiSelector().className(\"android.widget.TextView\").text(\"Esse campo é obrigatório.\").resourceId(\"br.com.mv.monitoringvitals:id/txt_error_register_phone\").instance(8)"}[39m
[35m[HTTP][39m [37m<-- POST /wd/hub/session/dcbe1c01-e9a6-4d65-807a-359854728add/elements [39m[32m200[39m [90m58 ms - 74[39m
[35m[HTTP][39m [90m[39m
[35m[HTTP][39m [37m-->[39m [37mPOST[39m [37m/wd/hub/session/dcbe1c01-e9a6-4d65-807a-359854728add/elements[39m
[35m[HTTP][39m [90m{"using":"-android uiautomator","value":"new UiSelector().className(\"android.widget.TextView\").text(\"Esse campo é obrigatório.\").resourceId(\"br.com.mv.monitoringvitals:id/txt_error_register_phone\").instance(8)"}[39m
[35m[HTTP][39m [37m<-- POST /wd/hub/session/dcbe1c01-e9a6-4d65-807a-359854728add/elements [39m[32m200[39m [90m63 ms - 74[39m
[35m[HTTP][39m [90m[39m
[35m[HTTP][39m [37m-->[39m [37mPOST[39m [37m/wd/hub/session/dcbe1c01-e9a6-4d65-807a-359854728add/elements[39m
[35m[HTTP][39m [90m{"using":"-android uiautomator","value":"new UiSelector().className(\"android.widget.TextView\").text(\"Esse campo é obrigatório.\").resourceId(\"br.com.mv.monitoringvitals:id/txt_error_register_phone\").instance(8)"}[39m
[35m[HTTP][39m [37m<-- POST /wd/hub/session/dcbe1c01-e9a6-4d65-807a-359854728add/elements [39m[32m200[39m [90m64 ms - 74[39m
[35m[HTTP][39m [90m[39m
[35m[HTTP][39m [37m-->[39m [37mPOST[39m [37m/wd/hub/session/dcbe1c01-e9a6-4d65-807a-359854728add/elements[39m
[35m[HTTP][39m [90m{"using":"-android uiautomator","value":"new UiSelector().className(\"android.widget.TextView\").text(\"Esse campo é obrigatório.\").resourceId(\"br.com.mv.monitoringvitals:id/txt_error_register_phone\").instance(8)"}[39m
[35m[HTTP][39m [37m<-- POST /wd/hub/session/dcbe1c01-e9a6-4d65-807a-359854728add/elements [39m[32m200[39m [90m62 ms - 74[39m
[35m[HTTP][39m [90m[39m
[35m[HTTP][39m [37m-->[39m [37mPOST[39m [37m/wd/hub/session/dcbe1c01-e9a6-4d65-807a-359854728add/elements[39m
[35m[HTTP][39m [90m{"using":"-android uiautomator","value":"new UiSelector().className(\"android.widget.TextView\").text(\"Esse campo é obrigatório.\").resourceId(\"br.com.mv.monitoringvitals:id/txt_error_register_phone\").instance(8)"}[39m
[35m[HTTP][39m [37m<-- POST /wd/hub/session/dcbe1c01-e9a6-4d65-807a-359854728add/elements [39m[32m200[39m [90m66 ms - 74[39m
[35m[HTTP][39m [90m[39m
[35m[HTTP][39m [37m-->[39m [37mPOST[39m [37m/wd/hub/session/dcbe1c01-e9a6-4d65-807a-359854728add/elements[39m
[35m[HTTP][39m [90m{"using":"-android uiautomator","value":"new UiSelector().className(\"android.widget.TextView\").text(\"Esse campo é obrigatório.\").resourceId(\"br.com.mv.monitoringvitals:id/txt_error_register_phone\").instance(8)"}[39m
[35m[HTTP][39m [37m<-- POST /wd/hub/session/dcbe1c01-e9a6-4d65-807a-359854728add/elements [39m[32m200[39m [90m67 ms - 74[39m
[35m[HTTP][39m [90m[39m
[35m[HTTP][39m [37m-->[39m [37mPOST[39m [37m/wd/hub/session/dcbe1c01-e9a6-4d65-807a-359854728add/elements[39m
[35m[HTTP][39m [90m{"using":"-android uiautomator","value":"new UiSelector().className(\"android.widget.TextView\").text(\"Esse campo é obrigatório.\").resourceId(\"br.com.mv.monitoringvitals:id/txt_error_register_phone\").instance(8)"}[39m
[35m[HTTP][39m [37m<-- POST /wd/hub/session/dcbe1c01-e9a6-4d65-807a-359854728add/elements [39m[32m200[39m [90m58 ms - 74[39m
[35m[HTTP][39m [90m[39m
[35m[HTTP][39m [37m-->[39m [37mPOST[39m [37m/wd/hub/session/dcbe1c01-e9a6-4d65-807a-359854728add/elements[39m
[35m[HTTP][39m [90m{"using":"-android uiautomator","value":"new UiSelector().className(\"android.widget.TextView\").text(\"Esse campo é obrigatório.\").resourceId(\"br.com.mv.monitoringvitals:id/txt_error_register_phone\").instance(8)"}[39m
[35m[HTTP][39m [37m<-- POST /wd/hub/session/dcbe1c01-e9a6-4d65-807a-359854728add/elements [39m[32m200[39m [90m62 ms - 74[39m
[35m[HTTP][39m [90m[39m
[35m[HTTP][39m [37m-->[39m [37mPOST[39m [37m/wd/hub/session/dcbe1c01-e9a6-4d65-807a-359854728add/elements[39m
[35m[HTTP][39m [90m{"using":"-android uiautomator","value":"new UiSelector().className(\"android.widget.TextView\").text(\"Esse campo é obrigatório.\").resourceId(\"br.com.mv.monitoringvitals:id/txt_error_register_phone\").instance(8)"}[39m
[35m[HTTP][39m [37m<-- POST /wd/hub/session/dcbe1c01-e9a6-4d65-807a-359854728add/elements [39m[32m200[39m [90m62 ms - 74[39m
[35m[HTTP][39m [90m[39m
[35m[HTTP][39m [37m-->[39m [37mPOST[39m [37m/wd/hub/session/dcbe1c01-e9a6-4d65-807a-359854728add/elements[39m
[35m[HTTP][39m [90m{"using":"-android uiautomator","value":"new UiSelector().className(\"android.widget.TextView\").text(\"Esse campo é obrigatório.\").resourceId(\"br.com.mv.monitoringvitals:id/txt_error_register_phone\").instance(8)"}[39m
[35m[HTTP][39m [37m<-- POST /wd/hub/session/dcbe1c01-e9a6-4d65-807a-359854728add/elements [39m[32m200[39m [90m59 ms - 74[39m
[35m[HTTP][39m [90m[39m
[35m[HTTP][39m [37m-->[39m [37mPOST[39m [37m/wd/hub/session/dcbe1c01-e9a6-4d65-807a-359854728add/elements[39m
[35m[HTTP][39m [90m{"using":"-android uiautomator","value":"new UiSelector().className(\"android.widget.TextView\").text(\"Esse campo é obrigatório.\").resourceId(\"br.com.mv.monitoringvitals:id/txt_error_register_phone\").instance(8)"}[39m
[35m[HTTP][39m [37m<-- POST /wd/hub/session/dcbe1c01-e9a6-4d65-807a-359854728add/elements [39m[32m200[39m [90m55 ms - 74[39m
[35m[HTTP][39m [90m[39m
[35m[HTTP][39m [37m-->[39m [37mPOST[39m [37m/wd/hub/session/dcbe1c01-e9a6-4d65-807a-359854728add/elements[39m
[35m[HTTP][39m [90m{"using":"-android uiautomator","value":"new UiSelector().className(\"android.widget.TextView\").text(\"Esse campo é obrigatório.\").resourceId(\"br.com.mv.monitoringvitals:id/txt_error_register_phone\").instance(8)"}[39m
[35m[HTTP][39m [37m<-- POST /wd/hub/session/dcbe1c01-e9a6-4d65-807a-359854728add/elements [39m[32m200[39m [90m57 ms - 74[39m
[35m[HTTP][39m [90m[39m
[35m[HTTP][39m [37m-->[39m [37mPOST[39m [37m/wd/hub/session/dcbe1c01-e9a6-4d65-807a-359854728add/elements[39m
[35m[HTTP][39m [90m{"using":"-android uiautomator","value":"new UiSelector().className(\"android.widget.TextView\").text(\"Esse campo é obrigatório.\").resourceId(\"br.com.mv.monitoringvitals:id/txt_error_register_phone\").instance(8)"}[39m
[35m[HTTP][39m [37m<-- POST /wd/hub/session/dcbe1c01-e9a6-4d65-807a-359854728add/elements [39m[32m200[39m [90m58 ms - 74[39m
[35m[HTTP][39m [90m[39m
[35m[HTTP][39m [37m-->[39m [37mPOST[39m [37m/wd/hub/session/dcbe1c01-e9a6-4d65-807a-359854728add/elements[39m
[35m[HTTP][39m [90m{"using":"-android uiautomator","value":"new UiSelector().className(\"android.widget.TextView\").text(\"Esse campo é obrigatório.\").resourceId(\"br.com.mv.monitoringvitals:id/txt_error_register_phone\").instance(8)"}[39m
[35m[HTTP][39m [37m<-- POST /wd/hub/session/dcbe1c01-e9a6-4d65-807a-359854728add/elements [39m[32m200[39m [90m59 ms - 74[39m
[35m[HTTP][39m [90m[39m
[35m[HTTP][39m [37m-->[39m [37mPOST[39m [37m/wd/hub/session/dcbe1c01-e9a6-4d65-807a-359854728add/elements[39m
[35m[HTTP][39m [90m{"using":"-android uiautomator","value":"new UiSelector().className(\"android.widget.TextView\").text(\"Esse campo é obrigatório.\").resourceId(\"br.com.mv.monitoringvitals:id/txt_error_register_phone\").instance(8)"}[39m
[35m[HTTP][39m [37m<-- POST /wd/hub/session/dcbe1c01-e9a6-4d65-807a-359854728add/elements [39m[32m200[39m [90m64 ms - 74[39m
[35m[HTTP][39m [90m[39m
[35m[HTTP][39m [37m-->[39m [37mPOST[39m [37m/wd/hub/session/dcbe1c01-e9a6-4d65-807a-359854728add/elements[39m
[35m[HTTP][39m [90m{"using":"-android uiautomator","value":"new UiSelector().className(\"android.widget.TextView\").text(\"Esse campo é obrigatório.\").resourceId(\"br.com.mv.monitoringvitals:id/txt_error_register_phone\").instance(8)"}[39m
[35m[HTTP][39m [37m<-- POST /wd/hub/session/dcbe1c01-e9a6-4d65-807a-359854728add/elements [39m[32m200[39m [90m64 ms - 74[39m
[35m[HTTP][39m [90m[39m
[35m[HTTP][39m [37m-->[39m [37mPOST[39m [37m/wd/hub/session/dcbe1c01-e9a6-4d65-807a-359854728add/elements[39m
[35m[HTTP][39m [90m{"using":"-android uiautomator","value":"new UiSelector().className(\"android.widget.TextView\").text(\"Esse campo é obrigatório.\").resourceId(\"br.com.mv.monitoringvitals:id/txt_error_register_phone\").instance(8)"}[39m
[35m[HTTP][39m [37m<-- POST /wd/hub/session/dcbe1c01-e9a6-4d65-807a-359854728add/elements [39m[32m200[39m [90m63 ms - 74[39m
[35m[HTTP][39m [90m[39m
[35m[HTTP][39m [37m-->[39m [37mPOST[39m [37m/wd/hub/session/dcbe1c01-e9a6-4d65-807a-359854728add/elements[39m
[35m[HTTP][39m [90m{"using":"-android uiautomator","value":"new UiSelector().className(\"android.widget.TextView\").text(\"Esse campo é obrigatório.\").resourceId(\"br.com.mv.monitoringvitals:id/txt_error_register_phone\").instance(8)"}[39m
[35m[HTTP][39m [37m<-- POST /wd/hub/session/dcbe1c01-e9a6-4d65-807a-359854728add/elements [39m[32m200[39m [90m62 ms - 74[39m
[35m[HTTP][39m [90m[39m
[35m[HTTP][39m [37m-->[39m [37mPOST[39m [37m/wd/hub/session/dcbe1c01-e9a6-4d65-807a-359854728add/elements[39m
[35m[HTTP][39m [90m{"using":"-android uiautomator","value":"new UiSelector().className(\"android.widget.TextView\").text(\"Esse campo é obrigatório.\").resourceId(\"br.com.mv.monitoringvitals:id/txt_error_register_phone\").instance(8)"}[39m
[35m[HTTP][39m [37m<-- POST /wd/hub/session/dcbe1c01-e9a6-4d65-807a-359854728add/elements [39m[32m200[39m [90m58 ms - 74[39m
[35m[HTTP][39m [90m[39m
[35m[HTTP][39m [37m-->[39m [37mPOST[39m [37m/wd/hub/session/dcbe1c01-e9a6-4d65-807a-359854728add/elements[39m
[35m[HTTP][39m [90m{"using":"-android uiautomator","value":"new UiSelector().className(\"android.widget.TextView\").text(\"Esse campo é obrigatório.\").resourceId(\"br.com.mv.monitoringvitals:id/txt_error_register_phone\").instance(8)"}[39m
[35m[HTTP][39m [37m<-- POST /wd/hub/session/dcbe1c01-e9a6-4d65-807a-359854728add/elements [39m[32m200[39m [90m60 ms - 74[39m
[35m[HTTP][39m [90m[39m
[35m[HTTP][39m [37m-->[39m [37mPOST[39m [37m/wd/hub/session/dcbe1c01-e9a6-4d65-807a-359854728add/elements[39m
[35m[HTTP][39m [90m{"using":"-android uiautomator","value":"new UiSelector().className(\"android.widget.TextView\").text(\"Esse campo é obrigatório.\").resourceId(\"br.com.mv.monitoringvitals:id/txt_error_register_phone\").instance(8)"}[39m
[35m[HTTP][39m [37m<-- POST /wd/hub/session/dcbe1c01-e9a6-4d65-807a-359854728add/elements [39m[32m200[39m [90m62 ms - 74[39m
[35m[HTTP][39m [90m[39m
[35m[HTTP][39m [37m-->[39m [37mPOST[39m [37m/wd/hub/session/dcbe1c01-e9a6-4d65-807a-359854728add/elements[39m
[35m[HTTP][39m [90m{"using":"-android uiautomator","value":"new UiSelector().className(\"android.widget.TextView\").text(\"Esse campo é obrigatório.\").resourceId(\"br.com.mv.monitoringvitals:id/txt_error_register_phone\").instance(8)"}[39m
[35m[HTTP][39m [37m<-- POST /wd/hub/session/dcbe1c01-e9a6-4d65-807a-359854728add/elements [39m[32m200[39m [90m66 ms - 74[39m
[35m[HTTP][39m [90m[39m
[35m[HTTP][39m [37m-->[39m [37mPOST[39m [37m/wd/hub/session/dcbe1c01-e9a6-4d65-807a-359854728add/elements[39m
[35m[HTTP][39m [90m{"using":"-android uiautomator","value":"new UiSelector().className(\"android.widget.TextView\").text(\"Esse campo é obrigatório.\").resourceId(\"br.com.mv.monitoringvitals:id/txt_error_register_phone\").instance(8)"}[39m
[35m[HTTP][39m [37m<-- POST /wd/hub/session/dcbe1c01-e9a6-4d65-807a-359854728add/elements [39m[32m200[39m [90m53 ms - 74[39m
[35m[HTTP][39m [90m[39m
[35m[HTTP][39m [37m-->[39m [37mPOST[39m [37m/wd/hub/session/dcbe1c01-e9a6-4d65-807a-359854728add/elements[39m
[35m[HTTP][39m [90m{"using":"-android uiautomator","value":"new UiSelector().className(\"android.widget.TextView\").text(\"Esse campo é obrigatório.\").resourceId(\"br.com.mv.monitoringvitals:id/txt_error_register_phone\").instance(8)"}[39m
[35m[HTTP][39m [37m<-- POST /wd/hub/session/dcbe1c01-e9a6-4d65-807a-359854728add/elements [39m[32m200[39m [90m56 ms - 74[39m
[35m[HTTP][39m [90m[39m
[35m[HTTP][39m [37m-->[39m [37mPOST[39m [37m/wd/hub/session/dcbe1c01-e9a6-4d65-807a-359854728add/elements[39m
[35m[HTTP][39m [90m{"using":"-android uiautomator","value":"new UiSelector().className(\"android.widget.TextView\").text(\"Esse campo é obrigatório.\").resourceId(\"br.com.mv.monitoringvitals:id/txt_error_register_phone\").instance(8)"}[39m
[35m[HTTP][39m [37m<-- POST /wd/hub/session/dcbe1c01-e9a6-4d65-807a-359854728add/elements [39m[32m200[39m [90m53 ms - 74[39m
[35m[HTTP][39m [90m[39m
[35m[HTTP][39m [37m-->[39m [37mPOST[39m [37m/wd/hub/session/dcbe1c01-e9a6-4d65-807a-359854728add/elements[39m
[35m[HTTP][39m [90m{"using":"-android uiautomator","value":"new UiSelector().className(\"android.widget.TextView\").text(\"Esse campo é obrigatório.\").resourceId(\"br.com.mv.monitoringvitals:id/txt_error_register_phone\").instance(8)"}[39m
[35m[HTTP][39m [37m<-- POST /wd/hub/session/dcbe1c01-e9a6-4d65-807a-359854728add/elements [39m[32m200[39m [90m57 ms - 74[39m
[35m[HTTP][39m [90m[39m
[35m[HTTP][39m [37m-->[39m [37mGET[39m [37m/wd/hub/session/dcbe1c01-e9a6-4d65-807a-359854728add/context[39m
[35m[HTTP][39m [90m{}[39m
[35m[HTTP][39m [37m<-- GET /wd/hub/session/dcbe1c01-e9a6-4d65-807a-359854728add/context [39m[32m200[39m [90m2 ms - 84[39m
[35m[HTTP][39m [90m[39m
[35m[HTTP][39m [37m-->[39m [37mGET[39m [37m/wd/hub/session/dcbe1c01-e9a6-4d65-807a-359854728add/contexts[39m
[35m[HTTP][39m [90m{}[39m
[35m[HTTP][39m [37m<-- GET /wd/hub/session/dcbe1c01-e9a6-4d65-807a-359854728add/contexts [39m[32m200[39m [90m140 ms - 86[39m
[35m[HTTP][39m [90m[39m
[35m[HTTP][39m [37m-->[39m [37mPOST[39m [37m/wd/hub/session/dcbe1c01-e9a6-4d65-807a-359854728add/context[39m
[35m[HTTP][39m [90m{"name":"NATIVE_APP"}[39m
[35m[HTTP][39m [37m<-- POST /wd/hub/session/dcbe1c01-e9a6-4d65-807a-359854728add/context [39m[32m200[39m [90m126 ms - 76[39m
[35m[HTTP][39m [90m[39m
[35m[HTTP][39m [37m-->[39m [37mGET[39m [37m/wd/hub/session/dcbe1c01-e9a6-4d65-807a-359854728add/screenshot[39m
[35m[HTTP][39m [90m{}[39m
[35m[HTTP][39m [37m<-- GET /wd/hub/session/dcbe1c01-e9a6-4d65-807a-359854728add/screenshot [39m[32m200[39m [90m834 ms - 255114[39m
[35m[HTTP][39m [90m[39m
[35m[HTTP][39m [37m-->[39m [37mPOST[39m [37m/wd/hub/session/dcbe1c01-e9a6-4d65-807a-359854728add/context[39m
[35m[HTTP][39m [90m{"name":"NATIVE_APP"}[39m
[35m[HTTP][39m [37m<-- POST /wd/hub/session/dcbe1c01-e9a6-4d65-807a-359854728add/context [39m[32m200[39m [90m118 ms - 76[39m
[35m[HTTP][39m [90m[39m
[35m[HTTP][39m [37m-->[39m [37mGET[39m [37m/wd/hub/session/dcbe1c01-e9a6-4d65-807a-359854728add/context[39m
[35m[HTTP][39m [90m{}[39m
[35m[HTTP][39m [37m<-- GET /wd/hub/session/dcbe1c01-e9a6-4d65-807a-359854728add/context [39m[32m200[39m [90m1 ms - 84[39m
[35m[HTTP][39m [90m[39m
[35m[HTTP][39m [37m-->[39m [37mGET[39m [37m/wd/hub/session/dcbe1c01-e9a6-4d65-807a-359854728add/contexts[39m
[35m[HTTP][39m [90m{}[39m
[35m[HTTP][39m [37m<-- GET /wd/hub/session/dcbe1c01-e9a6-4d65-807a-359854728add/contexts [39m[32m200[39m [90m102 ms - 86[39m
[35m[HTTP][39m [90m[39m
[35m[HTTP][39m [37m-->[39m [37mPOST[39m [37m/wd/hub/session/dcbe1c01-e9a6-4d65-807a-359854728add/context[39m
[35m[HTTP][39m [90m{"name":"NATIVE_APP"}[39m
[35m[HTTP][39m [37m<-- POST /wd/hub/session/dcbe1c01-e9a6-4d65-807a-359854728add/context [39m[32m200[39m [90m313 ms - 76[39m
[35m[HTTP][39m [90m[39m
[35m[HTTP][39m [37m-->[39m [37mGET[39m [37m/wd/hub/session/dcbe1c01-e9a6-4d65-807a-359854728add/screenshot[39m
[35m[HTTP][39m [90m{}[39m
[35m[HTTP][39m [37m<-- GET /wd/hub/session/dcbe1c01-e9a6-4d65-807a-359854728add/screenshot [39m[32m200[39m [90m809 ms - 255086[39m
[35m[HTTP][39m [90m[39m
[35m[HTTP][39m [37m-->[39m [37mPOST[39m [37m/wd/hub/session/dcbe1c01-e9a6-4d65-807a-359854728add/context[39m
[35m[HTTP][39m [90m{"name":"NATIVE_APP"}[39m
[35m[HTTP][39m [37m<-- POST /wd/hub/session/dcbe1c01-e9a6-4d65-807a-359854728add/context [39m[32m200[39m [90m124 ms - 76[39m
[35m[HTTP][39m [90m[39m
[35m[HTTP][39m [37m-->[39m [37mDELETE[39m [37m/wd/hub/session/dcbe1c01-e9a6-4d65-807a-359854728add[39m
[35m[HTTP][39m [90m{}[39m
[35m[Appium][39m Removing session dcbe1c01-e9a6-4d65-807a-359854728add from our master session list
[35m[HTTP][39m [37m<-- DELETE /wd/hub/session/dcbe1c01-e9a6-4d65-807a-359854728add [39m[32m200[39m [90m1265 ms - 76[39m
[35m[HTTP][39m [90m[39m
