[35m[Appium][39m Welcome to Appium v1.8.0
[35m[Appium][39m Non-default server args:
[35m[Appium][39m   port: 60819
[35m[Appium][39m   loglevel: info
[35m[Appium][39m   chromeDriverPort: 60820
[35m[Appium][39m   tmpDir: C:\Users\RAFAEL~1.HEN\AppData\Local\Temp\\Katalon\Appium\Temp1527104145211
[35m[Appium][39m Appium REST http interface listener started on 0.0.0.0:60819
[35m[HTTP][39m [37m-->[39m [37mGET[39m [37m/wd/hub/status[39m
[35m[HTTP][39m [90m{}[39m
[35m[HTTP][39m [37m<-- GET /wd/hub/status [39m[32m200[39m [90m6 ms - 83[39m
[35m[HTTP][39m [90m[39m
[35m[HTTP][39m [37m-->[39m [37mPOST[39m [37m/wd/hub/session[39m
[35m[HTTP][39m [90m{"desiredCapabilities":{"app":"C:\\Users\\rafael.henrique\\Katalon Studio\\MONVAT\\APK\\MONVIT_v1.7.24.apk","autoGrantPermissions":true,"automationName":"uiautomator2","deviceName":"motorola Moto G (5) (Android 7.0)","fullReset":false,"newCommandTimeout":1800,"noReset":true,"platform":"ANDROID","platformName":"Android","udid":"0038153251"},"capabilities":{"desiredCapabilities":{"app":"C:\\Users\\rafael.henrique\\Katalon Studio\\MONVAT\\APK\\MONVIT_v1.7.24.apk","autoGrantPermissions":true,"automationName":"uiautomator2","deviceName":"motorola Moto G (5) (Android 7.0)","fullReset":false,"newCommandTimeout":1800,"noReset":true,"platform":"ANDROID","platformName":"Android","udid":"0038153251"},"firstMatch":[{"platformName":"android"}]}}[39m
[35m[Appium][39m Could not parse W3C capabilities: 'deviceName' can't be blank. Falling back to JSONWP protocol.
[35m[Appium][39m The following capabilities were provided in the JSONWP desired capabilities that are missing in W3C capabilities: ["app","autoGrantPermissions","automationName","deviceName","fullReset","newCommandTimeout","noReset","platform","platformName","udid"]. Falling back to JSONWP protocol.
[35m[Appium][39m Creating new AndroidUiautomator2Driver (v1.9.0) session
[35m[Appium][39m Capabilities:
[35m[Appium][39m   app: C:\Users\rafael.henrique\Katalon Studio\MONVAT\APK\MONVIT_v1.7.24.apk
[35m[Appium][39m   autoGrantPermissions: true
[35m[Appium][39m   automationName: uiautomator2
[35m[Appium][39m   deviceName: motorola Moto G (5) (Android 7.0)
[35m[Appium][39m   fullReset: false
[35m[Appium][39m   newCommandTimeout: 1800
[35m[Appium][39m   noReset: true
[35m[Appium][39m   platform: ANDROID
[35m[Appium][39m   platformName: Android
[35m[Appium][39m   udid: 0038153251
[35m[BaseDriver][39m The following capabilities were provided, but are not recognized by appium: platform.
[35m[BaseDriver][39m Session created with session id: 13f04e00-c273-4a6c-9a71-f844ab724baa
[35m[BaseDriver][39m Using local app 'C:\Users\rafael.henrique\Katalon Studio\MONVAT\APK\MONVIT_v1.7.24.apk'
[35m[AndroidDriver][39m Java version is: 1.8.0_102
[35m[ADB][39m Checking whether adb is present
[35m[ADB][39m Found 1 'build-tools' folders under 'C:\Users\rafael.henrique\.katalon\tools\android_sdk' (newest first):
[35m[ADB][39m     C:/Users/rafael.henrique/.katalon/tools/android_sdk/build-tools/28.0.0
[35m[ADB][39m Using adb.exe from C:\Users\rafael.henrique\.katalon\tools\android_sdk\platform-tools\adb.exe
[35m[AndroidDriver][39m Retrieving device list
[35m[AndroidDriver][39m Using device: 0038153251
[35m[ADB][39m Checking whether adb is present
[35m[ADB][39m Using adb.exe from C:\Users\rafael.henrique\.katalon\tools\android_sdk\platform-tools\adb.exe
[35m[ADB][39m Using the alternative activity name detection method because of: Could not find apkanalyzer.bat in C:\Users\rafael.henrique\.katalon\tools\android_sdk\platform-tools\apkanalyzer.bat,C:\Users\rafael.henrique\.katalon\tools\android_sdk\emulator\apkanalyzer.bat,C:\Users\rafael.henrique\.katalon\tools\android_sdk\tools\apkanalyzer.bat,C:\Users\rafael.henrique\.katalon\tools\android_sdk\tools\bin\apkanalyzer.bat,C:\Users\rafael.henrique\.katalon\tools\android_sdk\build-tools\28.0.0\apkanalyzer.bat. Do you have the Android SDK installed at 'C:\Users\rafael.henrique\.katalon\tools\android_sdk'?
[35m[ADB][39m Checking whether aapt is present
[35m[ADB][39m Using aapt.exe from C:\Users\rafael.henrique\.katalon\tools\android_sdk\build-tools\28.0.0\aapt.exe
[35m[ADB][39m Extracting package and launch activity from manifest
[35m[ADB][39m Package name: 'br.com.mv.monitoringvitals'
[35m[ADB][39m Main activity name: 'br.com.mv.monitoringvitals.views.SplashActivity'
[35m[ADB][39m Getting device platform version
[35m[ADB][39m Using apksigner.bat from C:\Users\rafael.henrique\.katalon\tools\android_sdk\build-tools\28.0.0\apksigner.bat
[35m[ADB][39m Using apksigner.bat from C:\Users\rafael.henrique\.katalon\tools\android_sdk\build-tools\28.0.0\apksigner.bat
[35m[ADB][39m Using apksigner.bat from C:\Users\rafael.henrique\.katalon\tools\android_sdk\build-tools\28.0.0\apksigner.bat
[35m[ADB][39m Checking whether zipalign is present
[35m[ADB][39m Using zipalign.exe from C:\Users\rafael.henrique\.katalon\tools\android_sdk\build-tools\28.0.0\zipalign.exe
[35m[ADB][39m Using apksigner.bat from C:\Users\rafael.henrique\.katalon\tools\android_sdk\build-tools\28.0.0\apksigner.bat
[35m[ADB][39m Using apksigner.bat from C:\Users\rafael.henrique\.katalon\tools\android_sdk\build-tools\28.0.0\apksigner.bat
[35m[ADB][39m Using apksigner.bat from C:\Users\rafael.henrique\.katalon\tools\android_sdk\build-tools\28.0.0\apksigner.bat
[35m[ADB][39m Using apksigner.bat from C:\Users\rafael.henrique\.katalon\tools\android_sdk\build-tools\28.0.0\apksigner.bat
[35m[ADB][39m Checking whether zipalign is present
[35m[ADB][39m Using zipalign.exe from C:\Users\rafael.henrique\.katalon\tools\android_sdk\build-tools\28.0.0\zipalign.exe
[35m[ADB][39m Using apksigner.bat from C:\Users\rafael.henrique\.katalon\tools\android_sdk\build-tools\28.0.0\apksigner.bat
[35m[ADB][39m io.appium.uiautomator2.server was successfully uninstalled
[35m[ADB][39m io.appium.uiautomator2.server.test was successfully uninstalled
[35m[ADB][39m Checking whether aapt is present
[35m[ADB][39m Using aapt.exe from C:\Users\rafael.henrique\.katalon\tools\android_sdk\build-tools\28.0.0\aapt.exe
[35m[AndroidDriver][39m setDeviceLanguageCountry requires language or country.
[35m[AndroidDriver][39m Got language: 'null' and country: 'null'
[35m[ADB][39m Checking whether aapt is present
[35m[ADB][39m Using aapt.exe from C:\Users\rafael.henrique\.katalon\tools\android_sdk\build-tools\28.0.0\aapt.exe
[35m[ADB][39m Checking whether aapt is present
[35m[ADB][39m Using aapt.exe from C:\Users\rafael.henrique\.katalon\tools\android_sdk\build-tools\28.0.0\aapt.exe
[35m[ADB][39m Successfully extracted 361 strings from 'C:\Users\rafael.henrique\Katalon Studio\MONVAT\APK\MONVIT_v1.7.24.apk' resources for '(default)' configuration
[35m[ADB][39m Using apksigner.bat from C:\Users\rafael.henrique\.katalon\tools\android_sdk\build-tools\28.0.0\apksigner.bat
[35m[ADB][39m Using apksigner.bat from C:\Users\rafael.henrique\.katalon\tools\android_sdk\build-tools\28.0.0\apksigner.bat
[35m[ADB][39m Using apksigner.bat from C:\Users\rafael.henrique\.katalon\tools\android_sdk\build-tools\28.0.0\apksigner.bat
[35m[ADB][39m Checking whether zipalign is present
[35m[ADB][39m Using zipalign.exe from C:\Users\rafael.henrique\.katalon\tools\android_sdk\build-tools\28.0.0\zipalign.exe
[35m[ADB][39m Using apksigner.bat from C:\Users\rafael.henrique\.katalon\tools\android_sdk\build-tools\28.0.0\apksigner.bat
[35m[ADB][39m Checking whether aapt is present
[35m[ADB][39m Using aapt.exe from C:\Users\rafael.henrique\.katalon\tools\android_sdk\build-tools\28.0.0\aapt.exe
[35m[UiAutomator2][39m Starting uiautomator2 server 1.7.0
[35m[UiAutomator2][39m Using UIAutomator2 server from 'C:\Users\rafael.henrique\AppData\Roaming\npm\node_modules\appium\node_modules\appium-uiautomator2-server\apks\appium-uiautomator2-server-v1.7.0.apk' and test from 'C:\Users\rafael.henrique\AppData\Roaming\npm\node_modules\appium\node_modules\appium-uiautomator2-server\apks\appium-uiautomator2-server-debug-androidTest.apk'
[35m[UiAutomator2][39m Running command: 'adb -s 0038153251 shell am instrument -w io.appium.uiautomator2.server.test/android.support.test.runner.AndroidJUnitRunner'
[35m[UiAutomator2][39m Waiting up to 20000ms for UiAutomator2 to be online...
[35m[AndroidDriver][39m Screen already unlocked, doing nothing
[35m[UiAutomator2][39m UiAutomator2 did not start the activity we were waiting for, 'br.com.mv.monitoringvitals/br.com.mv.monitoringvitals.views.SplashActivity'. Starting it ourselves
[35m[Appium][39m New AndroidUiautomator2Driver session created successfully, session 13f04e00-c273-4a6c-9a71-f844ab724baa added to master session list
[35m[HTTP][39m [37m<-- POST /wd/hub/session [39m[32m200[39m [90m31968 ms - 1175[39m
[35m[HTTP][39m [90m[39m
[35m[HTTP][39m [37m-->[39m [37mGET[39m [37m/wd/hub/status[39m
[35m[HTTP][39m [90m{}[39m
[35m[HTTP][39m [37m<-- GET /wd/hub/status [39m[32m200[39m [90m2 ms - 55[39m
[35m[HTTP][39m [90m[39m
[35m[HTTP][39m [37m-->[39m [37mPOST[39m [37m/wd/hub/session/13f04e00-c273-4a6c-9a71-f844ab724baa/timeouts[39m
[35m[HTTP][39m [90m{"type":"implicit","ms":30000}[39m
[35m[HTTP][39m [37m<-- POST /wd/hub/session/13f04e00-c273-4a6c-9a71-f844ab724baa/timeouts [39m[33m400[39m [90m10 ms - 5628[39m
[35m[HTTP][39m [90m[39m
[35m[HTTP][39m [37m-->[39m [37mGET[39m [37m/wd/hub/session/13f04e00-c273-4a6c-9a71-f844ab724baa/context[39m
[35m[HTTP][39m [90m{}[39m
[35m[HTTP][39m [37m<-- GET /wd/hub/session/13f04e00-c273-4a6c-9a71-f844ab724baa/context [39m[32m200[39m [90m7 ms - 84[39m
[35m[HTTP][39m [90m[39m
[35m[HTTP][39m [37m-->[39m [37mGET[39m [37m/wd/hub/session/13f04e00-c273-4a6c-9a71-f844ab724baa/contexts[39m
[35m[HTTP][39m [90m{}[39m
[35m[HTTP][39m [37m<-- GET /wd/hub/session/13f04e00-c273-4a6c-9a71-f844ab724baa/contexts [39m[32m200[39m [90m95 ms - 86[39m
[35m[HTTP][39m [90m[39m
[35m[HTTP][39m [37m-->[39m [37mPOST[39m [37m/wd/hub/session/13f04e00-c273-4a6c-9a71-f844ab724baa/context[39m
[35m[HTTP][39m [90m{"name":"NATIVE_APP"}[39m
[35m[HTTP][39m [37m<-- POST /wd/hub/session/13f04e00-c273-4a6c-9a71-f844ab724baa/context [39m[32m200[39m [90m100 ms - 76[39m
[35m[HTTP][39m [90m[39m
[35m[HTTP][39m [37m-->[39m [37mPOST[39m [37m/wd/hub/session/13f04e00-c273-4a6c-9a71-f844ab724baa/appium/device/hide_keyboard[39m
[35m[HTTP][39m [90m{}[39m
[35m[HTTP][39m [37m<-- POST /wd/hub/session/13f04e00-c273-4a6c-9a71-f844ab724baa/appium/device/hide_keyboard [39m[31m500[39m [90m509 ms - 1426[39m
[35m[HTTP][39m [90m[39m
[35m[HTTP][39m [37m-->[39m [37mPOST[39m [37m/wd/hub/session/13f04e00-c273-4a6c-9a71-f844ab724baa/context[39m
[35m[HTTP][39m [90m{"name":"NATIVE_APP"}[39m
[35m[HTTP][39m [37m<-- POST /wd/hub/session/13f04e00-c273-4a6c-9a71-f844ab724baa/context [39m[32m200[39m [90m107 ms - 76[39m
[35m[HTTP][39m [90m[39m
[35m[HTTP][39m [37m-->[39m [37mGET[39m [37m/wd/hub/session/13f04e00-c273-4a6c-9a71-f844ab724baa/window/current/size[39m
[35m[HTTP][39m [90m{}[39m
[35m[W3C][39m Driver proxy active, passing request on via HTTP proxy
[35m[JSONWP Proxy][39m Replacing sessionId ceae092f-f98e-4b0b-adb4-271f5a0b20ab with 13f04e00-c273-4a6c-9a71-f844ab724baa
[35m[HTTP][39m [37m<-- GET /wd/hub/session/13f04e00-c273-4a6c-9a71-f844ab724baa/window/current/size [39m[32m200[39m [90m26 ms - 100[39m
[35m[HTTP][39m [90m[39m
[35m[HTTP][39m [37m-->[39m [37mPOST[39m [37m/wd/hub/session/13f04e00-c273-4a6c-9a71-f844ab724baa/elements[39m
[35m[HTTP][39m [90m{"using":"-android uiautomator","value":"new UiSelector().text(\"Não tenho uma conta. Quero me cadastrar.\")"}[39m
[35m[HTTP][39m [37m<-- POST /wd/hub/session/13f04e00-c273-4a6c-9a71-f844ab724baa/elements [39m[32m200[39m [90m138 ms - 124[39m
[35m[HTTP][39m [90m[39m
[35m[HTTP][39m [37m-->[39m [37mGET[39m [37m/wd/hub/session/13f04e00-c273-4a6c-9a71-f844ab724baa[39m
[35m[HTTP][39m [90m{}[39m
[35m[HTTP][39m [37m<-- GET /wd/hub/session/13f04e00-c273-4a6c-9a71-f844ab724baa [39m[32m200[39m [90m34 ms - 1175[39m
[35m[HTTP][39m [90m[39m
[35m[HTTP][39m [37m-->[39m [37mGET[39m [37m/wd/hub/session/13f04e00-c273-4a6c-9a71-f844ab724baa[39m
[35m[HTTP][39m [90m{}[39m
[35m[HTTP][39m [37m<-- GET /wd/hub/session/13f04e00-c273-4a6c-9a71-f844ab724baa [39m[32m200[39m [90m27 ms - 1175[39m
[35m[HTTP][39m [90m[39m
[35m[HTTP][39m [37m-->[39m [37mGET[39m [37m/wd/hub/session/13f04e00-c273-4a6c-9a71-f844ab724baa[39m
[35m[HTTP][39m [90m{}[39m
[35m[HTTP][39m [37m<-- GET /wd/hub/session/13f04e00-c273-4a6c-9a71-f844ab724baa [39m[32m200[39m [90m22 ms - 1175[39m
[35m[HTTP][39m [90m[39m
[35m[HTTP][39m [37m-->[39m [37mGET[39m [37m/wd/hub/session/13f04e00-c273-4a6c-9a71-f844ab724baa[39m
[35m[HTTP][39m [90m{}[39m
[35m[HTTP][39m [37m<-- GET /wd/hub/session/13f04e00-c273-4a6c-9a71-f844ab724baa [39m[32m200[39m [90m23 ms - 1175[39m
[35m[HTTP][39m [90m[39m
[35m[HTTP][39m [37m-->[39m [37mGET[39m [37m/wd/hub/session/13f04e00-c273-4a6c-9a71-f844ab724baa/element/bfbd587e-1a5f-489e-84e1-3d72c23b801f/location[39m
[35m[HTTP][39m [90m{}[39m
[35m[W3C][39m Driver proxy active, passing request on via HTTP proxy
[35m[JSONWP Proxy][39m Replacing sessionId ceae092f-f98e-4b0b-adb4-271f5a0b20ab with 13f04e00-c273-4a6c-9a71-f844ab724baa
[35m[HTTP][39m [37m<-- GET /wd/hub/session/13f04e00-c273-4a6c-9a71-f844ab724baa/element/bfbd587e-1a5f-489e-84e1-3d72c23b801f/location [39m[32m200[39m [90m58 ms - 88[39m
[35m[HTTP][39m [90m[39m
[35m[HTTP][39m [37m-->[39m [37mPOST[39m [37m/wd/hub/session/13f04e00-c273-4a6c-9a71-f844ab724baa/touch/perform[39m
[35m[HTTP][39m [90m{"actions":[{"action":"tap","options":{"element":"bfbd587e-1a5f-489e-84e1-3d72c23b801f","x":1,"y":1}}]}[39m
[35m[UiAutomator2][39m calling get location: bfbd587e-1a5f-489e-84e1-3d72c23b801f
[35m[HTTP][39m [37m<-- POST /wd/hub/session/13f04e00-c273-4a6c-9a71-f844ab724baa/touch/perform [39m[32m200[39m [90m1315 ms - 76[39m
[35m[HTTP][39m [90m[39m
[35m[HTTP][39m [37m-->[39m [37mGET[39m [37m/wd/hub/session/13f04e00-c273-4a6c-9a71-f844ab724baa/context[39m
[35m[HTTP][39m [90m{}[39m
[35m[HTTP][39m [37m<-- GET /wd/hub/session/13f04e00-c273-4a6c-9a71-f844ab724baa/context [39m[32m200[39m [90m1 ms - 84[39m
[35m[HTTP][39m [90m[39m
[35m[HTTP][39m [37m-->[39m [37mGET[39m [37m/wd/hub/session/13f04e00-c273-4a6c-9a71-f844ab724baa/contexts[39m
[35m[HTTP][39m [90m{}[39m
[35m[HTTP][39m [37m<-- GET /wd/hub/session/13f04e00-c273-4a6c-9a71-f844ab724baa/contexts [39m[32m200[39m [90m113 ms - 86[39m
[35m[HTTP][39m [90m[39m
[35m[HTTP][39m [37m-->[39m [37mPOST[39m [37m/wd/hub/session/13f04e00-c273-4a6c-9a71-f844ab724baa/context[39m
[35m[HTTP][39m [90m{"name":"NATIVE_APP"}[39m
[35m[HTTP][39m [37m<-- POST /wd/hub/session/13f04e00-c273-4a6c-9a71-f844ab724baa/context [39m[32m200[39m [90m103 ms - 76[39m
[35m[HTTP][39m [90m[39m
[35m[HTTP][39m [37m-->[39m [37mPOST[39m [37m/wd/hub/session/13f04e00-c273-4a6c-9a71-f844ab724baa/appium/device/hide_keyboard[39m
[35m[HTTP][39m [90m{}[39m
[35m[HTTP][39m [37m<-- POST /wd/hub/session/13f04e00-c273-4a6c-9a71-f844ab724baa/appium/device/hide_keyboard [39m[32m200[39m [90m1449 ms - 76[39m
[35m[HTTP][39m [90m[39m
[35m[HTTP][39m [37m-->[39m [37mPOST[39m [37m/wd/hub/session/13f04e00-c273-4a6c-9a71-f844ab724baa/context[39m
[35m[HTTP][39m [90m{"name":"NATIVE_APP"}[39m
[35m[HTTP][39m [37m<-- POST /wd/hub/session/13f04e00-c273-4a6c-9a71-f844ab724baa/context [39m[32m200[39m [90m144 ms - 76[39m
[35m[HTTP][39m [90m[39m
[35m[HTTP][39m [37m-->[39m [37mGET[39m [37m/wd/hub/session/13f04e00-c273-4a6c-9a71-f844ab724baa/window/current/size[39m
[35m[HTTP][39m [90m{}[39m
[35m[W3C][39m Driver proxy active, passing request on via HTTP proxy
[35m[JSONWP Proxy][39m Replacing sessionId ceae092f-f98e-4b0b-adb4-271f5a0b20ab with 13f04e00-c273-4a6c-9a71-f844ab724baa
[35m[HTTP][39m [37m<-- GET /wd/hub/session/13f04e00-c273-4a6c-9a71-f844ab724baa/window/current/size [39m[32m200[39m [90m29 ms - 100[39m
[35m[HTTP][39m [90m[39m
[35m[HTTP][39m [37m-->[39m [37mPOST[39m [37m/wd/hub/session/13f04e00-c273-4a6c-9a71-f844ab724baa/elements[39m
[35m[HTTP][39m [90m{"using":"xpath","value":"//hierarchy/android.widget.FrameLayout[1]/android.widget.LinearLayout[1]/android.widget.FrameLayout[1]/android.view.ViewGroup[1]/android.widget.FrameLayout[1]/android.view.ViewGroup[1]/android.widget.TextView[1]"}[39m
[35m[HTTP][39m [37m<-- POST /wd/hub/session/13f04e00-c273-4a6c-9a71-f844ab724baa/elements [39m[32m200[39m [90m250 ms - 124[39m
[35m[HTTP][39m [90m[39m
[35m[HTTP][39m [37m-->[39m [37mGET[39m [37m/wd/hub/session/13f04e00-c273-4a6c-9a71-f844ab724baa[39m
[35m[HTTP][39m [90m{}[39m
[35m[HTTP][39m [37m<-- GET /wd/hub/session/13f04e00-c273-4a6c-9a71-f844ab724baa [39m[32m200[39m [90m35 ms - 1175[39m
[35m[HTTP][39m [90m[39m
[35m[HTTP][39m [37m-->[39m [37mGET[39m [37m/wd/hub/session/13f04e00-c273-4a6c-9a71-f844ab724baa[39m
[35m[HTTP][39m [90m{}[39m
[35m[HTTP][39m [37m<-- GET /wd/hub/session/13f04e00-c273-4a6c-9a71-f844ab724baa [39m[32m200[39m [90m33 ms - 1175[39m
[35m[HTTP][39m [90m[39m
[35m[HTTP][39m [37m-->[39m [37mGET[39m [37m/wd/hub/session/13f04e00-c273-4a6c-9a71-f844ab724baa[39m
[35m[HTTP][39m [90m{}[39m
[35m[HTTP][39m [37m<-- GET /wd/hub/session/13f04e00-c273-4a6c-9a71-f844ab724baa [39m[32m200[39m [90m24 ms - 1175[39m
[35m[HTTP][39m [90m[39m
[35m[HTTP][39m [37m-->[39m [37mGET[39m [37m/wd/hub/session/13f04e00-c273-4a6c-9a71-f844ab724baa[39m
[35m[HTTP][39m [90m{}[39m
[35m[HTTP][39m [37m<-- GET /wd/hub/session/13f04e00-c273-4a6c-9a71-f844ab724baa [39m[32m200[39m [90m19 ms - 1175[39m
[35m[HTTP][39m [90m[39m
[35m[HTTP][39m [37m-->[39m [37mGET[39m [37m/wd/hub/session/13f04e00-c273-4a6c-9a71-f844ab724baa/element/6c44dbd8-5059-45a5-987f-5f4b7059ea8d/location[39m
[35m[HTTP][39m [90m{}[39m
[35m[W3C][39m Driver proxy active, passing request on via HTTP proxy
[35m[JSONWP Proxy][39m Replacing sessionId ceae092f-f98e-4b0b-adb4-271f5a0b20ab with 13f04e00-c273-4a6c-9a71-f844ab724baa
[35m[HTTP][39m [37m<-- GET /wd/hub/session/13f04e00-c273-4a6c-9a71-f844ab724baa/element/6c44dbd8-5059-45a5-987f-5f4b7059ea8d/location [39m[32m200[39m [90m26 ms - 89[39m
[35m[HTTP][39m [90m[39m
[35m[HTTP][39m [37m-->[39m [37mGET[39m [37m/wd/hub/session/13f04e00-c273-4a6c-9a71-f844ab724baa/element/6c44dbd8-5059-45a5-987f-5f4b7059ea8d/attribute/text[39m
[35m[HTTP][39m [90m{}[39m
[35m[HTTP][39m [37m<-- GET /wd/hub/session/13f04e00-c273-4a6c-9a71-f844ab724baa/element/6c44dbd8-5059-45a5-987f-5f4b7059ea8d/attribute/text [39m[32m200[39m [90m26 ms - 88[39m
[35m[HTTP][39m [90m[39m
[35m[HTTP][39m [37m-->[39m [37mGET[39m [37m/wd/hub/session/13f04e00-c273-4a6c-9a71-f844ab724baa/window/current/size[39m
[35m[HTTP][39m [90m{}[39m
[35m[W3C][39m Driver proxy active, passing request on via HTTP proxy
[35m[JSONWP Proxy][39m Replacing sessionId ceae092f-f98e-4b0b-adb4-271f5a0b20ab with 13f04e00-c273-4a6c-9a71-f844ab724baa
[35m[HTTP][39m [37m<-- GET /wd/hub/session/13f04e00-c273-4a6c-9a71-f844ab724baa/window/current/size [39m[32m200[39m [90m22 ms - 100[39m
[35m[HTTP][39m [90m[39m
[35m[HTTP][39m [37m-->[39m [37mPOST[39m [37m/wd/hub/session/13f04e00-c273-4a6c-9a71-f844ab724baa/elements[39m
[35m[HTTP][39m [90m{"using":"-android uiautomator","value":"new UiSelector().className(\"android.widget.EditText\").resourceId(\"br.com.mv.monitoringvitals:id/edt_register_name\").instance(0)"}[39m
[35m[HTTP][39m [37m<-- POST /wd/hub/session/13f04e00-c273-4a6c-9a71-f844ab724baa/elements [39m[32m200[39m [90m146 ms - 124[39m
[35m[HTTP][39m [90m[39m
[35m[HTTP][39m [37m-->[39m [37mGET[39m [37m/wd/hub/session/13f04e00-c273-4a6c-9a71-f844ab724baa[39m
[35m[HTTP][39m [90m{}[39m
[35m[HTTP][39m [37m<-- GET /wd/hub/session/13f04e00-c273-4a6c-9a71-f844ab724baa [39m[32m200[39m [90m26 ms - 1175[39m
[35m[HTTP][39m [90m[39m
[35m[HTTP][39m [37m-->[39m [37mGET[39m [37m/wd/hub/session/13f04e00-c273-4a6c-9a71-f844ab724baa[39m
[35m[HTTP][39m [90m{}[39m
[35m[HTTP][39m [37m<-- GET /wd/hub/session/13f04e00-c273-4a6c-9a71-f844ab724baa [39m[32m200[39m [90m22 ms - 1175[39m
[35m[HTTP][39m [90m[39m
[35m[HTTP][39m [37m-->[39m [37mGET[39m [37m/wd/hub/session/13f04e00-c273-4a6c-9a71-f844ab724baa[39m
[35m[HTTP][39m [90m{}[39m
[35m[HTTP][39m [37m<-- GET /wd/hub/session/13f04e00-c273-4a6c-9a71-f844ab724baa [39m[32m200[39m [90m19 ms - 1175[39m
[35m[HTTP][39m [90m[39m
[35m[HTTP][39m [37m-->[39m [37mGET[39m [37m/wd/hub/session/13f04e00-c273-4a6c-9a71-f844ab724baa[39m
[35m[HTTP][39m [90m{}[39m
[35m[HTTP][39m [37m<-- GET /wd/hub/session/13f04e00-c273-4a6c-9a71-f844ab724baa [39m[32m200[39m [90m19 ms - 1175[39m
[35m[HTTP][39m [90m[39m
[35m[HTTP][39m [37m-->[39m [37mGET[39m [37m/wd/hub/session/13f04e00-c273-4a6c-9a71-f844ab724baa/element/b9ae0630-a99e-421b-9659-b1e097319e6d/location[39m
[35m[HTTP][39m [90m{}[39m
[35m[W3C][39m Driver proxy active, passing request on via HTTP proxy
[35m[JSONWP Proxy][39m Replacing sessionId ceae092f-f98e-4b0b-adb4-271f5a0b20ab with 13f04e00-c273-4a6c-9a71-f844ab724baa
[35m[HTTP][39m [37m<-- GET /wd/hub/session/13f04e00-c273-4a6c-9a71-f844ab724baa/element/b9ae0630-a99e-421b-9659-b1e097319e6d/location [39m[32m200[39m [90m59 ms - 88[39m
[35m[HTTP][39m [90m[39m
[35m[HTTP][39m [37m-->[39m [37mPOST[39m [37m/wd/hub/session/13f04e00-c273-4a6c-9a71-f844ab724baa/element/b9ae0630-a99e-421b-9659-b1e097319e6d/clear[39m
[35m[HTTP][39m [90m{"id":"b9ae0630-a99e-421b-9659-b1e097319e6d"}[39m
[35m[HTTP][39m [37m<-- POST /wd/hub/session/13f04e00-c273-4a6c-9a71-f844ab724baa/element/b9ae0630-a99e-421b-9659-b1e097319e6d/clear [39m[32m200[39m [90m83 ms - 89[39m
[35m[HTTP][39m [90m[39m
[35m[HTTP][39m [37m-->[39m [37mPOST[39m [37m/wd/hub/session/13f04e00-c273-4a6c-9a71-f844ab724baa/element/b9ae0630-a99e-421b-9659-b1e097319e6d/value[39m
[35m[HTTP][39m [90m{"id":"b9ae0630-a99e-421b-9659-b1e097319e6d","value":["Carlos de Souza"]}[39m
[35m[HTTP][39m [37m<-- POST /wd/hub/session/13f04e00-c273-4a6c-9a71-f844ab724baa/element/b9ae0630-a99e-421b-9659-b1e097319e6d/value [39m[32m200[39m [90m879 ms - 74[39m
[35m[HTTP][39m [90m[39m
[35m[HTTP][39m [37m-->[39m [37mGET[39m [37m/wd/hub/session/13f04e00-c273-4a6c-9a71-f844ab724baa/window/current/size[39m
[35m[HTTP][39m [90m{}[39m
[35m[W3C][39m Driver proxy active, passing request on via HTTP proxy
[35m[JSONWP Proxy][39m Replacing sessionId ceae092f-f98e-4b0b-adb4-271f5a0b20ab with 13f04e00-c273-4a6c-9a71-f844ab724baa
[35m[HTTP][39m [37m<-- GET /wd/hub/session/13f04e00-c273-4a6c-9a71-f844ab724baa/window/current/size [39m[32m200[39m [90m22 ms - 100[39m
[35m[HTTP][39m [90m[39m
[35m[HTTP][39m [37m-->[39m [37mPOST[39m [37m/wd/hub/session/13f04e00-c273-4a6c-9a71-f844ab724baa/elements[39m
[35m[HTTP][39m [90m{"using":"-android uiautomator","value":"new UiSelector().className(\"android.widget.EditText\").text(\"Apenas Números\").resourceId(\"br.com.mv.monitoringvitals:id/edt_register_cpf\").instance(1)"}[39m
[35m[HTTP][39m [37m<-- POST /wd/hub/session/13f04e00-c273-4a6c-9a71-f844ab724baa/elements [39m[32m200[39m [90m557 ms - 124[39m
[35m[HTTP][39m [90m[39m
[35m[HTTP][39m [37m-->[39m [37mGET[39m [37m/wd/hub/session/13f04e00-c273-4a6c-9a71-f844ab724baa[39m
[35m[HTTP][39m [90m{}[39m
[35m[HTTP][39m [37m<-- GET /wd/hub/session/13f04e00-c273-4a6c-9a71-f844ab724baa [39m[32m200[39m [90m29 ms - 1175[39m
[35m[HTTP][39m [90m[39m
[35m[HTTP][39m [37m-->[39m [37mGET[39m [37m/wd/hub/session/13f04e00-c273-4a6c-9a71-f844ab724baa[39m
[35m[HTTP][39m [90m{}[39m
[35m[HTTP][39m [37m<-- GET /wd/hub/session/13f04e00-c273-4a6c-9a71-f844ab724baa [39m[32m200[39m [90m30 ms - 1175[39m
[35m[HTTP][39m [90m[39m
[35m[HTTP][39m [37m-->[39m [37mGET[39m [37m/wd/hub/session/13f04e00-c273-4a6c-9a71-f844ab724baa[39m
[35m[HTTP][39m [90m{}[39m
[35m[HTTP][39m [37m<-- GET /wd/hub/session/13f04e00-c273-4a6c-9a71-f844ab724baa [39m[32m200[39m [90m27 ms - 1175[39m
[35m[HTTP][39m [90m[39m
[35m[HTTP][39m [37m-->[39m [37mGET[39m [37m/wd/hub/session/13f04e00-c273-4a6c-9a71-f844ab724baa[39m
[35m[HTTP][39m [90m{}[39m
[35m[HTTP][39m [37m<-- GET /wd/hub/session/13f04e00-c273-4a6c-9a71-f844ab724baa [39m[32m200[39m [90m27 ms - 1175[39m
[35m[HTTP][39m [90m[39m
[35m[HTTP][39m [37m-->[39m [37mGET[39m [37m/wd/hub/session/13f04e00-c273-4a6c-9a71-f844ab724baa/element/4cc50c69-7b57-4cc6-80a2-392d56f27448/location[39m
[35m[HTTP][39m [90m{}[39m
[35m[W3C][39m Driver proxy active, passing request on via HTTP proxy
[35m[JSONWP Proxy][39m Replacing sessionId ceae092f-f98e-4b0b-adb4-271f5a0b20ab with 13f04e00-c273-4a6c-9a71-f844ab724baa
[35m[HTTP][39m [37m<-- GET /wd/hub/session/13f04e00-c273-4a6c-9a71-f844ab724baa/element/4cc50c69-7b57-4cc6-80a2-392d56f27448/location [39m[32m200[39m [90m60 ms - 88[39m
[35m[HTTP][39m [90m[39m
[35m[HTTP][39m [37m-->[39m [37mPOST[39m [37m/wd/hub/session/13f04e00-c273-4a6c-9a71-f844ab724baa/element/4cc50c69-7b57-4cc6-80a2-392d56f27448/clear[39m
[35m[HTTP][39m [90m{"id":"4cc50c69-7b57-4cc6-80a2-392d56f27448"}[39m
[35m[HTTP][39m [37m<-- POST /wd/hub/session/13f04e00-c273-4a6c-9a71-f844ab724baa/element/4cc50c69-7b57-4cc6-80a2-392d56f27448/clear [39m[32m200[39m [90m72 ms - 89[39m
[35m[HTTP][39m [90m[39m
[35m[HTTP][39m [37m-->[39m [37mPOST[39m [37m/wd/hub/session/13f04e00-c273-4a6c-9a71-f844ab724baa/element/4cc50c69-7b57-4cc6-80a2-392d56f27448/value[39m
[35m[HTTP][39m [90m{"id":"4cc50c69-7b57-4cc6-80a2-392d56f27448","value":["67628356788"]}[39m
[35m[HTTP][39m [37m<-- POST /wd/hub/session/13f04e00-c273-4a6c-9a71-f844ab724baa/element/4cc50c69-7b57-4cc6-80a2-392d56f27448/value [39m[32m200[39m [90m1580 ms - 74[39m
[35m[HTTP][39m [90m[39m
[35m[HTTP][39m [37m-->[39m [37mGET[39m [37m/wd/hub/session/13f04e00-c273-4a6c-9a71-f844ab724baa/window/current/size[39m
[35m[HTTP][39m [90m{}[39m
[35m[W3C][39m Driver proxy active, passing request on via HTTP proxy
[35m[JSONWP Proxy][39m Replacing sessionId ceae092f-f98e-4b0b-adb4-271f5a0b20ab with 13f04e00-c273-4a6c-9a71-f844ab724baa
[35m[HTTP][39m [37m<-- GET /wd/hub/session/13f04e00-c273-4a6c-9a71-f844ab724baa/window/current/size [39m[32m200[39m [90m27 ms - 100[39m
[35m[HTTP][39m [90m[39m
[35m[HTTP][39m [37m-->[39m [37mPOST[39m [37m/wd/hub/session/13f04e00-c273-4a6c-9a71-f844ab724baa/elements[39m
[35m[HTTP][39m [90m{"using":"-android uiautomator","value":"new UiSelector().className(\"android.widget.EditText\").text(\"dd/mm/yyyy\").resourceId(\"br.com.mv.monitoringvitals:id/edt_register_date_birth\").instance(2)"}[39m
[35m[HTTP][39m [37m<-- POST /wd/hub/session/13f04e00-c273-4a6c-9a71-f844ab724baa/elements [39m[32m200[39m [90m646 ms - 124[39m
[35m[HTTP][39m [90m[39m
[35m[HTTP][39m [37m-->[39m [37mGET[39m [37m/wd/hub/session/13f04e00-c273-4a6c-9a71-f844ab724baa[39m
[35m[HTTP][39m [90m{}[39m
[35m[HTTP][39m [37m<-- GET /wd/hub/session/13f04e00-c273-4a6c-9a71-f844ab724baa [39m[32m200[39m [90m27 ms - 1175[39m
[35m[HTTP][39m [90m[39m
[35m[HTTP][39m [37m-->[39m [37mGET[39m [37m/wd/hub/session/13f04e00-c273-4a6c-9a71-f844ab724baa[39m
[35m[HTTP][39m [90m{}[39m
[35m[HTTP][39m [37m<-- GET /wd/hub/session/13f04e00-c273-4a6c-9a71-f844ab724baa [39m[32m200[39m [90m27 ms - 1175[39m
[35m[HTTP][39m [90m[39m
[35m[HTTP][39m [37m-->[39m [37mGET[39m [37m/wd/hub/session/13f04e00-c273-4a6c-9a71-f844ab724baa[39m
[35m[HTTP][39m [90m{}[39m
[35m[HTTP][39m [37m<-- GET /wd/hub/session/13f04e00-c273-4a6c-9a71-f844ab724baa [39m[32m200[39m [90m27 ms - 1175[39m
[35m[HTTP][39m [90m[39m
[35m[HTTP][39m [37m-->[39m [37mGET[39m [37m/wd/hub/session/13f04e00-c273-4a6c-9a71-f844ab724baa[39m
[35m[HTTP][39m [90m{}[39m
[35m[HTTP][39m [37m<-- GET /wd/hub/session/13f04e00-c273-4a6c-9a71-f844ab724baa [39m[32m200[39m [90m22 ms - 1175[39m
[35m[HTTP][39m [90m[39m
[35m[HTTP][39m [37m-->[39m [37mGET[39m [37m/wd/hub/session/13f04e00-c273-4a6c-9a71-f844ab724baa/element/69184792-dd13-4851-b0db-f4373c5a8353/location[39m
[35m[HTTP][39m [90m{}[39m
[35m[W3C][39m Driver proxy active, passing request on via HTTP proxy
[35m[JSONWP Proxy][39m Replacing sessionId ceae092f-f98e-4b0b-adb4-271f5a0b20ab with 13f04e00-c273-4a6c-9a71-f844ab724baa
[35m[HTTP][39m [37m<-- GET /wd/hub/session/13f04e00-c273-4a6c-9a71-f844ab724baa/element/69184792-dd13-4851-b0db-f4373c5a8353/location [39m[32m200[39m [90m56 ms - 89[39m
[35m[HTTP][39m [90m[39m
[35m[HTTP][39m [37m-->[39m [37mPOST[39m [37m/wd/hub/session/13f04e00-c273-4a6c-9a71-f844ab724baa/element/69184792-dd13-4851-b0db-f4373c5a8353/clear[39m
[35m[HTTP][39m [90m{"id":"69184792-dd13-4851-b0db-f4373c5a8353"}[39m
[35m[HTTP][39m [37m<-- POST /wd/hub/session/13f04e00-c273-4a6c-9a71-f844ab724baa/element/69184792-dd13-4851-b0db-f4373c5a8353/clear [39m[32m200[39m [90m65 ms - 89[39m
[35m[HTTP][39m [90m[39m
[35m[HTTP][39m [37m-->[39m [37mPOST[39m [37m/wd/hub/session/13f04e00-c273-4a6c-9a71-f844ab724baa/element/69184792-dd13-4851-b0db-f4373c5a8353/value[39m
[35m[HTTP][39m [90m{"id":"69184792-dd13-4851-b0db-f4373c5a8353","value":["29121986"]}[39m
[35m[HTTP][39m [37m<-- POST /wd/hub/session/13f04e00-c273-4a6c-9a71-f844ab724baa/element/69184792-dd13-4851-b0db-f4373c5a8353/value [39m[32m200[39m [90m1597 ms - 74[39m
[35m[HTTP][39m [90m[39m
[35m[HTTP][39m [37m-->[39m [37mGET[39m [37m/wd/hub/session/13f04e00-c273-4a6c-9a71-f844ab724baa/window/current/size[39m
[35m[HTTP][39m [90m{}[39m
[35m[W3C][39m Driver proxy active, passing request on via HTTP proxy
[35m[JSONWP Proxy][39m Replacing sessionId ceae092f-f98e-4b0b-adb4-271f5a0b20ab with 13f04e00-c273-4a6c-9a71-f844ab724baa
[35m[HTTP][39m [37m<-- GET /wd/hub/session/13f04e00-c273-4a6c-9a71-f844ab724baa/window/current/size [39m[32m200[39m [90m20 ms - 100[39m
[35m[HTTP][39m [90m[39m
[35m[HTTP][39m [37m-->[39m [37mPOST[39m [37m/wd/hub/session/13f04e00-c273-4a6c-9a71-f844ab724baa/elements[39m
[35m[HTTP][39m [90m{"using":"-android uiautomator","value":"new UiSelector().className(\"android.widget.Spinner\").resourceId(\"br.com.mv.monitoringvitals:id/spn_register_gender\").instance(0)"}[39m
[35m[HTTP][39m [37m<-- POST /wd/hub/session/13f04e00-c273-4a6c-9a71-f844ab724baa/elements [39m[32m200[39m [90m651 ms - 124[39m
[35m[HTTP][39m [90m[39m
[35m[HTTP][39m [37m-->[39m [37mGET[39m [37m/wd/hub/session/13f04e00-c273-4a6c-9a71-f844ab724baa[39m
[35m[HTTP][39m [90m{}[39m
[35m[HTTP][39m [37m<-- GET /wd/hub/session/13f04e00-c273-4a6c-9a71-f844ab724baa [39m[32m200[39m [90m27 ms - 1175[39m
[35m[HTTP][39m [90m[39m
[35m[HTTP][39m [37m-->[39m [37mGET[39m [37m/wd/hub/session/13f04e00-c273-4a6c-9a71-f844ab724baa[39m
[35m[HTTP][39m [90m{}[39m
[35m[HTTP][39m [37m<-- GET /wd/hub/session/13f04e00-c273-4a6c-9a71-f844ab724baa [39m[32m200[39m [90m20 ms - 1175[39m
[35m[HTTP][39m [90m[39m
[35m[HTTP][39m [37m-->[39m [37mGET[39m [37m/wd/hub/session/13f04e00-c273-4a6c-9a71-f844ab724baa[39m
[35m[HTTP][39m [90m{}[39m
[35m[HTTP][39m [37m<-- GET /wd/hub/session/13f04e00-c273-4a6c-9a71-f844ab724baa [39m[32m200[39m [90m17 ms - 1175[39m
[35m[HTTP][39m [90m[39m
[35m[HTTP][39m [37m-->[39m [37mGET[39m [37m/wd/hub/session/13f04e00-c273-4a6c-9a71-f844ab724baa[39m
[35m[HTTP][39m [90m{}[39m
[35m[HTTP][39m [37m<-- GET /wd/hub/session/13f04e00-c273-4a6c-9a71-f844ab724baa [39m[32m200[39m [90m17 ms - 1175[39m
[35m[HTTP][39m [90m[39m
[35m[HTTP][39m [37m-->[39m [37mGET[39m [37m/wd/hub/session/13f04e00-c273-4a6c-9a71-f844ab724baa/element/d96cc5fa-3aa5-4262-a95c-ffc70e1ba94c/location[39m
[35m[HTTP][39m [90m{}[39m
[35m[W3C][39m Driver proxy active, passing request on via HTTP proxy
[35m[JSONWP Proxy][39m Replacing sessionId ceae092f-f98e-4b0b-adb4-271f5a0b20ab with 13f04e00-c273-4a6c-9a71-f844ab724baa
[35m[HTTP][39m [37m<-- GET /wd/hub/session/13f04e00-c273-4a6c-9a71-f844ab724baa/element/d96cc5fa-3aa5-4262-a95c-ffc70e1ba94c/location [39m[32m200[39m [90m50 ms - 89[39m
[35m[HTTP][39m [90m[39m
[35m[HTTP][39m [37m-->[39m [37mPOST[39m [37m/wd/hub/session/13f04e00-c273-4a6c-9a71-f844ab724baa/touch/perform[39m
[35m[HTTP][39m [90m{"actions":[{"action":"tap","options":{"element":"d96cc5fa-3aa5-4262-a95c-ffc70e1ba94c","x":1,"y":1}}]}[39m
[35m[UiAutomator2][39m calling get location: d96cc5fa-3aa5-4262-a95c-ffc70e1ba94c
[35m[HTTP][39m [37m<-- POST /wd/hub/session/13f04e00-c273-4a6c-9a71-f844ab724baa/touch/perform [39m[32m200[39m [90m1177 ms - 76[39m
[35m[HTTP][39m [90m[39m
[35m[HTTP][39m [37m-->[39m [37mGET[39m [37m/wd/hub/session/13f04e00-c273-4a6c-9a71-f844ab724baa/window/current/size[39m
[35m[HTTP][39m [90m{}[39m
[35m[W3C][39m Driver proxy active, passing request on via HTTP proxy
[35m[JSONWP Proxy][39m Replacing sessionId ceae092f-f98e-4b0b-adb4-271f5a0b20ab with 13f04e00-c273-4a6c-9a71-f844ab724baa
[35m[HTTP][39m [37m<-- GET /wd/hub/session/13f04e00-c273-4a6c-9a71-f844ab724baa/window/current/size [39m[32m200[39m [90m27 ms - 100[39m
[35m[HTTP][39m [90m[39m
[35m[HTTP][39m [37m-->[39m [37mPOST[39m [37m/wd/hub/session/13f04e00-c273-4a6c-9a71-f844ab724baa/elements[39m
[35m[HTTP][39m [90m{"using":"-android uiautomator","value":"new UiSelector().className(\"android.widget.TextView\").text(\"Masculino\").resourceId(\"android:id/text1\").instance(0)"}[39m
[35m[HTTP][39m [37m<-- POST /wd/hub/session/13f04e00-c273-4a6c-9a71-f844ab724baa/elements [39m[32m200[39m [90m44 ms - 124[39m
[35m[HTTP][39m [90m[39m
[35m[HTTP][39m [37m-->[39m [37mGET[39m [37m/wd/hub/session/13f04e00-c273-4a6c-9a71-f844ab724baa[39m
[35m[HTTP][39m [90m{}[39m
[35m[HTTP][39m [37m<-- GET /wd/hub/session/13f04e00-c273-4a6c-9a71-f844ab724baa [39m[32m200[39m [90m17 ms - 1175[39m
[35m[HTTP][39m [90m[39m
[35m[HTTP][39m [37m-->[39m [37mGET[39m [37m/wd/hub/session/13f04e00-c273-4a6c-9a71-f844ab724baa[39m
[35m[HTTP][39m [90m{}[39m
[35m[HTTP][39m [37m<-- GET /wd/hub/session/13f04e00-c273-4a6c-9a71-f844ab724baa [39m[32m200[39m [90m17 ms - 1175[39m
[35m[HTTP][39m [90m[39m
[35m[HTTP][39m [37m-->[39m [37mGET[39m [37m/wd/hub/session/13f04e00-c273-4a6c-9a71-f844ab724baa[39m
[35m[HTTP][39m [90m{}[39m
[35m[HTTP][39m [37m<-- GET /wd/hub/session/13f04e00-c273-4a6c-9a71-f844ab724baa [39m[32m200[39m [90m17 ms - 1175[39m
[35m[HTTP][39m [90m[39m
[35m[HTTP][39m [37m-->[39m [37mGET[39m [37m/wd/hub/session/13f04e00-c273-4a6c-9a71-f844ab724baa[39m
[35m[HTTP][39m [90m{}[39m
[35m[HTTP][39m [37m<-- GET /wd/hub/session/13f04e00-c273-4a6c-9a71-f844ab724baa [39m[32m200[39m [90m17 ms - 1175[39m
[35m[HTTP][39m [90m[39m
[35m[HTTP][39m [37m-->[39m [37mGET[39m [37m/wd/hub/session/13f04e00-c273-4a6c-9a71-f844ab724baa/element/caabbfd4-bd25-48ac-bfa5-f5790cc31cc4/location[39m
[35m[HTTP][39m [90m{}[39m
[35m[W3C][39m Driver proxy active, passing request on via HTTP proxy
[35m[JSONWP Proxy][39m Replacing sessionId ceae092f-f98e-4b0b-adb4-271f5a0b20ab with 13f04e00-c273-4a6c-9a71-f844ab724baa
[35m[HTTP][39m [37m<-- GET /wd/hub/session/13f04e00-c273-4a6c-9a71-f844ab724baa/element/caabbfd4-bd25-48ac-bfa5-f5790cc31cc4/location [39m[32m200[39m [90m25 ms - 89[39m
[35m[HTTP][39m [90m[39m
[35m[HTTP][39m [37m-->[39m [37mPOST[39m [37m/wd/hub/session/13f04e00-c273-4a6c-9a71-f844ab724baa/touch/perform[39m
[35m[HTTP][39m [90m{"actions":[{"action":"tap","options":{"element":"caabbfd4-bd25-48ac-bfa5-f5790cc31cc4","x":1,"y":1}}]}[39m
[35m[UiAutomator2][39m calling get location: caabbfd4-bd25-48ac-bfa5-f5790cc31cc4
[35m[HTTP][39m [37m<-- POST /wd/hub/session/13f04e00-c273-4a6c-9a71-f844ab724baa/touch/perform [39m[32m200[39m [90m848 ms - 76[39m
[35m[HTTP][39m [90m[39m
[35m[HTTP][39m [37m-->[39m [37mGET[39m [37m/wd/hub/session/13f04e00-c273-4a6c-9a71-f844ab724baa/window/current/size[39m
[35m[HTTP][39m [90m{}[39m
[35m[W3C][39m Driver proxy active, passing request on via HTTP proxy
[35m[JSONWP Proxy][39m Replacing sessionId ceae092f-f98e-4b0b-adb4-271f5a0b20ab with 13f04e00-c273-4a6c-9a71-f844ab724baa
[35m[HTTP][39m [37m<-- GET /wd/hub/session/13f04e00-c273-4a6c-9a71-f844ab724baa/window/current/size [39m[32m200[39m [90m20 ms - 100[39m
[35m[HTTP][39m [90m[39m
[35m[HTTP][39m [37m-->[39m [37mPOST[39m [37m/wd/hub/session/13f04e00-c273-4a6c-9a71-f844ab724baa/elements[39m
[35m[HTTP][39m [90m{"using":"-android uiautomator","value":"new UiSelector().className(\"android.widget.EditText\").text(\"DDD + Celular\").resourceId(\"br.com.mv.monitoringvitals:id/edt_register_phone\").instance(1)"}[39m
[35m[HTTP][39m [37m<-- POST /wd/hub/session/13f04e00-c273-4a6c-9a71-f844ab724baa/elements [39m[32m200[39m [90m130 ms - 124[39m
[35m[HTTP][39m [90m[39m
[35m[HTTP][39m [37m-->[39m [37mGET[39m [37m/wd/hub/session/13f04e00-c273-4a6c-9a71-f844ab724baa[39m
[35m[HTTP][39m [90m{}[39m
[35m[HTTP][39m [37m<-- GET /wd/hub/session/13f04e00-c273-4a6c-9a71-f844ab724baa [39m[32m200[39m [90m19 ms - 1175[39m
[35m[HTTP][39m [90m[39m
[35m[HTTP][39m [37m-->[39m [37mGET[39m [37m/wd/hub/session/13f04e00-c273-4a6c-9a71-f844ab724baa[39m
[35m[HTTP][39m [90m{}[39m
[35m[HTTP][39m [37m<-- GET /wd/hub/session/13f04e00-c273-4a6c-9a71-f844ab724baa [39m[32m200[39m [90m17 ms - 1175[39m
[35m[HTTP][39m [90m[39m
[35m[HTTP][39m [37m-->[39m [37mGET[39m [37m/wd/hub/session/13f04e00-c273-4a6c-9a71-f844ab724baa[39m
[35m[HTTP][39m [90m{}[39m
[35m[HTTP][39m [37m<-- GET /wd/hub/session/13f04e00-c273-4a6c-9a71-f844ab724baa [39m[32m200[39m [90m16 ms - 1175[39m
[35m[HTTP][39m [90m[39m
[35m[HTTP][39m [37m-->[39m [37mGET[39m [37m/wd/hub/session/13f04e00-c273-4a6c-9a71-f844ab724baa[39m
[35m[HTTP][39m [90m{}[39m
[35m[HTTP][39m [37m<-- GET /wd/hub/session/13f04e00-c273-4a6c-9a71-f844ab724baa [39m[32m200[39m [90m17 ms - 1175[39m
[35m[HTTP][39m [90m[39m
[35m[HTTP][39m [37m-->[39m [37mGET[39m [37m/wd/hub/session/13f04e00-c273-4a6c-9a71-f844ab724baa/element/e8f4f11d-cc80-48bc-8ddc-2a6b2550b199/location[39m
[35m[HTTP][39m [90m{}[39m
[35m[W3C][39m Driver proxy active, passing request on via HTTP proxy
[35m[JSONWP Proxy][39m Replacing sessionId ceae092f-f98e-4b0b-adb4-271f5a0b20ab with 13f04e00-c273-4a6c-9a71-f844ab724baa
[35m[HTTP][39m [37m<-- GET /wd/hub/session/13f04e00-c273-4a6c-9a71-f844ab724baa/element/e8f4f11d-cc80-48bc-8ddc-2a6b2550b199/location [39m[32m200[39m [90m50 ms - 90[39m
[35m[HTTP][39m [90m[39m
[35m[HTTP][39m [37m-->[39m [37mPOST[39m [37m/wd/hub/session/13f04e00-c273-4a6c-9a71-f844ab724baa/element/e8f4f11d-cc80-48bc-8ddc-2a6b2550b199/clear[39m
[35m[HTTP][39m [90m{"id":"e8f4f11d-cc80-48bc-8ddc-2a6b2550b199"}[39m
[35m[HTTP][39m [37m<-- POST /wd/hub/session/13f04e00-c273-4a6c-9a71-f844ab724baa/element/e8f4f11d-cc80-48bc-8ddc-2a6b2550b199/clear [39m[32m200[39m [90m64 ms - 89[39m
[35m[HTTP][39m [90m[39m
[35m[HTTP][39m [37m-->[39m [37mPOST[39m [37m/wd/hub/session/13f04e00-c273-4a6c-9a71-f844ab724baa/element/e8f4f11d-cc80-48bc-8ddc-2a6b2550b199/value[39m
[35m[HTTP][39m [90m{"id":"e8f4f11d-cc80-48bc-8ddc-2a6b2550b199","value":["81999002918"]}[39m
[35m[HTTP][39m [37m<-- POST /wd/hub/session/13f04e00-c273-4a6c-9a71-f844ab724baa/element/e8f4f11d-cc80-48bc-8ddc-2a6b2550b199/value [39m[32m200[39m [90m1572 ms - 74[39m
[35m[HTTP][39m [90m[39m
[35m[HTTP][39m [37m-->[39m [37mGET[39m [37m/wd/hub/session/13f04e00-c273-4a6c-9a71-f844ab724baa/context[39m
[35m[HTTP][39m [90m{}[39m
[35m[HTTP][39m [37m<-- GET /wd/hub/session/13f04e00-c273-4a6c-9a71-f844ab724baa/context [39m[32m200[39m [90m2 ms - 84[39m
[35m[HTTP][39m [90m[39m
[35m[HTTP][39m [37m-->[39m [37mGET[39m [37m/wd/hub/session/13f04e00-c273-4a6c-9a71-f844ab724baa/contexts[39m
[35m[HTTP][39m [90m{}[39m
[35m[HTTP][39m [37m<-- GET /wd/hub/session/13f04e00-c273-4a6c-9a71-f844ab724baa/contexts [39m[32m200[39m [90m117 ms - 86[39m
[35m[HTTP][39m [90m[39m
[35m[HTTP][39m [37m-->[39m [37mPOST[39m [37m/wd/hub/session/13f04e00-c273-4a6c-9a71-f844ab724baa/context[39m
[35m[HTTP][39m [90m{"name":"NATIVE_APP"}[39m
[35m[HTTP][39m [37m<-- POST /wd/hub/session/13f04e00-c273-4a6c-9a71-f844ab724baa/context [39m[32m200[39m [90m95 ms - 76[39m
[35m[HTTP][39m [90m[39m
[35m[HTTP][39m [37m-->[39m [37mGET[39m [37m/wd/hub/session/13f04e00-c273-4a6c-9a71-f844ab724baa/screenshot[39m
[35m[HTTP][39m [90m{}[39m
[35m[HTTP][39m [37m<-- GET /wd/hub/session/13f04e00-c273-4a6c-9a71-f844ab724baa/screenshot [39m[32m200[39m [90m890 ms - 259672[39m
[35m[HTTP][39m [90m[39m
[35m[HTTP][39m [37m-->[39m [37mPOST[39m [37m/wd/hub/session/13f04e00-c273-4a6c-9a71-f844ab724baa/context[39m
[35m[HTTP][39m [90m{"name":"NATIVE_APP"}[39m
[35m[HTTP][39m [37m<-- POST /wd/hub/session/13f04e00-c273-4a6c-9a71-f844ab724baa/context [39m[32m200[39m [90m324 ms - 76[39m
[35m[HTTP][39m [90m[39m
[35m[HTTP][39m [37m-->[39m [37mGET[39m [37m/wd/hub/session/13f04e00-c273-4a6c-9a71-f844ab724baa/window/current/size[39m
[35m[HTTP][39m [90m{}[39m
[35m[W3C][39m Driver proxy active, passing request on via HTTP proxy
[35m[JSONWP Proxy][39m Replacing sessionId ceae092f-f98e-4b0b-adb4-271f5a0b20ab with 13f04e00-c273-4a6c-9a71-f844ab724baa
[35m[HTTP][39m [37m<-- GET /wd/hub/session/13f04e00-c273-4a6c-9a71-f844ab724baa/window/current/size [39m[32m200[39m [90m20 ms - 100[39m
[35m[HTTP][39m [90m[39m
[35m[HTTP][39m [37m-->[39m [37mPOST[39m [37m/wd/hub/session/13f04e00-c273-4a6c-9a71-f844ab724baa/elements[39m
[35m[HTTP][39m [90m{"using":"-android uiautomator","value":"new UiSelector().className(\"android.widget.TextView\").resourceId(\"br.com.mv.monitoringvitals:id/action_confirm\").instance(1)"}[39m
[35m[HTTP][39m [37m<-- POST /wd/hub/session/13f04e00-c273-4a6c-9a71-f844ab724baa/elements [39m[32m200[39m [90m121 ms - 124[39m
[35m[HTTP][39m [90m[39m
[35m[HTTP][39m [37m-->[39m [37mGET[39m [37m/wd/hub/session/13f04e00-c273-4a6c-9a71-f844ab724baa[39m
[35m[HTTP][39m [90m{}[39m
[35m[HTTP][39m [37m<-- GET /wd/hub/session/13f04e00-c273-4a6c-9a71-f844ab724baa [39m[32m200[39m [90m24 ms - 1175[39m
[35m[HTTP][39m [90m[39m
[35m[HTTP][39m [37m-->[39m [37mGET[39m [37m/wd/hub/session/13f04e00-c273-4a6c-9a71-f844ab724baa[39m
[35m[HTTP][39m [90m{}[39m
[35m[HTTP][39m [37m<-- GET /wd/hub/session/13f04e00-c273-4a6c-9a71-f844ab724baa [39m[32m200[39m [90m22 ms - 1175[39m
[35m[HTTP][39m [90m[39m
[35m[HTTP][39m [37m-->[39m [37mGET[39m [37m/wd/hub/session/13f04e00-c273-4a6c-9a71-f844ab724baa[39m
[35m[HTTP][39m [90m{}[39m
[35m[HTTP][39m [37m<-- GET /wd/hub/session/13f04e00-c273-4a6c-9a71-f844ab724baa [39m[32m200[39m [90m20 ms - 1175[39m
[35m[HTTP][39m [90m[39m
[35m[HTTP][39m [37m-->[39m [37mGET[39m [37m/wd/hub/session/13f04e00-c273-4a6c-9a71-f844ab724baa[39m
[35m[HTTP][39m [90m{}[39m
[35m[HTTP][39m [37m<-- GET /wd/hub/session/13f04e00-c273-4a6c-9a71-f844ab724baa [39m[32m200[39m [90m20 ms - 1175[39m
[35m[HTTP][39m [90m[39m
[35m[HTTP][39m [37m-->[39m [37mGET[39m [37m/wd/hub/session/13f04e00-c273-4a6c-9a71-f844ab724baa/element/5a8cc914-000d-42cf-bc7d-30ed944901b9/location[39m
[35m[HTTP][39m [90m{}[39m
[35m[W3C][39m Driver proxy active, passing request on via HTTP proxy
[35m[JSONWP Proxy][39m Replacing sessionId ceae092f-f98e-4b0b-adb4-271f5a0b20ab with 13f04e00-c273-4a6c-9a71-f844ab724baa
[35m[HTTP][39m [37m<-- GET /wd/hub/session/13f04e00-c273-4a6c-9a71-f844ab724baa/element/5a8cc914-000d-42cf-bc7d-30ed944901b9/location [39m[32m200[39m [90m54 ms - 88[39m
[35m[HTTP][39m [90m[39m
[35m[HTTP][39m [37m-->[39m [37mPOST[39m [37m/wd/hub/session/13f04e00-c273-4a6c-9a71-f844ab724baa/touch/perform[39m
[35m[HTTP][39m [90m{"actions":[{"action":"tap","options":{"element":"5a8cc914-000d-42cf-bc7d-30ed944901b9","x":1,"y":1}}]}[39m
[35m[UiAutomator2][39m calling get location: 5a8cc914-000d-42cf-bc7d-30ed944901b9
[35m[HTTP][39m [37m<-- POST /wd/hub/session/13f04e00-c273-4a6c-9a71-f844ab724baa/touch/perform [39m[32m200[39m [90m3228 ms - 76[39m
[35m[HTTP][39m [90m[39m
