[35m[Appium][39m Welcome to Appium v1.8.0
[35m[Appium][39m Non-default server args:
[35m[Appium][39m   port: 61528
[35m[Appium][39m   loglevel: info
[35m[Appium][39m   chromeDriverPort: 61529
[35m[Appium][39m   tmpDir: C:\Users\RAFAEL~1.HEN\AppData\Local\Temp\\Katalon\Appium\Temp1527104506189
[35m[Appium][39m Appium REST http interface listener started on 0.0.0.0:61528
[35m[HTTP][39m [37m-->[39m [37mGET[39m [37m/wd/hub/status[39m
[35m[HTTP][39m [90m{}[39m
[35m[HTTP][39m [37m<-- GET /wd/hub/status [39m[32m200[39m [90m14 ms - 83[39m
[35m[HTTP][39m [90m[39m
[35m[HTTP][39m [37m-->[39m [37mPOST[39m [37m/wd/hub/session[39m
[35m[HTTP][39m [90m{"desiredCapabilities":{"app":"C:\\Users\\rafael.henrique\\Katalon Studio\\MONVAT\\APK\\MONVIT_v1.7.24.apk","autoGrantPermissions":true,"automationName":"uiautomator2","deviceName":"motorola Moto G (5) (Android 7.0)","fullReset":false,"newCommandTimeout":1800,"noReset":true,"platform":"ANDROID","platformName":"Android","udid":"0038153251"},"capabilities":{"desiredCapabilities":{"app":"C:\\Users\\rafael.henrique\\Katalon Studio\\MONVAT\\APK\\MONVIT_v1.7.24.apk","autoGrantPermissions":true,"automationName":"uiautomator2","deviceName":"motorola Moto G (5) (Android 7.0)","fullReset":false,"newCommandTimeout":1800,"noReset":true,"platform":"ANDROID","platformName":"Android","udid":"0038153251"},"firstMatch":[{"platformName":"android"}]}}[39m
[35m[Appium][39m Could not parse W3C capabilities: 'deviceName' can't be blank. Falling back to JSONWP protocol.
[35m[Appium][39m The following capabilities were provided in the JSONWP desired capabilities that are missing in W3C capabilities: ["app","autoGrantPermissions","automationName","deviceName","fullReset","newCommandTimeout","noReset","platform","platformName","udid"]. Falling back to JSONWP protocol.
[35m[Appium][39m Creating new AndroidUiautomator2Driver (v1.9.0) session
[35m[Appium][39m Capabilities:
[35m[Appium][39m   app: C:\Users\rafael.henrique\Katalon Studio\MONVAT\APK\MONVIT_v1.7.24.apk
[35m[Appium][39m   autoGrantPermissions: true
[35m[Appium][39m   automationName: uiautomator2
[35m[Appium][39m   deviceName: motorola Moto G (5) (Android 7.0)
[35m[Appium][39m   fullReset: false
[35m[Appium][39m   newCommandTimeout: 1800
[35m[Appium][39m   noReset: true
[35m[Appium][39m   platform: ANDROID
[35m[Appium][39m   platformName: Android
[35m[Appium][39m   udid: 0038153251
[35m[BaseDriver][39m The following capabilities were provided, but are not recognized by appium: platform.
[35m[BaseDriver][39m Session created with session id: cad3d58a-f6a3-4299-ae9d-7e5b970d4241
[35m[BaseDriver][39m Using local app 'C:\Users\rafael.henrique\Katalon Studio\MONVAT\APK\MONVIT_v1.7.24.apk'
[35m[AndroidDriver][39m Java version is: 1.8.0_102
[35m[ADB][39m Checking whether adb is present
[35m[ADB][39m Found 1 'build-tools' folders under 'C:\Users\rafael.henrique\.katalon\tools\android_sdk' (newest first):
[35m[ADB][39m     C:/Users/rafael.henrique/.katalon/tools/android_sdk/build-tools/28.0.0
[35m[ADB][39m Using adb.exe from C:\Users\rafael.henrique\.katalon\tools\android_sdk\platform-tools\adb.exe
[35m[AndroidDriver][39m Retrieving device list
[35m[AndroidDriver][39m Using device: 0038153251
[35m[ADB][39m Checking whether adb is present
[35m[ADB][39m Using adb.exe from C:\Users\rafael.henrique\.katalon\tools\android_sdk\platform-tools\adb.exe
[35m[ADB][39m Using the alternative activity name detection method because of: Could not find apkanalyzer.bat in C:\Users\rafael.henrique\.katalon\tools\android_sdk\platform-tools\apkanalyzer.bat,C:\Users\rafael.henrique\.katalon\tools\android_sdk\emulator\apkanalyzer.bat,C:\Users\rafael.henrique\.katalon\tools\android_sdk\tools\apkanalyzer.bat,C:\Users\rafael.henrique\.katalon\tools\android_sdk\tools\bin\apkanalyzer.bat,C:\Users\rafael.henrique\.katalon\tools\android_sdk\build-tools\28.0.0\apkanalyzer.bat. Do you have the Android SDK installed at 'C:\Users\rafael.henrique\.katalon\tools\android_sdk'?
[35m[ADB][39m Checking whether aapt is present
[35m[ADB][39m Using aapt.exe from C:\Users\rafael.henrique\.katalon\tools\android_sdk\build-tools\28.0.0\aapt.exe
[35m[ADB][39m Extracting package and launch activity from manifest
[35m[ADB][39m Package name: 'br.com.mv.monitoringvitals'
[35m[ADB][39m Main activity name: 'br.com.mv.monitoringvitals.views.SplashActivity'
[35m[ADB][39m Getting device platform version
[35m[ADB][39m Using apksigner.bat from C:\Users\rafael.henrique\.katalon\tools\android_sdk\build-tools\28.0.0\apksigner.bat
[35m[ADB][39m Using apksigner.bat from C:\Users\rafael.henrique\.katalon\tools\android_sdk\build-tools\28.0.0\apksigner.bat
[35m[ADB][39m Using apksigner.bat from C:\Users\rafael.henrique\.katalon\tools\android_sdk\build-tools\28.0.0\apksigner.bat
[35m[ADB][39m Checking whether zipalign is present
[35m[ADB][39m Using zipalign.exe from C:\Users\rafael.henrique\.katalon\tools\android_sdk\build-tools\28.0.0\zipalign.exe
[35m[ADB][39m Using apksigner.bat from C:\Users\rafael.henrique\.katalon\tools\android_sdk\build-tools\28.0.0\apksigner.bat
[35m[ADB][39m Using apksigner.bat from C:\Users\rafael.henrique\.katalon\tools\android_sdk\build-tools\28.0.0\apksigner.bat
[35m[ADB][39m Using apksigner.bat from C:\Users\rafael.henrique\.katalon\tools\android_sdk\build-tools\28.0.0\apksigner.bat
[35m[ADB][39m Using apksigner.bat from C:\Users\rafael.henrique\.katalon\tools\android_sdk\build-tools\28.0.0\apksigner.bat
[35m[ADB][39m Checking whether zipalign is present
[35m[ADB][39m Using zipalign.exe from C:\Users\rafael.henrique\.katalon\tools\android_sdk\build-tools\28.0.0\zipalign.exe
[35m[ADB][39m Using apksigner.bat from C:\Users\rafael.henrique\.katalon\tools\android_sdk\build-tools\28.0.0\apksigner.bat
[35m[ADB][39m io.appium.uiautomator2.server was successfully uninstalled
[35m[ADB][39m io.appium.uiautomator2.server.test was successfully uninstalled
[35m[ADB][39m Checking whether aapt is present
[35m[ADB][39m Using aapt.exe from C:\Users\rafael.henrique\.katalon\tools\android_sdk\build-tools\28.0.0\aapt.exe
[35m[AndroidDriver][39m setDeviceLanguageCountry requires language or country.
[35m[AndroidDriver][39m Got language: 'null' and country: 'null'
[35m[ADB][39m Checking whether aapt is present
[35m[ADB][39m Using aapt.exe from C:\Users\rafael.henrique\.katalon\tools\android_sdk\build-tools\28.0.0\aapt.exe
[35m[ADB][39m Checking whether aapt is present
[35m[ADB][39m Using aapt.exe from C:\Users\rafael.henrique\.katalon\tools\android_sdk\build-tools\28.0.0\aapt.exe
[35m[ADB][39m Successfully extracted 361 strings from 'C:\Users\rafael.henrique\Katalon Studio\MONVAT\APK\MONVIT_v1.7.24.apk' resources for '(default)' configuration
[35m[ADB][39m Using apksigner.bat from C:\Users\rafael.henrique\.katalon\tools\android_sdk\build-tools\28.0.0\apksigner.bat
[35m[ADB][39m Using apksigner.bat from C:\Users\rafael.henrique\.katalon\tools\android_sdk\build-tools\28.0.0\apksigner.bat
[35m[ADB][39m Using apksigner.bat from C:\Users\rafael.henrique\.katalon\tools\android_sdk\build-tools\28.0.0\apksigner.bat
[35m[ADB][39m Checking whether zipalign is present
[35m[ADB][39m Using zipalign.exe from C:\Users\rafael.henrique\.katalon\tools\android_sdk\build-tools\28.0.0\zipalign.exe
[35m[ADB][39m Using apksigner.bat from C:\Users\rafael.henrique\.katalon\tools\android_sdk\build-tools\28.0.0\apksigner.bat
[35m[ADB][39m Checking whether aapt is present
[35m[ADB][39m Using aapt.exe from C:\Users\rafael.henrique\.katalon\tools\android_sdk\build-tools\28.0.0\aapt.exe
[35m[UiAutomator2][39m Starting uiautomator2 server 1.7.0
[35m[UiAutomator2][39m Using UIAutomator2 server from 'C:\Users\rafael.henrique\AppData\Roaming\npm\node_modules\appium\node_modules\appium-uiautomator2-server\apks\appium-uiautomator2-server-v1.7.0.apk' and test from 'C:\Users\rafael.henrique\AppData\Roaming\npm\node_modules\appium\node_modules\appium-uiautomator2-server\apks\appium-uiautomator2-server-debug-androidTest.apk'
[35m[UiAutomator2][39m Running command: 'adb -s 0038153251 shell am instrument -w io.appium.uiautomator2.server.test/android.support.test.runner.AndroidJUnitRunner'
[35m[UiAutomator2][39m Waiting up to 20000ms for UiAutomator2 to be online...
[35m[AndroidDriver][39m Screen already unlocked, doing nothing
[35m[UiAutomator2][39m UiAutomator2 did not start the activity we were waiting for, 'br.com.mv.monitoringvitals/br.com.mv.monitoringvitals.views.SplashActivity'. Starting it ourselves
[35m[Appium][39m New AndroidUiautomator2Driver session created successfully, session cad3d58a-f6a3-4299-ae9d-7e5b970d4241 added to master session list
[35m[HTTP][39m [37m<-- POST /wd/hub/session [39m[32m200[39m [90m30659 ms - 1175[39m
[35m[HTTP][39m [90m[39m
[35m[HTTP][39m [37m-->[39m [37mGET[39m [37m/wd/hub/status[39m
[35m[HTTP][39m [90m{}[39m
[35m[HTTP][39m [37m<-- GET /wd/hub/status [39m[32m200[39m [90m2 ms - 55[39m
[35m[HTTP][39m [90m[39m
[35m[HTTP][39m [37m-->[39m [37mPOST[39m [37m/wd/hub/session/cad3d58a-f6a3-4299-ae9d-7e5b970d4241/timeouts[39m
[35m[HTTP][39m [90m{"type":"implicit","ms":30000}[39m
[35m[HTTP][39m [37m<-- POST /wd/hub/session/cad3d58a-f6a3-4299-ae9d-7e5b970d4241/timeouts [39m[33m400[39m [90m11 ms - 5628[39m
[35m[HTTP][39m [90m[39m
[35m[HTTP][39m [37m-->[39m [37mGET[39m [37m/wd/hub/session/cad3d58a-f6a3-4299-ae9d-7e5b970d4241/context[39m
[35m[HTTP][39m [90m{}[39m
[35m[HTTP][39m [37m<-- GET /wd/hub/session/cad3d58a-f6a3-4299-ae9d-7e5b970d4241/context [39m[32m200[39m [90m7 ms - 84[39m
[35m[HTTP][39m [90m[39m
[35m[HTTP][39m [37m-->[39m [37mGET[39m [37m/wd/hub/session/cad3d58a-f6a3-4299-ae9d-7e5b970d4241/contexts[39m
[35m[HTTP][39m [90m{}[39m
[35m[HTTP][39m [37m<-- GET /wd/hub/session/cad3d58a-f6a3-4299-ae9d-7e5b970d4241/contexts [39m[32m200[39m [90m97 ms - 86[39m
[35m[HTTP][39m [90m[39m
[35m[HTTP][39m [37m-->[39m [37mPOST[39m [37m/wd/hub/session/cad3d58a-f6a3-4299-ae9d-7e5b970d4241/context[39m
[35m[HTTP][39m [90m{"name":"NATIVE_APP"}[39m
[35m[HTTP][39m [37m<-- POST /wd/hub/session/cad3d58a-f6a3-4299-ae9d-7e5b970d4241/context [39m[32m200[39m [90m90 ms - 76[39m
[35m[HTTP][39m [90m[39m
[35m[HTTP][39m [37m-->[39m [37mPOST[39m [37m/wd/hub/session/cad3d58a-f6a3-4299-ae9d-7e5b970d4241/appium/device/hide_keyboard[39m
[35m[HTTP][39m [90m{}[39m
[35m[HTTP][39m [37m<-- POST /wd/hub/session/cad3d58a-f6a3-4299-ae9d-7e5b970d4241/appium/device/hide_keyboard [39m[31m500[39m [90m266 ms - 1426[39m
[35m[HTTP][39m [90m[39m
[35m[HTTP][39m [37m-->[39m [37mPOST[39m [37m/wd/hub/session/cad3d58a-f6a3-4299-ae9d-7e5b970d4241/context[39m
[35m[HTTP][39m [90m{"name":"NATIVE_APP"}[39m
[35m[HTTP][39m [37m<-- POST /wd/hub/session/cad3d58a-f6a3-4299-ae9d-7e5b970d4241/context [39m[32m200[39m [90m91 ms - 76[39m
[35m[HTTP][39m [90m[39m
[35m[HTTP][39m [37m-->[39m [37mGET[39m [37m/wd/hub/session/cad3d58a-f6a3-4299-ae9d-7e5b970d4241/window/current/size[39m
[35m[HTTP][39m [90m{}[39m
[35m[W3C][39m Driver proxy active, passing request on via HTTP proxy
[35m[JSONWP Proxy][39m Replacing sessionId a4c5930b-1e7a-4a3f-aa3d-21d285bc2fc0 with cad3d58a-f6a3-4299-ae9d-7e5b970d4241
[35m[HTTP][39m [37m<-- GET /wd/hub/session/cad3d58a-f6a3-4299-ae9d-7e5b970d4241/window/current/size [39m[32m200[39m [90m28 ms - 100[39m
[35m[HTTP][39m [90m[39m
[35m[HTTP][39m [37m-->[39m [37mPOST[39m [37m/wd/hub/session/cad3d58a-f6a3-4299-ae9d-7e5b970d4241/elements[39m
[35m[HTTP][39m [90m{"using":"-android uiautomator","value":"new UiSelector().text(\"Não tenho uma conta. Quero me cadastrar.\")"}[39m
[35m[HTTP][39m [37m<-- POST /wd/hub/session/cad3d58a-f6a3-4299-ae9d-7e5b970d4241/elements [39m[32m200[39m [90m122 ms - 124[39m
[35m[HTTP][39m [90m[39m
[35m[HTTP][39m [37m-->[39m [37mGET[39m [37m/wd/hub/session/cad3d58a-f6a3-4299-ae9d-7e5b970d4241[39m
[35m[HTTP][39m [90m{}[39m
[35m[HTTP][39m [37m<-- GET /wd/hub/session/cad3d58a-f6a3-4299-ae9d-7e5b970d4241 [39m[32m200[39m [90m29 ms - 1175[39m
[35m[HTTP][39m [90m[39m
[35m[HTTP][39m [37m-->[39m [37mGET[39m [37m/wd/hub/session/cad3d58a-f6a3-4299-ae9d-7e5b970d4241[39m
[35m[HTTP][39m [90m{}[39m
[35m[HTTP][39m [37m<-- GET /wd/hub/session/cad3d58a-f6a3-4299-ae9d-7e5b970d4241 [39m[32m200[39m [90m28 ms - 1175[39m
[35m[HTTP][39m [90m[39m
[35m[HTTP][39m [37m-->[39m [37mGET[39m [37m/wd/hub/session/cad3d58a-f6a3-4299-ae9d-7e5b970d4241[39m
[35m[HTTP][39m [90m{}[39m
[35m[HTTP][39m [37m<-- GET /wd/hub/session/cad3d58a-f6a3-4299-ae9d-7e5b970d4241 [39m[32m200[39m [90m24 ms - 1175[39m
[35m[HTTP][39m [90m[39m
[35m[HTTP][39m [37m-->[39m [37mGET[39m [37m/wd/hub/session/cad3d58a-f6a3-4299-ae9d-7e5b970d4241[39m
[35m[HTTP][39m [90m{}[39m
[35m[HTTP][39m [37m<-- GET /wd/hub/session/cad3d58a-f6a3-4299-ae9d-7e5b970d4241 [39m[32m200[39m [90m23 ms - 1175[39m
[35m[HTTP][39m [90m[39m
[35m[HTTP][39m [37m-->[39m [37mGET[39m [37m/wd/hub/session/cad3d58a-f6a3-4299-ae9d-7e5b970d4241/element/ccd2f805-a490-4ffe-895f-0d314c9436e4/location[39m
[35m[HTTP][39m [90m{}[39m
[35m[W3C][39m Driver proxy active, passing request on via HTTP proxy
[35m[JSONWP Proxy][39m Replacing sessionId a4c5930b-1e7a-4a3f-aa3d-21d285bc2fc0 with cad3d58a-f6a3-4299-ae9d-7e5b970d4241
[35m[HTTP][39m [37m<-- GET /wd/hub/session/cad3d58a-f6a3-4299-ae9d-7e5b970d4241/element/ccd2f805-a490-4ffe-895f-0d314c9436e4/location [39m[32m200[39m [90m59 ms - 88[39m
[35m[HTTP][39m [90m[39m
[35m[HTTP][39m [37m-->[39m [37mPOST[39m [37m/wd/hub/session/cad3d58a-f6a3-4299-ae9d-7e5b970d4241/touch/perform[39m
[35m[HTTP][39m [90m{"actions":[{"action":"tap","options":{"element":"ccd2f805-a490-4ffe-895f-0d314c9436e4","x":1,"y":1}}]}[39m
[35m[UiAutomator2][39m calling get location: ccd2f805-a490-4ffe-895f-0d314c9436e4
[35m[HTTP][39m [37m<-- POST /wd/hub/session/cad3d58a-f6a3-4299-ae9d-7e5b970d4241/touch/perform [39m[32m200[39m [90m1312 ms - 76[39m
[35m[HTTP][39m [90m[39m
[35m[HTTP][39m [37m-->[39m [37mGET[39m [37m/wd/hub/session/cad3d58a-f6a3-4299-ae9d-7e5b970d4241/context[39m
[35m[HTTP][39m [90m{}[39m
[35m[HTTP][39m [37m<-- GET /wd/hub/session/cad3d58a-f6a3-4299-ae9d-7e5b970d4241/context [39m[32m200[39m [90m3 ms - 84[39m
[35m[HTTP][39m [90m[39m
[35m[HTTP][39m [37m-->[39m [37mGET[39m [37m/wd/hub/session/cad3d58a-f6a3-4299-ae9d-7e5b970d4241/contexts[39m
[35m[HTTP][39m [90m{}[39m
[35m[HTTP][39m [37m<-- GET /wd/hub/session/cad3d58a-f6a3-4299-ae9d-7e5b970d4241/contexts [39m[32m200[39m [90m155 ms - 86[39m
[35m[HTTP][39m [90m[39m
[35m[HTTP][39m [37m-->[39m [37mPOST[39m [37m/wd/hub/session/cad3d58a-f6a3-4299-ae9d-7e5b970d4241/context[39m
[35m[HTTP][39m [90m{"name":"NATIVE_APP"}[39m
[35m[HTTP][39m [37m<-- POST /wd/hub/session/cad3d58a-f6a3-4299-ae9d-7e5b970d4241/context [39m[32m200[39m [90m103 ms - 76[39m
[35m[HTTP][39m [90m[39m
[35m[HTTP][39m [37m-->[39m [37mPOST[39m [37m/wd/hub/session/cad3d58a-f6a3-4299-ae9d-7e5b970d4241/appium/device/hide_keyboard[39m
[35m[HTTP][39m [90m{}[39m
[35m[HTTP][39m [37m<-- POST /wd/hub/session/cad3d58a-f6a3-4299-ae9d-7e5b970d4241/appium/device/hide_keyboard [39m[32m200[39m [90m1381 ms - 76[39m
[35m[HTTP][39m [90m[39m
[35m[HTTP][39m [37m-->[39m [37mPOST[39m [37m/wd/hub/session/cad3d58a-f6a3-4299-ae9d-7e5b970d4241/context[39m
[35m[HTTP][39m [90m{"name":"NATIVE_APP"}[39m
[35m[HTTP][39m [37m<-- POST /wd/hub/session/cad3d58a-f6a3-4299-ae9d-7e5b970d4241/context [39m[32m200[39m [90m123 ms - 76[39m
[35m[HTTP][39m [90m[39m
[35m[HTTP][39m [37m-->[39m [37mGET[39m [37m/wd/hub/session/cad3d58a-f6a3-4299-ae9d-7e5b970d4241/window/current/size[39m
[35m[HTTP][39m [90m{}[39m
[35m[W3C][39m Driver proxy active, passing request on via HTTP proxy
[35m[JSONWP Proxy][39m Replacing sessionId a4c5930b-1e7a-4a3f-aa3d-21d285bc2fc0 with cad3d58a-f6a3-4299-ae9d-7e5b970d4241
[35m[HTTP][39m [37m<-- GET /wd/hub/session/cad3d58a-f6a3-4299-ae9d-7e5b970d4241/window/current/size [39m[32m200[39m [90m25 ms - 100[39m
[35m[HTTP][39m [90m[39m
[35m[HTTP][39m [37m-->[39m [37mPOST[39m [37m/wd/hub/session/cad3d58a-f6a3-4299-ae9d-7e5b970d4241/elements[39m
[35m[HTTP][39m [90m{"using":"xpath","value":"//hierarchy/android.widget.FrameLayout[1]/android.widget.LinearLayout[1]/android.widget.FrameLayout[1]/android.view.ViewGroup[1]/android.widget.FrameLayout[1]/android.view.ViewGroup[1]/android.widget.TextView[1]"}[39m
[35m[HTTP][39m [37m<-- POST /wd/hub/session/cad3d58a-f6a3-4299-ae9d-7e5b970d4241/elements [39m[32m200[39m [90m211 ms - 124[39m
[35m[HTTP][39m [90m[39m
[35m[HTTP][39m [37m-->[39m [37mGET[39m [37m/wd/hub/session/cad3d58a-f6a3-4299-ae9d-7e5b970d4241[39m
[35m[HTTP][39m [90m{}[39m
[35m[HTTP][39m [37m<-- GET /wd/hub/session/cad3d58a-f6a3-4299-ae9d-7e5b970d4241 [39m[32m200[39m [90m27 ms - 1175[39m
[35m[HTTP][39m [90m[39m
[35m[HTTP][39m [37m-->[39m [37mGET[39m [37m/wd/hub/session/cad3d58a-f6a3-4299-ae9d-7e5b970d4241[39m
[35m[HTTP][39m [90m{}[39m
[35m[HTTP][39m [37m<-- GET /wd/hub/session/cad3d58a-f6a3-4299-ae9d-7e5b970d4241 [39m[32m200[39m [90m25 ms - 1175[39m
[35m[HTTP][39m [90m[39m
[35m[HTTP][39m [37m-->[39m [37mGET[39m [37m/wd/hub/session/cad3d58a-f6a3-4299-ae9d-7e5b970d4241[39m
[35m[HTTP][39m [90m{}[39m
[35m[HTTP][39m [37m<-- GET /wd/hub/session/cad3d58a-f6a3-4299-ae9d-7e5b970d4241 [39m[32m200[39m [90m22 ms - 1175[39m
[35m[HTTP][39m [90m[39m
[35m[HTTP][39m [37m-->[39m [37mGET[39m [37m/wd/hub/session/cad3d58a-f6a3-4299-ae9d-7e5b970d4241[39m
[35m[HTTP][39m [90m{}[39m
[35m[HTTP][39m [37m<-- GET /wd/hub/session/cad3d58a-f6a3-4299-ae9d-7e5b970d4241 [39m[32m200[39m [90m24 ms - 1175[39m
[35m[HTTP][39m [90m[39m
[35m[HTTP][39m [37m-->[39m [37mGET[39m [37m/wd/hub/session/cad3d58a-f6a3-4299-ae9d-7e5b970d4241/element/ef502cff-2477-4381-b516-5a9fc76f978a/location[39m
[35m[HTTP][39m [90m{}[39m
[35m[W3C][39m Driver proxy active, passing request on via HTTP proxy
[35m[JSONWP Proxy][39m Replacing sessionId a4c5930b-1e7a-4a3f-aa3d-21d285bc2fc0 with cad3d58a-f6a3-4299-ae9d-7e5b970d4241
[35m[HTTP][39m [37m<-- GET /wd/hub/session/cad3d58a-f6a3-4299-ae9d-7e5b970d4241/element/ef502cff-2477-4381-b516-5a9fc76f978a/location [39m[32m200[39m [90m27 ms - 89[39m
[35m[HTTP][39m [90m[39m
[35m[HTTP][39m [37m-->[39m [37mGET[39m [37m/wd/hub/session/cad3d58a-f6a3-4299-ae9d-7e5b970d4241/element/ef502cff-2477-4381-b516-5a9fc76f978a/attribute/text[39m
[35m[HTTP][39m [90m{}[39m
[35m[HTTP][39m [37m<-- GET /wd/hub/session/cad3d58a-f6a3-4299-ae9d-7e5b970d4241/element/ef502cff-2477-4381-b516-5a9fc76f978a/attribute/text [39m[32m200[39m [90m29 ms - 88[39m
[35m[HTTP][39m [90m[39m
[35m[HTTP][39m [37m-->[39m [37mGET[39m [37m/wd/hub/session/cad3d58a-f6a3-4299-ae9d-7e5b970d4241/window/current/size[39m
[35m[HTTP][39m [90m{}[39m
[35m[W3C][39m Driver proxy active, passing request on via HTTP proxy
[35m[JSONWP Proxy][39m Replacing sessionId a4c5930b-1e7a-4a3f-aa3d-21d285bc2fc0 with cad3d58a-f6a3-4299-ae9d-7e5b970d4241
[35m[HTTP][39m [37m<-- GET /wd/hub/session/cad3d58a-f6a3-4299-ae9d-7e5b970d4241/window/current/size [39m[32m200[39m [90m21 ms - 100[39m
[35m[HTTP][39m [90m[39m
[35m[HTTP][39m [37m-->[39m [37mPOST[39m [37m/wd/hub/session/cad3d58a-f6a3-4299-ae9d-7e5b970d4241/elements[39m
[35m[HTTP][39m [90m{"using":"-android uiautomator","value":"new UiSelector().className(\"android.widget.EditText\").resourceId(\"br.com.mv.monitoringvitals:id/edt_register_name\").instance(0)"}[39m
[35m[HTTP][39m [37m<-- POST /wd/hub/session/cad3d58a-f6a3-4299-ae9d-7e5b970d4241/elements [39m[32m200[39m [90m144 ms - 124[39m
[35m[HTTP][39m [90m[39m
[35m[HTTP][39m [37m-->[39m [37mGET[39m [37m/wd/hub/session/cad3d58a-f6a3-4299-ae9d-7e5b970d4241[39m
[35m[HTTP][39m [90m{}[39m
[35m[HTTP][39m [37m<-- GET /wd/hub/session/cad3d58a-f6a3-4299-ae9d-7e5b970d4241 [39m[32m200[39m [90m24 ms - 1175[39m
[35m[HTTP][39m [90m[39m
[35m[HTTP][39m [37m-->[39m [37mGET[39m [37m/wd/hub/session/cad3d58a-f6a3-4299-ae9d-7e5b970d4241[39m
[35m[HTTP][39m [90m{}[39m
[35m[HTTP][39m [37m<-- GET /wd/hub/session/cad3d58a-f6a3-4299-ae9d-7e5b970d4241 [39m[32m200[39m [90m20 ms - 1175[39m
[35m[HTTP][39m [90m[39m
[35m[HTTP][39m [37m-->[39m [37mGET[39m [37m/wd/hub/session/cad3d58a-f6a3-4299-ae9d-7e5b970d4241[39m
[35m[HTTP][39m [90m{}[39m
[35m[HTTP][39m [37m<-- GET /wd/hub/session/cad3d58a-f6a3-4299-ae9d-7e5b970d4241 [39m[32m200[39m [90m18 ms - 1175[39m
[35m[HTTP][39m [90m[39m
[35m[HTTP][39m [37m-->[39m [37mGET[39m [37m/wd/hub/session/cad3d58a-f6a3-4299-ae9d-7e5b970d4241[39m
[35m[HTTP][39m [90m{}[39m
[35m[HTTP][39m [37m<-- GET /wd/hub/session/cad3d58a-f6a3-4299-ae9d-7e5b970d4241 [39m[32m200[39m [90m19 ms - 1175[39m
[35m[HTTP][39m [90m[39m
[35m[HTTP][39m [37m-->[39m [37mGET[39m [37m/wd/hub/session/cad3d58a-f6a3-4299-ae9d-7e5b970d4241/element/583d505c-7da7-404a-a9fd-6cf227832c2d/location[39m
[35m[HTTP][39m [90m{}[39m
[35m[W3C][39m Driver proxy active, passing request on via HTTP proxy
[35m[JSONWP Proxy][39m Replacing sessionId a4c5930b-1e7a-4a3f-aa3d-21d285bc2fc0 with cad3d58a-f6a3-4299-ae9d-7e5b970d4241
[35m[HTTP][39m [37m<-- GET /wd/hub/session/cad3d58a-f6a3-4299-ae9d-7e5b970d4241/element/583d505c-7da7-404a-a9fd-6cf227832c2d/location [39m[32m200[39m [90m58 ms - 88[39m
[35m[HTTP][39m [90m[39m
[35m[HTTP][39m [37m-->[39m [37mPOST[39m [37m/wd/hub/session/cad3d58a-f6a3-4299-ae9d-7e5b970d4241/element/583d505c-7da7-404a-a9fd-6cf227832c2d/clear[39m
[35m[HTTP][39m [90m{"id":"583d505c-7da7-404a-a9fd-6cf227832c2d"}[39m
[35m[HTTP][39m [37m<-- POST /wd/hub/session/cad3d58a-f6a3-4299-ae9d-7e5b970d4241/element/583d505c-7da7-404a-a9fd-6cf227832c2d/clear [39m[32m200[39m [90m78 ms - 89[39m
[35m[HTTP][39m [90m[39m
[35m[HTTP][39m [37m-->[39m [37mPOST[39m [37m/wd/hub/session/cad3d58a-f6a3-4299-ae9d-7e5b970d4241/element/583d505c-7da7-404a-a9fd-6cf227832c2d/value[39m
[35m[HTTP][39m [90m{"id":"583d505c-7da7-404a-a9fd-6cf227832c2d","value":["Carlos de Souza"]}[39m
[35m[HTTP][39m [37m<-- POST /wd/hub/session/cad3d58a-f6a3-4299-ae9d-7e5b970d4241/element/583d505c-7da7-404a-a9fd-6cf227832c2d/value [39m[32m200[39m [90m904 ms - 74[39m
[35m[HTTP][39m [90m[39m
[35m[HTTP][39m [37m-->[39m [37mGET[39m [37m/wd/hub/session/cad3d58a-f6a3-4299-ae9d-7e5b970d4241/window/current/size[39m
[35m[HTTP][39m [90m{}[39m
[35m[W3C][39m Driver proxy active, passing request on via HTTP proxy
[35m[JSONWP Proxy][39m Replacing sessionId a4c5930b-1e7a-4a3f-aa3d-21d285bc2fc0 with cad3d58a-f6a3-4299-ae9d-7e5b970d4241
[35m[HTTP][39m [37m<-- GET /wd/hub/session/cad3d58a-f6a3-4299-ae9d-7e5b970d4241/window/current/size [39m[32m200[39m [90m23 ms - 100[39m
[35m[HTTP][39m [90m[39m
[35m[HTTP][39m [37m-->[39m [37mPOST[39m [37m/wd/hub/session/cad3d58a-f6a3-4299-ae9d-7e5b970d4241/elements[39m
[35m[HTTP][39m [90m{"using":"-android uiautomator","value":"new UiSelector().className(\"android.widget.EditText\").text(\"Apenas Números\").resourceId(\"br.com.mv.monitoringvitals:id/edt_register_cpf\").instance(1)"}[39m
[35m[HTTP][39m [37m<-- POST /wd/hub/session/cad3d58a-f6a3-4299-ae9d-7e5b970d4241/elements [39m[32m200[39m [90m557 ms - 124[39m
[35m[HTTP][39m [90m[39m
[35m[HTTP][39m [37m-->[39m [37mGET[39m [37m/wd/hub/session/cad3d58a-f6a3-4299-ae9d-7e5b970d4241[39m
[35m[HTTP][39m [90m{}[39m
[35m[HTTP][39m [37m<-- GET /wd/hub/session/cad3d58a-f6a3-4299-ae9d-7e5b970d4241 [39m[32m200[39m [90m21 ms - 1175[39m
[35m[HTTP][39m [90m[39m
[35m[HTTP][39m [37m-->[39m [37mGET[39m [37m/wd/hub/session/cad3d58a-f6a3-4299-ae9d-7e5b970d4241[39m
[35m[HTTP][39m [90m{}[39m
[35m[HTTP][39m [37m<-- GET /wd/hub/session/cad3d58a-f6a3-4299-ae9d-7e5b970d4241 [39m[32m200[39m [90m21 ms - 1175[39m
[35m[HTTP][39m [90m[39m
[35m[HTTP][39m [37m-->[39m [37mGET[39m [37m/wd/hub/session/cad3d58a-f6a3-4299-ae9d-7e5b970d4241[39m
[35m[HTTP][39m [90m{}[39m
[35m[HTTP][39m [37m<-- GET /wd/hub/session/cad3d58a-f6a3-4299-ae9d-7e5b970d4241 [39m[32m200[39m [90m22 ms - 1175[39m
[35m[HTTP][39m [90m[39m
[35m[HTTP][39m [37m-->[39m [37mGET[39m [37m/wd/hub/session/cad3d58a-f6a3-4299-ae9d-7e5b970d4241[39m
[35m[HTTP][39m [90m{}[39m
[35m[HTTP][39m [37m<-- GET /wd/hub/session/cad3d58a-f6a3-4299-ae9d-7e5b970d4241 [39m[32m200[39m [90m21 ms - 1175[39m
[35m[HTTP][39m [90m[39m
[35m[HTTP][39m [37m-->[39m [37mGET[39m [37m/wd/hub/session/cad3d58a-f6a3-4299-ae9d-7e5b970d4241/element/c3675e1a-2ec6-43b3-8892-1016b8ac5a3d/location[39m
[35m[HTTP][39m [90m{}[39m
[35m[W3C][39m Driver proxy active, passing request on via HTTP proxy
[35m[JSONWP Proxy][39m Replacing sessionId a4c5930b-1e7a-4a3f-aa3d-21d285bc2fc0 with cad3d58a-f6a3-4299-ae9d-7e5b970d4241
[35m[HTTP][39m [37m<-- GET /wd/hub/session/cad3d58a-f6a3-4299-ae9d-7e5b970d4241/element/c3675e1a-2ec6-43b3-8892-1016b8ac5a3d/location [39m[32m200[39m [90m56 ms - 88[39m
[35m[HTTP][39m [90m[39m
[35m[HTTP][39m [37m-->[39m [37mPOST[39m [37m/wd/hub/session/cad3d58a-f6a3-4299-ae9d-7e5b970d4241/element/c3675e1a-2ec6-43b3-8892-1016b8ac5a3d/clear[39m
[35m[HTTP][39m [90m{"id":"c3675e1a-2ec6-43b3-8892-1016b8ac5a3d"}[39m
[35m[HTTP][39m [37m<-- POST /wd/hub/session/cad3d58a-f6a3-4299-ae9d-7e5b970d4241/element/c3675e1a-2ec6-43b3-8892-1016b8ac5a3d/clear [39m[32m200[39m [90m64 ms - 89[39m
[35m[HTTP][39m [90m[39m
[35m[HTTP][39m [37m-->[39m [37mPOST[39m [37m/wd/hub/session/cad3d58a-f6a3-4299-ae9d-7e5b970d4241/element/c3675e1a-2ec6-43b3-8892-1016b8ac5a3d/value[39m
[35m[HTTP][39m [90m{"id":"c3675e1a-2ec6-43b3-8892-1016b8ac5a3d","value":["67628356788"]}[39m
[35m[HTTP][39m [37m<-- POST /wd/hub/session/cad3d58a-f6a3-4299-ae9d-7e5b970d4241/element/c3675e1a-2ec6-43b3-8892-1016b8ac5a3d/value [39m[32m200[39m [90m1579 ms - 74[39m
[35m[HTTP][39m [90m[39m
[35m[HTTP][39m [37m-->[39m [37mGET[39m [37m/wd/hub/session/cad3d58a-f6a3-4299-ae9d-7e5b970d4241/window/current/size[39m
[35m[HTTP][39m [90m{}[39m
[35m[W3C][39m Driver proxy active, passing request on via HTTP proxy
[35m[JSONWP Proxy][39m Replacing sessionId a4c5930b-1e7a-4a3f-aa3d-21d285bc2fc0 with cad3d58a-f6a3-4299-ae9d-7e5b970d4241
[35m[HTTP][39m [37m<-- GET /wd/hub/session/cad3d58a-f6a3-4299-ae9d-7e5b970d4241/window/current/size [39m[32m200[39m [90m27 ms - 100[39m
[35m[HTTP][39m [90m[39m
[35m[HTTP][39m [37m-->[39m [37mPOST[39m [37m/wd/hub/session/cad3d58a-f6a3-4299-ae9d-7e5b970d4241/elements[39m
[35m[HTTP][39m [90m{"using":"-android uiautomator","value":"new UiSelector().className(\"android.widget.EditText\").text(\"dd/mm/yyyy\").resourceId(\"br.com.mv.monitoringvitals:id/edt_register_date_birth\").instance(2)"}[39m
[35m[HTTP][39m [37m<-- POST /wd/hub/session/cad3d58a-f6a3-4299-ae9d-7e5b970d4241/elements [39m[32m200[39m [90m647 ms - 124[39m
[35m[HTTP][39m [90m[39m
[35m[HTTP][39m [37m-->[39m [37mGET[39m [37m/wd/hub/session/cad3d58a-f6a3-4299-ae9d-7e5b970d4241[39m
[35m[HTTP][39m [90m{}[39m
[35m[HTTP][39m [37m<-- GET /wd/hub/session/cad3d58a-f6a3-4299-ae9d-7e5b970d4241 [39m[32m200[39m [90m27 ms - 1175[39m
[35m[HTTP][39m [90m[39m
[35m[HTTP][39m [37m-->[39m [37mGET[39m [37m/wd/hub/session/cad3d58a-f6a3-4299-ae9d-7e5b970d4241[39m
[35m[HTTP][39m [90m{}[39m
[35m[HTTP][39m [37m<-- GET /wd/hub/session/cad3d58a-f6a3-4299-ae9d-7e5b970d4241 [39m[32m200[39m [90m22 ms - 1175[39m
[35m[HTTP][39m [90m[39m
[35m[HTTP][39m [37m-->[39m [37mGET[39m [37m/wd/hub/session/cad3d58a-f6a3-4299-ae9d-7e5b970d4241[39m
[35m[HTTP][39m [90m{}[39m
[35m[HTTP][39m [37m<-- GET /wd/hub/session/cad3d58a-f6a3-4299-ae9d-7e5b970d4241 [39m[32m200[39m [90m25 ms - 1175[39m
[35m[HTTP][39m [90m[39m
[35m[HTTP][39m [37m-->[39m [37mGET[39m [37m/wd/hub/session/cad3d58a-f6a3-4299-ae9d-7e5b970d4241[39m
[35m[HTTP][39m [90m{}[39m
[35m[HTTP][39m [37m<-- GET /wd/hub/session/cad3d58a-f6a3-4299-ae9d-7e5b970d4241 [39m[32m200[39m [90m22 ms - 1175[39m
[35m[HTTP][39m [90m[39m
[35m[HTTP][39m [37m-->[39m [37mGET[39m [37m/wd/hub/session/cad3d58a-f6a3-4299-ae9d-7e5b970d4241/element/13d6a40d-3c07-41ef-835d-00150bd3a970/location[39m
[35m[HTTP][39m [90m{}[39m
[35m[W3C][39m Driver proxy active, passing request on via HTTP proxy
[35m[JSONWP Proxy][39m Replacing sessionId a4c5930b-1e7a-4a3f-aa3d-21d285bc2fc0 with cad3d58a-f6a3-4299-ae9d-7e5b970d4241
[35m[HTTP][39m [37m<-- GET /wd/hub/session/cad3d58a-f6a3-4299-ae9d-7e5b970d4241/element/13d6a40d-3c07-41ef-835d-00150bd3a970/location [39m[32m200[39m [90m57 ms - 89[39m
[35m[HTTP][39m [90m[39m
[35m[HTTP][39m [37m-->[39m [37mPOST[39m [37m/wd/hub/session/cad3d58a-f6a3-4299-ae9d-7e5b970d4241/element/13d6a40d-3c07-41ef-835d-00150bd3a970/clear[39m
[35m[HTTP][39m [90m{"id":"13d6a40d-3c07-41ef-835d-00150bd3a970"}[39m
[35m[HTTP][39m [37m<-- POST /wd/hub/session/cad3d58a-f6a3-4299-ae9d-7e5b970d4241/element/13d6a40d-3c07-41ef-835d-00150bd3a970/clear [39m[32m200[39m [90m68 ms - 89[39m
[35m[HTTP][39m [90m[39m
[35m[HTTP][39m [37m-->[39m [37mPOST[39m [37m/wd/hub/session/cad3d58a-f6a3-4299-ae9d-7e5b970d4241/element/13d6a40d-3c07-41ef-835d-00150bd3a970/value[39m
[35m[HTTP][39m [90m{"id":"13d6a40d-3c07-41ef-835d-00150bd3a970","value":["29121986"]}[39m
[35m[HTTP][39m [37m<-- POST /wd/hub/session/cad3d58a-f6a3-4299-ae9d-7e5b970d4241/element/13d6a40d-3c07-41ef-835d-00150bd3a970/value [39m[32m200[39m [90m1605 ms - 74[39m
[35m[HTTP][39m [90m[39m
[35m[HTTP][39m [37m-->[39m [37mGET[39m [37m/wd/hub/session/cad3d58a-f6a3-4299-ae9d-7e5b970d4241/window/current/size[39m
[35m[HTTP][39m [90m{}[39m
[35m[W3C][39m Driver proxy active, passing request on via HTTP proxy
[35m[JSONWP Proxy][39m Replacing sessionId a4c5930b-1e7a-4a3f-aa3d-21d285bc2fc0 with cad3d58a-f6a3-4299-ae9d-7e5b970d4241
[35m[HTTP][39m [37m<-- GET /wd/hub/session/cad3d58a-f6a3-4299-ae9d-7e5b970d4241/window/current/size [39m[32m200[39m [90m26 ms - 100[39m
[35m[HTTP][39m [90m[39m
[35m[HTTP][39m [37m-->[39m [37mPOST[39m [37m/wd/hub/session/cad3d58a-f6a3-4299-ae9d-7e5b970d4241/elements[39m
[35m[HTTP][39m [90m{"using":"-android uiautomator","value":"new UiSelector().className(\"android.widget.Spinner\").resourceId(\"br.com.mv.monitoringvitals:id/spn_register_gender\").instance(0)"}[39m
[35m[HTTP][39m [37m<-- POST /wd/hub/session/cad3d58a-f6a3-4299-ae9d-7e5b970d4241/elements [39m[32m200[39m [90m648 ms - 124[39m
[35m[HTTP][39m [90m[39m
[35m[HTTP][39m [37m-->[39m [37mGET[39m [37m/wd/hub/session/cad3d58a-f6a3-4299-ae9d-7e5b970d4241[39m
[35m[HTTP][39m [90m{}[39m
[35m[HTTP][39m [37m<-- GET /wd/hub/session/cad3d58a-f6a3-4299-ae9d-7e5b970d4241 [39m[32m200[39m [90m29 ms - 1175[39m
[35m[HTTP][39m [90m[39m
[35m[HTTP][39m [37m-->[39m [37mGET[39m [37m/wd/hub/session/cad3d58a-f6a3-4299-ae9d-7e5b970d4241[39m
[35m[HTTP][39m [90m{}[39m
[35m[HTTP][39m [37m<-- GET /wd/hub/session/cad3d58a-f6a3-4299-ae9d-7e5b970d4241 [39m[32m200[39m [90m21 ms - 1175[39m
[35m[HTTP][39m [90m[39m
[35m[HTTP][39m [37m-->[39m [37mGET[39m [37m/wd/hub/session/cad3d58a-f6a3-4299-ae9d-7e5b970d4241[39m
[35m[HTTP][39m [90m{}[39m
[35m[HTTP][39m [37m<-- GET /wd/hub/session/cad3d58a-f6a3-4299-ae9d-7e5b970d4241 [39m[32m200[39m [90m18 ms - 1175[39m
[35m[HTTP][39m [90m[39m
[35m[HTTP][39m [37m-->[39m [37mGET[39m [37m/wd/hub/session/cad3d58a-f6a3-4299-ae9d-7e5b970d4241[39m
[35m[HTTP][39m [90m{}[39m
[35m[HTTP][39m [37m<-- GET /wd/hub/session/cad3d58a-f6a3-4299-ae9d-7e5b970d4241 [39m[32m200[39m [90m18 ms - 1175[39m
[35m[HTTP][39m [90m[39m
[35m[HTTP][39m [37m-->[39m [37mGET[39m [37m/wd/hub/session/cad3d58a-f6a3-4299-ae9d-7e5b970d4241/element/bb1d5617-6e05-4b51-82ef-813bda3d384c/location[39m
[35m[HTTP][39m [90m{}[39m
[35m[W3C][39m Driver proxy active, passing request on via HTTP proxy
[35m[JSONWP Proxy][39m Replacing sessionId a4c5930b-1e7a-4a3f-aa3d-21d285bc2fc0 with cad3d58a-f6a3-4299-ae9d-7e5b970d4241
[35m[HTTP][39m [37m<-- GET /wd/hub/session/cad3d58a-f6a3-4299-ae9d-7e5b970d4241/element/bb1d5617-6e05-4b51-82ef-813bda3d384c/location [39m[32m200[39m [90m52 ms - 89[39m
[35m[HTTP][39m [90m[39m
[35m[HTTP][39m [37m-->[39m [37mPOST[39m [37m/wd/hub/session/cad3d58a-f6a3-4299-ae9d-7e5b970d4241/touch/perform[39m
[35m[HTTP][39m [90m{"actions":[{"action":"tap","options":{"element":"bb1d5617-6e05-4b51-82ef-813bda3d384c","x":1,"y":1}}]}[39m
[35m[UiAutomator2][39m calling get location: bb1d5617-6e05-4b51-82ef-813bda3d384c
[35m[HTTP][39m [37m<-- POST /wd/hub/session/cad3d58a-f6a3-4299-ae9d-7e5b970d4241/touch/perform [39m[32m200[39m [90m3220 ms - 76[39m
[35m[HTTP][39m [90m[39m
[35m[HTTP][39m [37m-->[39m [37mGET[39m [37m/wd/hub/session/cad3d58a-f6a3-4299-ae9d-7e5b970d4241/window/current/size[39m
[35m[HTTP][39m [90m{}[39m
[35m[W3C][39m Driver proxy active, passing request on via HTTP proxy
[35m[JSONWP Proxy][39m Replacing sessionId a4c5930b-1e7a-4a3f-aa3d-21d285bc2fc0 with cad3d58a-f6a3-4299-ae9d-7e5b970d4241
[35m[HTTP][39m [37m<-- GET /wd/hub/session/cad3d58a-f6a3-4299-ae9d-7e5b970d4241/window/current/size [39m[32m200[39m [90m20 ms - 100[39m
[35m[HTTP][39m [90m[39m
[35m[HTTP][39m [37m-->[39m [37mPOST[39m [37m/wd/hub/session/cad3d58a-f6a3-4299-ae9d-7e5b970d4241/elements[39m
[35m[HTTP][39m [90m{"using":"-android uiautomator","value":"new UiSelector().className(\"android.widget.TextView\").text(\"Masculino\").resourceId(\"android:id/text1\").instance(0)"}[39m
[35m[HTTP][39m [37m<-- POST /wd/hub/session/cad3d58a-f6a3-4299-ae9d-7e5b970d4241/elements [39m[32m200[39m [90m48 ms - 124[39m
[35m[HTTP][39m [90m[39m
[35m[HTTP][39m [37m-->[39m [37mGET[39m [37m/wd/hub/session/cad3d58a-f6a3-4299-ae9d-7e5b970d4241[39m
[35m[HTTP][39m [90m{}[39m
[35m[HTTP][39m [37m<-- GET /wd/hub/session/cad3d58a-f6a3-4299-ae9d-7e5b970d4241 [39m[32m200[39m [90m17 ms - 1175[39m
[35m[HTTP][39m [90m[39m
[35m[HTTP][39m [37m-->[39m [37mGET[39m [37m/wd/hub/session/cad3d58a-f6a3-4299-ae9d-7e5b970d4241[39m
[35m[HTTP][39m [90m{}[39m
[35m[HTTP][39m [37m<-- GET /wd/hub/session/cad3d58a-f6a3-4299-ae9d-7e5b970d4241 [39m[32m200[39m [90m17 ms - 1175[39m
[35m[HTTP][39m [90m[39m
[35m[HTTP][39m [37m-->[39m [37mGET[39m [37m/wd/hub/session/cad3d58a-f6a3-4299-ae9d-7e5b970d4241[39m
[35m[HTTP][39m [90m{}[39m
[35m[HTTP][39m [37m<-- GET /wd/hub/session/cad3d58a-f6a3-4299-ae9d-7e5b970d4241 [39m[32m200[39m [90m102 ms - 1175[39m
[35m[HTTP][39m [90m[39m
[35m[HTTP][39m [37m-->[39m [37mGET[39m [37m/wd/hub/session/cad3d58a-f6a3-4299-ae9d-7e5b970d4241[39m
[35m[HTTP][39m [90m{}[39m
[35m[HTTP][39m [37m<-- GET /wd/hub/session/cad3d58a-f6a3-4299-ae9d-7e5b970d4241 [39m[32m200[39m [90m17 ms - 1175[39m
[35m[HTTP][39m [90m[39m
[35m[HTTP][39m [37m-->[39m [37mGET[39m [37m/wd/hub/session/cad3d58a-f6a3-4299-ae9d-7e5b970d4241/element/2005a914-2dd7-4fe6-b2e9-ca74ee79f911/location[39m
[35m[HTTP][39m [90m{}[39m
[35m[W3C][39m Driver proxy active, passing request on via HTTP proxy
[35m[JSONWP Proxy][39m Replacing sessionId a4c5930b-1e7a-4a3f-aa3d-21d285bc2fc0 with cad3d58a-f6a3-4299-ae9d-7e5b970d4241
[35m[HTTP][39m [37m<-- GET /wd/hub/session/cad3d58a-f6a3-4299-ae9d-7e5b970d4241/element/2005a914-2dd7-4fe6-b2e9-ca74ee79f911/location [39m[32m200[39m [90m26 ms - 89[39m
[35m[HTTP][39m [90m[39m
[35m[HTTP][39m [37m-->[39m [37mPOST[39m [37m/wd/hub/session/cad3d58a-f6a3-4299-ae9d-7e5b970d4241/touch/perform[39m
[35m[HTTP][39m [90m{"actions":[{"action":"tap","options":{"element":"2005a914-2dd7-4fe6-b2e9-ca74ee79f911","x":1,"y":1}}]}[39m
[35m[UiAutomator2][39m calling get location: 2005a914-2dd7-4fe6-b2e9-ca74ee79f911
[35m[HTTP][39m [37m<-- POST /wd/hub/session/cad3d58a-f6a3-4299-ae9d-7e5b970d4241/touch/perform [39m[32m200[39m [90m3165 ms - 76[39m
[35m[HTTP][39m [90m[39m
[35m[HTTP][39m [37m-->[39m [37mGET[39m [37m/wd/hub/session/cad3d58a-f6a3-4299-ae9d-7e5b970d4241/window/current/size[39m
[35m[HTTP][39m [90m{}[39m
[35m[W3C][39m Driver proxy active, passing request on via HTTP proxy
[35m[JSONWP Proxy][39m Replacing sessionId a4c5930b-1e7a-4a3f-aa3d-21d285bc2fc0 with cad3d58a-f6a3-4299-ae9d-7e5b970d4241
[35m[HTTP][39m [37m<-- GET /wd/hub/session/cad3d58a-f6a3-4299-ae9d-7e5b970d4241/window/current/size [39m[32m200[39m [90m21 ms - 100[39m
[35m[HTTP][39m [90m[39m
[35m[HTTP][39m [37m-->[39m [37mPOST[39m [37m/wd/hub/session/cad3d58a-f6a3-4299-ae9d-7e5b970d4241/elements[39m
[35m[HTTP][39m [90m{"using":"-android uiautomator","value":"new UiSelector().className(\"android.widget.EditText\").text(\"DDD + Celular\").resourceId(\"br.com.mv.monitoringvitals:id/edt_register_phone\").instance(1)"}[39m
[35m[HTTP][39m [37m<-- POST /wd/hub/session/cad3d58a-f6a3-4299-ae9d-7e5b970d4241/elements [39m[32m200[39m [90m130 ms - 124[39m
[35m[HTTP][39m [90m[39m
[35m[HTTP][39m [37m-->[39m [37mGET[39m [37m/wd/hub/session/cad3d58a-f6a3-4299-ae9d-7e5b970d4241[39m
[35m[HTTP][39m [90m{}[39m
[35m[HTTP][39m [37m<-- GET /wd/hub/session/cad3d58a-f6a3-4299-ae9d-7e5b970d4241 [39m[32m200[39m [90m19 ms - 1175[39m
[35m[HTTP][39m [90m[39m
[35m[HTTP][39m [37m-->[39m [37mGET[39m [37m/wd/hub/session/cad3d58a-f6a3-4299-ae9d-7e5b970d4241[39m
[35m[HTTP][39m [90m{}[39m
[35m[HTTP][39m [37m<-- GET /wd/hub/session/cad3d58a-f6a3-4299-ae9d-7e5b970d4241 [39m[32m200[39m [90m16 ms - 1175[39m
[35m[HTTP][39m [90m[39m
[35m[HTTP][39m [37m-->[39m [37mGET[39m [37m/wd/hub/session/cad3d58a-f6a3-4299-ae9d-7e5b970d4241[39m
[35m[HTTP][39m [90m{}[39m
[35m[HTTP][39m [37m<-- GET /wd/hub/session/cad3d58a-f6a3-4299-ae9d-7e5b970d4241 [39m[32m200[39m [90m17 ms - 1175[39m
[35m[HTTP][39m [90m[39m
[35m[HTTP][39m [37m-->[39m [37mGET[39m [37m/wd/hub/session/cad3d58a-f6a3-4299-ae9d-7e5b970d4241[39m
[35m[HTTP][39m [90m{}[39m
[35m[HTTP][39m [37m<-- GET /wd/hub/session/cad3d58a-f6a3-4299-ae9d-7e5b970d4241 [39m[32m200[39m [90m17 ms - 1175[39m
[35m[HTTP][39m [90m[39m
[35m[HTTP][39m [37m-->[39m [37mGET[39m [37m/wd/hub/session/cad3d58a-f6a3-4299-ae9d-7e5b970d4241/element/0707c5b3-3aa2-40b8-9683-4e8a5e6c81da/location[39m
[35m[HTTP][39m [90m{}[39m
[35m[W3C][39m Driver proxy active, passing request on via HTTP proxy
[35m[JSONWP Proxy][39m Replacing sessionId a4c5930b-1e7a-4a3f-aa3d-21d285bc2fc0 with cad3d58a-f6a3-4299-ae9d-7e5b970d4241
[35m[HTTP][39m [37m<-- GET /wd/hub/session/cad3d58a-f6a3-4299-ae9d-7e5b970d4241/element/0707c5b3-3aa2-40b8-9683-4e8a5e6c81da/location [39m[32m200[39m [90m51 ms - 90[39m
[35m[HTTP][39m [90m[39m
[35m[HTTP][39m [37m-->[39m [37mPOST[39m [37m/wd/hub/session/cad3d58a-f6a3-4299-ae9d-7e5b970d4241/element/0707c5b3-3aa2-40b8-9683-4e8a5e6c81da/clear[39m
[35m[HTTP][39m [90m{"id":"0707c5b3-3aa2-40b8-9683-4e8a5e6c81da"}[39m
[35m[HTTP][39m [37m<-- POST /wd/hub/session/cad3d58a-f6a3-4299-ae9d-7e5b970d4241/element/0707c5b3-3aa2-40b8-9683-4e8a5e6c81da/clear [39m[32m200[39m [90m59 ms - 89[39m
[35m[HTTP][39m [90m[39m
[35m[HTTP][39m [37m-->[39m [37mPOST[39m [37m/wd/hub/session/cad3d58a-f6a3-4299-ae9d-7e5b970d4241/element/0707c5b3-3aa2-40b8-9683-4e8a5e6c81da/value[39m
[35m[HTTP][39m [90m{"id":"0707c5b3-3aa2-40b8-9683-4e8a5e6c81da","value":["81999002918"]}[39m
[35m[HTTP][39m [37m<-- POST /wd/hub/session/cad3d58a-f6a3-4299-ae9d-7e5b970d4241/element/0707c5b3-3aa2-40b8-9683-4e8a5e6c81da/value [39m[32m200[39m [90m1600 ms - 74[39m
[35m[HTTP][39m [90m[39m
[35m[HTTP][39m [37m-->[39m [37mGET[39m [37m/wd/hub/session/cad3d58a-f6a3-4299-ae9d-7e5b970d4241/context[39m
[35m[HTTP][39m [90m{}[39m
[35m[HTTP][39m [37m<-- GET /wd/hub/session/cad3d58a-f6a3-4299-ae9d-7e5b970d4241/context [39m[32m200[39m [90m1 ms - 84[39m
[35m[HTTP][39m [90m[39m
[35m[HTTP][39m [37m-->[39m [37mGET[39m [37m/wd/hub/session/cad3d58a-f6a3-4299-ae9d-7e5b970d4241/contexts[39m
[35m[HTTP][39m [90m{}[39m
[35m[HTTP][39m [37m<-- GET /wd/hub/session/cad3d58a-f6a3-4299-ae9d-7e5b970d4241/contexts [39m[32m200[39m [90m621 ms - 86[39m
[35m[HTTP][39m [90m[39m
[35m[HTTP][39m [37m-->[39m [37mPOST[39m [37m/wd/hub/session/cad3d58a-f6a3-4299-ae9d-7e5b970d4241/context[39m
[35m[HTTP][39m [90m{"name":"NATIVE_APP"}[39m
[35m[HTTP][39m [37m<-- POST /wd/hub/session/cad3d58a-f6a3-4299-ae9d-7e5b970d4241/context [39m[32m200[39m [90m312 ms - 76[39m
[35m[HTTP][39m [90m[39m
[35m[HTTP][39m [37m-->[39m [37mGET[39m [37m/wd/hub/session/cad3d58a-f6a3-4299-ae9d-7e5b970d4241/screenshot[39m
[35m[HTTP][39m [90m{}[39m
[35m[HTTP][39m [37m<-- GET /wd/hub/session/cad3d58a-f6a3-4299-ae9d-7e5b970d4241/screenshot [39m[32m200[39m [90m804 ms - 259966[39m
[35m[HTTP][39m [90m[39m
[35m[HTTP][39m [37m-->[39m [37mPOST[39m [37m/wd/hub/session/cad3d58a-f6a3-4299-ae9d-7e5b970d4241/context[39m
[35m[HTTP][39m [90m{"name":"NATIVE_APP"}[39m
[35m[HTTP][39m [37m<-- POST /wd/hub/session/cad3d58a-f6a3-4299-ae9d-7e5b970d4241/context [39m[32m200[39m [90m98 ms - 76[39m
[35m[HTTP][39m [90m[39m
[35m[HTTP][39m [37m-->[39m [37mGET[39m [37m/wd/hub/session/cad3d58a-f6a3-4299-ae9d-7e5b970d4241/window/current/size[39m
[35m[HTTP][39m [90m{}[39m
[35m[W3C][39m Driver proxy active, passing request on via HTTP proxy
[35m[JSONWP Proxy][39m Replacing sessionId a4c5930b-1e7a-4a3f-aa3d-21d285bc2fc0 with cad3d58a-f6a3-4299-ae9d-7e5b970d4241
[35m[HTTP][39m [37m<-- GET /wd/hub/session/cad3d58a-f6a3-4299-ae9d-7e5b970d4241/window/current/size [39m[32m200[39m [90m19 ms - 100[39m
[35m[HTTP][39m [90m[39m
[35m[HTTP][39m [37m-->[39m [37mPOST[39m [37m/wd/hub/session/cad3d58a-f6a3-4299-ae9d-7e5b970d4241/elements[39m
[35m[HTTP][39m [90m{"using":"-android uiautomator","value":"new UiSelector().className(\"android.widget.TextView\").resourceId(\"br.com.mv.monitoringvitals:id/action_confirm\").instance(1)"}[39m
[35m[HTTP][39m [37m<-- POST /wd/hub/session/cad3d58a-f6a3-4299-ae9d-7e5b970d4241/elements [39m[32m200[39m [90m119 ms - 124[39m
[35m[HTTP][39m [90m[39m
[35m[HTTP][39m [37m-->[39m [37mGET[39m [37m/wd/hub/session/cad3d58a-f6a3-4299-ae9d-7e5b970d4241[39m
[35m[HTTP][39m [90m{}[39m
[35m[HTTP][39m [37m<-- GET /wd/hub/session/cad3d58a-f6a3-4299-ae9d-7e5b970d4241 [39m[32m200[39m [90m18 ms - 1175[39m
[35m[HTTP][39m [90m[39m
[35m[HTTP][39m [37m-->[39m [37mGET[39m [37m/wd/hub/session/cad3d58a-f6a3-4299-ae9d-7e5b970d4241[39m
[35m[HTTP][39m [90m{}[39m
[35m[HTTP][39m [37m<-- GET /wd/hub/session/cad3d58a-f6a3-4299-ae9d-7e5b970d4241 [39m[32m200[39m [90m16 ms - 1175[39m
[35m[HTTP][39m [90m[39m
[35m[HTTP][39m [37m-->[39m [37mGET[39m [37m/wd/hub/session/cad3d58a-f6a3-4299-ae9d-7e5b970d4241[39m
[35m[HTTP][39m [90m{}[39m
[35m[HTTP][39m [37m<-- GET /wd/hub/session/cad3d58a-f6a3-4299-ae9d-7e5b970d4241 [39m[32m200[39m [90m17 ms - 1175[39m
[35m[HTTP][39m [90m[39m
[35m[HTTP][39m [37m-->[39m [37mGET[39m [37m/wd/hub/session/cad3d58a-f6a3-4299-ae9d-7e5b970d4241[39m
[35m[HTTP][39m [90m{}[39m
[35m[HTTP][39m [37m<-- GET /wd/hub/session/cad3d58a-f6a3-4299-ae9d-7e5b970d4241 [39m[32m200[39m [90m76 ms - 1175[39m
[35m[HTTP][39m [90m[39m
[35m[HTTP][39m [37m-->[39m [37mGET[39m [37m/wd/hub/session/cad3d58a-f6a3-4299-ae9d-7e5b970d4241/element/6daf5ba6-d2d6-4706-9aaf-6ddc3d653d38/location[39m
[35m[HTTP][39m [90m{}[39m
[35m[W3C][39m Driver proxy active, passing request on via HTTP proxy
[35m[JSONWP Proxy][39m Replacing sessionId a4c5930b-1e7a-4a3f-aa3d-21d285bc2fc0 with cad3d58a-f6a3-4299-ae9d-7e5b970d4241
[35m[HTTP][39m [37m<-- GET /wd/hub/session/cad3d58a-f6a3-4299-ae9d-7e5b970d4241/element/6daf5ba6-d2d6-4706-9aaf-6ddc3d653d38/location [39m[32m200[39m [90m51 ms - 88[39m
[35m[HTTP][39m [90m[39m
[35m[HTTP][39m [37m-->[39m [37mPOST[39m [37m/wd/hub/session/cad3d58a-f6a3-4299-ae9d-7e5b970d4241/touch/perform[39m
[35m[HTTP][39m [90m{"actions":[{"action":"tap","options":{"element":"6daf5ba6-d2d6-4706-9aaf-6ddc3d653d38","x":1,"y":1}}]}[39m
[35m[UiAutomator2][39m calling get location: 6daf5ba6-d2d6-4706-9aaf-6ddc3d653d38
[35m[HTTP][39m [37m<-- POST /wd/hub/session/cad3d58a-f6a3-4299-ae9d-7e5b970d4241/touch/perform [39m[32m200[39m [90m862 ms - 76[39m
[35m[HTTP][39m [90m[39m
