[35m[Appium][39m Welcome to Appium v1.8.0
[35m[Appium][39m Non-default server args:
[35m[Appium][39m   port: 52095
[35m[Appium][39m   loglevel: info
[35m[Appium][39m   chromeDriverPort: 52096
[35m[Appium][39m   tmpDir: C:\Users\RAFAEL~1.HEN\AppData\Local\Temp\\Katalon\Appium\Temp1526999131496
[35m[Appium][39m Appium REST http interface listener started on 0.0.0.0:52095
[35m[HTTP][39m [37m-->[39m [37mGET[39m [37m/wd/hub/status[39m
[35m[HTTP][39m [90m{}[39m
[35m[HTTP][39m [37m<-- GET /wd/hub/status [39m[32m200[39m [90m13 ms - 83[39m
[35m[HTTP][39m [90m[39m
[35m[HTTP][39m [37m-->[39m [37mPOST[39m [37m/wd/hub/session[39m
[35m[HTTP][39m [90m{"desiredCapabilities":{"app":"C:\\Users\\rafael.henrique\\Katalon Studio\\MONVAT\\APK\\MONVIT_v1.7.24.apk","autoGrantPermissions":true,"automationName":"uiautomator2","deviceName":"motorola Moto G (5) (Android 7.0)","fullReset":false,"newCommandTimeout":1800,"noReset":true,"platform":"ANDROID","platformName":"Android","udid":"0038153251"},"capabilities":{"desiredCapabilities":{"app":"C:\\Users\\rafael.henrique\\Katalon Studio\\MONVAT\\APK\\MONVIT_v1.7.24.apk","autoGrantPermissions":true,"automationName":"uiautomator2","deviceName":"motorola Moto G (5) (Android 7.0)","fullReset":false,"newCommandTimeout":1800,"noReset":true,"platform":"ANDROID","platformName":"Android","udid":"0038153251"},"firstMatch":[{"platformName":"android"}]}}[39m
[35m[Appium][39m Could not parse W3C capabilities: 'deviceName' can't be blank. Falling back to JSONWP protocol.
[35m[Appium][39m The following capabilities were provided in the JSONWP desired capabilities that are missing in W3C capabilities: ["app","autoGrantPermissions","automationName","deviceName","fullReset","newCommandTimeout","noReset","platform","platformName","udid"]. Falling back to JSONWP protocol.
[35m[Appium][39m Creating new AndroidUiautomator2Driver (v1.9.0) session
[35m[Appium][39m Capabilities:
[35m[Appium][39m   app: C:\Users\rafael.henrique\Katalon Studio\MONVAT\APK\MONVIT_v1.7.24.apk
[35m[Appium][39m   autoGrantPermissions: true
[35m[Appium][39m   automationName: uiautomator2
[35m[Appium][39m   deviceName: motorola Moto G (5) (Android 7.0)
[35m[Appium][39m   fullReset: false
[35m[Appium][39m   newCommandTimeout: 1800
[35m[Appium][39m   noReset: true
[35m[Appium][39m   platform: ANDROID
[35m[Appium][39m   platformName: Android
[35m[Appium][39m   udid: 0038153251
[35m[BaseDriver][39m The following capabilities were provided, but are not recognized by appium: platform.
[35m[BaseDriver][39m Session created with session id: c4b07f91-451d-47c6-9f53-19d933f7eafc
[35m[BaseDriver][39m Using local app 'C:\Users\rafael.henrique\Katalon Studio\MONVAT\APK\MONVIT_v1.7.24.apk'
[35m[AndroidDriver][39m Java version is: 1.8.0_102
[35m[ADB][39m Checking whether adb is present
[35m[ADB][39m Found 1 'build-tools' folders under 'C:\Users\rafael.henrique\.katalon\tools\android_sdk' (newest first):
[35m[ADB][39m     C:/Users/rafael.henrique/.katalon/tools/android_sdk/build-tools/28.0.0
[35m[ADB][39m Using adb.exe from C:\Users\rafael.henrique\.katalon\tools\android_sdk\platform-tools\adb.exe
[35m[AndroidDriver][39m Retrieving device list
[35m[AndroidDriver][39m Using device: 0038153251
[35m[ADB][39m Checking whether adb is present
[35m[ADB][39m Using adb.exe from C:\Users\rafael.henrique\.katalon\tools\android_sdk\platform-tools\adb.exe
[35m[ADB][39m Using the alternative activity name detection method because of: Could not find apkanalyzer.bat in C:\Users\rafael.henrique\.katalon\tools\android_sdk\platform-tools\apkanalyzer.bat,C:\Users\rafael.henrique\.katalon\tools\android_sdk\emulator\apkanalyzer.bat,C:\Users\rafael.henrique\.katalon\tools\android_sdk\tools\apkanalyzer.bat,C:\Users\rafael.henrique\.katalon\tools\android_sdk\tools\bin\apkanalyzer.bat,C:\Users\rafael.henrique\.katalon\tools\android_sdk\build-tools\28.0.0\apkanalyzer.bat. Do you have the Android SDK installed at 'C:\Users\rafael.henrique\.katalon\tools\android_sdk'?
[35m[ADB][39m Checking whether aapt is present
[35m[ADB][39m Using aapt.exe from C:\Users\rafael.henrique\.katalon\tools\android_sdk\build-tools\28.0.0\aapt.exe
[35m[ADB][39m Extracting package and launch activity from manifest
[35m[ADB][39m Package name: 'br.com.mv.monitoringvitals'
[35m[ADB][39m Main activity name: 'br.com.mv.monitoringvitals.views.SplashActivity'
[35m[ADB][39m Getting device platform version
[35m[ADB][39m Using apksigner.bat from C:\Users\rafael.henrique\.katalon\tools\android_sdk\build-tools\28.0.0\apksigner.bat
[35m[ADB][39m Using apksigner.bat from C:\Users\rafael.henrique\.katalon\tools\android_sdk\build-tools\28.0.0\apksigner.bat
[35m[ADB][39m Using apksigner.bat from C:\Users\rafael.henrique\.katalon\tools\android_sdk\build-tools\28.0.0\apksigner.bat
[35m[ADB][39m Checking whether zipalign is present
[35m[ADB][39m Using zipalign.exe from C:\Users\rafael.henrique\.katalon\tools\android_sdk\build-tools\28.0.0\zipalign.exe
[35m[ADB][39m Using apksigner.bat from C:\Users\rafael.henrique\.katalon\tools\android_sdk\build-tools\28.0.0\apksigner.bat
[35m[ADB][39m Using apksigner.bat from C:\Users\rafael.henrique\.katalon\tools\android_sdk\build-tools\28.0.0\apksigner.bat
[35m[ADB][39m Using apksigner.bat from C:\Users\rafael.henrique\.katalon\tools\android_sdk\build-tools\28.0.0\apksigner.bat
[35m[ADB][39m Using apksigner.bat from C:\Users\rafael.henrique\.katalon\tools\android_sdk\build-tools\28.0.0\apksigner.bat
[35m[ADB][39m Checking whether zipalign is present
[35m[ADB][39m Using zipalign.exe from C:\Users\rafael.henrique\.katalon\tools\android_sdk\build-tools\28.0.0\zipalign.exe
[35m[ADB][39m Using apksigner.bat from C:\Users\rafael.henrique\.katalon\tools\android_sdk\build-tools\28.0.0\apksigner.bat
[35m[ADB][39m io.appium.uiautomator2.server was successfully uninstalled
[35m[ADB][39m io.appium.uiautomator2.server.test was successfully uninstalled
[35m[ADB][39m Checking whether aapt is present
[35m[ADB][39m Using aapt.exe from C:\Users\rafael.henrique\.katalon\tools\android_sdk\build-tools\28.0.0\aapt.exe
[35m[AndroidDriver][39m setDeviceLanguageCountry requires language or country.
[35m[AndroidDriver][39m Got language: 'null' and country: 'null'
[35m[ADB][39m Checking whether aapt is present
[35m[ADB][39m Using aapt.exe from C:\Users\rafael.henrique\.katalon\tools\android_sdk\build-tools\28.0.0\aapt.exe
[35m[ADB][39m Checking whether aapt is present
[35m[ADB][39m Using aapt.exe from C:\Users\rafael.henrique\.katalon\tools\android_sdk\build-tools\28.0.0\aapt.exe
[35m[ADB][39m Successfully extracted 361 strings from 'C:\Users\rafael.henrique\Katalon Studio\MONVAT\APK\MONVIT_v1.7.24.apk' resources for '(default)' configuration
[35m[ADB][39m Using apksigner.bat from C:\Users\rafael.henrique\.katalon\tools\android_sdk\build-tools\28.0.0\apksigner.bat
[35m[ADB][39m Using apksigner.bat from C:\Users\rafael.henrique\.katalon\tools\android_sdk\build-tools\28.0.0\apksigner.bat
[35m[ADB][39m Using apksigner.bat from C:\Users\rafael.henrique\.katalon\tools\android_sdk\build-tools\28.0.0\apksigner.bat
[35m[ADB][39m Checking whether zipalign is present
[35m[ADB][39m Using zipalign.exe from C:\Users\rafael.henrique\.katalon\tools\android_sdk\build-tools\28.0.0\zipalign.exe
[35m[ADB][39m Using apksigner.bat from C:\Users\rafael.henrique\.katalon\tools\android_sdk\build-tools\28.0.0\apksigner.bat
[35m[ADB][39m Checking whether aapt is present
[35m[ADB][39m Using aapt.exe from C:\Users\rafael.henrique\.katalon\tools\android_sdk\build-tools\28.0.0\aapt.exe
[35m[UiAutomator2][39m Starting uiautomator2 server 1.7.0
[35m[UiAutomator2][39m Using UIAutomator2 server from 'C:\Users\rafael.henrique\AppData\Roaming\npm\node_modules\appium\node_modules\appium-uiautomator2-server\apks\appium-uiautomator2-server-v1.7.0.apk' and test from 'C:\Users\rafael.henrique\AppData\Roaming\npm\node_modules\appium\node_modules\appium-uiautomator2-server\apks\appium-uiautomator2-server-debug-androidTest.apk'
[35m[UiAutomator2][39m Running command: 'adb -s 0038153251 shell am instrument -w io.appium.uiautomator2.server.test/android.support.test.runner.AndroidJUnitRunner'
[35m[UiAutomator2][39m Waiting up to 20000ms for UiAutomator2 to be online...
[35m[AndroidDriver][39m Screen already unlocked, doing nothing
[35m[UiAutomator2][39m UiAutomator2 did not start the activity we were waiting for, 'br.com.mv.monitoringvitals/br.com.mv.monitoringvitals.views.SplashActivity'. Starting it ourselves
[35m[Appium][39m New AndroidUiautomator2Driver session created successfully, session c4b07f91-451d-47c6-9f53-19d933f7eafc added to master session list
[35m[HTTP][39m [37m<-- POST /wd/hub/session [39m[32m200[39m [90m32467 ms - 1175[39m
[35m[HTTP][39m [90m[39m
[35m[HTTP][39m [37m-->[39m [37mGET[39m [37m/wd/hub/status[39m
[35m[HTTP][39m [90m{}[39m
[35m[HTTP][39m [37m<-- GET /wd/hub/status [39m[32m200[39m [90m2 ms - 55[39m
[35m[HTTP][39m [90m[39m
[35m[HTTP][39m [37m-->[39m [37mPOST[39m [37m/wd/hub/session/c4b07f91-451d-47c6-9f53-19d933f7eafc/timeouts[39m
[35m[HTTP][39m [90m{"type":"implicit","ms":30000}[39m
[35m[HTTP][39m [37m<-- POST /wd/hub/session/c4b07f91-451d-47c6-9f53-19d933f7eafc/timeouts [39m[33m400[39m [90m8 ms - 5628[39m
[35m[HTTP][39m [90m[39m
[35m[HTTP][39m [37m-->[39m [37mGET[39m [37m/wd/hub/session/c4b07f91-451d-47c6-9f53-19d933f7eafc/context[39m
[35m[HTTP][39m [90m{}[39m
[35m[HTTP][39m [37m<-- GET /wd/hub/session/c4b07f91-451d-47c6-9f53-19d933f7eafc/context [39m[32m200[39m [90m7 ms - 84[39m
[35m[HTTP][39m [90m[39m
[35m[HTTP][39m [37m-->[39m [37mGET[39m [37m/wd/hub/session/c4b07f91-451d-47c6-9f53-19d933f7eafc/contexts[39m
[35m[HTTP][39m [90m{}[39m
[35m[HTTP][39m [37m<-- GET /wd/hub/session/c4b07f91-451d-47c6-9f53-19d933f7eafc/contexts [39m[32m200[39m [90m105 ms - 86[39m
[35m[HTTP][39m [90m[39m
[35m[HTTP][39m [37m-->[39m [37mPOST[39m [37m/wd/hub/session/c4b07f91-451d-47c6-9f53-19d933f7eafc/context[39m
[35m[HTTP][39m [90m{"name":"NATIVE_APP"}[39m
[35m[HTTP][39m [37m<-- POST /wd/hub/session/c4b07f91-451d-47c6-9f53-19d933f7eafc/context [39m[32m200[39m [90m91 ms - 76[39m
[35m[HTTP][39m [90m[39m
[35m[HTTP][39m [37m-->[39m [37mPOST[39m [37m/wd/hub/session/c4b07f91-451d-47c6-9f53-19d933f7eafc/appium/device/hide_keyboard[39m
[35m[HTTP][39m [90m{}[39m
[35m[HTTP][39m [37m<-- POST /wd/hub/session/c4b07f91-451d-47c6-9f53-19d933f7eafc/appium/device/hide_keyboard [39m[31m500[39m [90m299 ms - 1426[39m
[35m[HTTP][39m [90m[39m
[35m[HTTP][39m [37m-->[39m [37mPOST[39m [37m/wd/hub/session/c4b07f91-451d-47c6-9f53-19d933f7eafc/context[39m
[35m[HTTP][39m [90m{"name":"NATIVE_APP"}[39m
[35m[HTTP][39m [37m<-- POST /wd/hub/session/c4b07f91-451d-47c6-9f53-19d933f7eafc/context [39m[32m200[39m [90m96 ms - 76[39m
[35m[HTTP][39m [90m[39m
[35m[HTTP][39m [37m-->[39m [37mGET[39m [37m/wd/hub/session/c4b07f91-451d-47c6-9f53-19d933f7eafc/window/current/size[39m
[35m[HTTP][39m [90m{}[39m
[35m[W3C][39m Driver proxy active, passing request on via HTTP proxy
[35m[JSONWP Proxy][39m Replacing sessionId 0b3a9164-9e0b-4d29-9a8a-7b704f42d03c with c4b07f91-451d-47c6-9f53-19d933f7eafc
[35m[HTTP][39m [37m<-- GET /wd/hub/session/c4b07f91-451d-47c6-9f53-19d933f7eafc/window/current/size [39m[32m200[39m [90m27 ms - 100[39m
[35m[HTTP][39m [90m[39m
[35m[HTTP][39m [37m-->[39m [37mPOST[39m [37m/wd/hub/session/c4b07f91-451d-47c6-9f53-19d933f7eafc/elements[39m
[35m[HTTP][39m [90m{"using":"-android uiautomator","value":"new UiSelector().text(\"Não tenho uma conta. Quero me cadastrar.\")"}[39m
[35m[HTTP][39m [37m<-- POST /wd/hub/session/c4b07f91-451d-47c6-9f53-19d933f7eafc/elements [39m[32m200[39m [90m132 ms - 124[39m
[35m[HTTP][39m [90m[39m
[35m[HTTP][39m [37m-->[39m [37mGET[39m [37m/wd/hub/session/c4b07f91-451d-47c6-9f53-19d933f7eafc[39m
[35m[HTTP][39m [90m{}[39m
[35m[HTTP][39m [37m<-- GET /wd/hub/session/c4b07f91-451d-47c6-9f53-19d933f7eafc [39m[32m200[39m [90m31 ms - 1175[39m
[35m[HTTP][39m [90m[39m
[35m[HTTP][39m [37m-->[39m [37mGET[39m [37m/wd/hub/session/c4b07f91-451d-47c6-9f53-19d933f7eafc[39m
[35m[HTTP][39m [90m{}[39m
[35m[HTTP][39m [37m<-- GET /wd/hub/session/c4b07f91-451d-47c6-9f53-19d933f7eafc [39m[32m200[39m [90m28 ms - 1175[39m
[35m[HTTP][39m [90m[39m
[35m[HTTP][39m [37m-->[39m [37mGET[39m [37m/wd/hub/session/c4b07f91-451d-47c6-9f53-19d933f7eafc[39m
[35m[HTTP][39m [90m{}[39m
[35m[HTTP][39m [37m<-- GET /wd/hub/session/c4b07f91-451d-47c6-9f53-19d933f7eafc [39m[32m200[39m [90m25 ms - 1175[39m
[35m[HTTP][39m [90m[39m
[35m[HTTP][39m [37m-->[39m [37mGET[39m [37m/wd/hub/session/c4b07f91-451d-47c6-9f53-19d933f7eafc[39m
[35m[HTTP][39m [90m{}[39m
[35m[HTTP][39m [37m<-- GET /wd/hub/session/c4b07f91-451d-47c6-9f53-19d933f7eafc [39m[32m200[39m [90m23 ms - 1175[39m
[35m[HTTP][39m [90m[39m
[35m[HTTP][39m [37m-->[39m [37mGET[39m [37m/wd/hub/session/c4b07f91-451d-47c6-9f53-19d933f7eafc/element/6015e99a-329a-485a-8cb0-f2598ef6ed73/location[39m
[35m[HTTP][39m [90m{}[39m
[35m[W3C][39m Driver proxy active, passing request on via HTTP proxy
[35m[JSONWP Proxy][39m Replacing sessionId 0b3a9164-9e0b-4d29-9a8a-7b704f42d03c with c4b07f91-451d-47c6-9f53-19d933f7eafc
[35m[HTTP][39m [37m<-- GET /wd/hub/session/c4b07f91-451d-47c6-9f53-19d933f7eafc/element/6015e99a-329a-485a-8cb0-f2598ef6ed73/location [39m[32m200[39m [90m57 ms - 88[39m
[35m[HTTP][39m [90m[39m
[35m[HTTP][39m [37m-->[39m [37mPOST[39m [37m/wd/hub/session/c4b07f91-451d-47c6-9f53-19d933f7eafc/touch/perform[39m
[35m[HTTP][39m [90m{"actions":[{"action":"tap","options":{"element":"6015e99a-329a-485a-8cb0-f2598ef6ed73","x":1,"y":1}}]}[39m
[35m[UiAutomator2][39m calling get location: 6015e99a-329a-485a-8cb0-f2598ef6ed73
[35m[HTTP][39m [37m<-- POST /wd/hub/session/c4b07f91-451d-47c6-9f53-19d933f7eafc/touch/perform [39m[32m200[39m [90m1320 ms - 76[39m
[35m[HTTP][39m [90m[39m
[35m[HTTP][39m [37m-->[39m [37mGET[39m [37m/wd/hub/session/c4b07f91-451d-47c6-9f53-19d933f7eafc/context[39m
[35m[HTTP][39m [90m{}[39m
[35m[HTTP][39m [37m<-- GET /wd/hub/session/c4b07f91-451d-47c6-9f53-19d933f7eafc/context [39m[32m200[39m [90m4 ms - 84[39m
[35m[HTTP][39m [90m[39m
[35m[HTTP][39m [37m-->[39m [37mGET[39m [37m/wd/hub/session/c4b07f91-451d-47c6-9f53-19d933f7eafc/contexts[39m
[35m[HTTP][39m [90m{}[39m
[35m[HTTP][39m [37m<-- GET /wd/hub/session/c4b07f91-451d-47c6-9f53-19d933f7eafc/contexts [39m[32m200[39m [90m104 ms - 86[39m
[35m[HTTP][39m [90m[39m
[35m[HTTP][39m [37m-->[39m [37mPOST[39m [37m/wd/hub/session/c4b07f91-451d-47c6-9f53-19d933f7eafc/context[39m
[35m[HTTP][39m [90m{"name":"NATIVE_APP"}[39m
[35m[HTTP][39m [37m<-- POST /wd/hub/session/c4b07f91-451d-47c6-9f53-19d933f7eafc/context [39m[32m200[39m [90m98 ms - 76[39m
[35m[HTTP][39m [90m[39m
[35m[HTTP][39m [37m-->[39m [37mPOST[39m [37m/wd/hub/session/c4b07f91-451d-47c6-9f53-19d933f7eafc/appium/device/hide_keyboard[39m
[35m[HTTP][39m [90m{}[39m
[35m[HTTP][39m [37m<-- POST /wd/hub/session/c4b07f91-451d-47c6-9f53-19d933f7eafc/appium/device/hide_keyboard [39m[32m200[39m [90m1368 ms - 76[39m
[35m[HTTP][39m [90m[39m
[35m[HTTP][39m [37m-->[39m [37mPOST[39m [37m/wd/hub/session/c4b07f91-451d-47c6-9f53-19d933f7eafc/context[39m
[35m[HTTP][39m [90m{"name":"NATIVE_APP"}[39m
[35m[HTTP][39m [37m<-- POST /wd/hub/session/c4b07f91-451d-47c6-9f53-19d933f7eafc/context [39m[32m200[39m [90m135 ms - 76[39m
[35m[HTTP][39m [90m[39m
[35m[HTTP][39m [37m-->[39m [37mGET[39m [37m/wd/hub/session/c4b07f91-451d-47c6-9f53-19d933f7eafc/window/current/size[39m
[35m[HTTP][39m [90m{}[39m
[35m[W3C][39m Driver proxy active, passing request on via HTTP proxy
[35m[JSONWP Proxy][39m Replacing sessionId 0b3a9164-9e0b-4d29-9a8a-7b704f42d03c with c4b07f91-451d-47c6-9f53-19d933f7eafc
[35m[HTTP][39m [37m<-- GET /wd/hub/session/c4b07f91-451d-47c6-9f53-19d933f7eafc/window/current/size [39m[32m200[39m [90m24 ms - 100[39m
[35m[HTTP][39m [90m[39m
[35m[HTTP][39m [37m-->[39m [37mPOST[39m [37m/wd/hub/session/c4b07f91-451d-47c6-9f53-19d933f7eafc/elements[39m
[35m[HTTP][39m [90m{"using":"-android uiautomator","value":"new UiSelector().className(\"android.widget.TextView\").resourceId(\"br.com.mv.monitoringvitals:id/action_confirm\").instance(1)"}[39m
[35m[HTTP][39m [37m<-- POST /wd/hub/session/c4b07f91-451d-47c6-9f53-19d933f7eafc/elements [39m[32m200[39m [90m572 ms - 124[39m
[35m[HTTP][39m [90m[39m
[35m[HTTP][39m [37m-->[39m [37mGET[39m [37m/wd/hub/session/c4b07f91-451d-47c6-9f53-19d933f7eafc[39m
[35m[HTTP][39m [90m{}[39m
[35m[HTTP][39m [37m<-- GET /wd/hub/session/c4b07f91-451d-47c6-9f53-19d933f7eafc [39m[32m200[39m [90m28 ms - 1175[39m
[35m[HTTP][39m [90m[39m
[35m[HTTP][39m [37m-->[39m [37mGET[39m [37m/wd/hub/session/c4b07f91-451d-47c6-9f53-19d933f7eafc[39m
[35m[HTTP][39m [90m{}[39m
[35m[HTTP][39m [37m<-- GET /wd/hub/session/c4b07f91-451d-47c6-9f53-19d933f7eafc [39m[32m200[39m [90m22 ms - 1175[39m
[35m[HTTP][39m [90m[39m
[35m[HTTP][39m [37m-->[39m [37mGET[39m [37m/wd/hub/session/c4b07f91-451d-47c6-9f53-19d933f7eafc[39m
[35m[HTTP][39m [90m{}[39m
[35m[HTTP][39m [37m<-- GET /wd/hub/session/c4b07f91-451d-47c6-9f53-19d933f7eafc [39m[32m200[39m [90m19 ms - 1175[39m
[35m[HTTP][39m [90m[39m
[35m[HTTP][39m [37m-->[39m [37mGET[39m [37m/wd/hub/session/c4b07f91-451d-47c6-9f53-19d933f7eafc[39m
[35m[HTTP][39m [90m{}[39m
[35m[HTTP][39m [37m<-- GET /wd/hub/session/c4b07f91-451d-47c6-9f53-19d933f7eafc [39m[32m200[39m [90m19 ms - 1175[39m
[35m[HTTP][39m [90m[39m
[35m[HTTP][39m [37m-->[39m [37mGET[39m [37m/wd/hub/session/c4b07f91-451d-47c6-9f53-19d933f7eafc/element/29eefd16-0358-4eb9-b037-fce53949b2b4/location[39m
[35m[HTTP][39m [90m{}[39m
[35m[W3C][39m Driver proxy active, passing request on via HTTP proxy
[35m[JSONWP Proxy][39m Replacing sessionId 0b3a9164-9e0b-4d29-9a8a-7b704f42d03c with c4b07f91-451d-47c6-9f53-19d933f7eafc
[35m[HTTP][39m [37m<-- GET /wd/hub/session/c4b07f91-451d-47c6-9f53-19d933f7eafc/element/29eefd16-0358-4eb9-b037-fce53949b2b4/location [39m[32m200[39m [90m67 ms - 88[39m
[35m[HTTP][39m [90m[39m
[35m[HTTP][39m [37m-->[39m [37mPOST[39m [37m/wd/hub/session/c4b07f91-451d-47c6-9f53-19d933f7eafc/touch/perform[39m
[35m[HTTP][39m [90m{"actions":[{"action":"tap","options":{"element":"29eefd16-0358-4eb9-b037-fce53949b2b4","x":1,"y":1}}]}[39m
[35m[UiAutomator2][39m calling get location: 29eefd16-0358-4eb9-b037-fce53949b2b4
[35m[HTTP][39m [37m<-- POST /wd/hub/session/c4b07f91-451d-47c6-9f53-19d933f7eafc/touch/perform [39m[32m200[39m [90m867 ms - 76[39m
[35m[HTTP][39m [90m[39m
[35m[HTTP][39m [37m-->[39m [37mGET[39m [37m/wd/hub/session/c4b07f91-451d-47c6-9f53-19d933f7eafc/window/current/size[39m
[35m[HTTP][39m [90m{}[39m
[35m[W3C][39m Driver proxy active, passing request on via HTTP proxy
[35m[JSONWP Proxy][39m Replacing sessionId 0b3a9164-9e0b-4d29-9a8a-7b704f42d03c with c4b07f91-451d-47c6-9f53-19d933f7eafc
[35m[HTTP][39m [37m<-- GET /wd/hub/session/c4b07f91-451d-47c6-9f53-19d933f7eafc/window/current/size [39m[32m200[39m [90m21 ms - 100[39m
[35m[HTTP][39m [90m[39m
[35m[HTTP][39m [37m-->[39m [37mPOST[39m [37m/wd/hub/session/c4b07f91-451d-47c6-9f53-19d933f7eafc/elements[39m
[35m[HTTP][39m [90m{"using":"-android uiautomator","value":"new UiSelector().className(\"android.widget.EditText\").resourceId(\"br.com.mv.monitoringvitals:id/edt_register_name\").instance(0)"}[39m
[35m[HTTP][39m [37m<-- POST /wd/hub/session/c4b07f91-451d-47c6-9f53-19d933f7eafc/elements [39m[32m200[39m [90m151 ms - 124[39m
[35m[HTTP][39m [90m[39m
[35m[HTTP][39m [37m-->[39m [37mGET[39m [37m/wd/hub/session/c4b07f91-451d-47c6-9f53-19d933f7eafc[39m
[35m[HTTP][39m [90m{}[39m
[35m[HTTP][39m [37m<-- GET /wd/hub/session/c4b07f91-451d-47c6-9f53-19d933f7eafc [39m[32m200[39m [90m29 ms - 1175[39m
[35m[HTTP][39m [90m[39m
[35m[HTTP][39m [37m-->[39m [37mGET[39m [37m/wd/hub/session/c4b07f91-451d-47c6-9f53-19d933f7eafc[39m
[35m[HTTP][39m [90m{}[39m
[35m[HTTP][39m [37m<-- GET /wd/hub/session/c4b07f91-451d-47c6-9f53-19d933f7eafc [39m[32m200[39m [90m21 ms - 1175[39m
[35m[HTTP][39m [90m[39m
[35m[HTTP][39m [37m-->[39m [37mGET[39m [37m/wd/hub/session/c4b07f91-451d-47c6-9f53-19d933f7eafc[39m
[35m[HTTP][39m [90m{}[39m
[35m[HTTP][39m [37m<-- GET /wd/hub/session/c4b07f91-451d-47c6-9f53-19d933f7eafc [39m[32m200[39m [90m25 ms - 1175[39m
[35m[HTTP][39m [90m[39m
[35m[HTTP][39m [37m-->[39m [37mGET[39m [37m/wd/hub/session/c4b07f91-451d-47c6-9f53-19d933f7eafc[39m
[35m[HTTP][39m [90m{}[39m
[35m[HTTP][39m [37m<-- GET /wd/hub/session/c4b07f91-451d-47c6-9f53-19d933f7eafc [39m[32m200[39m [90m18 ms - 1175[39m
[35m[HTTP][39m [90m[39m
[35m[HTTP][39m [37m-->[39m [37mGET[39m [37m/wd/hub/session/c4b07f91-451d-47c6-9f53-19d933f7eafc/element/85d06efd-8aa6-4f56-ba5c-f2593e0bcff9/location[39m
[35m[HTTP][39m [90m{}[39m
[35m[W3C][39m Driver proxy active, passing request on via HTTP proxy
[35m[JSONWP Proxy][39m Replacing sessionId 0b3a9164-9e0b-4d29-9a8a-7b704f42d03c with c4b07f91-451d-47c6-9f53-19d933f7eafc
[35m[HTTP][39m [37m<-- GET /wd/hub/session/c4b07f91-451d-47c6-9f53-19d933f7eafc/element/85d06efd-8aa6-4f56-ba5c-f2593e0bcff9/location [39m[32m200[39m [90m57 ms - 88[39m
[35m[HTTP][39m [90m[39m
[35m[HTTP][39m [37m-->[39m [37mPOST[39m [37m/wd/hub/session/c4b07f91-451d-47c6-9f53-19d933f7eafc/element/85d06efd-8aa6-4f56-ba5c-f2593e0bcff9/clear[39m
[35m[HTTP][39m [90m{"id":"85d06efd-8aa6-4f56-ba5c-f2593e0bcff9"}[39m
[35m[HTTP][39m [37m<-- POST /wd/hub/session/c4b07f91-451d-47c6-9f53-19d933f7eafc/element/85d06efd-8aa6-4f56-ba5c-f2593e0bcff9/clear [39m[32m200[39m [90m93 ms - 89[39m
[35m[HTTP][39m [90m[39m
[35m[HTTP][39m [37m-->[39m [37mPOST[39m [37m/wd/hub/session/c4b07f91-451d-47c6-9f53-19d933f7eafc/element/85d06efd-8aa6-4f56-ba5c-f2593e0bcff9/value[39m
[35m[HTTP][39m [90m{"id":"85d06efd-8aa6-4f56-ba5c-f2593e0bcff9","value":[" "]}[39m
[35m[HTTP][39m [37m<-- POST /wd/hub/session/c4b07f91-451d-47c6-9f53-19d933f7eafc/element/85d06efd-8aa6-4f56-ba5c-f2593e0bcff9/value [39m[32m200[39m [90m881 ms - 74[39m
[35m[HTTP][39m [90m[39m
[35m[HTTP][39m [37m-->[39m [37mGET[39m [37m/wd/hub/session/c4b07f91-451d-47c6-9f53-19d933f7eafc/window/current/size[39m
[35m[HTTP][39m [90m{}[39m
[35m[W3C][39m Driver proxy active, passing request on via HTTP proxy
[35m[JSONWP Proxy][39m Replacing sessionId 0b3a9164-9e0b-4d29-9a8a-7b704f42d03c with c4b07f91-451d-47c6-9f53-19d933f7eafc
[35m[HTTP][39m [37m<-- GET /wd/hub/session/c4b07f91-451d-47c6-9f53-19d933f7eafc/window/current/size [39m[32m200[39m [90m20 ms - 100[39m
[35m[HTTP][39m [90m[39m
[35m[HTTP][39m [37m-->[39m [37mPOST[39m [37m/wd/hub/session/c4b07f91-451d-47c6-9f53-19d933f7eafc/elements[39m
[35m[HTTP][39m [90m{"using":"-android uiautomator","value":"new UiSelector().className(\"android.widget.EditText\").resourceId(\"br.com.mv.monitoringvitals:id/edt_register_name\").instance(0)"}[39m
[35m[HTTP][39m [37m<-- POST /wd/hub/session/c4b07f91-451d-47c6-9f53-19d933f7eafc/elements [39m[32m200[39m [90m549 ms - 124[39m
[35m[HTTP][39m [90m[39m
[35m[HTTP][39m [37m-->[39m [37mGET[39m [37m/wd/hub/session/c4b07f91-451d-47c6-9f53-19d933f7eafc[39m
[35m[HTTP][39m [90m{}[39m
[35m[HTTP][39m [37m<-- GET /wd/hub/session/c4b07f91-451d-47c6-9f53-19d933f7eafc [39m[32m200[39m [90m26 ms - 1175[39m
[35m[HTTP][39m [90m[39m
[35m[HTTP][39m [37m-->[39m [37mGET[39m [37m/wd/hub/session/c4b07f91-451d-47c6-9f53-19d933f7eafc[39m
[35m[HTTP][39m [90m{}[39m
[35m[HTTP][39m [37m<-- GET /wd/hub/session/c4b07f91-451d-47c6-9f53-19d933f7eafc [39m[32m200[39m [90m23 ms - 1175[39m
[35m[HTTP][39m [90m[39m
[35m[HTTP][39m [37m-->[39m [37mGET[39m [37m/wd/hub/session/c4b07f91-451d-47c6-9f53-19d933f7eafc[39m
[35m[HTTP][39m [90m{}[39m
[35m[HTTP][39m [37m<-- GET /wd/hub/session/c4b07f91-451d-47c6-9f53-19d933f7eafc [39m[32m200[39m [90m22 ms - 1175[39m
[35m[HTTP][39m [90m[39m
[35m[HTTP][39m [37m-->[39m [37mGET[39m [37m/wd/hub/session/c4b07f91-451d-47c6-9f53-19d933f7eafc[39m
[35m[HTTP][39m [90m{}[39m
[35m[HTTP][39m [37m<-- GET /wd/hub/session/c4b07f91-451d-47c6-9f53-19d933f7eafc [39m[32m200[39m [90m21 ms - 1175[39m
[35m[HTTP][39m [90m[39m
[35m[HTTP][39m [37m-->[39m [37mGET[39m [37m/wd/hub/session/c4b07f91-451d-47c6-9f53-19d933f7eafc/element/06f7b4e1-8fa4-404c-b92c-6ec211faa660/location[39m
[35m[HTTP][39m [90m{}[39m
[35m[W3C][39m Driver proxy active, passing request on via HTTP proxy
[35m[JSONWP Proxy][39m Replacing sessionId 0b3a9164-9e0b-4d29-9a8a-7b704f42d03c with c4b07f91-451d-47c6-9f53-19d933f7eafc
[35m[HTTP][39m [37m<-- GET /wd/hub/session/c4b07f91-451d-47c6-9f53-19d933f7eafc/element/06f7b4e1-8fa4-404c-b92c-6ec211faa660/location [39m[32m200[39m [90m58 ms - 88[39m
[35m[HTTP][39m [90m[39m
[35m[HTTP][39m [37m-->[39m [37mPOST[39m [37m/wd/hub/session/c4b07f91-451d-47c6-9f53-19d933f7eafc/element/06f7b4e1-8fa4-404c-b92c-6ec211faa660/clear[39m
[35m[HTTP][39m [90m{"id":"06f7b4e1-8fa4-404c-b92c-6ec211faa660"}[39m
[35m[HTTP][39m [37m<-- POST /wd/hub/session/c4b07f91-451d-47c6-9f53-19d933f7eafc/element/06f7b4e1-8fa4-404c-b92c-6ec211faa660/clear [39m[32m200[39m [90m72 ms - 89[39m
[35m[HTTP][39m [90m[39m
[35m[HTTP][39m [37m-->[39m [37mGET[39m [37m/wd/hub/session/c4b07f91-451d-47c6-9f53-19d933f7eafc/window/current/size[39m
[35m[HTTP][39m [90m{}[39m
[35m[W3C][39m Driver proxy active, passing request on via HTTP proxy
[35m[JSONWP Proxy][39m Replacing sessionId 0b3a9164-9e0b-4d29-9a8a-7b704f42d03c with c4b07f91-451d-47c6-9f53-19d933f7eafc
[35m[HTTP][39m [37m<-- GET /wd/hub/session/c4b07f91-451d-47c6-9f53-19d933f7eafc/window/current/size [39m[32m200[39m [90m20 ms - 100[39m
[35m[HTTP][39m [90m[39m
[35m[HTTP][39m [37m-->[39m [37mPOST[39m [37m/wd/hub/session/c4b07f91-451d-47c6-9f53-19d933f7eafc/elements[39m
[35m[HTTP][39m [90m{"using":"-android uiautomator","value":"new UiSelector().className(\"android.widget.EditText\").resourceId(\"br.com.mv.monitoringvitals:id/edt_register_name\").instance(0)"}[39m
[35m[HTTP][39m [37m<-- POST /wd/hub/session/c4b07f91-451d-47c6-9f53-19d933f7eafc/elements [39m[32m200[39m [90m542 ms - 124[39m
[35m[HTTP][39m [90m[39m
[35m[HTTP][39m [37m-->[39m [37mGET[39m [37m/wd/hub/session/c4b07f91-451d-47c6-9f53-19d933f7eafc[39m
[35m[HTTP][39m [90m{}[39m
[35m[HTTP][39m [37m<-- GET /wd/hub/session/c4b07f91-451d-47c6-9f53-19d933f7eafc [39m[32m200[39m [90m29 ms - 1175[39m
[35m[HTTP][39m [90m[39m
[35m[HTTP][39m [37m-->[39m [37mGET[39m [37m/wd/hub/session/c4b07f91-451d-47c6-9f53-19d933f7eafc[39m
[35m[HTTP][39m [90m{}[39m
[35m[HTTP][39m [37m<-- GET /wd/hub/session/c4b07f91-451d-47c6-9f53-19d933f7eafc [39m[32m200[39m [90m28 ms - 1175[39m
[35m[HTTP][39m [90m[39m
[35m[HTTP][39m [37m-->[39m [37mGET[39m [37m/wd/hub/session/c4b07f91-451d-47c6-9f53-19d933f7eafc[39m
[35m[HTTP][39m [90m{}[39m
[35m[HTTP][39m [37m<-- GET /wd/hub/session/c4b07f91-451d-47c6-9f53-19d933f7eafc [39m[32m200[39m [90m29 ms - 1175[39m
[35m[HTTP][39m [90m[39m
[35m[HTTP][39m [37m-->[39m [37mGET[39m [37m/wd/hub/session/c4b07f91-451d-47c6-9f53-19d933f7eafc[39m
[35m[HTTP][39m [90m{}[39m
[35m[HTTP][39m [37m<-- GET /wd/hub/session/c4b07f91-451d-47c6-9f53-19d933f7eafc [39m[32m200[39m [90m28 ms - 1175[39m
[35m[HTTP][39m [90m[39m
[35m[HTTP][39m [37m-->[39m [37mGET[39m [37m/wd/hub/session/c4b07f91-451d-47c6-9f53-19d933f7eafc/element/5abb458a-c1d6-4f30-be2e-26e26dcb2c0e/location[39m
[35m[HTTP][39m [90m{}[39m
[35m[W3C][39m Driver proxy active, passing request on via HTTP proxy
[35m[JSONWP Proxy][39m Replacing sessionId 0b3a9164-9e0b-4d29-9a8a-7b704f42d03c with c4b07f91-451d-47c6-9f53-19d933f7eafc
[35m[HTTP][39m [37m<-- GET /wd/hub/session/c4b07f91-451d-47c6-9f53-19d933f7eafc/element/5abb458a-c1d6-4f30-be2e-26e26dcb2c0e/location [39m[32m200[39m [90m59 ms - 88[39m
[35m[HTTP][39m [90m[39m
[35m[HTTP][39m [37m-->[39m [37mPOST[39m [37m/wd/hub/session/c4b07f91-451d-47c6-9f53-19d933f7eafc/element/5abb458a-c1d6-4f30-be2e-26e26dcb2c0e/value[39m
[35m[HTTP][39m [90m{"id":"5abb458a-c1d6-4f30-be2e-26e26dcb2c0e","value":[""]}[39m
[35m[HTTP][39m [37m<-- POST /wd/hub/session/c4b07f91-451d-47c6-9f53-19d933f7eafc/element/5abb458a-c1d6-4f30-be2e-26e26dcb2c0e/value [39m[32m200[39m [90m377 ms - 74[39m
[35m[HTTP][39m [90m[39m
[35m[HTTP][39m [37m-->[39m [37mGET[39m [37m/wd/hub/session/c4b07f91-451d-47c6-9f53-19d933f7eafc/window/current/size[39m
[35m[HTTP][39m [90m{}[39m
[35m[W3C][39m Driver proxy active, passing request on via HTTP proxy
[35m[JSONWP Proxy][39m Replacing sessionId 0b3a9164-9e0b-4d29-9a8a-7b704f42d03c with c4b07f91-451d-47c6-9f53-19d933f7eafc
[35m[HTTP][39m [37m<-- GET /wd/hub/session/c4b07f91-451d-47c6-9f53-19d933f7eafc/window/current/size [39m[32m200[39m [90m16 ms - 100[39m
[35m[HTTP][39m [90m[39m
[35m[HTTP][39m [37m-->[39m [37mPOST[39m [37m/wd/hub/session/c4b07f91-451d-47c6-9f53-19d933f7eafc/elements[39m
[35m[HTTP][39m [90m{"using":"-android uiautomator","value":"new UiSelector().className(\"android.widget.TextView\").text(\"Esse campo é obrigatório.\").resourceId(\"br.com.mv.monitoringvitals:id/txt_error_register_name\").instance(4)"}[39m
[35m[HTTP][39m [37m<-- POST /wd/hub/session/c4b07f91-451d-47c6-9f53-19d933f7eafc/elements [39m[32m200[39m [90m591 ms - 124[39m
[35m[HTTP][39m [90m[39m
[35m[HTTP][39m [37m-->[39m [37mGET[39m [37m/wd/hub/session/c4b07f91-451d-47c6-9f53-19d933f7eafc[39m
[35m[HTTP][39m [90m{}[39m
[35m[HTTP][39m [37m<-- GET /wd/hub/session/c4b07f91-451d-47c6-9f53-19d933f7eafc [39m[32m200[39m [90m30 ms - 1175[39m
[35m[HTTP][39m [90m[39m
[35m[HTTP][39m [37m-->[39m [37mGET[39m [37m/wd/hub/session/c4b07f91-451d-47c6-9f53-19d933f7eafc[39m
[35m[HTTP][39m [90m{}[39m
[35m[HTTP][39m [37m<-- GET /wd/hub/session/c4b07f91-451d-47c6-9f53-19d933f7eafc [39m[32m200[39m [90m25 ms - 1175[39m
[35m[HTTP][39m [90m[39m
[35m[HTTP][39m [37m-->[39m [37mGET[39m [37m/wd/hub/session/c4b07f91-451d-47c6-9f53-19d933f7eafc[39m
[35m[HTTP][39m [90m{}[39m
[35m[HTTP][39m [37m<-- GET /wd/hub/session/c4b07f91-451d-47c6-9f53-19d933f7eafc [39m[32m200[39m [90m24 ms - 1175[39m
[35m[HTTP][39m [90m[39m
[35m[HTTP][39m [37m-->[39m [37mGET[39m [37m/wd/hub/session/c4b07f91-451d-47c6-9f53-19d933f7eafc[39m
[35m[HTTP][39m [90m{}[39m
[35m[HTTP][39m [37m<-- GET /wd/hub/session/c4b07f91-451d-47c6-9f53-19d933f7eafc [39m[32m200[39m [90m19 ms - 1175[39m
[35m[HTTP][39m [90m[39m
[35m[HTTP][39m [37m-->[39m [37mGET[39m [37m/wd/hub/session/c4b07f91-451d-47c6-9f53-19d933f7eafc/element/b6247453-26c2-4476-864d-9d4272d931ae/location[39m
[35m[HTTP][39m [90m{}[39m
[35m[W3C][39m Driver proxy active, passing request on via HTTP proxy
[35m[JSONWP Proxy][39m Replacing sessionId 0b3a9164-9e0b-4d29-9a8a-7b704f42d03c with c4b07f91-451d-47c6-9f53-19d933f7eafc
[35m[HTTP][39m [37m<-- GET /wd/hub/session/c4b07f91-451d-47c6-9f53-19d933f7eafc/element/b6247453-26c2-4476-864d-9d4272d931ae/location [39m[32m200[39m [90m57 ms - 88[39m
[35m[HTTP][39m [90m[39m
[35m[HTTP][39m [37m-->[39m [37mGET[39m [37m/wd/hub/session/c4b07f91-451d-47c6-9f53-19d933f7eafc/element/b6247453-26c2-4476-864d-9d4272d931ae/attribute/text[39m
[35m[HTTP][39m [90m{}[39m
[35m[HTTP][39m [37m<-- GET /wd/hub/session/c4b07f91-451d-47c6-9f53-19d933f7eafc/element/b6247453-26c2-4476-864d-9d4272d931ae/attribute/text [39m[32m200[39m [90m93 ms - 101[39m
[35m[HTTP][39m [90m[39m
[35m[HTTP][39m [37m-->[39m [37mGET[39m [37m/wd/hub/session/c4b07f91-451d-47c6-9f53-19d933f7eafc/context[39m
[35m[HTTP][39m [90m{}[39m
[35m[HTTP][39m [37m<-- GET /wd/hub/session/c4b07f91-451d-47c6-9f53-19d933f7eafc/context [39m[32m200[39m [90m3 ms - 84[39m
[35m[HTTP][39m [90m[39m
[35m[HTTP][39m [37m-->[39m [37mGET[39m [37m/wd/hub/session/c4b07f91-451d-47c6-9f53-19d933f7eafc/contexts[39m
[35m[HTTP][39m [90m{}[39m
[35m[HTTP][39m [37m<-- GET /wd/hub/session/c4b07f91-451d-47c6-9f53-19d933f7eafc/contexts [39m[32m200[39m [90m105 ms - 86[39m
[35m[HTTP][39m [90m[39m
[35m[HTTP][39m [37m-->[39m [37mPOST[39m [37m/wd/hub/session/c4b07f91-451d-47c6-9f53-19d933f7eafc/context[39m
[35m[HTTP][39m [90m{"name":"NATIVE_APP"}[39m
[35m[HTTP][39m [37m<-- POST /wd/hub/session/c4b07f91-451d-47c6-9f53-19d933f7eafc/context [39m[32m200[39m [90m100 ms - 76[39m
[35m[HTTP][39m [90m[39m
[35m[HTTP][39m [37m-->[39m [37mGET[39m [37m/wd/hub/session/c4b07f91-451d-47c6-9f53-19d933f7eafc/screenshot[39m
[35m[HTTP][39m [90m{}[39m
[35m[HTTP][39m [37m<-- GET /wd/hub/session/c4b07f91-451d-47c6-9f53-19d933f7eafc/screenshot [39m[32m200[39m [90m833 ms - 256490[39m
[35m[HTTP][39m [90m[39m
[35m[HTTP][39m [37m-->[39m [37mPOST[39m [37m/wd/hub/session/c4b07f91-451d-47c6-9f53-19d933f7eafc/context[39m
[35m[HTTP][39m [90m{"name":"NATIVE_APP"}[39m
[35m[HTTP][39m [37m<-- POST /wd/hub/session/c4b07f91-451d-47c6-9f53-19d933f7eafc/context [39m[32m200[39m [90m96 ms - 76[39m
[35m[HTTP][39m [90m[39m
[35m[HTTP][39m [37m-->[39m [37mDELETE[39m [37m/wd/hub/session/c4b07f91-451d-47c6-9f53-19d933f7eafc[39m
[35m[HTTP][39m [90m{}[39m
[35m[Appium][39m Removing session c4b07f91-451d-47c6-9f53-19d933f7eafc from our master session list
[35m[HTTP][39m [37m<-- DELETE /wd/hub/session/c4b07f91-451d-47c6-9f53-19d933f7eafc [39m[32m200[39m [90m1568 ms - 76[39m
[35m[HTTP][39m [90m[39m
